
Attaching package: ‘dplyr’

The following objects are masked from ‘package:stats’:

    filter, lag

The following objects are masked from ‘package:base’:

    intersect, setdiff, setequal, union

[1] "2021-07-19 18:30:51 EDT"
    user   system  elapsed 
 933.821   94.222 1194.701 
─ Session info ───────────────────────────────────────────────────────────────────────────────────────────────────────
 setting  value                       
 version  R version 3.6.1 (2019-07-05)
 os       CentOS Linux 7 (Core)       
 system   x86_64, linux-gnu           
 ui       X11                         
 language (EN)                        
 collate  en_US.UTF-8                 
 ctype    en_US.UTF-8                 
 tz       US/Eastern                  
 date     2021-07-19                  

─ Packages ───────────────────────────────────────────────────────────────────────────────────────────────────────────
 package     * version date       lib source        
 argparse    * 2.0.3   2020-10-19 [1] CRAN (R 3.6.1)
 cli           2.5.0   2021-04-26 [1] CRAN (R 3.6.1)
 crayon        1.4.1   2021-02-08 [1] CRAN (R 3.6.1)
 data.table    1.14.0  2021-02-21 [1] CRAN (R 3.6.1)
 digest        0.6.27  2020-10-24 [1] CRAN (R 3.6.1)
 dplyr       * 1.0.2   2020-08-18 [2] CRAN (R 3.6.1)
 ellipsis      0.3.2   2021-04-29 [1] CRAN (R 3.6.1)
 findpython    1.0.7   2021-01-27 [1] CRAN (R 3.6.1)
 generics      0.1.0   2020-10-31 [2] CRAN (R 3.6.1)
 glue          1.4.2   2020-08-27 [1] CRAN (R 3.6.1)
 jsonlite      1.7.2   2020-12-09 [2] CRAN (R 3.6.1)
 lifecycle     1.0.0   2021-02-15 [1] CRAN (R 3.6.1)
 magrittr      2.0.1   2020-11-17 [2] CRAN (R 3.6.1)
 memoise       1.1.0   2017-04-21 [2] CRAN (R 3.6.1)
 pillar        1.4.7   2020-11-20 [2] CRAN (R 3.6.1)
 pkgconfig     2.0.3   2019-09-22 [2] CRAN (R 3.6.1)
 purrr         0.3.4   2020-04-17 [1] CRAN (R 3.6.1)
 R6            2.5.0   2020-10-28 [2] CRAN (R 3.6.1)
 rlang         0.4.10  2020-12-30 [1] CRAN (R 3.6.1)
 sessioninfo   1.1.1   2018-11-05 [2] CRAN (R 3.6.1)
 tibble        3.0.4   2020-10-12 [2] CRAN (R 3.6.1)
 tidyselect    1.1.1   2021-04-30 [1] CRAN (R 3.6.1)
 vctrs         0.3.6   2020-12-17 [1] CRAN (R 3.6.1)
 withr         2.3.0   2020-09-22 [2] CRAN (R 3.6.1)

[1] /users/jbenjami/R/x86_64-pc-linux-gnu-library/3.6
[2] /jhpce/shared/jhpce/core/R/3.6.1/lib64/R/library
Processing genotype position file.
Processing phenotype position file.
Processing genotype matrix.
Processing Matrix-eQTL tests file.
Performing eigenMT correction.
100.0 out of 6884 completed (1.453%)
200.0 out of 6884 completed (2.905%)
300.0 out of 6884 completed (4.358%)
400.0 out of 6884 completed (5.811%)
500.0 out of 6884 completed (7.263%)
600.0 out of 6884 completed (8.716%)
700.0 out of 6884 completed (10.169%)
800.0 out of 6884 completed (11.621%)
900.0 out of 6884 completed (13.074%)
1000.0 out of 6884 completed (14.526%)
1100.0 out of 6884 completed (15.979%)
1200.0 out of 6884 completed (17.432%)
1300.0 out of 6884 completed (18.884%)
1400.0 out of 6884 completed (20.337%)
1500.0 out of 6884 completed (21.79%)
1600.0 out of 6884 completed (23.242%)
1700.0 out of 6884 completed (24.695%)
1800.0 out of 6884 completed (26.148%)
1900.0 out of 6884 completed (27.6%)
2000.0 out of 6884 completed (29.053%)
2100.0 out of 6884 completed (30.506%)
2200.0 out of 6884 completed (31.958%)
2300.0 out of 6884 completed (33.411%)
2400.0 out of 6884 completed (34.863%)
2500.0 out of 6884 completed (36.316%)
2600.0 out of 6884 completed (37.769%)
2700.0 out of 6884 completed (39.221%)
2800.0 out of 6884 completed (40.674%)
2900.0 out of 6884 completed (42.127%)
3000.0 out of 6884 completed (43.579%)
3100.0 out of 6884 completed (45.032%)
3200.0 out of 6884 completed (46.485%)
3300.0 out of 6884 completed (47.937%)
3400.0 out of 6884 completed (49.39%)
3500.0 out of 6884 completed (50.843%)
3600.0 out of 6884 completed (52.295%)
3700.0 out of 6884 completed (53.748%)
3800.0 out of 6884 completed (55.2%)
3900.0 out of 6884 completed (56.653%)
4000.0 out of 6884 completed (58.106%)
4100.0 out of 6884 completed (59.558%)
4200.0 out of 6884 completed (61.011%)
4300.0 out of 6884 completed (62.464%)
4400.0 out of 6884 completed (63.916%)
4500.0 out of 6884 completed (65.369%)
4600.0 out of 6884 completed (66.822%)
4700.0 out of 6884 completed (68.274%)
4800.0 out of 6884 completed (69.727%)
4900.0 out of 6884 completed (71.18%)
5000.0 out of 6884 completed (72.632%)
5100.0 out of 6884 completed (74.085%)
5200.0 out of 6884 completed (75.537%)
5300.0 out of 6884 completed (76.99%)
5400.0 out of 6884 completed (78.443%)
5500.0 out of 6884 completed (79.895%)
5600.0 out of 6884 completed (81.348%)
5700.0 out of 6884 completed (82.801%)
5800.0 out of 6884 completed (84.253%)
5900.0 out of 6884 completed (85.706%)
6000.0 out of 6884 completed (87.159%)
6100.0 out of 6884 completed (88.611%)
6200.0 out of 6884 completed (90.064%)
6300.0 out of 6884 completed (91.517%)
6400.0 out of 6884 completed (92.969%)
6500.0 out of 6884 completed (94.422%)
6600.0 out of 6884 completed (95.874%)
6700.0 out of 6884 completed (97.327%)
6800.0 out of 6884 completed (98.78%)
