
Attaching package: ‘dplyr’

The following objects are masked from ‘package:stats’:

    filter, lag

The following objects are masked from ‘package:base’:

    intersect, setdiff, setequal, union

[1] "2021-07-19 19:12:50 EDT"
   user  system elapsed 
330.327  18.221 366.156 
─ Session info ───────────────────────────────────────────────────────────────────────────────────────────────────────
 setting  value                       
 version  R version 3.6.1 (2019-07-05)
 os       CentOS Linux 7 (Core)       
 system   x86_64, linux-gnu           
 ui       X11                         
 language (EN)                        
 collate  en_US.UTF-8                 
 ctype    en_US.UTF-8                 
 tz       US/Eastern                  
 date     2021-07-19                  

─ Packages ───────────────────────────────────────────────────────────────────────────────────────────────────────────
 package     * version date       lib source        
 argparse    * 2.0.3   2020-10-19 [1] CRAN (R 3.6.1)
 cli           2.5.0   2021-04-26 [1] CRAN (R 3.6.1)
 crayon        1.4.1   2021-02-08 [1] CRAN (R 3.6.1)
 data.table    1.14.0  2021-02-21 [1] CRAN (R 3.6.1)
 digest        0.6.27  2020-10-24 [1] CRAN (R 3.6.1)
 dplyr       * 1.0.2   2020-08-18 [2] CRAN (R 3.6.1)
 ellipsis      0.3.2   2021-04-29 [1] CRAN (R 3.6.1)
 findpython    1.0.7   2021-01-27 [1] CRAN (R 3.6.1)
 generics      0.1.0   2020-10-31 [2] CRAN (R 3.6.1)
 glue          1.4.2   2020-08-27 [1] CRAN (R 3.6.1)
 jsonlite      1.7.2   2020-12-09 [2] CRAN (R 3.6.1)
 lifecycle     1.0.0   2021-02-15 [1] CRAN (R 3.6.1)
 magrittr      2.0.1   2020-11-17 [2] CRAN (R 3.6.1)
 memoise       1.1.0   2017-04-21 [2] CRAN (R 3.6.1)
 pillar        1.4.7   2020-11-20 [2] CRAN (R 3.6.1)
 pkgconfig     2.0.3   2019-09-22 [2] CRAN (R 3.6.1)
 purrr         0.3.4   2020-04-17 [1] CRAN (R 3.6.1)
 R6            2.5.0   2020-10-28 [2] CRAN (R 3.6.1)
 rlang         0.4.10  2020-12-30 [1] CRAN (R 3.6.1)
 sessioninfo   1.1.1   2018-11-05 [2] CRAN (R 3.6.1)
 tibble        3.0.4   2020-10-12 [2] CRAN (R 3.6.1)
 tidyselect    1.1.1   2021-04-30 [1] CRAN (R 3.6.1)
 vctrs         0.3.6   2020-12-17 [1] CRAN (R 3.6.1)
 withr         2.3.0   2020-09-22 [2] CRAN (R 3.6.1)

[1] /users/jbenjami/R/x86_64-pc-linux-gnu-library/3.6
[2] /jhpce/shared/jhpce/core/R/3.6.1/lib64/R/library
Processing genotype position file.
Processing phenotype position file.
Processing genotype matrix.
Processing Matrix-eQTL tests file.
Performing eigenMT correction.
100.0 out of 3754 completed (2.664%)
200.0 out of 3754 completed (5.328%)
300.0 out of 3754 completed (7.991%)
400.0 out of 3754 completed (10.655%)
500.0 out of 3754 completed (13.319%)
600.0 out of 3754 completed (15.983%)
700.0 out of 3754 completed (18.647%)
800.0 out of 3754 completed (21.311%)
900.0 out of 3754 completed (23.974%)
1000.0 out of 3754 completed (26.638%)
1100.0 out of 3754 completed (29.302%)
1200.0 out of 3754 completed (31.966%)
1300.0 out of 3754 completed (34.63%)
1400.0 out of 3754 completed (37.294%)
1500.0 out of 3754 completed (39.957%)
1600.0 out of 3754 completed (42.621%)
1700.0 out of 3754 completed (45.285%)
1800.0 out of 3754 completed (47.949%)
1900.0 out of 3754 completed (50.613%)
2000.0 out of 3754 completed (53.277%)
2100.0 out of 3754 completed (55.94%)
2200.0 out of 3754 completed (58.604%)
2300.0 out of 3754 completed (61.268%)
2400.0 out of 3754 completed (63.932%)
2500.0 out of 3754 completed (66.596%)
2600.0 out of 3754 completed (69.259%)
2700.0 out of 3754 completed (71.923%)
2800.0 out of 3754 completed (74.587%)
2900.0 out of 3754 completed (77.251%)
3000.0 out of 3754 completed (79.915%)
3100.0 out of 3754 completed (82.579%)
3200.0 out of 3754 completed (85.242%)
3300.0 out of 3754 completed (87.906%)
3400.0 out of 3754 completed (90.57%)
3500.0 out of 3754 completed (93.234%)
3600.0 out of 3754 completed (95.898%)
3700.0 out of 3754 completed (98.562%)
