
Attaching package: ‘dplyr’

The following objects are masked from ‘package:stats’:

    filter, lag

The following objects are masked from ‘package:base’:

    intersect, setdiff, setequal, union

[1] "2021-07-19 18:42:37 EDT"
   user  system elapsed 
601.377  27.083 741.047 
─ Session info ───────────────────────────────────────────────────────────────────────────────────────────────────────
 setting  value                       
 version  R version 3.6.1 (2019-07-05)
 os       CentOS Linux 7 (Core)       
 system   x86_64, linux-gnu           
 ui       X11                         
 language (EN)                        
 collate  en_US.UTF-8                 
 ctype    en_US.UTF-8                 
 tz       US/Eastern                  
 date     2021-07-19                  

─ Packages ───────────────────────────────────────────────────────────────────────────────────────────────────────────
 package     * version date       lib source        
 argparse    * 2.0.3   2020-10-19 [1] CRAN (R 3.6.1)
 cli           2.5.0   2021-04-26 [1] CRAN (R 3.6.1)
 crayon        1.4.1   2021-02-08 [1] CRAN (R 3.6.1)
 data.table    1.14.0  2021-02-21 [1] CRAN (R 3.6.1)
 digest        0.6.27  2020-10-24 [1] CRAN (R 3.6.1)
 dplyr       * 1.0.2   2020-08-18 [2] CRAN (R 3.6.1)
 ellipsis      0.3.2   2021-04-29 [1] CRAN (R 3.6.1)
 findpython    1.0.7   2021-01-27 [1] CRAN (R 3.6.1)
 generics      0.1.0   2020-10-31 [2] CRAN (R 3.6.1)
 glue          1.4.2   2020-08-27 [1] CRAN (R 3.6.1)
 jsonlite      1.7.2   2020-12-09 [2] CRAN (R 3.6.1)
 lifecycle     1.0.0   2021-02-15 [1] CRAN (R 3.6.1)
 magrittr      2.0.1   2020-11-17 [2] CRAN (R 3.6.1)
 memoise       1.1.0   2017-04-21 [2] CRAN (R 3.6.1)
 pillar        1.4.7   2020-11-20 [2] CRAN (R 3.6.1)
 pkgconfig     2.0.3   2019-09-22 [2] CRAN (R 3.6.1)
 purrr         0.3.4   2020-04-17 [1] CRAN (R 3.6.1)
 R6            2.5.0   2020-10-28 [2] CRAN (R 3.6.1)
 rlang         0.4.10  2020-12-30 [1] CRAN (R 3.6.1)
 sessioninfo   1.1.1   2018-11-05 [2] CRAN (R 3.6.1)
 tibble        3.0.4   2020-10-12 [2] CRAN (R 3.6.1)
 tidyselect    1.1.1   2021-04-30 [1] CRAN (R 3.6.1)
 vctrs         0.3.6   2020-12-17 [1] CRAN (R 3.6.1)
 withr         2.3.0   2020-09-22 [2] CRAN (R 3.6.1)

[1] /users/jbenjami/R/x86_64-pc-linux-gnu-library/3.6
[2] /jhpce/shared/jhpce/core/R/3.6.1/lib64/R/library
Processing genotype position file.
Processing phenotype position file.
Processing genotype matrix.
Processing Matrix-eQTL tests file.
Performing eigenMT correction.
100.0 out of 4747 completed (2.107%)
200.0 out of 4747 completed (4.213%)
300.0 out of 4747 completed (6.32%)
400.0 out of 4747 completed (8.426%)
500.0 out of 4747 completed (10.533%)
600.0 out of 4747 completed (12.64%)
700.0 out of 4747 completed (14.746%)
800.0 out of 4747 completed (16.853%)
900.0 out of 4747 completed (18.959%)
1000.0 out of 4747 completed (21.066%)
1100.0 out of 4747 completed (23.173%)
1200.0 out of 4747 completed (25.279%)
1300.0 out of 4747 completed (27.386%)
1400.0 out of 4747 completed (29.492%)
1500.0 out of 4747 completed (31.599%)
1600.0 out of 4747 completed (33.705%)
1700.0 out of 4747 completed (35.812%)
1800.0 out of 4747 completed (37.919%)
1900.0 out of 4747 completed (40.025%)
2000.0 out of 4747 completed (42.132%)
2100.0 out of 4747 completed (44.238%)
2200.0 out of 4747 completed (46.345%)
2300.0 out of 4747 completed (48.452%)
2400.0 out of 4747 completed (50.558%)
2500.0 out of 4747 completed (52.665%)
2600.0 out of 4747 completed (54.771%)
2700.0 out of 4747 completed (56.878%)
2800.0 out of 4747 completed (58.985%)
2900.0 out of 4747 completed (61.091%)
3000.0 out of 4747 completed (63.198%)
3100.0 out of 4747 completed (65.304%)
3200.0 out of 4747 completed (67.411%)
3300.0 out of 4747 completed (69.518%)
3400.0 out of 4747 completed (71.624%)
3500.0 out of 4747 completed (73.731%)
3600.0 out of 4747 completed (75.837%)
3700.0 out of 4747 completed (77.944%)
3800.0 out of 4747 completed (80.051%)
3900.0 out of 4747 completed (82.157%)
4000.0 out of 4747 completed (84.264%)
4100.0 out of 4747 completed (86.37%)
4200.0 out of 4747 completed (88.477%)
4300.0 out of 4747 completed (90.584%)
4400.0 out of 4747 completed (92.69%)
4500.0 out of 4747 completed (94.797%)
4600.0 out of 4747 completed (96.903%)
4700.0 out of 4747 completed (99.01%)
