
Attaching package: ‘dplyr’

The following objects are masked from ‘package:stats’:

    filter, lag

The following objects are masked from ‘package:base’:

    intersect, setdiff, setequal, union

[1] "2021-07-19 19:03:32 EDT"
   user  system elapsed 
531.029  24.105 612.330 
─ Session info ───────────────────────────────────────────────────────────────────────────────────────────────────────
 setting  value                       
 version  R version 3.6.1 (2019-07-05)
 os       CentOS Linux 7 (Core)       
 system   x86_64, linux-gnu           
 ui       X11                         
 language (EN)                        
 collate  en_US.UTF-8                 
 ctype    en_US.UTF-8                 
 tz       US/Eastern                  
 date     2021-07-19                  

─ Packages ───────────────────────────────────────────────────────────────────────────────────────────────────────────
 package     * version date       lib source        
 argparse    * 2.0.3   2020-10-19 [1] CRAN (R 3.6.1)
 cli           2.5.0   2021-04-26 [1] CRAN (R 3.6.1)
 crayon        1.4.1   2021-02-08 [1] CRAN (R 3.6.1)
 data.table    1.14.0  2021-02-21 [1] CRAN (R 3.6.1)
 digest        0.6.27  2020-10-24 [1] CRAN (R 3.6.1)
 dplyr       * 1.0.2   2020-08-18 [2] CRAN (R 3.6.1)
 ellipsis      0.3.2   2021-04-29 [1] CRAN (R 3.6.1)
 findpython    1.0.7   2021-01-27 [1] CRAN (R 3.6.1)
 generics      0.1.0   2020-10-31 [2] CRAN (R 3.6.1)
 glue          1.4.2   2020-08-27 [1] CRAN (R 3.6.1)
 jsonlite      1.7.2   2020-12-09 [2] CRAN (R 3.6.1)
 lifecycle     1.0.0   2021-02-15 [1] CRAN (R 3.6.1)
 magrittr      2.0.1   2020-11-17 [2] CRAN (R 3.6.1)
 memoise       1.1.0   2017-04-21 [2] CRAN (R 3.6.1)
 pillar        1.4.7   2020-11-20 [2] CRAN (R 3.6.1)
 pkgconfig     2.0.3   2019-09-22 [2] CRAN (R 3.6.1)
 purrr         0.3.4   2020-04-17 [1] CRAN (R 3.6.1)
 R6            2.5.0   2020-10-28 [2] CRAN (R 3.6.1)
 rlang         0.4.10  2020-12-30 [1] CRAN (R 3.6.1)
 sessioninfo   1.1.1   2018-11-05 [2] CRAN (R 3.6.1)
 tibble        3.0.4   2020-10-12 [2] CRAN (R 3.6.1)
 tidyselect    1.1.1   2021-04-30 [1] CRAN (R 3.6.1)
 vctrs         0.3.6   2020-12-17 [1] CRAN (R 3.6.1)
 withr         2.3.0   2020-09-22 [2] CRAN (R 3.6.1)

[1] /users/jbenjami/R/x86_64-pc-linux-gnu-library/3.6
[2] /jhpce/shared/jhpce/core/R/3.6.1/lib64/R/library
Processing genotype position file.
Processing phenotype position file.
Processing genotype matrix.
Processing Matrix-eQTL tests file.
Performing eigenMT correction.
100.0 out of 6160 completed (1.623%)
200.0 out of 6160 completed (3.247%)
300.0 out of 6160 completed (4.87%)
400.0 out of 6160 completed (6.494%)
500.0 out of 6160 completed (8.117%)
600.0 out of 6160 completed (9.74%)
700.0 out of 6160 completed (11.364%)
800.0 out of 6160 completed (12.987%)
900.0 out of 6160 completed (14.61%)
1000.0 out of 6160 completed (16.234%)
1100.0 out of 6160 completed (17.857%)
1200.0 out of 6160 completed (19.481%)
1300.0 out of 6160 completed (21.104%)
1400.0 out of 6160 completed (22.727%)
1500.0 out of 6160 completed (24.351%)
1600.0 out of 6160 completed (25.974%)
1700.0 out of 6160 completed (27.597%)
1800.0 out of 6160 completed (29.221%)
1900.0 out of 6160 completed (30.844%)
2000.0 out of 6160 completed (32.468%)
2100.0 out of 6160 completed (34.091%)
2200.0 out of 6160 completed (35.714%)
2300.0 out of 6160 completed (37.338%)
2400.0 out of 6160 completed (38.961%)
2500.0 out of 6160 completed (40.584%)
2600.0 out of 6160 completed (42.208%)
2700.0 out of 6160 completed (43.831%)
2800.0 out of 6160 completed (45.455%)
2900.0 out of 6160 completed (47.078%)
3000.0 out of 6160 completed (48.701%)
3100.0 out of 6160 completed (50.325%)
3200.0 out of 6160 completed (51.948%)
3300.0 out of 6160 completed (53.571%)
3400.0 out of 6160 completed (55.195%)
3500.0 out of 6160 completed (56.818%)
3600.0 out of 6160 completed (58.442%)
3700.0 out of 6160 completed (60.065%)
3800.0 out of 6160 completed (61.688%)
3900.0 out of 6160 completed (63.312%)
4000.0 out of 6160 completed (64.935%)
4100.0 out of 6160 completed (66.558%)
4200.0 out of 6160 completed (68.182%)
4300.0 out of 6160 completed (69.805%)
4400.0 out of 6160 completed (71.429%)
4500.0 out of 6160 completed (73.052%)
4600.0 out of 6160 completed (74.675%)
4700.0 out of 6160 completed (76.299%)
4800.0 out of 6160 completed (77.922%)
4900.0 out of 6160 completed (79.545%)
5000.0 out of 6160 completed (81.169%)
5100.0 out of 6160 completed (82.792%)
5200.0 out of 6160 completed (84.416%)
5300.0 out of 6160 completed (86.039%)
5400.0 out of 6160 completed (87.662%)
5500.0 out of 6160 completed (89.286%)
5600.0 out of 6160 completed (90.909%)
5700.0 out of 6160 completed (92.532%)
5800.0 out of 6160 completed (94.156%)
5900.0 out of 6160 completed (95.779%)
6000.0 out of 6160 completed (97.403%)
6100.0 out of 6160 completed (99.026%)
