Caudate
Female
GENE_ID:	 rho > 0.983	R2 ~ 0.967	p-value < 1.9e-06
ENSEMBL_ID:	 rho > 0.991	R2 ~ 0.981	p-value < 6.8e-25
ENSEMBL_ID (FDR < 0.05):	 rho > 0.986	R2 ~ 0.973	p-value < 3.6e-17
Male
GENE_ID:	 rho > 0.979	R2 ~ 0.958	p-value < 4.3e-131
ENSEMBL_ID:	 rho > 0.972	R2 ~ 0.944	p-value < 0.0
ENSEMBL_ID (FDR < 0.05):	 rho > 0.99	R2 ~ 0.979	p-value < 0.0
DLPFC
Female
GENE_ID:	 rho > nan	R2 ~ nan	p-value < nan
ENSEMBL_ID:	 rho > nan	R2 ~ nan	p-value < nan
ENSEMBL_ID (FDR < 0.05):	 rho > nan	R2 ~ nan	p-value < nan
Male
GENE_ID:	 rho > 0.912	R2 ~ 0.831	p-value < 8.8e-07
ENSEMBL_ID:	 rho > 0.988	R2 ~ 0.976	p-value < 2.2e-95
ENSEMBL_ID (FDR < 0.05):	 rho > 1.0	R2 ~ 1.0	p-value < 0.0
Hippocampus
Female
GENE_ID:	 rho > nan	R2 ~ nan	p-value < nan
ENSEMBL_ID:	 rho > nan	R2 ~ nan	p-value < nan
ENSEMBL_ID (FDR < 0.05):	 rho > nan	R2 ~ nan	p-value < nan
Male
GENE_ID:	 rho > 0.968	R2 ~ 0.936	p-value < 9.1e-10
ENSEMBL_ID:	 rho > 0.989	R2 ~ 0.979	p-value < 6.7e-85
ENSEMBL_ID (FDR < 0.05):	 rho > 0.99	R2 ~ 0.98	p-value < 1.5e-71
