
Attaching package: ‘dplyr’

The following objects are masked from ‘package:stats’:

    filter, lag

The following objects are masked from ‘package:base’:

    intersect, setdiff, setequal, union

[1] "2021-07-19 22:26:43 EDT"
   user  system elapsed 
644.241  37.168 739.557 
─ Session info ───────────────────────────────────────────────────────────────────────────────────────────────────────
 setting  value                       
 version  R version 3.6.1 (2019-07-05)
 os       CentOS Linux 7 (Core)       
 system   x86_64, linux-gnu           
 ui       X11                         
 language (EN)                        
 collate  en_US.UTF-8                 
 ctype    en_US.UTF-8                 
 tz       US/Eastern                  
 date     2021-07-19                  

─ Packages ───────────────────────────────────────────────────────────────────────────────────────────────────────────
 package     * version date       lib source        
 argparse    * 2.0.3   2020-10-19 [1] CRAN (R 3.6.1)
 cli           2.5.0   2021-04-26 [1] CRAN (R 3.6.1)
 crayon        1.4.1   2021-02-08 [1] CRAN (R 3.6.1)
 data.table    1.14.0  2021-02-21 [1] CRAN (R 3.6.1)
 digest        0.6.27  2020-10-24 [1] CRAN (R 3.6.1)
 dplyr       * 1.0.2   2020-08-18 [2] CRAN (R 3.6.1)
 ellipsis      0.3.2   2021-04-29 [1] CRAN (R 3.6.1)
 findpython    1.0.7   2021-01-27 [1] CRAN (R 3.6.1)
 generics      0.1.0   2020-10-31 [2] CRAN (R 3.6.1)
 glue          1.4.2   2020-08-27 [1] CRAN (R 3.6.1)
 jsonlite      1.7.2   2020-12-09 [2] CRAN (R 3.6.1)
 lifecycle     1.0.0   2021-02-15 [1] CRAN (R 3.6.1)
 magrittr      2.0.1   2020-11-17 [2] CRAN (R 3.6.1)
 memoise       1.1.0   2017-04-21 [2] CRAN (R 3.6.1)
 pillar        1.4.7   2020-11-20 [2] CRAN (R 3.6.1)
 pkgconfig     2.0.3   2019-09-22 [2] CRAN (R 3.6.1)
 purrr         0.3.4   2020-04-17 [1] CRAN (R 3.6.1)
 R6            2.5.0   2020-10-28 [2] CRAN (R 3.6.1)
 rlang         0.4.10  2020-12-30 [1] CRAN (R 3.6.1)
 sessioninfo   1.1.1   2018-11-05 [2] CRAN (R 3.6.1)
 tibble        3.0.4   2020-10-12 [2] CRAN (R 3.6.1)
 tidyselect    1.1.1   2021-04-30 [1] CRAN (R 3.6.1)
 vctrs         0.3.6   2020-12-17 [1] CRAN (R 3.6.1)
 withr         2.3.0   2020-09-22 [2] CRAN (R 3.6.1)

[1] /users/jbenjami/R/x86_64-pc-linux-gnu-library/3.6
[2] /jhpce/shared/jhpce/core/R/3.6.1/lib64/R/library
Processing genotype position file.
Processing phenotype position file.
Processing genotype matrix.
Processing Matrix-eQTL tests file.
Performing eigenMT correction.
100.0 out of 3972 completed (2.518%)
200.0 out of 3972 completed (5.035%)
300.0 out of 3972 completed (7.553%)
400.0 out of 3972 completed (10.07%)
500.0 out of 3972 completed (12.588%)
600.0 out of 3972 completed (15.106%)
700.0 out of 3972 completed (17.623%)
800.0 out of 3972 completed (20.141%)
900.0 out of 3972 completed (22.659%)
1000.0 out of 3972 completed (25.176%)
1100.0 out of 3972 completed (27.694%)
1200.0 out of 3972 completed (30.211%)
1300.0 out of 3972 completed (32.729%)
1400.0 out of 3972 completed (35.247%)
1500.0 out of 3972 completed (37.764%)
1600.0 out of 3972 completed (40.282%)
1700.0 out of 3972 completed (42.8%)
1800.0 out of 3972 completed (45.317%)
1900.0 out of 3972 completed (47.835%)
2000.0 out of 3972 completed (50.352%)
2100.0 out of 3972 completed (52.87%)
2200.0 out of 3972 completed (55.388%)
2300.0 out of 3972 completed (57.905%)
2400.0 out of 3972 completed (60.423%)
2500.0 out of 3972 completed (62.941%)
2600.0 out of 3972 completed (65.458%)
2700.0 out of 3972 completed (67.976%)
2800.0 out of 3972 completed (70.493%)
2900.0 out of 3972 completed (73.011%)
3000.0 out of 3972 completed (75.529%)
3100.0 out of 3972 completed (78.046%)
3200.0 out of 3972 completed (80.564%)
3300.0 out of 3972 completed (83.082%)
3400.0 out of 3972 completed (85.599%)
3500.0 out of 3972 completed (88.117%)
3600.0 out of 3972 completed (90.634%)
3700.0 out of 3972 completed (93.152%)
3800.0 out of 3972 completed (95.67%)
3900.0 out of 3972 completed (98.187%)
