
Attaching package: ‘dplyr’

The following objects are masked from ‘package:stats’:

    filter, lag

The following objects are masked from ‘package:base’:

    intersect, setdiff, setequal, union

[1] "2021-07-19 22:50:52 EDT"
   user  system elapsed 
523.656  33.600 610.084 
─ Session info ───────────────────────────────────────────────────────────────────────────────────────────────────────
 setting  value                       
 version  R version 3.6.1 (2019-07-05)
 os       CentOS Linux 7 (Core)       
 system   x86_64, linux-gnu           
 ui       X11                         
 language (EN)                        
 collate  en_US.UTF-8                 
 ctype    en_US.UTF-8                 
 tz       US/Eastern                  
 date     2021-07-19                  

─ Packages ───────────────────────────────────────────────────────────────────────────────────────────────────────────
 package     * version date       lib source        
 argparse    * 2.0.3   2020-10-19 [1] CRAN (R 3.6.1)
 cli           2.5.0   2021-04-26 [1] CRAN (R 3.6.1)
 crayon        1.4.1   2021-02-08 [1] CRAN (R 3.6.1)
 data.table    1.14.0  2021-02-21 [1] CRAN (R 3.6.1)
 digest        0.6.27  2020-10-24 [1] CRAN (R 3.6.1)
 dplyr       * 1.0.2   2020-08-18 [2] CRAN (R 3.6.1)
 ellipsis      0.3.2   2021-04-29 [1] CRAN (R 3.6.1)
 findpython    1.0.7   2021-01-27 [1] CRAN (R 3.6.1)
 generics      0.1.0   2020-10-31 [2] CRAN (R 3.6.1)
 glue          1.4.2   2020-08-27 [1] CRAN (R 3.6.1)
 jsonlite      1.7.2   2020-12-09 [2] CRAN (R 3.6.1)
 lifecycle     1.0.0   2021-02-15 [1] CRAN (R 3.6.1)
 magrittr      2.0.1   2020-11-17 [2] CRAN (R 3.6.1)
 memoise       1.1.0   2017-04-21 [2] CRAN (R 3.6.1)
 pillar        1.4.7   2020-11-20 [2] CRAN (R 3.6.1)
 pkgconfig     2.0.3   2019-09-22 [2] CRAN (R 3.6.1)
 purrr         0.3.4   2020-04-17 [1] CRAN (R 3.6.1)
 R6            2.5.0   2020-10-28 [2] CRAN (R 3.6.1)
 rlang         0.4.10  2020-12-30 [1] CRAN (R 3.6.1)
 sessioninfo   1.1.1   2018-11-05 [2] CRAN (R 3.6.1)
 tibble        3.0.4   2020-10-12 [2] CRAN (R 3.6.1)
 tidyselect    1.1.1   2021-04-30 [1] CRAN (R 3.6.1)
 vctrs         0.3.6   2020-12-17 [1] CRAN (R 3.6.1)
 withr         2.3.0   2020-09-22 [2] CRAN (R 3.6.1)

[1] /users/jbenjami/R/x86_64-pc-linux-gnu-library/3.6
[2] /jhpce/shared/jhpce/core/R/3.6.1/lib64/R/library
Processing genotype position file.
Processing phenotype position file.
Processing genotype matrix.
Processing Matrix-eQTL tests file.
Performing eigenMT correction.
100.0 out of 3291 completed (3.039%)
200.0 out of 3291 completed (6.077%)
300.0 out of 3291 completed (9.116%)
400.0 out of 3291 completed (12.154%)
500.0 out of 3291 completed (15.193%)
600.0 out of 3291 completed (18.232%)
700.0 out of 3291 completed (21.27%)
800.0 out of 3291 completed (24.309%)
900.0 out of 3291 completed (27.347%)
1000.0 out of 3291 completed (30.386%)
1100.0 out of 3291 completed (33.424%)
1200.0 out of 3291 completed (36.463%)
1300.0 out of 3291 completed (39.502%)
1400.0 out of 3291 completed (42.54%)
1500.0 out of 3291 completed (45.579%)
1600.0 out of 3291 completed (48.617%)
1700.0 out of 3291 completed (51.656%)
1800.0 out of 3291 completed (54.695%)
1900.0 out of 3291 completed (57.733%)
2000.0 out of 3291 completed (60.772%)
2100.0 out of 3291 completed (63.81%)
2200.0 out of 3291 completed (66.849%)
2300.0 out of 3291 completed (69.888%)
2400.0 out of 3291 completed (72.926%)
2500.0 out of 3291 completed (75.965%)
2600.0 out of 3291 completed (79.003%)
2700.0 out of 3291 completed (82.042%)
2800.0 out of 3291 completed (85.081%)
2900.0 out of 3291 completed (88.119%)
3000.0 out of 3291 completed (91.158%)
3100.0 out of 3291 completed (94.196%)
3200.0 out of 3291 completed (97.235%)
