
Attaching package: ‘dplyr’

The following objects are masked from ‘package:stats’:

    filter, lag

The following objects are masked from ‘package:base’:

    intersect, setdiff, setequal, union

[1] "2021-07-19 22:21:55 EDT"
   user  system elapsed 
666.326  35.001 760.465 
─ Session info ───────────────────────────────────────────────────────────────────────────────────────────────────────
 setting  value                       
 version  R version 3.6.1 (2019-07-05)
 os       CentOS Linux 7 (Core)       
 system   x86_64, linux-gnu           
 ui       X11                         
 language (EN)                        
 collate  en_US.UTF-8                 
 ctype    en_US.UTF-8                 
 tz       US/Eastern                  
 date     2021-07-19                  

─ Packages ───────────────────────────────────────────────────────────────────────────────────────────────────────────
 package     * version date       lib source        
 argparse    * 2.0.3   2020-10-19 [1] CRAN (R 3.6.1)
 cli           2.5.0   2021-04-26 [1] CRAN (R 3.6.1)
 crayon        1.4.1   2021-02-08 [1] CRAN (R 3.6.1)
 data.table    1.14.0  2021-02-21 [1] CRAN (R 3.6.1)
 digest        0.6.27  2020-10-24 [1] CRAN (R 3.6.1)
 dplyr       * 1.0.2   2020-08-18 [2] CRAN (R 3.6.1)
 ellipsis      0.3.2   2021-04-29 [1] CRAN (R 3.6.1)
 findpython    1.0.7   2021-01-27 [1] CRAN (R 3.6.1)
 generics      0.1.0   2020-10-31 [2] CRAN (R 3.6.1)
 glue          1.4.2   2020-08-27 [1] CRAN (R 3.6.1)
 jsonlite      1.7.2   2020-12-09 [2] CRAN (R 3.6.1)
 lifecycle     1.0.0   2021-02-15 [1] CRAN (R 3.6.1)
 magrittr      2.0.1   2020-11-17 [2] CRAN (R 3.6.1)
 memoise       1.1.0   2017-04-21 [2] CRAN (R 3.6.1)
 pillar        1.4.7   2020-11-20 [2] CRAN (R 3.6.1)
 pkgconfig     2.0.3   2019-09-22 [2] CRAN (R 3.6.1)
 purrr         0.3.4   2020-04-17 [1] CRAN (R 3.6.1)
 R6            2.5.0   2020-10-28 [2] CRAN (R 3.6.1)
 rlang         0.4.10  2020-12-30 [1] CRAN (R 3.6.1)
 sessioninfo   1.1.1   2018-11-05 [2] CRAN (R 3.6.1)
 tibble        3.0.4   2020-10-12 [2] CRAN (R 3.6.1)
 tidyselect    1.1.1   2021-04-30 [1] CRAN (R 3.6.1)
 vctrs         0.3.6   2020-12-17 [1] CRAN (R 3.6.1)
 withr         2.3.0   2020-09-22 [2] CRAN (R 3.6.1)

[1] /users/jbenjami/R/x86_64-pc-linux-gnu-library/3.6
[2] /jhpce/shared/jhpce/core/R/3.6.1/lib64/R/library
Processing genotype position file.
Processing phenotype position file.
Processing genotype matrix.
Processing Matrix-eQTL tests file.
Performing eigenMT correction.
100.0 out of 5656 completed (1.768%)
200.0 out of 5656 completed (3.536%)
300.0 out of 5656 completed (5.304%)
400.0 out of 5656 completed (7.072%)
500.0 out of 5656 completed (8.84%)
600.0 out of 5656 completed (10.608%)
700.0 out of 5656 completed (12.376%)
800.0 out of 5656 completed (14.144%)
900.0 out of 5656 completed (15.912%)
1000.0 out of 5656 completed (17.68%)
1100.0 out of 5656 completed (19.448%)
1200.0 out of 5656 completed (21.216%)
1300.0 out of 5656 completed (22.984%)
1400.0 out of 5656 completed (24.752%)
1500.0 out of 5656 completed (26.521%)
1600.0 out of 5656 completed (28.289%)
1700.0 out of 5656 completed (30.057%)
1800.0 out of 5656 completed (31.825%)
1900.0 out of 5656 completed (33.593%)
2000.0 out of 5656 completed (35.361%)
2100.0 out of 5656 completed (37.129%)
2200.0 out of 5656 completed (38.897%)
2300.0 out of 5656 completed (40.665%)
2400.0 out of 5656 completed (42.433%)
2500.0 out of 5656 completed (44.201%)
2600.0 out of 5656 completed (45.969%)
2700.0 out of 5656 completed (47.737%)
2800.0 out of 5656 completed (49.505%)
2900.0 out of 5656 completed (51.273%)
3000.0 out of 5656 completed (53.041%)
3100.0 out of 5656 completed (54.809%)
3200.0 out of 5656 completed (56.577%)
3300.0 out of 5656 completed (58.345%)
3400.0 out of 5656 completed (60.113%)
3500.0 out of 5656 completed (61.881%)
3600.0 out of 5656 completed (63.649%)
3700.0 out of 5656 completed (65.417%)
3800.0 out of 5656 completed (67.185%)
3900.0 out of 5656 completed (68.953%)
4000.0 out of 5656 completed (70.721%)
4100.0 out of 5656 completed (72.489%)
4200.0 out of 5656 completed (74.257%)
4300.0 out of 5656 completed (76.025%)
4400.0 out of 5656 completed (77.793%)
4500.0 out of 5656 completed (79.562%)
4600.0 out of 5656 completed (81.33%)
4700.0 out of 5656 completed (83.098%)
4800.0 out of 5656 completed (84.866%)
4900.0 out of 5656 completed (86.634%)
5000.0 out of 5656 completed (88.402%)
5100.0 out of 5656 completed (90.17%)
5200.0 out of 5656 completed (91.938%)
5300.0 out of 5656 completed (93.706%)
5400.0 out of 5656 completed (95.474%)
5500.0 out of 5656 completed (97.242%)
5600.0 out of 5656 completed (99.01%)
