
Attaching package: ‘dplyr’

The following objects are masked from ‘package:stats’:

    filter, lag

The following objects are masked from ‘package:base’:

    intersect, setdiff, setequal, union

[1] "2021-07-19 22:22:52 EDT"
    user   system  elapsed 
 945.332   42.681 1101.593 
─ Session info ───────────────────────────────────────────────────────────────────────────────────────────────────────
 setting  value                       
 version  R version 3.6.1 (2019-07-05)
 os       CentOS Linux 7 (Core)       
 system   x86_64, linux-gnu           
 ui       X11                         
 language (EN)                        
 collate  en_US.UTF-8                 
 ctype    en_US.UTF-8                 
 tz       US/Eastern                  
 date     2021-07-19                  

─ Packages ───────────────────────────────────────────────────────────────────────────────────────────────────────────
 package     * version date       lib source        
 argparse    * 2.0.3   2020-10-19 [1] CRAN (R 3.6.1)
 cli           2.5.0   2021-04-26 [1] CRAN (R 3.6.1)
 crayon        1.4.1   2021-02-08 [1] CRAN (R 3.6.1)
 data.table    1.14.0  2021-02-21 [1] CRAN (R 3.6.1)
 digest        0.6.27  2020-10-24 [1] CRAN (R 3.6.1)
 dplyr       * 1.0.2   2020-08-18 [2] CRAN (R 3.6.1)
 ellipsis      0.3.2   2021-04-29 [1] CRAN (R 3.6.1)
 findpython    1.0.7   2021-01-27 [1] CRAN (R 3.6.1)
 generics      0.1.0   2020-10-31 [2] CRAN (R 3.6.1)
 glue          1.4.2   2020-08-27 [1] CRAN (R 3.6.1)
 jsonlite      1.7.2   2020-12-09 [2] CRAN (R 3.6.1)
 lifecycle     1.0.0   2021-02-15 [1] CRAN (R 3.6.1)
 magrittr      2.0.1   2020-11-17 [2] CRAN (R 3.6.1)
 memoise       1.1.0   2017-04-21 [2] CRAN (R 3.6.1)
 pillar        1.4.7   2020-11-20 [2] CRAN (R 3.6.1)
 pkgconfig     2.0.3   2019-09-22 [2] CRAN (R 3.6.1)
 purrr         0.3.4   2020-04-17 [1] CRAN (R 3.6.1)
 R6            2.5.0   2020-10-28 [2] CRAN (R 3.6.1)
 rlang         0.4.10  2020-12-30 [1] CRAN (R 3.6.1)
 sessioninfo   1.1.1   2018-11-05 [2] CRAN (R 3.6.1)
 tibble        3.0.4   2020-10-12 [2] CRAN (R 3.6.1)
 tidyselect    1.1.1   2021-04-30 [1] CRAN (R 3.6.1)
 vctrs         0.3.6   2020-12-17 [1] CRAN (R 3.6.1)
 withr         2.3.0   2020-09-22 [2] CRAN (R 3.6.1)

[1] /users/jbenjami/R/x86_64-pc-linux-gnu-library/3.6
[2] /jhpce/shared/jhpce/core/R/3.6.1/lib64/R/library
Processing genotype position file.
Processing phenotype position file.
Processing genotype matrix.
Processing Matrix-eQTL tests file.
Performing eigenMT correction.
100.0 out of 5230 completed (1.912%)
200.0 out of 5230 completed (3.824%)
300.0 out of 5230 completed (5.736%)
400.0 out of 5230 completed (7.648%)
500.0 out of 5230 completed (9.56%)
600.0 out of 5230 completed (11.472%)
700.0 out of 5230 completed (13.384%)
800.0 out of 5230 completed (15.296%)
900.0 out of 5230 completed (17.208%)
1000.0 out of 5230 completed (19.12%)
1100.0 out of 5230 completed (21.033%)
1200.0 out of 5230 completed (22.945%)
1300.0 out of 5230 completed (24.857%)
1400.0 out of 5230 completed (26.769%)
1500.0 out of 5230 completed (28.681%)
1600.0 out of 5230 completed (30.593%)
1700.0 out of 5230 completed (32.505%)
1800.0 out of 5230 completed (34.417%)
1900.0 out of 5230 completed (36.329%)
2000.0 out of 5230 completed (38.241%)
2100.0 out of 5230 completed (40.153%)
2200.0 out of 5230 completed (42.065%)
2300.0 out of 5230 completed (43.977%)
2400.0 out of 5230 completed (45.889%)
2500.0 out of 5230 completed (47.801%)
2600.0 out of 5230 completed (49.713%)
2700.0 out of 5230 completed (51.625%)
2800.0 out of 5230 completed (53.537%)
2900.0 out of 5230 completed (55.449%)
3000.0 out of 5230 completed (57.361%)
3100.0 out of 5230 completed (59.273%)
3200.0 out of 5230 completed (61.185%)
3300.0 out of 5230 completed (63.098%)
3400.0 out of 5230 completed (65.01%)
3500.0 out of 5230 completed (66.922%)
3600.0 out of 5230 completed (68.834%)
3700.0 out of 5230 completed (70.746%)
3800.0 out of 5230 completed (72.658%)
3900.0 out of 5230 completed (74.57%)
4000.0 out of 5230 completed (76.482%)
4100.0 out of 5230 completed (78.394%)
4200.0 out of 5230 completed (80.306%)
4300.0 out of 5230 completed (82.218%)
4400.0 out of 5230 completed (84.13%)
4500.0 out of 5230 completed (86.042%)
4600.0 out of 5230 completed (87.954%)
4700.0 out of 5230 completed (89.866%)
4800.0 out of 5230 completed (91.778%)
4900.0 out of 5230 completed (93.69%)
5000.0 out of 5230 completed (95.602%)
5100.0 out of 5230 completed (97.514%)
5200.0 out of 5230 completed (99.426%)
