
Attaching package: ‘dplyr’

The following objects are masked from ‘package:stats’:

    filter, lag

The following objects are masked from ‘package:base’:

    intersect, setdiff, setequal, union

[1] "2021-07-19 22:23:37 EDT"
   user  system elapsed 
716.044  31.863 805.271 
─ Session info ───────────────────────────────────────────────────────────────────────────────────────────────────────
 setting  value                       
 version  R version 3.6.1 (2019-07-05)
 os       CentOS Linux 7 (Core)       
 system   x86_64, linux-gnu           
 ui       X11                         
 language (EN)                        
 collate  en_US.UTF-8                 
 ctype    en_US.UTF-8                 
 tz       US/Eastern                  
 date     2021-07-19                  

─ Packages ───────────────────────────────────────────────────────────────────────────────────────────────────────────
 package     * version date       lib source        
 argparse    * 2.0.3   2020-10-19 [1] CRAN (R 3.6.1)
 cli           2.5.0   2021-04-26 [1] CRAN (R 3.6.1)
 crayon        1.4.1   2021-02-08 [1] CRAN (R 3.6.1)
 data.table    1.14.0  2021-02-21 [1] CRAN (R 3.6.1)
 digest        0.6.27  2020-10-24 [1] CRAN (R 3.6.1)
 dplyr       * 1.0.2   2020-08-18 [2] CRAN (R 3.6.1)
 ellipsis      0.3.2   2021-04-29 [1] CRAN (R 3.6.1)
 findpython    1.0.7   2021-01-27 [1] CRAN (R 3.6.1)
 generics      0.1.0   2020-10-31 [2] CRAN (R 3.6.1)
 glue          1.4.2   2020-08-27 [1] CRAN (R 3.6.1)
 jsonlite      1.7.2   2020-12-09 [2] CRAN (R 3.6.1)
 lifecycle     1.0.0   2021-02-15 [1] CRAN (R 3.6.1)
 magrittr      2.0.1   2020-11-17 [2] CRAN (R 3.6.1)
 memoise       1.1.0   2017-04-21 [2] CRAN (R 3.6.1)
 pillar        1.4.7   2020-11-20 [2] CRAN (R 3.6.1)
 pkgconfig     2.0.3   2019-09-22 [2] CRAN (R 3.6.1)
 purrr         0.3.4   2020-04-17 [1] CRAN (R 3.6.1)
 R6            2.5.0   2020-10-28 [2] CRAN (R 3.6.1)
 rlang         0.4.10  2020-12-30 [1] CRAN (R 3.6.1)
 sessioninfo   1.1.1   2018-11-05 [2] CRAN (R 3.6.1)
 tibble        3.0.4   2020-10-12 [2] CRAN (R 3.6.1)
 tidyselect    1.1.1   2021-04-30 [1] CRAN (R 3.6.1)
 vctrs         0.3.6   2020-12-17 [1] CRAN (R 3.6.1)
 withr         2.3.0   2020-09-22 [2] CRAN (R 3.6.1)

[1] /users/jbenjami/R/x86_64-pc-linux-gnu-library/3.6
[2] /jhpce/shared/jhpce/core/R/3.6.1/lib64/R/library
Processing genotype position file.
Processing phenotype position file.
Processing genotype matrix.
Processing Matrix-eQTL tests file.
Performing eigenMT correction.
100.0 out of 4474 completed (2.235%)
200.0 out of 4474 completed (4.47%)
300.0 out of 4474 completed (6.705%)
400.0 out of 4474 completed (8.941%)
500.0 out of 4474 completed (11.176%)
600.0 out of 4474 completed (13.411%)
700.0 out of 4474 completed (15.646%)
800.0 out of 4474 completed (17.881%)
900.0 out of 4474 completed (20.116%)
1000.0 out of 4474 completed (22.351%)
1100.0 out of 4474 completed (24.586%)
1200.0 out of 4474 completed (26.822%)
1300.0 out of 4474 completed (29.057%)
1400.0 out of 4474 completed (31.292%)
1500.0 out of 4474 completed (33.527%)
1600.0 out of 4474 completed (35.762%)
1700.0 out of 4474 completed (37.997%)
1800.0 out of 4474 completed (40.232%)
1900.0 out of 4474 completed (42.468%)
2000.0 out of 4474 completed (44.703%)
2100.0 out of 4474 completed (46.938%)
2200.0 out of 4474 completed (49.173%)
2300.0 out of 4474 completed (51.408%)
2400.0 out of 4474 completed (53.643%)
2500.0 out of 4474 completed (55.878%)
2600.0 out of 4474 completed (58.114%)
2700.0 out of 4474 completed (60.349%)
2800.0 out of 4474 completed (62.584%)
2900.0 out of 4474 completed (64.819%)
3000.0 out of 4474 completed (67.054%)
3100.0 out of 4474 completed (69.289%)
3200.0 out of 4474 completed (71.524%)
3300.0 out of 4474 completed (73.759%)
3400.0 out of 4474 completed (75.995%)
3500.0 out of 4474 completed (78.23%)
3600.0 out of 4474 completed (80.465%)
3700.0 out of 4474 completed (82.7%)
3800.0 out of 4474 completed (84.935%)
3900.0 out of 4474 completed (87.17%)
4000.0 out of 4474 completed (89.405%)
4100.0 out of 4474 completed (91.641%)
4200.0 out of 4474 completed (93.876%)
4300.0 out of 4474 completed (96.111%)
4400.0 out of 4474 completed (98.346%)
