
Attaching package: ‘dplyr’

The following objects are masked from ‘package:stats’:

    filter, lag

The following objects are masked from ‘package:base’:

    intersect, setdiff, setequal, union

[1] "2021-07-19 19:27:35 EDT"
   user  system elapsed 
277.570  11.694 312.706 
─ Session info ───────────────────────────────────────────────────────────────────────────────────────────────────────
 setting  value                       
 version  R version 3.6.1 (2019-07-05)
 os       CentOS Linux 7 (Core)       
 system   x86_64, linux-gnu           
 ui       X11                         
 language (EN)                        
 collate  en_US.UTF-8                 
 ctype    en_US.UTF-8                 
 tz       US/Eastern                  
 date     2021-07-19                  

─ Packages ───────────────────────────────────────────────────────────────────────────────────────────────────────────
 package     * version date       lib source        
 argparse    * 2.0.3   2020-10-19 [1] CRAN (R 3.6.1)
 cli           2.5.0   2021-04-26 [1] CRAN (R 3.6.1)
 crayon        1.4.1   2021-02-08 [1] CRAN (R 3.6.1)
 data.table    1.14.0  2021-02-21 [1] CRAN (R 3.6.1)
 digest        0.6.27  2020-10-24 [1] CRAN (R 3.6.1)
 dplyr       * 1.0.2   2020-08-18 [2] CRAN (R 3.6.1)
 ellipsis      0.3.2   2021-04-29 [1] CRAN (R 3.6.1)
 findpython    1.0.7   2021-01-27 [1] CRAN (R 3.6.1)
 generics      0.1.0   2020-10-31 [2] CRAN (R 3.6.1)
 glue          1.4.2   2020-08-27 [1] CRAN (R 3.6.1)
 jsonlite      1.7.2   2020-12-09 [2] CRAN (R 3.6.1)
 lifecycle     1.0.0   2021-02-15 [1] CRAN (R 3.6.1)
 magrittr      2.0.1   2020-11-17 [2] CRAN (R 3.6.1)
 memoise       1.1.0   2017-04-21 [2] CRAN (R 3.6.1)
 pillar        1.4.7   2020-11-20 [2] CRAN (R 3.6.1)
 pkgconfig     2.0.3   2019-09-22 [2] CRAN (R 3.6.1)
 purrr         0.3.4   2020-04-17 [1] CRAN (R 3.6.1)
 R6            2.5.0   2020-10-28 [2] CRAN (R 3.6.1)
 rlang         0.4.10  2020-12-30 [1] CRAN (R 3.6.1)
 sessioninfo   1.1.1   2018-11-05 [2] CRAN (R 3.6.1)
 tibble        3.0.4   2020-10-12 [2] CRAN (R 3.6.1)
 tidyselect    1.1.1   2021-04-30 [1] CRAN (R 3.6.1)
 vctrs         0.3.6   2020-12-17 [1] CRAN (R 3.6.1)
 withr         2.3.0   2020-09-22 [2] CRAN (R 3.6.1)

[1] /users/jbenjami/R/x86_64-pc-linux-gnu-library/3.6
[2] /jhpce/shared/jhpce/core/R/3.6.1/lib64/R/library
Processing genotype position file.
Processing phenotype position file.
Processing genotype matrix.
Processing Matrix-eQTL tests file.
Performing eigenMT correction.
100.0 out of 6448 completed (1.551%)
200.0 out of 6448 completed (3.102%)
300.0 out of 6448 completed (4.653%)
400.0 out of 6448 completed (6.203%)
500.0 out of 6448 completed (7.754%)
600.0 out of 6448 completed (9.305%)
700.0 out of 6448 completed (10.856%)
800.0 out of 6448 completed (12.407%)
900.0 out of 6448 completed (13.958%)
1000.0 out of 6448 completed (15.509%)
1100.0 out of 6448 completed (17.06%)
1200.0 out of 6448 completed (18.61%)
1300.0 out of 6448 completed (20.161%)
1400.0 out of 6448 completed (21.712%)
1500.0 out of 6448 completed (23.263%)
1600.0 out of 6448 completed (24.814%)
1700.0 out of 6448 completed (26.365%)
1800.0 out of 6448 completed (27.916%)
1900.0 out of 6448 completed (29.467%)
2000.0 out of 6448 completed (31.017%)
2100.0 out of 6448 completed (32.568%)
2200.0 out of 6448 completed (34.119%)
2300.0 out of 6448 completed (35.67%)
2400.0 out of 6448 completed (37.221%)
2500.0 out of 6448 completed (38.772%)
2600.0 out of 6448 completed (40.323%)
2700.0 out of 6448 completed (41.873%)
2800.0 out of 6448 completed (43.424%)
2900.0 out of 6448 completed (44.975%)
3000.0 out of 6448 completed (46.526%)
3100.0 out of 6448 completed (48.077%)
3200.0 out of 6448 completed (49.628%)
3300.0 out of 6448 completed (51.179%)
3400.0 out of 6448 completed (52.73%)
3500.0 out of 6448 completed (54.28%)
3600.0 out of 6448 completed (55.831%)
3700.0 out of 6448 completed (57.382%)
3800.0 out of 6448 completed (58.933%)
3900.0 out of 6448 completed (60.484%)
4000.0 out of 6448 completed (62.035%)
4100.0 out of 6448 completed (63.586%)
4200.0 out of 6448 completed (65.136%)
4300.0 out of 6448 completed (66.687%)
4400.0 out of 6448 completed (68.238%)
4500.0 out of 6448 completed (69.789%)
4600.0 out of 6448 completed (71.34%)
4700.0 out of 6448 completed (72.891%)
4800.0 out of 6448 completed (74.442%)
4900.0 out of 6448 completed (75.993%)
5000.0 out of 6448 completed (77.543%)
5100.0 out of 6448 completed (79.094%)
5200.0 out of 6448 completed (80.645%)
5300.0 out of 6448 completed (82.196%)
5400.0 out of 6448 completed (83.747%)
5500.0 out of 6448 completed (85.298%)
5600.0 out of 6448 completed (86.849%)
5700.0 out of 6448 completed (88.4%)
5800.0 out of 6448 completed (89.95%)
5900.0 out of 6448 completed (91.501%)
6000.0 out of 6448 completed (93.052%)
6100.0 out of 6448 completed (94.603%)
6200.0 out of 6448 completed (96.154%)
6300.0 out of 6448 completed (97.705%)
6400.0 out of 6448 completed (99.256%)
