
Attaching package: ‘dplyr’

The following objects are masked from ‘package:stats’:

    filter, lag

The following objects are masked from ‘package:base’:

    intersect, setdiff, setequal, union

[1] "2021-07-19 18:42:22 EDT"
   user  system elapsed 
857.356  48.663 955.571 
─ Session info ───────────────────────────────────────────────────────────────────────────────────────────────────────
 setting  value                       
 version  R version 3.6.1 (2019-07-05)
 os       CentOS Linux 7 (Core)       
 system   x86_64, linux-gnu           
 ui       X11                         
 language (EN)                        
 collate  en_US.UTF-8                 
 ctype    en_US.UTF-8                 
 tz       US/Eastern                  
 date     2021-07-19                  

─ Packages ───────────────────────────────────────────────────────────────────────────────────────────────────────────
 package     * version date       lib source        
 argparse    * 2.0.3   2020-10-19 [1] CRAN (R 3.6.1)
 cli           2.5.0   2021-04-26 [1] CRAN (R 3.6.1)
 crayon        1.4.1   2021-02-08 [1] CRAN (R 3.6.1)
 data.table    1.14.0  2021-02-21 [1] CRAN (R 3.6.1)
 digest        0.6.27  2020-10-24 [1] CRAN (R 3.6.1)
 dplyr       * 1.0.2   2020-08-18 [2] CRAN (R 3.6.1)
 ellipsis      0.3.2   2021-04-29 [1] CRAN (R 3.6.1)
 findpython    1.0.7   2021-01-27 [1] CRAN (R 3.6.1)
 generics      0.1.0   2020-10-31 [2] CRAN (R 3.6.1)
 glue          1.4.2   2020-08-27 [1] CRAN (R 3.6.1)
 jsonlite      1.7.2   2020-12-09 [2] CRAN (R 3.6.1)
 lifecycle     1.0.0   2021-02-15 [1] CRAN (R 3.6.1)
 magrittr      2.0.1   2020-11-17 [2] CRAN (R 3.6.1)
 memoise       1.1.0   2017-04-21 [2] CRAN (R 3.6.1)
 pillar        1.4.7   2020-11-20 [2] CRAN (R 3.6.1)
 pkgconfig     2.0.3   2019-09-22 [2] CRAN (R 3.6.1)
 purrr         0.3.4   2020-04-17 [1] CRAN (R 3.6.1)
 R6            2.5.0   2020-10-28 [2] CRAN (R 3.6.1)
 rlang         0.4.10  2020-12-30 [1] CRAN (R 3.6.1)
 sessioninfo   1.1.1   2018-11-05 [2] CRAN (R 3.6.1)
 tibble        3.0.4   2020-10-12 [2] CRAN (R 3.6.1)
 tidyselect    1.1.1   2021-04-30 [1] CRAN (R 3.6.1)
 vctrs         0.3.6   2020-12-17 [1] CRAN (R 3.6.1)
 withr         2.3.0   2020-09-22 [2] CRAN (R 3.6.1)

[1] /users/jbenjami/R/x86_64-pc-linux-gnu-library/3.6
[2] /jhpce/shared/jhpce/core/R/3.6.1/lib64/R/library
Processing genotype position file.
Processing phenotype position file.
Processing genotype matrix.
Processing Matrix-eQTL tests file.
Performing eigenMT correction.
100.0 out of 4324 completed (2.313%)
200.0 out of 4324 completed (4.625%)
300.0 out of 4324 completed (6.938%)
400.0 out of 4324 completed (9.251%)
500.0 out of 4324 completed (11.563%)
600.0 out of 4324 completed (13.876%)
700.0 out of 4324 completed (16.189%)
800.0 out of 4324 completed (18.501%)
900.0 out of 4324 completed (20.814%)
1000.0 out of 4324 completed (23.127%)
1100.0 out of 4324 completed (25.439%)
1200.0 out of 4324 completed (27.752%)
1300.0 out of 4324 completed (30.065%)
1400.0 out of 4324 completed (32.377%)
1500.0 out of 4324 completed (34.69%)
1600.0 out of 4324 completed (37.003%)
1700.0 out of 4324 completed (39.315%)
1800.0 out of 4324 completed (41.628%)
1900.0 out of 4324 completed (43.941%)
2000.0 out of 4324 completed (46.253%)
2100.0 out of 4324 completed (48.566%)
2200.0 out of 4324 completed (50.879%)
2300.0 out of 4324 completed (53.191%)
2400.0 out of 4324 completed (55.504%)
2500.0 out of 4324 completed (57.817%)
2600.0 out of 4324 completed (60.13%)
2700.0 out of 4324 completed (62.442%)
2800.0 out of 4324 completed (64.755%)
2900.0 out of 4324 completed (67.068%)
3000.0 out of 4324 completed (69.38%)
3100.0 out of 4324 completed (71.693%)
3200.0 out of 4324 completed (74.006%)
3300.0 out of 4324 completed (76.318%)
3400.0 out of 4324 completed (78.631%)
3500.0 out of 4324 completed (80.944%)
3600.0 out of 4324 completed (83.256%)
3700.0 out of 4324 completed (85.569%)
3800.0 out of 4324 completed (87.882%)
3900.0 out of 4324 completed (90.194%)
4000.0 out of 4324 completed (92.507%)
4100.0 out of 4324 completed (94.82%)
4200.0 out of 4324 completed (97.132%)
4300.0 out of 4324 completed (99.445%)
