
Attaching package: ‘dplyr’

The following objects are masked from ‘package:stats’:

    filter, lag

The following objects are masked from ‘package:base’:

    intersect, setdiff, setequal, union

[1] "2021-07-19 18:46:10 EDT"
   user  system elapsed 
554.949  23.141 645.126 
─ Session info ───────────────────────────────────────────────────────────────────────────────────────────────────────
 setting  value                       
 version  R version 3.6.1 (2019-07-05)
 os       CentOS Linux 7 (Core)       
 system   x86_64, linux-gnu           
 ui       X11                         
 language (EN)                        
 collate  en_US.UTF-8                 
 ctype    en_US.UTF-8                 
 tz       US/Eastern                  
 date     2021-07-19                  

─ Packages ───────────────────────────────────────────────────────────────────────────────────────────────────────────
 package     * version date       lib source        
 argparse    * 2.0.3   2020-10-19 [1] CRAN (R 3.6.1)
 cli           2.5.0   2021-04-26 [1] CRAN (R 3.6.1)
 crayon        1.4.1   2021-02-08 [1] CRAN (R 3.6.1)
 data.table    1.14.0  2021-02-21 [1] CRAN (R 3.6.1)
 digest        0.6.27  2020-10-24 [1] CRAN (R 3.6.1)
 dplyr       * 1.0.2   2020-08-18 [2] CRAN (R 3.6.1)
 ellipsis      0.3.2   2021-04-29 [1] CRAN (R 3.6.1)
 findpython    1.0.7   2021-01-27 [1] CRAN (R 3.6.1)
 generics      0.1.0   2020-10-31 [2] CRAN (R 3.6.1)
 glue          1.4.2   2020-08-27 [1] CRAN (R 3.6.1)
 jsonlite      1.7.2   2020-12-09 [2] CRAN (R 3.6.1)
 lifecycle     1.0.0   2021-02-15 [1] CRAN (R 3.6.1)
 magrittr      2.0.1   2020-11-17 [2] CRAN (R 3.6.1)
 memoise       1.1.0   2017-04-21 [2] CRAN (R 3.6.1)
 pillar        1.4.7   2020-11-20 [2] CRAN (R 3.6.1)
 pkgconfig     2.0.3   2019-09-22 [2] CRAN (R 3.6.1)
 purrr         0.3.4   2020-04-17 [1] CRAN (R 3.6.1)
 R6            2.5.0   2020-10-28 [2] CRAN (R 3.6.1)
 rlang         0.4.10  2020-12-30 [1] CRAN (R 3.6.1)
 sessioninfo   1.1.1   2018-11-05 [2] CRAN (R 3.6.1)
 tibble        3.0.4   2020-10-12 [2] CRAN (R 3.6.1)
 tidyselect    1.1.1   2021-04-30 [1] CRAN (R 3.6.1)
 vctrs         0.3.6   2020-12-17 [1] CRAN (R 3.6.1)
 withr         2.3.0   2020-09-22 [2] CRAN (R 3.6.1)

[1] /users/jbenjami/R/x86_64-pc-linux-gnu-library/3.6
[2] /jhpce/shared/jhpce/core/R/3.6.1/lib64/R/library
Processing genotype position file.
Processing phenotype position file.
Processing genotype matrix.
Processing Matrix-eQTL tests file.
Performing eigenMT correction.
100.0 out of 3760 completed (2.66%)
200.0 out of 3760 completed (5.319%)
300.0 out of 3760 completed (7.979%)
400.0 out of 3760 completed (10.638%)
500.0 out of 3760 completed (13.298%)
600.0 out of 3760 completed (15.957%)
700.0 out of 3760 completed (18.617%)
800.0 out of 3760 completed (21.277%)
900.0 out of 3760 completed (23.936%)
1000.0 out of 3760 completed (26.596%)
1100.0 out of 3760 completed (29.255%)
1200.0 out of 3760 completed (31.915%)
1300.0 out of 3760 completed (34.574%)
1400.0 out of 3760 completed (37.234%)
1500.0 out of 3760 completed (39.894%)
1600.0 out of 3760 completed (42.553%)
1700.0 out of 3760 completed (45.213%)
1800.0 out of 3760 completed (47.872%)
1900.0 out of 3760 completed (50.532%)
2000.0 out of 3760 completed (53.191%)
2100.0 out of 3760 completed (55.851%)
2200.0 out of 3760 completed (58.511%)
2300.0 out of 3760 completed (61.17%)
2400.0 out of 3760 completed (63.83%)
2500.0 out of 3760 completed (66.489%)
2600.0 out of 3760 completed (69.149%)
2700.0 out of 3760 completed (71.809%)
2800.0 out of 3760 completed (74.468%)
2900.0 out of 3760 completed (77.128%)
3000.0 out of 3760 completed (79.787%)
3100.0 out of 3760 completed (82.447%)
3200.0 out of 3760 completed (85.106%)
3300.0 out of 3760 completed (87.766%)
3400.0 out of 3760 completed (90.426%)
3500.0 out of 3760 completed (93.085%)
3600.0 out of 3760 completed (95.745%)
3700.0 out of 3760 completed (98.404%)
