
Attaching package: ‘dplyr’

The following objects are masked from ‘package:stats’:

    filter, lag

The following objects are masked from ‘package:base’:

    intersect, setdiff, setequal, union

[1] "2021-07-19 19:01:30 EDT"
   user  system elapsed 
341.916  13.473 379.013 
─ Session info ───────────────────────────────────────────────────────────────────────────────────────────────────────
 setting  value                       
 version  R version 3.6.1 (2019-07-05)
 os       CentOS Linux 7 (Core)       
 system   x86_64, linux-gnu           
 ui       X11                         
 language (EN)                        
 collate  en_US.UTF-8                 
 ctype    en_US.UTF-8                 
 tz       US/Eastern                  
 date     2021-07-19                  

─ Packages ───────────────────────────────────────────────────────────────────────────────────────────────────────────
 package     * version date       lib source        
 argparse    * 2.0.3   2020-10-19 [1] CRAN (R 3.6.1)
 cli           2.5.0   2021-04-26 [1] CRAN (R 3.6.1)
 crayon        1.4.1   2021-02-08 [1] CRAN (R 3.6.1)
 data.table    1.14.0  2021-02-21 [1] CRAN (R 3.6.1)
 digest        0.6.27  2020-10-24 [1] CRAN (R 3.6.1)
 dplyr       * 1.0.2   2020-08-18 [2] CRAN (R 3.6.1)
 ellipsis      0.3.2   2021-04-29 [1] CRAN (R 3.6.1)
 findpython    1.0.7   2021-01-27 [1] CRAN (R 3.6.1)
 generics      0.1.0   2020-10-31 [2] CRAN (R 3.6.1)
 glue          1.4.2   2020-08-27 [1] CRAN (R 3.6.1)
 jsonlite      1.7.2   2020-12-09 [2] CRAN (R 3.6.1)
 lifecycle     1.0.0   2021-02-15 [1] CRAN (R 3.6.1)
 magrittr      2.0.1   2020-11-17 [2] CRAN (R 3.6.1)
 memoise       1.1.0   2017-04-21 [2] CRAN (R 3.6.1)
 pillar        1.4.7   2020-11-20 [2] CRAN (R 3.6.1)
 pkgconfig     2.0.3   2019-09-22 [2] CRAN (R 3.6.1)
 purrr         0.3.4   2020-04-17 [1] CRAN (R 3.6.1)
 R6            2.5.0   2020-10-28 [2] CRAN (R 3.6.1)
 rlang         0.4.10  2020-12-30 [1] CRAN (R 3.6.1)
 sessioninfo   1.1.1   2018-11-05 [2] CRAN (R 3.6.1)
 tibble        3.0.4   2020-10-12 [2] CRAN (R 3.6.1)
 tidyselect    1.1.1   2021-04-30 [1] CRAN (R 3.6.1)
 vctrs         0.3.6   2020-12-17 [1] CRAN (R 3.6.1)
 withr         2.3.0   2020-09-22 [2] CRAN (R 3.6.1)

[1] /users/jbenjami/R/x86_64-pc-linux-gnu-library/3.6
[2] /jhpce/shared/jhpce/core/R/3.6.1/lib64/R/library
Processing genotype position file.
Processing phenotype position file.
Processing genotype matrix.
Processing Matrix-eQTL tests file.
Performing eigenMT correction.
100.0 out of 5826 completed (1.716%)
200.0 out of 5826 completed (3.433%)
300.0 out of 5826 completed (5.149%)
400.0 out of 5826 completed (6.866%)
500.0 out of 5826 completed (8.582%)
600.0 out of 5826 completed (10.299%)
700.0 out of 5826 completed (12.015%)
800.0 out of 5826 completed (13.732%)
900.0 out of 5826 completed (15.448%)
1000.0 out of 5826 completed (17.164%)
1100.0 out of 5826 completed (18.881%)
1200.0 out of 5826 completed (20.597%)
1300.0 out of 5826 completed (22.314%)
1400.0 out of 5826 completed (24.03%)
1500.0 out of 5826 completed (25.747%)
1600.0 out of 5826 completed (27.463%)
1700.0 out of 5826 completed (29.18%)
1800.0 out of 5826 completed (30.896%)
1900.0 out of 5826 completed (32.612%)
2000.0 out of 5826 completed (34.329%)
2100.0 out of 5826 completed (36.045%)
2200.0 out of 5826 completed (37.762%)
2300.0 out of 5826 completed (39.478%)
2400.0 out of 5826 completed (41.195%)
2500.0 out of 5826 completed (42.911%)
2600.0 out of 5826 completed (44.628%)
2700.0 out of 5826 completed (46.344%)
2800.0 out of 5826 completed (48.06%)
2900.0 out of 5826 completed (49.777%)
3000.0 out of 5826 completed (51.493%)
3100.0 out of 5826 completed (53.21%)
3200.0 out of 5826 completed (54.926%)
3300.0 out of 5826 completed (56.643%)
3400.0 out of 5826 completed (58.359%)
3500.0 out of 5826 completed (60.076%)
3600.0 out of 5826 completed (61.792%)
3700.0 out of 5826 completed (63.508%)
3800.0 out of 5826 completed (65.225%)
3900.0 out of 5826 completed (66.941%)
4000.0 out of 5826 completed (68.658%)
4100.0 out of 5826 completed (70.374%)
4200.0 out of 5826 completed (72.091%)
4300.0 out of 5826 completed (73.807%)
4400.0 out of 5826 completed (75.524%)
4500.0 out of 5826 completed (77.24%)
4600.0 out of 5826 completed (78.956%)
4700.0 out of 5826 completed (80.673%)
4800.0 out of 5826 completed (82.389%)
4900.0 out of 5826 completed (84.106%)
5000.0 out of 5826 completed (85.822%)
5100.0 out of 5826 completed (87.539%)
5200.0 out of 5826 completed (89.255%)
5300.0 out of 5826 completed (90.972%)
5400.0 out of 5826 completed (92.688%)
5500.0 out of 5826 completed (94.404%)
5600.0 out of 5826 completed (96.121%)
5700.0 out of 5826 completed (97.837%)
5800.0 out of 5826 completed (99.554%)
