
Attaching package: ‘dplyr’

The following objects are masked from ‘package:stats’:

    filter, lag

The following objects are masked from ‘package:base’:

    intersect, setdiff, setequal, union

[1] "2021-07-19 19:22:30 EDT"
   user  system elapsed 
499.710  25.758 593.769 
─ Session info ───────────────────────────────────────────────────────────────────────────────────────────────────────
 setting  value                       
 version  R version 3.6.1 (2019-07-05)
 os       CentOS Linux 7 (Core)       
 system   x86_64, linux-gnu           
 ui       X11                         
 language (EN)                        
 collate  en_US.UTF-8                 
 ctype    en_US.UTF-8                 
 tz       US/Eastern                  
 date     2021-07-19                  

─ Packages ───────────────────────────────────────────────────────────────────────────────────────────────────────────
 package     * version date       lib source        
 argparse    * 2.0.3   2020-10-19 [1] CRAN (R 3.6.1)
 cli           2.5.0   2021-04-26 [1] CRAN (R 3.6.1)
 crayon        1.4.1   2021-02-08 [1] CRAN (R 3.6.1)
 data.table    1.14.0  2021-02-21 [1] CRAN (R 3.6.1)
 digest        0.6.27  2020-10-24 [1] CRAN (R 3.6.1)
 dplyr       * 1.0.2   2020-08-18 [2] CRAN (R 3.6.1)
 ellipsis      0.3.2   2021-04-29 [1] CRAN (R 3.6.1)
 findpython    1.0.7   2021-01-27 [1] CRAN (R 3.6.1)
 generics      0.1.0   2020-10-31 [2] CRAN (R 3.6.1)
 glue          1.4.2   2020-08-27 [1] CRAN (R 3.6.1)
 jsonlite      1.7.2   2020-12-09 [2] CRAN (R 3.6.1)
 lifecycle     1.0.0   2021-02-15 [1] CRAN (R 3.6.1)
 magrittr      2.0.1   2020-11-17 [2] CRAN (R 3.6.1)
 memoise       1.1.0   2017-04-21 [2] CRAN (R 3.6.1)
 pillar        1.4.7   2020-11-20 [2] CRAN (R 3.6.1)
 pkgconfig     2.0.3   2019-09-22 [2] CRAN (R 3.6.1)
 purrr         0.3.4   2020-04-17 [1] CRAN (R 3.6.1)
 R6            2.5.0   2020-10-28 [2] CRAN (R 3.6.1)
 rlang         0.4.10  2020-12-30 [1] CRAN (R 3.6.1)
 sessioninfo   1.1.1   2018-11-05 [2] CRAN (R 3.6.1)
 tibble        3.0.4   2020-10-12 [2] CRAN (R 3.6.1)
 tidyselect    1.1.1   2021-04-30 [1] CRAN (R 3.6.1)
 vctrs         0.3.6   2020-12-17 [1] CRAN (R 3.6.1)
 withr         2.3.0   2020-09-22 [2] CRAN (R 3.6.1)

[1] /users/jbenjami/R/x86_64-pc-linux-gnu-library/3.6
[2] /jhpce/shared/jhpce/core/R/3.6.1/lib64/R/library
Processing genotype position file.
Processing phenotype position file.
Processing genotype matrix.
Processing Matrix-eQTL tests file.
Performing eigenMT correction.
100.0 out of 5178 completed (1.931%)
200.0 out of 5178 completed (3.862%)
300.0 out of 5178 completed (5.794%)
400.0 out of 5178 completed (7.725%)
500.0 out of 5178 completed (9.656%)
600.0 out of 5178 completed (11.587%)
700.0 out of 5178 completed (13.519%)
800.0 out of 5178 completed (15.45%)
900.0 out of 5178 completed (17.381%)
1000.0 out of 5178 completed (19.312%)
1100.0 out of 5178 completed (21.244%)
1200.0 out of 5178 completed (23.175%)
1300.0 out of 5178 completed (25.106%)
1400.0 out of 5178 completed (27.037%)
1500.0 out of 5178 completed (28.969%)
1600.0 out of 5178 completed (30.9%)
1700.0 out of 5178 completed (32.831%)
1800.0 out of 5178 completed (34.762%)
1900.0 out of 5178 completed (36.694%)
2000.0 out of 5178 completed (38.625%)
2100.0 out of 5178 completed (40.556%)
2200.0 out of 5178 completed (42.487%)
2300.0 out of 5178 completed (44.419%)
2400.0 out of 5178 completed (46.35%)
2500.0 out of 5178 completed (48.281%)
2600.0 out of 5178 completed (50.212%)
2700.0 out of 5178 completed (52.144%)
2800.0 out of 5178 completed (54.075%)
2900.0 out of 5178 completed (56.006%)
3000.0 out of 5178 completed (57.937%)
3100.0 out of 5178 completed (59.869%)
3200.0 out of 5178 completed (61.8%)
3300.0 out of 5178 completed (63.731%)
3400.0 out of 5178 completed (65.662%)
3500.0 out of 5178 completed (67.594%)
3600.0 out of 5178 completed (69.525%)
3700.0 out of 5178 completed (71.456%)
3800.0 out of 5178 completed (73.387%)
3900.0 out of 5178 completed (75.319%)
4000.0 out of 5178 completed (77.25%)
4100.0 out of 5178 completed (79.181%)
4200.0 out of 5178 completed (81.112%)
4300.0 out of 5178 completed (83.044%)
4400.0 out of 5178 completed (84.975%)
4500.0 out of 5178 completed (86.906%)
4600.0 out of 5178 completed (88.837%)
4700.0 out of 5178 completed (90.769%)
4800.0 out of 5178 completed (92.7%)
4900.0 out of 5178 completed (94.631%)
5000.0 out of 5178 completed (96.562%)
5100.0 out of 5178 completed (98.494%)
