
Attaching package: ‘dplyr’

The following objects are masked from ‘package:stats’:

    filter, lag

The following objects are masked from ‘package:base’:

    intersect, setdiff, setequal, union

[1] "2021-07-19 21:53:16 EDT"
   user  system elapsed 
763.549  33.699 829.560 
─ Session info ───────────────────────────────────────────────────────────────────────────────────────────────────────
 setting  value                       
 version  R version 3.6.1 (2019-07-05)
 os       CentOS Linux 7 (Core)       
 system   x86_64, linux-gnu           
 ui       X11                         
 language (EN)                        
 collate  en_US.UTF-8                 
 ctype    en_US.UTF-8                 
 tz       US/Eastern                  
 date     2021-07-19                  

─ Packages ───────────────────────────────────────────────────────────────────────────────────────────────────────────
 package     * version date       lib source        
 argparse    * 2.0.3   2020-10-19 [1] CRAN (R 3.6.1)
 cli           2.5.0   2021-04-26 [1] CRAN (R 3.6.1)
 crayon        1.4.1   2021-02-08 [1] CRAN (R 3.6.1)
 data.table    1.14.0  2021-02-21 [1] CRAN (R 3.6.1)
 digest        0.6.27  2020-10-24 [1] CRAN (R 3.6.1)
 dplyr       * 1.0.2   2020-08-18 [2] CRAN (R 3.6.1)
 ellipsis      0.3.2   2021-04-29 [1] CRAN (R 3.6.1)
 findpython    1.0.7   2021-01-27 [1] CRAN (R 3.6.1)
 generics      0.1.0   2020-10-31 [2] CRAN (R 3.6.1)
 glue          1.4.2   2020-08-27 [1] CRAN (R 3.6.1)
 jsonlite      1.7.2   2020-12-09 [2] CRAN (R 3.6.1)
 lifecycle     1.0.0   2021-02-15 [1] CRAN (R 3.6.1)
 magrittr      2.0.1   2020-11-17 [2] CRAN (R 3.6.1)
 memoise       1.1.0   2017-04-21 [2] CRAN (R 3.6.1)
 pillar        1.4.7   2020-11-20 [2] CRAN (R 3.6.1)
 pkgconfig     2.0.3   2019-09-22 [2] CRAN (R 3.6.1)
 purrr         0.3.4   2020-04-17 [1] CRAN (R 3.6.1)
 R6            2.5.0   2020-10-28 [2] CRAN (R 3.6.1)
 rlang         0.4.10  2020-12-30 [1] CRAN (R 3.6.1)
 sessioninfo   1.1.1   2018-11-05 [2] CRAN (R 3.6.1)
 tibble        3.0.4   2020-10-12 [2] CRAN (R 3.6.1)
 tidyselect    1.1.1   2021-04-30 [1] CRAN (R 3.6.1)
 vctrs         0.3.6   2020-12-17 [1] CRAN (R 3.6.1)
 withr         2.3.0   2020-09-22 [2] CRAN (R 3.6.1)

[1] /users/jbenjami/R/x86_64-pc-linux-gnu-library/3.6
[2] /jhpce/shared/jhpce/core/R/3.6.1/lib64/R/library
Processing genotype position file.
Processing phenotype position file.
Processing genotype matrix.
Processing Matrix-eQTL tests file.
Performing eigenMT correction.
100.0 out of 9157 completed (1.092%)
200.0 out of 9157 completed (2.184%)
300.0 out of 9157 completed (3.276%)
400.0 out of 9157 completed (4.368%)
500.0 out of 9157 completed (5.46%)
600.0 out of 9157 completed (6.552%)
700.0 out of 9157 completed (7.644%)
800.0 out of 9157 completed (8.736%)
900.0 out of 9157 completed (9.829%)
1000.0 out of 9157 completed (10.921%)
1100.0 out of 9157 completed (12.013%)
1200.0 out of 9157 completed (13.105%)
1300.0 out of 9157 completed (14.197%)
1400.0 out of 9157 completed (15.289%)
1500.0 out of 9157 completed (16.381%)
1600.0 out of 9157 completed (17.473%)
1700.0 out of 9157 completed (18.565%)
1800.0 out of 9157 completed (19.657%)
1900.0 out of 9157 completed (20.749%)
2000.0 out of 9157 completed (21.841%)
2100.0 out of 9157 completed (22.933%)
2200.0 out of 9157 completed (24.025%)
2300.0 out of 9157 completed (25.117%)
2400.0 out of 9157 completed (26.209%)
2500.0 out of 9157 completed (27.302%)
2600.0 out of 9157 completed (28.394%)
2700.0 out of 9157 completed (29.486%)
2800.0 out of 9157 completed (30.578%)
2900.0 out of 9157 completed (31.67%)
3000.0 out of 9157 completed (32.762%)
3100.0 out of 9157 completed (33.854%)
3200.0 out of 9157 completed (34.946%)
3300.0 out of 9157 completed (36.038%)
3400.0 out of 9157 completed (37.13%)
3500.0 out of 9157 completed (38.222%)
3600.0 out of 9157 completed (39.314%)
3700.0 out of 9157 completed (40.406%)
3800.0 out of 9157 completed (41.498%)
3900.0 out of 9157 completed (42.59%)
4000.0 out of 9157 completed (43.682%)
4100.0 out of 9157 completed (44.774%)
4200.0 out of 9157 completed (45.867%)
4300.0 out of 9157 completed (46.959%)
4400.0 out of 9157 completed (48.051%)
4500.0 out of 9157 completed (49.143%)
4600.0 out of 9157 completed (50.235%)
4700.0 out of 9157 completed (51.327%)
4800.0 out of 9157 completed (52.419%)
4900.0 out of 9157 completed (53.511%)
5000.0 out of 9157 completed (54.603%)
5100.0 out of 9157 completed (55.695%)
5200.0 out of 9157 completed (56.787%)
5300.0 out of 9157 completed (57.879%)
5400.0 out of 9157 completed (58.971%)
5500.0 out of 9157 completed (60.063%)
5600.0 out of 9157 completed (61.155%)
5700.0 out of 9157 completed (62.247%)
5800.0 out of 9157 completed (63.34%)
5900.0 out of 9157 completed (64.432%)
6000.0 out of 9157 completed (65.524%)
6100.0 out of 9157 completed (66.616%)
6200.0 out of 9157 completed (67.708%)
6300.0 out of 9157 completed (68.8%)
6400.0 out of 9157 completed (69.892%)
6500.0 out of 9157 completed (70.984%)
6600.0 out of 9157 completed (72.076%)
6700.0 out of 9157 completed (73.168%)
6800.0 out of 9157 completed (74.26%)
6900.0 out of 9157 completed (75.352%)
7000.0 out of 9157 completed (76.444%)
7100.0 out of 9157 completed (77.536%)
7200.0 out of 9157 completed (78.628%)
7300.0 out of 9157 completed (79.72%)
7400.0 out of 9157 completed (80.812%)
7500.0 out of 9157 completed (81.905%)
7600.0 out of 9157 completed (82.997%)
7700.0 out of 9157 completed (84.089%)
7800.0 out of 9157 completed (85.181%)
7900.0 out of 9157 completed (86.273%)
8000.0 out of 9157 completed (87.365%)
8100.0 out of 9157 completed (88.457%)
8200.0 out of 9157 completed (89.549%)
8300.0 out of 9157 completed (90.641%)
8400.0 out of 9157 completed (91.733%)
8500.0 out of 9157 completed (92.825%)
8600.0 out of 9157 completed (93.917%)
8700.0 out of 9157 completed (95.009%)
8800.0 out of 9157 completed (96.101%)
8900.0 out of 9157 completed (97.193%)
9000.0 out of 9157 completed (98.285%)
9100.0 out of 9157 completed (99.378%)
