
Attaching package: ‘dplyr’

The following objects are masked from ‘package:stats’:

    filter, lag

The following objects are masked from ‘package:base’:

    intersect, setdiff, setequal, union

[1] "2021-07-19 21:55:40 EDT"
   user  system elapsed 
454.777  23.560 469.837 
─ Session info ───────────────────────────────────────────────────────────────────────────────────────────────────────
 setting  value                       
 version  R version 3.6.1 (2019-07-05)
 os       CentOS Linux 7 (Core)       
 system   x86_64, linux-gnu           
 ui       X11                         
 language (EN)                        
 collate  en_US.UTF-8                 
 ctype    en_US.UTF-8                 
 tz       US/Eastern                  
 date     2021-07-19                  

─ Packages ───────────────────────────────────────────────────────────────────────────────────────────────────────────
 package     * version date       lib source        
 argparse    * 2.0.3   2020-10-19 [1] CRAN (R 3.6.1)
 cli           2.5.0   2021-04-26 [1] CRAN (R 3.6.1)
 crayon        1.4.1   2021-02-08 [1] CRAN (R 3.6.1)
 data.table    1.14.0  2021-02-21 [1] CRAN (R 3.6.1)
 digest        0.6.27  2020-10-24 [1] CRAN (R 3.6.1)
 dplyr       * 1.0.2   2020-08-18 [2] CRAN (R 3.6.1)
 ellipsis      0.3.2   2021-04-29 [1] CRAN (R 3.6.1)
 findpython    1.0.7   2021-01-27 [1] CRAN (R 3.6.1)
 generics      0.1.0   2020-10-31 [2] CRAN (R 3.6.1)
 glue          1.4.2   2020-08-27 [1] CRAN (R 3.6.1)
 jsonlite      1.7.2   2020-12-09 [2] CRAN (R 3.6.1)
 lifecycle     1.0.0   2021-02-15 [1] CRAN (R 3.6.1)
 magrittr      2.0.1   2020-11-17 [2] CRAN (R 3.6.1)
 memoise       1.1.0   2017-04-21 [2] CRAN (R 3.6.1)
 pillar        1.4.7   2020-11-20 [2] CRAN (R 3.6.1)
 pkgconfig     2.0.3   2019-09-22 [2] CRAN (R 3.6.1)
 purrr         0.3.4   2020-04-17 [1] CRAN (R 3.6.1)
 R6            2.5.0   2020-10-28 [2] CRAN (R 3.6.1)
 rlang         0.4.10  2020-12-30 [1] CRAN (R 3.6.1)
 sessioninfo   1.1.1   2018-11-05 [2] CRAN (R 3.6.1)
 tibble        3.0.4   2020-10-12 [2] CRAN (R 3.6.1)
 tidyselect    1.1.1   2021-04-30 [1] CRAN (R 3.6.1)
 vctrs         0.3.6   2020-12-17 [1] CRAN (R 3.6.1)
 withr         2.3.0   2020-09-22 [2] CRAN (R 3.6.1)

[1] /users/jbenjami/R/x86_64-pc-linux-gnu-library/3.6
[2] /jhpce/shared/jhpce/core/R/3.6.1/lib64/R/library
Processing genotype position file.
Processing phenotype position file.
Processing genotype matrix.
Processing Matrix-eQTL tests file.
Performing eigenMT correction.
100.0 out of 9593 completed (1.042%)
200.0 out of 9593 completed (2.085%)
300.0 out of 9593 completed (3.127%)
400.0 out of 9593 completed (4.17%)
500.0 out of 9593 completed (5.212%)
600.0 out of 9593 completed (6.255%)
700.0 out of 9593 completed (7.297%)
800.0 out of 9593 completed (8.339%)
900.0 out of 9593 completed (9.382%)
1000.0 out of 9593 completed (10.424%)
1100.0 out of 9593 completed (11.467%)
1200.0 out of 9593 completed (12.509%)
1300.0 out of 9593 completed (13.552%)
1400.0 out of 9593 completed (14.594%)
1500.0 out of 9593 completed (15.636%)
1600.0 out of 9593 completed (16.679%)
1700.0 out of 9593 completed (17.721%)
1800.0 out of 9593 completed (18.764%)
1900.0 out of 9593 completed (19.806%)
2000.0 out of 9593 completed (20.849%)
2100.0 out of 9593 completed (21.891%)
2200.0 out of 9593 completed (22.933%)
2300.0 out of 9593 completed (23.976%)
2400.0 out of 9593 completed (25.018%)
2500.0 out of 9593 completed (26.061%)
2600.0 out of 9593 completed (27.103%)
2700.0 out of 9593 completed (28.146%)
2800.0 out of 9593 completed (29.188%)
2900.0 out of 9593 completed (30.23%)
3000.0 out of 9593 completed (31.273%)
3100.0 out of 9593 completed (32.315%)
3200.0 out of 9593 completed (33.358%)
3300.0 out of 9593 completed (34.4%)
3400.0 out of 9593 completed (35.443%)
3500.0 out of 9593 completed (36.485%)
3600.0 out of 9593 completed (37.527%)
3700.0 out of 9593 completed (38.57%)
3800.0 out of 9593 completed (39.612%)
3900.0 out of 9593 completed (40.655%)
4000.0 out of 9593 completed (41.697%)
4100.0 out of 9593 completed (42.739%)
4200.0 out of 9593 completed (43.782%)
4300.0 out of 9593 completed (44.824%)
4400.0 out of 9593 completed (45.867%)
4500.0 out of 9593 completed (46.909%)
4600.0 out of 9593 completed (47.952%)
4700.0 out of 9593 completed (48.994%)
4800.0 out of 9593 completed (50.036%)
4900.0 out of 9593 completed (51.079%)
5000.0 out of 9593 completed (52.121%)
5100.0 out of 9593 completed (53.164%)
5200.0 out of 9593 completed (54.206%)
5300.0 out of 9593 completed (55.249%)
5400.0 out of 9593 completed (56.291%)
5500.0 out of 9593 completed (57.333%)
5600.0 out of 9593 completed (58.376%)
5700.0 out of 9593 completed (59.418%)
5800.0 out of 9593 completed (60.461%)
5900.0 out of 9593 completed (61.503%)
6000.0 out of 9593 completed (62.546%)
6100.0 out of 9593 completed (63.588%)
6200.0 out of 9593 completed (64.63%)
6300.0 out of 9593 completed (65.673%)
6400.0 out of 9593 completed (66.715%)
6500.0 out of 9593 completed (67.758%)
6600.0 out of 9593 completed (68.8%)
6700.0 out of 9593 completed (69.843%)
6800.0 out of 9593 completed (70.885%)
6900.0 out of 9593 completed (71.927%)
7000.0 out of 9593 completed (72.97%)
7100.0 out of 9593 completed (74.012%)
7200.0 out of 9593 completed (75.055%)
7300.0 out of 9593 completed (76.097%)
7400.0 out of 9593 completed (77.14%)
7500.0 out of 9593 completed (78.182%)
7600.0 out of 9593 completed (79.224%)
7700.0 out of 9593 completed (80.267%)
7800.0 out of 9593 completed (81.309%)
7900.0 out of 9593 completed (82.352%)
8000.0 out of 9593 completed (83.394%)
8100.0 out of 9593 completed (84.437%)
8200.0 out of 9593 completed (85.479%)
8300.0 out of 9593 completed (86.521%)
8400.0 out of 9593 completed (87.564%)
8500.0 out of 9593 completed (88.606%)
8600.0 out of 9593 completed (89.649%)
8700.0 out of 9593 completed (90.691%)
8800.0 out of 9593 completed (91.734%)
8900.0 out of 9593 completed (92.776%)
9000.0 out of 9593 completed (93.818%)
9100.0 out of 9593 completed (94.861%)
9200.0 out of 9593 completed (95.903%)
9300.0 out of 9593 completed (96.946%)
9400.0 out of 9593 completed (97.988%)
9500.0 out of 9593 completed (99.031%)
