
Attaching package: ‘dplyr’

The following objects are masked from ‘package:stats’:

    filter, lag

The following objects are masked from ‘package:base’:

    intersect, setdiff, setequal, union

[1] "2021-07-19 21:53:38 EDT"
   user  system elapsed 
551.699  35.894 640.008 
─ Session info ───────────────────────────────────────────────────────────────────────────────────────────────────────
 setting  value                       
 version  R version 3.6.1 (2019-07-05)
 os       CentOS Linux 7 (Core)       
 system   x86_64, linux-gnu           
 ui       X11                         
 language (EN)                        
 collate  en_US.UTF-8                 
 ctype    en_US.UTF-8                 
 tz       US/Eastern                  
 date     2021-07-19                  

─ Packages ───────────────────────────────────────────────────────────────────────────────────────────────────────────
 package     * version date       lib source        
 argparse    * 2.0.3   2020-10-19 [1] CRAN (R 3.6.1)
 cli           2.5.0   2021-04-26 [1] CRAN (R 3.6.1)
 crayon        1.4.1   2021-02-08 [1] CRAN (R 3.6.1)
 data.table    1.14.0  2021-02-21 [1] CRAN (R 3.6.1)
 digest        0.6.27  2020-10-24 [1] CRAN (R 3.6.1)
 dplyr       * 1.0.2   2020-08-18 [2] CRAN (R 3.6.1)
 ellipsis      0.3.2   2021-04-29 [1] CRAN (R 3.6.1)
 findpython    1.0.7   2021-01-27 [1] CRAN (R 3.6.1)
 generics      0.1.0   2020-10-31 [2] CRAN (R 3.6.1)
 glue          1.4.2   2020-08-27 [1] CRAN (R 3.6.1)
 jsonlite      1.7.2   2020-12-09 [2] CRAN (R 3.6.1)
 lifecycle     1.0.0   2021-02-15 [1] CRAN (R 3.6.1)
 magrittr      2.0.1   2020-11-17 [2] CRAN (R 3.6.1)
 memoise       1.1.0   2017-04-21 [2] CRAN (R 3.6.1)
 pillar        1.4.7   2020-11-20 [2] CRAN (R 3.6.1)
 pkgconfig     2.0.3   2019-09-22 [2] CRAN (R 3.6.1)
 purrr         0.3.4   2020-04-17 [1] CRAN (R 3.6.1)
 R6            2.5.0   2020-10-28 [2] CRAN (R 3.6.1)
 rlang         0.4.10  2020-12-30 [1] CRAN (R 3.6.1)
 sessioninfo   1.1.1   2018-11-05 [2] CRAN (R 3.6.1)
 tibble        3.0.4   2020-10-12 [2] CRAN (R 3.6.1)
 tidyselect    1.1.1   2021-04-30 [1] CRAN (R 3.6.1)
 vctrs         0.3.6   2020-12-17 [1] CRAN (R 3.6.1)
 withr         2.3.0   2020-09-22 [2] CRAN (R 3.6.1)

[1] /users/jbenjami/R/x86_64-pc-linux-gnu-library/3.6
[2] /jhpce/shared/jhpce/core/R/3.6.1/lib64/R/library
Processing genotype position file.
Processing phenotype position file.
Processing genotype matrix.
Processing Matrix-eQTL tests file.
Performing eigenMT correction.
100.0 out of 3387 completed (2.952%)
200.0 out of 3387 completed (5.905%)
300.0 out of 3387 completed (8.857%)
400.0 out of 3387 completed (11.81%)
500.0 out of 3387 completed (14.762%)
600.0 out of 3387 completed (17.715%)
700.0 out of 3387 completed (20.667%)
800.0 out of 3387 completed (23.62%)
900.0 out of 3387 completed (26.572%)
1000.0 out of 3387 completed (29.525%)
1100.0 out of 3387 completed (32.477%)
1200.0 out of 3387 completed (35.43%)
1300.0 out of 3387 completed (38.382%)
1400.0 out of 3387 completed (41.335%)
1500.0 out of 3387 completed (44.287%)
1600.0 out of 3387 completed (47.239%)
1700.0 out of 3387 completed (50.192%)
1800.0 out of 3387 completed (53.144%)
1900.0 out of 3387 completed (56.097%)
2000.0 out of 3387 completed (59.049%)
2100.0 out of 3387 completed (62.002%)
2200.0 out of 3387 completed (64.954%)
2300.0 out of 3387 completed (67.907%)
2400.0 out of 3387 completed (70.859%)
2500.0 out of 3387 completed (73.812%)
2600.0 out of 3387 completed (76.764%)
2700.0 out of 3387 completed (79.717%)
2800.0 out of 3387 completed (82.669%)
2900.0 out of 3387 completed (85.621%)
3000.0 out of 3387 completed (88.574%)
3100.0 out of 3387 completed (91.526%)
3200.0 out of 3387 completed (94.479%)
3300.0 out of 3387 completed (97.431%)
