
Attaching package: ‘dplyr’

The following objects are masked from ‘package:stats’:

    filter, lag

The following objects are masked from ‘package:base’:

    intersect, setdiff, setequal, union

[1] "2021-07-19 21:34:20 EDT"
   user  system elapsed 
704.510  31.174 830.795 
─ Session info ───────────────────────────────────────────────────────────────────────────────────────────────────────
 setting  value                       
 version  R version 3.6.1 (2019-07-05)
 os       CentOS Linux 7 (Core)       
 system   x86_64, linux-gnu           
 ui       X11                         
 language (EN)                        
 collate  en_US.UTF-8                 
 ctype    en_US.UTF-8                 
 tz       US/Eastern                  
 date     2021-07-19                  

─ Packages ───────────────────────────────────────────────────────────────────────────────────────────────────────────
 package     * version date       lib source        
 argparse    * 2.0.3   2020-10-19 [1] CRAN (R 3.6.1)
 cli           2.5.0   2021-04-26 [1] CRAN (R 3.6.1)
 crayon        1.4.1   2021-02-08 [1] CRAN (R 3.6.1)
 data.table    1.14.0  2021-02-21 [1] CRAN (R 3.6.1)
 digest        0.6.27  2020-10-24 [1] CRAN (R 3.6.1)
 dplyr       * 1.0.2   2020-08-18 [2] CRAN (R 3.6.1)
 ellipsis      0.3.2   2021-04-29 [1] CRAN (R 3.6.1)
 findpython    1.0.7   2021-01-27 [1] CRAN (R 3.6.1)
 generics      0.1.0   2020-10-31 [2] CRAN (R 3.6.1)
 glue          1.4.2   2020-08-27 [1] CRAN (R 3.6.1)
 jsonlite      1.7.2   2020-12-09 [2] CRAN (R 3.6.1)
 lifecycle     1.0.0   2021-02-15 [1] CRAN (R 3.6.1)
 magrittr      2.0.1   2020-11-17 [2] CRAN (R 3.6.1)
 memoise       1.1.0   2017-04-21 [2] CRAN (R 3.6.1)
 pillar        1.4.7   2020-11-20 [2] CRAN (R 3.6.1)
 pkgconfig     2.0.3   2019-09-22 [2] CRAN (R 3.6.1)
 purrr         0.3.4   2020-04-17 [1] CRAN (R 3.6.1)
 R6            2.5.0   2020-10-28 [2] CRAN (R 3.6.1)
 rlang         0.4.10  2020-12-30 [1] CRAN (R 3.6.1)
 sessioninfo   1.1.1   2018-11-05 [2] CRAN (R 3.6.1)
 tibble        3.0.4   2020-10-12 [2] CRAN (R 3.6.1)
 tidyselect    1.1.1   2021-04-30 [1] CRAN (R 3.6.1)
 vctrs         0.3.6   2020-12-17 [1] CRAN (R 3.6.1)
 withr         2.3.0   2020-09-22 [2] CRAN (R 3.6.1)

[1] /users/jbenjami/R/x86_64-pc-linux-gnu-library/3.6
[2] /jhpce/shared/jhpce/core/R/3.6.1/lib64/R/library
Processing genotype position file.
Processing phenotype position file.
Processing genotype matrix.
Processing Matrix-eQTL tests file.
Performing eigenMT correction.
100.0 out of 8497 completed (1.177%)
200.0 out of 8497 completed (2.354%)
300.0 out of 8497 completed (3.531%)
400.0 out of 8497 completed (4.708%)
500.0 out of 8497 completed (5.884%)
600.0 out of 8497 completed (7.061%)
700.0 out of 8497 completed (8.238%)
800.0 out of 8497 completed (9.415%)
900.0 out of 8497 completed (10.592%)
1000.0 out of 8497 completed (11.769%)
1100.0 out of 8497 completed (12.946%)
1200.0 out of 8497 completed (14.123%)
1300.0 out of 8497 completed (15.3%)
1400.0 out of 8497 completed (16.476%)
1500.0 out of 8497 completed (17.653%)
1600.0 out of 8497 completed (18.83%)
1700.0 out of 8497 completed (20.007%)
1800.0 out of 8497 completed (21.184%)
1900.0 out of 8497 completed (22.361%)
2000.0 out of 8497 completed (23.538%)
2100.0 out of 8497 completed (24.715%)
2200.0 out of 8497 completed (25.891%)
2300.0 out of 8497 completed (27.068%)
2400.0 out of 8497 completed (28.245%)
2500.0 out of 8497 completed (29.422%)
2600.0 out of 8497 completed (30.599%)
2700.0 out of 8497 completed (31.776%)
2800.0 out of 8497 completed (32.953%)
2900.0 out of 8497 completed (34.13%)
3000.0 out of 8497 completed (35.307%)
3100.0 out of 8497 completed (36.483%)
3200.0 out of 8497 completed (37.66%)
3300.0 out of 8497 completed (38.837%)
3400.0 out of 8497 completed (40.014%)
3500.0 out of 8497 completed (41.191%)
3600.0 out of 8497 completed (42.368%)
3700.0 out of 8497 completed (43.545%)
3800.0 out of 8497 completed (44.722%)
3900.0 out of 8497 completed (45.899%)
4000.0 out of 8497 completed (47.075%)
4100.0 out of 8497 completed (48.252%)
4200.0 out of 8497 completed (49.429%)
4300.0 out of 8497 completed (50.606%)
4400.0 out of 8497 completed (51.783%)
4500.0 out of 8497 completed (52.96%)
4600.0 out of 8497 completed (54.137%)
4700.0 out of 8497 completed (55.314%)
4800.0 out of 8497 completed (56.491%)
4900.0 out of 8497 completed (57.667%)
5000.0 out of 8497 completed (58.844%)
5100.0 out of 8497 completed (60.021%)
5200.0 out of 8497 completed (61.198%)
5300.0 out of 8497 completed (62.375%)
5400.0 out of 8497 completed (63.552%)
5500.0 out of 8497 completed (64.729%)
5600.0 out of 8497 completed (65.906%)
5700.0 out of 8497 completed (67.082%)
5800.0 out of 8497 completed (68.259%)
5900.0 out of 8497 completed (69.436%)
6000.0 out of 8497 completed (70.613%)
6100.0 out of 8497 completed (71.79%)
6200.0 out of 8497 completed (72.967%)
6300.0 out of 8497 completed (74.144%)
6400.0 out of 8497 completed (75.321%)
6500.0 out of 8497 completed (76.498%)
6600.0 out of 8497 completed (77.674%)
6700.0 out of 8497 completed (78.851%)
6800.0 out of 8497 completed (80.028%)
6900.0 out of 8497 completed (81.205%)
7000.0 out of 8497 completed (82.382%)
7100.0 out of 8497 completed (83.559%)
7200.0 out of 8497 completed (84.736%)
7300.0 out of 8497 completed (85.913%)
7400.0 out of 8497 completed (87.09%)
7500.0 out of 8497 completed (88.266%)
7600.0 out of 8497 completed (89.443%)
7700.0 out of 8497 completed (90.62%)
7800.0 out of 8497 completed (91.797%)
7900.0 out of 8497 completed (92.974%)
8000.0 out of 8497 completed (94.151%)
8100.0 out of 8497 completed (95.328%)
8200.0 out of 8497 completed (96.505%)
8300.0 out of 8497 completed (97.682%)
8400.0 out of 8497 completed (98.858%)
