
Attaching package: ‘dplyr’

The following objects are masked from ‘package:stats’:

    filter, lag

The following objects are masked from ‘package:base’:

    intersect, setdiff, setequal, union

[1] "2021-07-19 22:01:54 EDT"
   user  system elapsed 
582.680  26.850 701.388 
─ Session info ───────────────────────────────────────────────────────────────────────────────────────────────────────
 setting  value                       
 version  R version 3.6.1 (2019-07-05)
 os       CentOS Linux 7 (Core)       
 system   x86_64, linux-gnu           
 ui       X11                         
 language (EN)                        
 collate  en_US.UTF-8                 
 ctype    en_US.UTF-8                 
 tz       US/Eastern                  
 date     2021-07-19                  

─ Packages ───────────────────────────────────────────────────────────────────────────────────────────────────────────
 package     * version date       lib source        
 argparse    * 2.0.3   2020-10-19 [1] CRAN (R 3.6.1)
 cli           2.5.0   2021-04-26 [1] CRAN (R 3.6.1)
 crayon        1.4.1   2021-02-08 [1] CRAN (R 3.6.1)
 data.table    1.14.0  2021-02-21 [1] CRAN (R 3.6.1)
 digest        0.6.27  2020-10-24 [1] CRAN (R 3.6.1)
 dplyr       * 1.0.2   2020-08-18 [2] CRAN (R 3.6.1)
 ellipsis      0.3.2   2021-04-29 [1] CRAN (R 3.6.1)
 findpython    1.0.7   2021-01-27 [1] CRAN (R 3.6.1)
 generics      0.1.0   2020-10-31 [2] CRAN (R 3.6.1)
 glue          1.4.2   2020-08-27 [1] CRAN (R 3.6.1)
 jsonlite      1.7.2   2020-12-09 [2] CRAN (R 3.6.1)
 lifecycle     1.0.0   2021-02-15 [1] CRAN (R 3.6.1)
 magrittr      2.0.1   2020-11-17 [2] CRAN (R 3.6.1)
 memoise       1.1.0   2017-04-21 [2] CRAN (R 3.6.1)
 pillar        1.4.7   2020-11-20 [2] CRAN (R 3.6.1)
 pkgconfig     2.0.3   2019-09-22 [2] CRAN (R 3.6.1)
 purrr         0.3.4   2020-04-17 [1] CRAN (R 3.6.1)
 R6            2.5.0   2020-10-28 [2] CRAN (R 3.6.1)
 rlang         0.4.10  2020-12-30 [1] CRAN (R 3.6.1)
 sessioninfo   1.1.1   2018-11-05 [2] CRAN (R 3.6.1)
 tibble        3.0.4   2020-10-12 [2] CRAN (R 3.6.1)
 tidyselect    1.1.1   2021-04-30 [1] CRAN (R 3.6.1)
 vctrs         0.3.6   2020-12-17 [1] CRAN (R 3.6.1)
 withr         2.3.0   2020-09-22 [2] CRAN (R 3.6.1)

[1] /users/jbenjami/R/x86_64-pc-linux-gnu-library/3.6
[2] /jhpce/shared/jhpce/core/R/3.6.1/lib64/R/library
Processing genotype position file.
Processing phenotype position file.
Processing genotype matrix.
Processing Matrix-eQTL tests file.
Performing eigenMT correction.
100.0 out of 8539 completed (1.171%)
200.0 out of 8539 completed (2.342%)
300.0 out of 8539 completed (3.513%)
400.0 out of 8539 completed (4.684%)
500.0 out of 8539 completed (5.855%)
600.0 out of 8539 completed (7.027%)
700.0 out of 8539 completed (8.198%)
800.0 out of 8539 completed (9.369%)
900.0 out of 8539 completed (10.54%)
1000.0 out of 8539 completed (11.711%)
1100.0 out of 8539 completed (12.882%)
1200.0 out of 8539 completed (14.053%)
1300.0 out of 8539 completed (15.224%)
1400.0 out of 8539 completed (16.395%)
1500.0 out of 8539 completed (17.566%)
1600.0 out of 8539 completed (18.738%)
1700.0 out of 8539 completed (19.909%)
1800.0 out of 8539 completed (21.08%)
1900.0 out of 8539 completed (22.251%)
2000.0 out of 8539 completed (23.422%)
2100.0 out of 8539 completed (24.593%)
2200.0 out of 8539 completed (25.764%)
2300.0 out of 8539 completed (26.935%)
2400.0 out of 8539 completed (28.106%)
2500.0 out of 8539 completed (29.277%)
2600.0 out of 8539 completed (30.449%)
2700.0 out of 8539 completed (31.62%)
2800.0 out of 8539 completed (32.791%)
2900.0 out of 8539 completed (33.962%)
3000.0 out of 8539 completed (35.133%)
3100.0 out of 8539 completed (36.304%)
3200.0 out of 8539 completed (37.475%)
3300.0 out of 8539 completed (38.646%)
3400.0 out of 8539 completed (39.817%)
3500.0 out of 8539 completed (40.988%)
3600.0 out of 8539 completed (42.16%)
3700.0 out of 8539 completed (43.331%)
3800.0 out of 8539 completed (44.502%)
3900.0 out of 8539 completed (45.673%)
4000.0 out of 8539 completed (46.844%)
4100.0 out of 8539 completed (48.015%)
4200.0 out of 8539 completed (49.186%)
4300.0 out of 8539 completed (50.357%)
4400.0 out of 8539 completed (51.528%)
4500.0 out of 8539 completed (52.699%)
4600.0 out of 8539 completed (53.87%)
4700.0 out of 8539 completed (55.042%)
4800.0 out of 8539 completed (56.213%)
4900.0 out of 8539 completed (57.384%)
5000.0 out of 8539 completed (58.555%)
5100.0 out of 8539 completed (59.726%)
5200.0 out of 8539 completed (60.897%)
5300.0 out of 8539 completed (62.068%)
5400.0 out of 8539 completed (63.239%)
5500.0 out of 8539 completed (64.41%)
5600.0 out of 8539 completed (65.581%)
5700.0 out of 8539 completed (66.753%)
5800.0 out of 8539 completed (67.924%)
5900.0 out of 8539 completed (69.095%)
6000.0 out of 8539 completed (70.266%)
6100.0 out of 8539 completed (71.437%)
6200.0 out of 8539 completed (72.608%)
6300.0 out of 8539 completed (73.779%)
6400.0 out of 8539 completed (74.95%)
6500.0 out of 8539 completed (76.121%)
6600.0 out of 8539 completed (77.292%)
6700.0 out of 8539 completed (78.464%)
6800.0 out of 8539 completed (79.635%)
6900.0 out of 8539 completed (80.806%)
7000.0 out of 8539 completed (81.977%)
7100.0 out of 8539 completed (83.148%)
7200.0 out of 8539 completed (84.319%)
7300.0 out of 8539 completed (85.49%)
7400.0 out of 8539 completed (86.661%)
7500.0 out of 8539 completed (87.832%)
7600.0 out of 8539 completed (89.003%)
7700.0 out of 8539 completed (90.174%)
7800.0 out of 8539 completed (91.346%)
7900.0 out of 8539 completed (92.517%)
8000.0 out of 8539 completed (93.688%)
8100.0 out of 8539 completed (94.859%)
8200.0 out of 8539 completed (96.03%)
8300.0 out of 8539 completed (97.201%)
8400.0 out of 8539 completed (98.372%)
8500.0 out of 8539 completed (99.543%)
