
Attaching package: ‘dplyr’

The following objects are masked from ‘package:stats’:

    filter, lag

The following objects are masked from ‘package:base’:

    intersect, setdiff, setequal, union

[1] "2021-07-19 21:54:37 EDT"
   user  system elapsed 
412.428  26.062 437.558 
─ Session info ───────────────────────────────────────────────────────────────────────────────────────────────────────
 setting  value                       
 version  R version 3.6.1 (2019-07-05)
 os       CentOS Linux 7 (Core)       
 system   x86_64, linux-gnu           
 ui       X11                         
 language (EN)                        
 collate  en_US.UTF-8                 
 ctype    en_US.UTF-8                 
 tz       US/Eastern                  
 date     2021-07-19                  

─ Packages ───────────────────────────────────────────────────────────────────────────────────────────────────────────
 package     * version date       lib source        
 argparse    * 2.0.3   2020-10-19 [1] CRAN (R 3.6.1)
 cli           2.5.0   2021-04-26 [1] CRAN (R 3.6.1)
 crayon        1.4.1   2021-02-08 [1] CRAN (R 3.6.1)
 data.table    1.14.0  2021-02-21 [1] CRAN (R 3.6.1)
 digest        0.6.27  2020-10-24 [1] CRAN (R 3.6.1)
 dplyr       * 1.0.2   2020-08-18 [2] CRAN (R 3.6.1)
 ellipsis      0.3.2   2021-04-29 [1] CRAN (R 3.6.1)
 findpython    1.0.7   2021-01-27 [1] CRAN (R 3.6.1)
 generics      0.1.0   2020-10-31 [2] CRAN (R 3.6.1)
 glue          1.4.2   2020-08-27 [1] CRAN (R 3.6.1)
 jsonlite      1.7.2   2020-12-09 [2] CRAN (R 3.6.1)
 lifecycle     1.0.0   2021-02-15 [1] CRAN (R 3.6.1)
 magrittr      2.0.1   2020-11-17 [2] CRAN (R 3.6.1)
 memoise       1.1.0   2017-04-21 [2] CRAN (R 3.6.1)
 pillar        1.4.7   2020-11-20 [2] CRAN (R 3.6.1)
 pkgconfig     2.0.3   2019-09-22 [2] CRAN (R 3.6.1)
 purrr         0.3.4   2020-04-17 [1] CRAN (R 3.6.1)
 R6            2.5.0   2020-10-28 [2] CRAN (R 3.6.1)
 rlang         0.4.10  2020-12-30 [1] CRAN (R 3.6.1)
 sessioninfo   1.1.1   2018-11-05 [2] CRAN (R 3.6.1)
 tibble        3.0.4   2020-10-12 [2] CRAN (R 3.6.1)
 tidyselect    1.1.1   2021-04-30 [1] CRAN (R 3.6.1)
 vctrs         0.3.6   2020-12-17 [1] CRAN (R 3.6.1)
 withr         2.3.0   2020-09-22 [2] CRAN (R 3.6.1)

[1] /users/jbenjami/R/x86_64-pc-linux-gnu-library/3.6
[2] /jhpce/shared/jhpce/core/R/3.6.1/lib64/R/library
Processing genotype position file.
Processing phenotype position file.
Processing genotype matrix.
Processing Matrix-eQTL tests file.
Performing eigenMT correction.
100.0 out of 7214 completed (1.386%)
200.0 out of 7214 completed (2.772%)
300.0 out of 7214 completed (4.159%)
400.0 out of 7214 completed (5.545%)
500.0 out of 7214 completed (6.931%)
600.0 out of 7214 completed (8.317%)
700.0 out of 7214 completed (9.703%)
800.0 out of 7214 completed (11.09%)
900.0 out of 7214 completed (12.476%)
1000.0 out of 7214 completed (13.862%)
1100.0 out of 7214 completed (15.248%)
1200.0 out of 7214 completed (16.634%)
1300.0 out of 7214 completed (18.021%)
1400.0 out of 7214 completed (19.407%)
1500.0 out of 7214 completed (20.793%)
1600.0 out of 7214 completed (22.179%)
1700.0 out of 7214 completed (23.565%)
1800.0 out of 7214 completed (24.951%)
1900.0 out of 7214 completed (26.338%)
2000.0 out of 7214 completed (27.724%)
2100.0 out of 7214 completed (29.11%)
2200.0 out of 7214 completed (30.496%)
2300.0 out of 7214 completed (31.882%)
2400.0 out of 7214 completed (33.269%)
2500.0 out of 7214 completed (34.655%)
2600.0 out of 7214 completed (36.041%)
2700.0 out of 7214 completed (37.427%)
2800.0 out of 7214 completed (38.813%)
2900.0 out of 7214 completed (40.2%)
3000.0 out of 7214 completed (41.586%)
3100.0 out of 7214 completed (42.972%)
3200.0 out of 7214 completed (44.358%)
3300.0 out of 7214 completed (45.744%)
3400.0 out of 7214 completed (47.131%)
3500.0 out of 7214 completed (48.517%)
3600.0 out of 7214 completed (49.903%)
3700.0 out of 7214 completed (51.289%)
3800.0 out of 7214 completed (52.675%)
3900.0 out of 7214 completed (54.062%)
4000.0 out of 7214 completed (55.448%)
4100.0 out of 7214 completed (56.834%)
4200.0 out of 7214 completed (58.22%)
4300.0 out of 7214 completed (59.606%)
4400.0 out of 7214 completed (60.993%)
4500.0 out of 7214 completed (62.379%)
4600.0 out of 7214 completed (63.765%)
4700.0 out of 7214 completed (65.151%)
4800.0 out of 7214 completed (66.537%)
4900.0 out of 7214 completed (67.923%)
5000.0 out of 7214 completed (69.31%)
5100.0 out of 7214 completed (70.696%)
5200.0 out of 7214 completed (72.082%)
5300.0 out of 7214 completed (73.468%)
5400.0 out of 7214 completed (74.854%)
5500.0 out of 7214 completed (76.241%)
5600.0 out of 7214 completed (77.627%)
5700.0 out of 7214 completed (79.013%)
5800.0 out of 7214 completed (80.399%)
5900.0 out of 7214 completed (81.785%)
6000.0 out of 7214 completed (83.172%)
6100.0 out of 7214 completed (84.558%)
6200.0 out of 7214 completed (85.944%)
6300.0 out of 7214 completed (87.33%)
6400.0 out of 7214 completed (88.716%)
6500.0 out of 7214 completed (90.103%)
6600.0 out of 7214 completed (91.489%)
6700.0 out of 7214 completed (92.875%)
6800.0 out of 7214 completed (94.261%)
6900.0 out of 7214 completed (95.647%)
7000.0 out of 7214 completed (97.034%)
7100.0 out of 7214 completed (98.42%)
7200.0 out of 7214 completed (99.806%)
