
Attaching package: ‘dplyr’

The following objects are masked from ‘package:stats’:

    filter, lag

The following objects are masked from ‘package:base’:

    intersect, setdiff, setequal, union

[1] "2021-07-19 21:39:41 EDT"
    user   system  elapsed 
1149.045   52.013 1251.046 
─ Session info ───────────────────────────────────────────────────────────────────────────────────────────────────────
 setting  value                       
 version  R version 3.6.1 (2019-07-05)
 os       CentOS Linux 7 (Core)       
 system   x86_64, linux-gnu           
 ui       X11                         
 language (EN)                        
 collate  en_US.UTF-8                 
 ctype    en_US.UTF-8                 
 tz       US/Eastern                  
 date     2021-07-19                  

─ Packages ───────────────────────────────────────────────────────────────────────────────────────────────────────────
 package     * version date       lib source        
 argparse    * 2.0.3   2020-10-19 [1] CRAN (R 3.6.1)
 cli           2.5.0   2021-04-26 [1] CRAN (R 3.6.1)
 crayon        1.4.1   2021-02-08 [1] CRAN (R 3.6.1)
 data.table    1.14.0  2021-02-21 [1] CRAN (R 3.6.1)
 digest        0.6.27  2020-10-24 [1] CRAN (R 3.6.1)
 dplyr       * 1.0.2   2020-08-18 [2] CRAN (R 3.6.1)
 ellipsis      0.3.2   2021-04-29 [1] CRAN (R 3.6.1)
 findpython    1.0.7   2021-01-27 [1] CRAN (R 3.6.1)
 generics      0.1.0   2020-10-31 [2] CRAN (R 3.6.1)
 glue          1.4.2   2020-08-27 [1] CRAN (R 3.6.1)
 jsonlite      1.7.2   2020-12-09 [2] CRAN (R 3.6.1)
 lifecycle     1.0.0   2021-02-15 [1] CRAN (R 3.6.1)
 magrittr      2.0.1   2020-11-17 [2] CRAN (R 3.6.1)
 memoise       1.1.0   2017-04-21 [2] CRAN (R 3.6.1)
 pillar        1.4.7   2020-11-20 [2] CRAN (R 3.6.1)
 pkgconfig     2.0.3   2019-09-22 [2] CRAN (R 3.6.1)
 purrr         0.3.4   2020-04-17 [1] CRAN (R 3.6.1)
 R6            2.5.0   2020-10-28 [2] CRAN (R 3.6.1)
 rlang         0.4.10  2020-12-30 [1] CRAN (R 3.6.1)
 sessioninfo   1.1.1   2018-11-05 [2] CRAN (R 3.6.1)
 tibble        3.0.4   2020-10-12 [2] CRAN (R 3.6.1)
 tidyselect    1.1.1   2021-04-30 [1] CRAN (R 3.6.1)
 vctrs         0.3.6   2020-12-17 [1] CRAN (R 3.6.1)
 withr         2.3.0   2020-09-22 [2] CRAN (R 3.6.1)

[1] /users/jbenjami/R/x86_64-pc-linux-gnu-library/3.6
[2] /jhpce/shared/jhpce/core/R/3.6.1/lib64/R/library
Processing genotype position file.
Processing phenotype position file.
Processing genotype matrix.
Processing Matrix-eQTL tests file.
Performing eigenMT correction.
100.0 out of 16986 completed (0.589%)
200.0 out of 16986 completed (1.177%)
300.0 out of 16986 completed (1.766%)
400.0 out of 16986 completed (2.355%)
500.0 out of 16986 completed (2.944%)
600.0 out of 16986 completed (3.532%)
700.0 out of 16986 completed (4.121%)
800.0 out of 16986 completed (4.71%)
900.0 out of 16986 completed (5.298%)
1000.0 out of 16986 completed (5.887%)
1100.0 out of 16986 completed (6.476%)
1200.0 out of 16986 completed (7.065%)
1300.0 out of 16986 completed (7.653%)
1400.0 out of 16986 completed (8.242%)
1500.0 out of 16986 completed (8.831%)
1600.0 out of 16986 completed (9.42%)
1700.0 out of 16986 completed (10.008%)
1800.0 out of 16986 completed (10.597%)
1900.0 out of 16986 completed (11.186%)
2000.0 out of 16986 completed (11.774%)
2100.0 out of 16986 completed (12.363%)
2200.0 out of 16986 completed (12.952%)
2300.0 out of 16986 completed (13.541%)
2400.0 out of 16986 completed (14.129%)
2500.0 out of 16986 completed (14.718%)
2600.0 out of 16986 completed (15.307%)
2700.0 out of 16986 completed (15.895%)
2800.0 out of 16986 completed (16.484%)
2900.0 out of 16986 completed (17.073%)
3000.0 out of 16986 completed (17.662%)
3100.0 out of 16986 completed (18.25%)
3200.0 out of 16986 completed (18.839%)
3300.0 out of 16986 completed (19.428%)
3400.0 out of 16986 completed (20.016%)
3500.0 out of 16986 completed (20.605%)
3600.0 out of 16986 completed (21.194%)
3700.0 out of 16986 completed (21.783%)
3800.0 out of 16986 completed (22.371%)
3900.0 out of 16986 completed (22.96%)
4000.0 out of 16986 completed (23.549%)
4100.0 out of 16986 completed (24.138%)
4200.0 out of 16986 completed (24.726%)
4300.0 out of 16986 completed (25.315%)
4400.0 out of 16986 completed (25.904%)
4500.0 out of 16986 completed (26.492%)
4600.0 out of 16986 completed (27.081%)
4700.0 out of 16986 completed (27.67%)
4800.0 out of 16986 completed (28.259%)
4900.0 out of 16986 completed (28.847%)
5000.0 out of 16986 completed (29.436%)
5100.0 out of 16986 completed (30.025%)
5200.0 out of 16986 completed (30.613%)
5300.0 out of 16986 completed (31.202%)
5400.0 out of 16986 completed (31.791%)
5500.0 out of 16986 completed (32.38%)
5600.0 out of 16986 completed (32.968%)
5700.0 out of 16986 completed (33.557%)
5800.0 out of 16986 completed (34.146%)
5900.0 out of 16986 completed (34.734%)
6000.0 out of 16986 completed (35.323%)
6100.0 out of 16986 completed (35.912%)
6200.0 out of 16986 completed (36.501%)
6300.0 out of 16986 completed (37.089%)
6400.0 out of 16986 completed (37.678%)
6500.0 out of 16986 completed (38.267%)
6600.0 out of 16986 completed (38.856%)
6700.0 out of 16986 completed (39.444%)
6800.0 out of 16986 completed (40.033%)
6900.0 out of 16986 completed (40.622%)
7000.0 out of 16986 completed (41.21%)
7100.0 out of 16986 completed (41.799%)
7200.0 out of 16986 completed (42.388%)
7300.0 out of 16986 completed (42.977%)
7400.0 out of 16986 completed (43.565%)
7500.0 out of 16986 completed (44.154%)
7600.0 out of 16986 completed (44.743%)
7700.0 out of 16986 completed (45.331%)
7800.0 out of 16986 completed (45.92%)
7900.0 out of 16986 completed (46.509%)
8000.0 out of 16986 completed (47.098%)
8100.0 out of 16986 completed (47.686%)
8200.0 out of 16986 completed (48.275%)
8300.0 out of 16986 completed (48.864%)
8400.0 out of 16986 completed (49.452%)
8500.0 out of 16986 completed (50.041%)
8600.0 out of 16986 completed (50.63%)
8700.0 out of 16986 completed (51.219%)
8800.0 out of 16986 completed (51.807%)
8900.0 out of 16986 completed (52.396%)
9000.0 out of 16986 completed (52.985%)
9100.0 out of 16986 completed (53.574%)
9200.0 out of 16986 completed (54.162%)
9300.0 out of 16986 completed (54.751%)
9400.0 out of 16986 completed (55.34%)
9500.0 out of 16986 completed (55.928%)
9600.0 out of 16986 completed (56.517%)
9700.0 out of 16986 completed (57.106%)
9800.0 out of 16986 completed (57.695%)
9900.0 out of 16986 completed (58.283%)
10000.0 out of 16986 completed (58.872%)
10100.0 out of 16986 completed (59.461%)
10200.0 out of 16986 completed (60.049%)
10300.0 out of 16986 completed (60.638%)
10400.0 out of 16986 completed (61.227%)
10500.0 out of 16986 completed (61.816%)
10600.0 out of 16986 completed (62.404%)
10700.0 out of 16986 completed (62.993%)
10800.0 out of 16986 completed (63.582%)
10900.0 out of 16986 completed (64.17%)
11000.0 out of 16986 completed (64.759%)
11100.0 out of 16986 completed (65.348%)
11200.0 out of 16986 completed (65.937%)
11300.0 out of 16986 completed (66.525%)
11400.0 out of 16986 completed (67.114%)
11500.0 out of 16986 completed (67.703%)
11600.0 out of 16986 completed (68.292%)
11700.0 out of 16986 completed (68.88%)
11800.0 out of 16986 completed (69.469%)
11900.0 out of 16986 completed (70.058%)
12000.0 out of 16986 completed (70.646%)
12100.0 out of 16986 completed (71.235%)
12200.0 out of 16986 completed (71.824%)
12300.0 out of 16986 completed (72.413%)
12400.0 out of 16986 completed (73.001%)
12500.0 out of 16986 completed (73.59%)
12600.0 out of 16986 completed (74.179%)
12700.0 out of 16986 completed (74.767%)
12800.0 out of 16986 completed (75.356%)
12900.0 out of 16986 completed (75.945%)
13000.0 out of 16986 completed (76.534%)
13100.0 out of 16986 completed (77.122%)
13200.0 out of 16986 completed (77.711%)
13300.0 out of 16986 completed (78.3%)
13400.0 out of 16986 completed (78.888%)
13500.0 out of 16986 completed (79.477%)
13600.0 out of 16986 completed (80.066%)
13700.0 out of 16986 completed (80.655%)
13800.0 out of 16986 completed (81.243%)
13900.0 out of 16986 completed (81.832%)
14000.0 out of 16986 completed (82.421%)
14100.0 out of 16986 completed (83.01%)
14200.0 out of 16986 completed (83.598%)
14300.0 out of 16986 completed (84.187%)
14400.0 out of 16986 completed (84.776%)
14500.0 out of 16986 completed (85.364%)
14600.0 out of 16986 completed (85.953%)
14700.0 out of 16986 completed (86.542%)
14800.0 out of 16986 completed (87.131%)
14900.0 out of 16986 completed (87.719%)
15000.0 out of 16986 completed (88.308%)
15100.0 out of 16986 completed (88.897%)
15200.0 out of 16986 completed (89.485%)
15300.0 out of 16986 completed (90.074%)
15400.0 out of 16986 completed (90.663%)
15500.0 out of 16986 completed (91.252%)
15600.0 out of 16986 completed (91.84%)
15700.0 out of 16986 completed (92.429%)
15800.0 out of 16986 completed (93.018%)
15900.0 out of 16986 completed (93.606%)
16000.0 out of 16986 completed (94.195%)
16100.0 out of 16986 completed (94.784%)
16200.0 out of 16986 completed (95.373%)
16300.0 out of 16986 completed (95.961%)
16400.0 out of 16986 completed (96.55%)
16500.0 out of 16986 completed (97.139%)
16600.0 out of 16986 completed (97.728%)
16700.0 out of 16986 completed (98.316%)
16800.0 out of 16986 completed (98.905%)
16900.0 out of 16986 completed (99.494%)
/users/jbenjami/.local/lib/python3.7/site-packages/numpy/matrixlib/defmatrix.py:145: VisibleDeprecationWarning: Creating an ndarray from ragged nested sequences (which is a list-or-tuple of lists-or-tuples-or ndarrays with different lengths or shapes) is deprecated. If you meant to do this, you must specify 'dtype=object' when creating the ndarray
  arr = N.array(data, dtype=dtype, copy=copy)
/users/jbenjami/.local/lib/python3.7/site-packages/numpy/matrixlib/defmatrix.py:145: VisibleDeprecationWarning: Creating an ndarray from ragged nested sequences (which is a list-or-tuple of lists-or-tuples-or ndarrays with different lengths or shapes) is deprecated. If you meant to do this, you must specify 'dtype=object' when creating the ndarray
  arr = N.array(data, dtype=dtype, copy=copy)
/users/jbenjami/.local/lib/python3.7/site-packages/numpy/matrixlib/defmatrix.py:145: VisibleDeprecationWarning: Creating an ndarray from ragged nested sequences (which is a list-or-tuple of lists-or-tuples-or ndarrays with different lengths or shapes) is deprecated. If you meant to do this, you must specify 'dtype=object' when creating the ndarray
  arr = N.array(data, dtype=dtype, copy=copy)
/users/jbenjami/.local/lib/python3.7/site-packages/numpy/matrixlib/defmatrix.py:145: VisibleDeprecationWarning: Creating an ndarray from ragged nested sequences (which is a list-or-tuple of lists-or-tuples-or ndarrays with different lengths or shapes) is deprecated. If you meant to do this, you must specify 'dtype=object' when creating the ndarray
  arr = N.array(data, dtype=dtype, copy=copy)
/users/jbenjami/.local/lib/python3.7/site-packages/numpy/matrixlib/defmatrix.py:145: VisibleDeprecationWarning: Creating an ndarray from ragged nested sequences (which is a list-or-tuple of lists-or-tuples-or ndarrays with different lengths or shapes) is deprecated. If you meant to do this, you must specify 'dtype=object' when creating the ndarray
  arr = N.array(data, dtype=dtype, copy=copy)
/users/jbenjami/.local/lib/python3.7/site-packages/numpy/matrixlib/defmatrix.py:145: VisibleDeprecationWarning: Creating an ndarray from ragged nested sequences (which is a list-or-tuple of lists-or-tuples-or ndarrays with different lengths or shapes) is deprecated. If you meant to do this, you must specify 'dtype=object' when creating the ndarray
  arr = N.array(data, dtype=dtype, copy=copy)
/users/jbenjami/.local/lib/python3.7/site-packages/numpy/matrixlib/defmatrix.py:145: VisibleDeprecationWarning: Creating an ndarray from ragged nested sequences (which is a list-or-tuple of lists-or-tuples-or ndarrays with different lengths or shapes) is deprecated. If you meant to do this, you must specify 'dtype=object' when creating the ndarray
  arr = N.array(data, dtype=dtype, copy=copy)
/users/jbenjami/.local/lib/python3.7/site-packages/numpy/matrixlib/defmatrix.py:145: VisibleDeprecationWarning: Creating an ndarray from ragged nested sequences (which is a list-or-tuple of lists-or-tuples-or ndarrays with different lengths or shapes) is deprecated. If you meant to do this, you must specify 'dtype=object' when creating the ndarray
  arr = N.array(data, dtype=dtype, copy=copy)
/users/jbenjami/.local/lib/python3.7/site-packages/numpy/matrixlib/defmatrix.py:145: VisibleDeprecationWarning: Creating an ndarray from ragged nested sequences (which is a list-or-tuple of lists-or-tuples-or ndarrays with different lengths or shapes) is deprecated. If you meant to do this, you must specify 'dtype=object' when creating the ndarray
  arr = N.array(data, dtype=dtype, copy=copy)
/users/jbenjami/.local/lib/python3.7/site-packages/numpy/matrixlib/defmatrix.py:145: VisibleDeprecationWarning: Creating an ndarray from ragged nested sequences (which is a list-or-tuple of lists-or-tuples-or ndarrays with different lengths or shapes) is deprecated. If you meant to do this, you must specify 'dtype=object' when creating the ndarray
  arr = N.array(data, dtype=dtype, copy=copy)
/users/jbenjami/.local/lib/python3.7/site-packages/numpy/matrixlib/defmatrix.py:145: VisibleDeprecationWarning: Creating an ndarray from ragged nested sequences (which is a list-or-tuple of lists-or-tuples-or ndarrays with different lengths or shapes) is deprecated. If you meant to do this, you must specify 'dtype=object' when creating the ndarray
  arr = N.array(data, dtype=dtype, copy=copy)
/users/jbenjami/.local/lib/python3.7/site-packages/numpy/matrixlib/defmatrix.py:145: VisibleDeprecationWarning: Creating an ndarray from ragged nested sequences (which is a list-or-tuple of lists-or-tuples-or ndarrays with different lengths or shapes) is deprecated. If you meant to do this, you must specify 'dtype=object' when creating the ndarray
  arr = N.array(data, dtype=dtype, copy=copy)
/users/jbenjami/.local/lib/python3.7/site-packages/numpy/matrixlib/defmatrix.py:145: VisibleDeprecationWarning: Creating an ndarray from ragged nested sequences (which is a list-or-tuple of lists-or-tuples-or ndarrays with different lengths or shapes) is deprecated. If you meant to do this, you must specify 'dtype=object' when creating the ndarray
  arr = N.array(data, dtype=dtype, copy=copy)
/users/jbenjami/.local/lib/python3.7/site-packages/numpy/matrixlib/defmatrix.py:145: VisibleDeprecationWarning: Creating an ndarray from ragged nested sequences (which is a list-or-tuple of lists-or-tuples-or ndarrays with different lengths or shapes) is deprecated. If you meant to do this, you must specify 'dtype=object' when creating the ndarray
  arr = N.array(data, dtype=dtype, copy=copy)
/users/jbenjami/.local/lib/python3.7/site-packages/numpy/matrixlib/defmatrix.py:145: VisibleDeprecationWarning: Creating an ndarray from ragged nested sequences (which is a list-or-tuple of lists-or-tuples-or ndarrays with different lengths or shapes) is deprecated. If you meant to do this, you must specify 'dtype=object' when creating the ndarray
  arr = N.array(data, dtype=dtype, copy=copy)
/users/jbenjami/.local/lib/python3.7/site-packages/numpy/matrixlib/defmatrix.py:145: VisibleDeprecationWarning: Creating an ndarray from ragged nested sequences (which is a list-or-tuple of lists-or-tuples-or ndarrays with different lengths or shapes) is deprecated. If you meant to do this, you must specify 'dtype=object' when creating the ndarray
  arr = N.array(data, dtype=dtype, copy=copy)
/users/jbenjami/.local/lib/python3.7/site-packages/numpy/matrixlib/defmatrix.py:145: VisibleDeprecationWarning: Creating an ndarray from ragged nested sequences (which is a list-or-tuple of lists-or-tuples-or ndarrays with different lengths or shapes) is deprecated. If you meant to do this, you must specify 'dtype=object' when creating the ndarray
  arr = N.array(data, dtype=dtype, copy=copy)
/users/jbenjami/.local/lib/python3.7/site-packages/numpy/matrixlib/defmatrix.py:145: VisibleDeprecationWarning: Creating an ndarray from ragged nested sequences (which is a list-or-tuple of lists-or-tuples-or ndarrays with different lengths or shapes) is deprecated. If you meant to do this, you must specify 'dtype=object' when creating the ndarray
  arr = N.array(data, dtype=dtype, copy=copy)
/users/jbenjami/.local/lib/python3.7/site-packages/numpy/matrixlib/defmatrix.py:145: VisibleDeprecationWarning: Creating an ndarray from ragged nested sequences (which is a list-or-tuple of lists-or-tuples-or ndarrays with different lengths or shapes) is deprecated. If you meant to do this, you must specify 'dtype=object' when creating the ndarray
  arr = N.array(data, dtype=dtype, copy=copy)
/users/jbenjami/.local/lib/python3.7/site-packages/numpy/matrixlib/defmatrix.py:145: VisibleDeprecationWarning: Creating an ndarray from ragged nested sequences (which is a list-or-tuple of lists-or-tuples-or ndarrays with different lengths or shapes) is deprecated. If you meant to do this, you must specify 'dtype=object' when creating the ndarray
  arr = N.array(data, dtype=dtype, copy=copy)
/users/jbenjami/.local/lib/python3.7/site-packages/numpy/matrixlib/defmatrix.py:145: VisibleDeprecationWarning: Creating an ndarray from ragged nested sequences (which is a list-or-tuple of lists-or-tuples-or ndarrays with different lengths or shapes) is deprecated. If you meant to do this, you must specify 'dtype=object' when creating the ndarray
  arr = N.array(data, dtype=dtype, copy=copy)
/users/jbenjami/.local/lib/python3.7/site-packages/numpy/matrixlib/defmatrix.py:145: VisibleDeprecationWarning: Creating an ndarray from ragged nested sequences (which is a list-or-tuple of lists-or-tuples-or ndarrays with different lengths or shapes) is deprecated. If you meant to do this, you must specify 'dtype=object' when creating the ndarray
  arr = N.array(data, dtype=dtype, copy=copy)
/users/jbenjami/.local/lib/python3.7/site-packages/numpy/matrixlib/defmatrix.py:145: VisibleDeprecationWarning: Creating an ndarray from ragged nested sequences (which is a list-or-tuple of lists-or-tuples-or ndarrays with different lengths or shapes) is deprecated. If you meant to do this, you must specify 'dtype=object' when creating the ndarray
  arr = N.array(data, dtype=dtype, copy=copy)
/users/jbenjami/.local/lib/python3.7/site-packages/numpy/matrixlib/defmatrix.py:145: VisibleDeprecationWarning: Creating an ndarray from ragged nested sequences (which is a list-or-tuple of lists-or-tuples-or ndarrays with different lengths or shapes) is deprecated. If you meant to do this, you must specify 'dtype=object' when creating the ndarray
  arr = N.array(data, dtype=dtype, copy=copy)
/users/jbenjami/.local/lib/python3.7/site-packages/numpy/matrixlib/defmatrix.py:145: VisibleDeprecationWarning: Creating an ndarray from ragged nested sequences (which is a list-or-tuple of lists-or-tuples-or ndarrays with different lengths or shapes) is deprecated. If you meant to do this, you must specify 'dtype=object' when creating the ndarray
  arr = N.array(data, dtype=dtype, copy=copy)
/users/jbenjami/.local/lib/python3.7/site-packages/numpy/matrixlib/defmatrix.py:145: VisibleDeprecationWarning: Creating an ndarray from ragged nested sequences (which is a list-or-tuple of lists-or-tuples-or ndarrays with different lengths or shapes) is deprecated. If you meant to do this, you must specify 'dtype=object' when creating the ndarray
  arr = N.array(data, dtype=dtype, copy=copy)
/users/jbenjami/.local/lib/python3.7/site-packages/numpy/matrixlib/defmatrix.py:145: VisibleDeprecationWarning: Creating an ndarray from ragged nested sequences (which is a list-or-tuple of lists-or-tuples-or ndarrays with different lengths or shapes) is deprecated. If you meant to do this, you must specify 'dtype=object' when creating the ndarray
  arr = N.array(data, dtype=dtype, copy=copy)
/users/jbenjami/.local/lib/python3.7/site-packages/numpy/matrixlib/defmatrix.py:145: VisibleDeprecationWarning: Creating an ndarray from ragged nested sequences (which is a list-or-tuple of lists-or-tuples-or ndarrays with different lengths or shapes) is deprecated. If you meant to do this, you must specify 'dtype=object' when creating the ndarray
  arr = N.array(data, dtype=dtype, copy=copy)
/users/jbenjami/.local/lib/python3.7/site-packages/numpy/matrixlib/defmatrix.py:145: VisibleDeprecationWarning: Creating an ndarray from ragged nested sequences (which is a list-or-tuple of lists-or-tuples-or ndarrays with different lengths or shapes) is deprecated. If you meant to do this, you must specify 'dtype=object' when creating the ndarray
  arr = N.array(data, dtype=dtype, copy=copy)
/users/jbenjami/.local/lib/python3.7/site-packages/numpy/matrixlib/defmatrix.py:145: VisibleDeprecationWarning: Creating an ndarray from ragged nested sequences (which is a list-or-tuple of lists-or-tuples-or ndarrays with different lengths or shapes) is deprecated. If you meant to do this, you must specify 'dtype=object' when creating the ndarray
  arr = N.array(data, dtype=dtype, copy=copy)
/users/jbenjami/.local/lib/python3.7/site-packages/numpy/matrixlib/defmatrix.py:145: VisibleDeprecationWarning: Creating an ndarray from ragged nested sequences (which is a list-or-tuple of lists-or-tuples-or ndarrays with different lengths or shapes) is deprecated. If you meant to do this, you must specify 'dtype=object' when creating the ndarray
  arr = N.array(data, dtype=dtype, copy=copy)
/users/jbenjami/.local/lib/python3.7/site-packages/numpy/matrixlib/defmatrix.py:145: VisibleDeprecationWarning: Creating an ndarray from ragged nested sequences (which is a list-or-tuple of lists-or-tuples-or ndarrays with different lengths or shapes) is deprecated. If you meant to do this, you must specify 'dtype=object' when creating the ndarray
  arr = N.array(data, dtype=dtype, copy=copy)
/users/jbenjami/.local/lib/python3.7/site-packages/numpy/matrixlib/defmatrix.py:145: VisibleDeprecationWarning: Creating an ndarray from ragged nested sequences (which is a list-or-tuple of lists-or-tuples-or ndarrays with different lengths or shapes) is deprecated. If you meant to do this, you must specify 'dtype=object' when creating the ndarray
  arr = N.array(data, dtype=dtype, copy=copy)
/users/jbenjami/.local/lib/python3.7/site-packages/numpy/matrixlib/defmatrix.py:145: VisibleDeprecationWarning: Creating an ndarray from ragged nested sequences (which is a list-or-tuple of lists-or-tuples-or ndarrays with different lengths or shapes) is deprecated. If you meant to do this, you must specify 'dtype=object' when creating the ndarray
  arr = N.array(data, dtype=dtype, copy=copy)
/users/jbenjami/.local/lib/python3.7/site-packages/numpy/matrixlib/defmatrix.py:145: VisibleDeprecationWarning: Creating an ndarray from ragged nested sequences (which is a list-or-tuple of lists-or-tuples-or ndarrays with different lengths or shapes) is deprecated. If you meant to do this, you must specify 'dtype=object' when creating the ndarray
  arr = N.array(data, dtype=dtype, copy=copy)
/users/jbenjami/.local/lib/python3.7/site-packages/numpy/matrixlib/defmatrix.py:145: VisibleDeprecationWarning: Creating an ndarray from ragged nested sequences (which is a list-or-tuple of lists-or-tuples-or ndarrays with different lengths or shapes) is deprecated. If you meant to do this, you must specify 'dtype=object' when creating the ndarray
  arr = N.array(data, dtype=dtype, copy=copy)
/users/jbenjami/.local/lib/python3.7/site-packages/numpy/matrixlib/defmatrix.py:145: VisibleDeprecationWarning: Creating an ndarray from ragged nested sequences (which is a list-or-tuple of lists-or-tuples-or ndarrays with different lengths or shapes) is deprecated. If you meant to do this, you must specify 'dtype=object' when creating the ndarray
  arr = N.array(data, dtype=dtype, copy=copy)
/users/jbenjami/.local/lib/python3.7/site-packages/numpy/matrixlib/defmatrix.py:145: VisibleDeprecationWarning: Creating an ndarray from ragged nested sequences (which is a list-or-tuple of lists-or-tuples-or ndarrays with different lengths or shapes) is deprecated. If you meant to do this, you must specify 'dtype=object' when creating the ndarray
  arr = N.array(data, dtype=dtype, copy=copy)
/users/jbenjami/.local/lib/python3.7/site-packages/numpy/matrixlib/defmatrix.py:145: VisibleDeprecationWarning: Creating an ndarray from ragged nested sequences (which is a list-or-tuple of lists-or-tuples-or ndarrays with different lengths or shapes) is deprecated. If you meant to do this, you must specify 'dtype=object' when creating the ndarray
  arr = N.array(data, dtype=dtype, copy=copy)
/users/jbenjami/.local/lib/python3.7/site-packages/numpy/matrixlib/defmatrix.py:145: VisibleDeprecationWarning: Creating an ndarray from ragged nested sequences (which is a list-or-tuple of lists-or-tuples-or ndarrays with different lengths or shapes) is deprecated. If you meant to do this, you must specify 'dtype=object' when creating the ndarray
  arr = N.array(data, dtype=dtype, copy=copy)
/users/jbenjami/.local/lib/python3.7/site-packages/numpy/matrixlib/defmatrix.py:145: VisibleDeprecationWarning: Creating an ndarray from ragged nested sequences (which is a list-or-tuple of lists-or-tuples-or ndarrays with different lengths or shapes) is deprecated. If you meant to do this, you must specify 'dtype=object' when creating the ndarray
  arr = N.array(data, dtype=dtype, copy=copy)
/users/jbenjami/.local/lib/python3.7/site-packages/numpy/matrixlib/defmatrix.py:145: VisibleDeprecationWarning: Creating an ndarray from ragged nested sequences (which is a list-or-tuple of lists-or-tuples-or ndarrays with different lengths or shapes) is deprecated. If you meant to do this, you must specify 'dtype=object' when creating the ndarray
  arr = N.array(data, dtype=dtype, copy=copy)
/users/jbenjami/.local/lib/python3.7/site-packages/numpy/matrixlib/defmatrix.py:145: VisibleDeprecationWarning: Creating an ndarray from ragged nested sequences (which is a list-or-tuple of lists-or-tuples-or ndarrays with different lengths or shapes) is deprecated. If you meant to do this, you must specify 'dtype=object' when creating the ndarray
  arr = N.array(data, dtype=dtype, copy=copy)
/users/jbenjami/.local/lib/python3.7/site-packages/numpy/matrixlib/defmatrix.py:145: VisibleDeprecationWarning: Creating an ndarray from ragged nested sequences (which is a list-or-tuple of lists-or-tuples-or ndarrays with different lengths or shapes) is deprecated. If you meant to do this, you must specify 'dtype=object' when creating the ndarray
  arr = N.array(data, dtype=dtype, copy=copy)
/users/jbenjami/.local/lib/python3.7/site-packages/numpy/matrixlib/defmatrix.py:145: VisibleDeprecationWarning: Creating an ndarray from ragged nested sequences (which is a list-or-tuple of lists-or-tuples-or ndarrays with different lengths or shapes) is deprecated. If you meant to do this, you must specify 'dtype=object' when creating the ndarray
  arr = N.array(data, dtype=dtype, copy=copy)
/users/jbenjami/.local/lib/python3.7/site-packages/numpy/matrixlib/defmatrix.py:145: VisibleDeprecationWarning: Creating an ndarray from ragged nested sequences (which is a list-or-tuple of lists-or-tuples-or ndarrays with different lengths or shapes) is deprecated. If you meant to do this, you must specify 'dtype=object' when creating the ndarray
  arr = N.array(data, dtype=dtype, copy=copy)
/users/jbenjami/.local/lib/python3.7/site-packages/numpy/matrixlib/defmatrix.py:145: VisibleDeprecationWarning: Creating an ndarray from ragged nested sequences (which is a list-or-tuple of lists-or-tuples-or ndarrays with different lengths or shapes) is deprecated. If you meant to do this, you must specify 'dtype=object' when creating the ndarray
  arr = N.array(data, dtype=dtype, copy=copy)
/users/jbenjami/.local/lib/python3.7/site-packages/numpy/matrixlib/defmatrix.py:145: VisibleDeprecationWarning: Creating an ndarray from ragged nested sequences (which is a list-or-tuple of lists-or-tuples-or ndarrays with different lengths or shapes) is deprecated. If you meant to do this, you must specify 'dtype=object' when creating the ndarray
  arr = N.array(data, dtype=dtype, copy=copy)
/users/jbenjami/.local/lib/python3.7/site-packages/numpy/matrixlib/defmatrix.py:145: VisibleDeprecationWarning: Creating an ndarray from ragged nested sequences (which is a list-or-tuple of lists-or-tuples-or ndarrays with different lengths or shapes) is deprecated. If you meant to do this, you must specify 'dtype=object' when creating the ndarray
  arr = N.array(data, dtype=dtype, copy=copy)
/users/jbenjami/.local/lib/python3.7/site-packages/numpy/matrixlib/defmatrix.py:145: VisibleDeprecationWarning: Creating an ndarray from ragged nested sequences (which is a list-or-tuple of lists-or-tuples-or ndarrays with different lengths or shapes) is deprecated. If you meant to do this, you must specify 'dtype=object' when creating the ndarray
  arr = N.array(data, dtype=dtype, copy=copy)
/users/jbenjami/.local/lib/python3.7/site-packages/numpy/matrixlib/defmatrix.py:145: VisibleDeprecationWarning: Creating an ndarray from ragged nested sequences (which is a list-or-tuple of lists-or-tuples-or ndarrays with different lengths or shapes) is deprecated. If you meant to do this, you must specify 'dtype=object' when creating the ndarray
  arr = N.array(data, dtype=dtype, copy=copy)
/users/jbenjami/.local/lib/python3.7/site-packages/numpy/matrixlib/defmatrix.py:145: VisibleDeprecationWarning: Creating an ndarray from ragged nested sequences (which is a list-or-tuple of lists-or-tuples-or ndarrays with different lengths or shapes) is deprecated. If you meant to do this, you must specify 'dtype=object' when creating the ndarray
  arr = N.array(data, dtype=dtype, copy=copy)
/users/jbenjami/.local/lib/python3.7/site-packages/numpy/matrixlib/defmatrix.py:145: VisibleDeprecationWarning: Creating an ndarray from ragged nested sequences (which is a list-or-tuple of lists-or-tuples-or ndarrays with different lengths or shapes) is deprecated. If you meant to do this, you must specify 'dtype=object' when creating the ndarray
  arr = N.array(data, dtype=dtype, copy=copy)
/users/jbenjami/.local/lib/python3.7/site-packages/numpy/matrixlib/defmatrix.py:145: VisibleDeprecationWarning: Creating an ndarray from ragged nested sequences (which is a list-or-tuple of lists-or-tuples-or ndarrays with different lengths or shapes) is deprecated. If you meant to do this, you must specify 'dtype=object' when creating the ndarray
  arr = N.array(data, dtype=dtype, copy=copy)
/users/jbenjami/.local/lib/python3.7/site-packages/numpy/matrixlib/defmatrix.py:145: VisibleDeprecationWarning: Creating an ndarray from ragged nested sequences (which is a list-or-tuple of lists-or-tuples-or ndarrays with different lengths or shapes) is deprecated. If you meant to do this, you must specify 'dtype=object' when creating the ndarray
  arr = N.array(data, dtype=dtype, copy=copy)
/users/jbenjami/.local/lib/python3.7/site-packages/numpy/matrixlib/defmatrix.py:145: VisibleDeprecationWarning: Creating an ndarray from ragged nested sequences (which is a list-or-tuple of lists-or-tuples-or ndarrays with different lengths or shapes) is deprecated. If you meant to do this, you must specify 'dtype=object' when creating the ndarray
  arr = N.array(data, dtype=dtype, copy=copy)
/users/jbenjami/.local/lib/python3.7/site-packages/numpy/matrixlib/defmatrix.py:145: VisibleDeprecationWarning: Creating an ndarray from ragged nested sequences (which is a list-or-tuple of lists-or-tuples-or ndarrays with different lengths or shapes) is deprecated. If you meant to do this, you must specify 'dtype=object' when creating the ndarray
  arr = N.array(data, dtype=dtype, copy=copy)
/users/jbenjami/.local/lib/python3.7/site-packages/numpy/matrixlib/defmatrix.py:145: VisibleDeprecationWarning: Creating an ndarray from ragged nested sequences (which is a list-or-tuple of lists-or-tuples-or ndarrays with different lengths or shapes) is deprecated. If you meant to do this, you must specify 'dtype=object' when creating the ndarray
  arr = N.array(data, dtype=dtype, copy=copy)
/users/jbenjami/.local/lib/python3.7/site-packages/numpy/matrixlib/defmatrix.py:145: VisibleDeprecationWarning: Creating an ndarray from ragged nested sequences (which is a list-or-tuple of lists-or-tuples-or ndarrays with different lengths or shapes) is deprecated. If you meant to do this, you must specify 'dtype=object' when creating the ndarray
  arr = N.array(data, dtype=dtype, copy=copy)
/users/jbenjami/.local/lib/python3.7/site-packages/numpy/matrixlib/defmatrix.py:145: VisibleDeprecationWarning: Creating an ndarray from ragged nested sequences (which is a list-or-tuple of lists-or-tuples-or ndarrays with different lengths or shapes) is deprecated. If you meant to do this, you must specify 'dtype=object' when creating the ndarray
  arr = N.array(data, dtype=dtype, copy=copy)
/users/jbenjami/.local/lib/python3.7/site-packages/numpy/matrixlib/defmatrix.py:145: VisibleDeprecationWarning: Creating an ndarray from ragged nested sequences (which is a list-or-tuple of lists-or-tuples-or ndarrays with different lengths or shapes) is deprecated. If you meant to do this, you must specify 'dtype=object' when creating the ndarray
  arr = N.array(data, dtype=dtype, copy=copy)
/users/jbenjami/.local/lib/python3.7/site-packages/numpy/matrixlib/defmatrix.py:145: VisibleDeprecationWarning: Creating an ndarray from ragged nested sequences (which is a list-or-tuple of lists-or-tuples-or ndarrays with different lengths or shapes) is deprecated. If you meant to do this, you must specify 'dtype=object' when creating the ndarray
  arr = N.array(data, dtype=dtype, copy=copy)
/users/jbenjami/.local/lib/python3.7/site-packages/numpy/matrixlib/defmatrix.py:145: VisibleDeprecationWarning: Creating an ndarray from ragged nested sequences (which is a list-or-tuple of lists-or-tuples-or ndarrays with different lengths or shapes) is deprecated. If you meant to do this, you must specify 'dtype=object' when creating the ndarray
  arr = N.array(data, dtype=dtype, copy=copy)
/users/jbenjami/.local/lib/python3.7/site-packages/numpy/matrixlib/defmatrix.py:145: VisibleDeprecationWarning: Creating an ndarray from ragged nested sequences (which is a list-or-tuple of lists-or-tuples-or ndarrays with different lengths or shapes) is deprecated. If you meant to do this, you must specify 'dtype=object' when creating the ndarray
  arr = N.array(data, dtype=dtype, copy=copy)
/users/jbenjami/.local/lib/python3.7/site-packages/numpy/matrixlib/defmatrix.py:145: VisibleDeprecationWarning: Creating an ndarray from ragged nested sequences (which is a list-or-tuple of lists-or-tuples-or ndarrays with different lengths or shapes) is deprecated. If you meant to do this, you must specify 'dtype=object' when creating the ndarray
  arr = N.array(data, dtype=dtype, copy=copy)
/users/jbenjami/.local/lib/python3.7/site-packages/numpy/matrixlib/defmatrix.py:145: VisibleDeprecationWarning: Creating an ndarray from ragged nested sequences (which is a list-or-tuple of lists-or-tuples-or ndarrays with different lengths or shapes) is deprecated. If you meant to do this, you must specify 'dtype=object' when creating the ndarray
  arr = N.array(data, dtype=dtype, copy=copy)
/users/jbenjami/.local/lib/python3.7/site-packages/numpy/matrixlib/defmatrix.py:145: VisibleDeprecationWarning: Creating an ndarray from ragged nested sequences (which is a list-or-tuple of lists-or-tuples-or ndarrays with different lengths or shapes) is deprecated. If you meant to do this, you must specify 'dtype=object' when creating the ndarray
  arr = N.array(data, dtype=dtype, copy=copy)
/users/jbenjami/.local/lib/python3.7/site-packages/numpy/matrixlib/defmatrix.py:145: VisibleDeprecationWarning: Creating an ndarray from ragged nested sequences (which is a list-or-tuple of lists-or-tuples-or ndarrays with different lengths or shapes) is deprecated. If you meant to do this, you must specify 'dtype=object' when creating the ndarray
  arr = N.array(data, dtype=dtype, copy=copy)
/users/jbenjami/.local/lib/python3.7/site-packages/numpy/matrixlib/defmatrix.py:145: VisibleDeprecationWarning: Creating an ndarray from ragged nested sequences (which is a list-or-tuple of lists-or-tuples-or ndarrays with different lengths or shapes) is deprecated. If you meant to do this, you must specify 'dtype=object' when creating the ndarray
  arr = N.array(data, dtype=dtype, copy=copy)
/users/jbenjami/.local/lib/python3.7/site-packages/numpy/matrixlib/defmatrix.py:145: VisibleDeprecationWarning: Creating an ndarray from ragged nested sequences (which is a list-or-tuple of lists-or-tuples-or ndarrays with different lengths or shapes) is deprecated. If you meant to do this, you must specify 'dtype=object' when creating the ndarray
  arr = N.array(data, dtype=dtype, copy=copy)
/users/jbenjami/.local/lib/python3.7/site-packages/numpy/matrixlib/defmatrix.py:145: VisibleDeprecationWarning: Creating an ndarray from ragged nested sequences (which is a list-or-tuple of lists-or-tuples-or ndarrays with different lengths or shapes) is deprecated. If you meant to do this, you must specify 'dtype=object' when creating the ndarray
  arr = N.array(data, dtype=dtype, copy=copy)
/users/jbenjami/.local/lib/python3.7/site-packages/numpy/matrixlib/defmatrix.py:145: VisibleDeprecationWarning: Creating an ndarray from ragged nested sequences (which is a list-or-tuple of lists-or-tuples-or ndarrays with different lengths or shapes) is deprecated. If you meant to do this, you must specify 'dtype=object' when creating the ndarray
  arr = N.array(data, dtype=dtype, copy=copy)
/users/jbenjami/.local/lib/python3.7/site-packages/numpy/matrixlib/defmatrix.py:145: VisibleDeprecationWarning: Creating an ndarray from ragged nested sequences (which is a list-or-tuple of lists-or-tuples-or ndarrays with different lengths or shapes) is deprecated. If you meant to do this, you must specify 'dtype=object' when creating the ndarray
  arr = N.array(data, dtype=dtype, copy=copy)
/users/jbenjami/.local/lib/python3.7/site-packages/numpy/matrixlib/defmatrix.py:145: VisibleDeprecationWarning: Creating an ndarray from ragged nested sequences (which is a list-or-tuple of lists-or-tuples-or ndarrays with different lengths or shapes) is deprecated. If you meant to do this, you must specify 'dtype=object' when creating the ndarray
  arr = N.array(data, dtype=dtype, copy=copy)
/users/jbenjami/.local/lib/python3.7/site-packages/numpy/matrixlib/defmatrix.py:145: VisibleDeprecationWarning: Creating an ndarray from ragged nested sequences (which is a list-or-tuple of lists-or-tuples-or ndarrays with different lengths or shapes) is deprecated. If you meant to do this, you must specify 'dtype=object' when creating the ndarray
  arr = N.array(data, dtype=dtype, copy=copy)
/users/jbenjami/.local/lib/python3.7/site-packages/numpy/matrixlib/defmatrix.py:145: VisibleDeprecationWarning: Creating an ndarray from ragged nested sequences (which is a list-or-tuple of lists-or-tuples-or ndarrays with different lengths or shapes) is deprecated. If you meant to do this, you must specify 'dtype=object' when creating the ndarray
  arr = N.array(data, dtype=dtype, copy=copy)
/users/jbenjami/.local/lib/python3.7/site-packages/numpy/matrixlib/defmatrix.py:145: VisibleDeprecationWarning: Creating an ndarray from ragged nested sequences (which is a list-or-tuple of lists-or-tuples-or ndarrays with different lengths or shapes) is deprecated. If you meant to do this, you must specify 'dtype=object' when creating the ndarray
  arr = N.array(data, dtype=dtype, copy=copy)
/users/jbenjami/.local/lib/python3.7/site-packages/numpy/matrixlib/defmatrix.py:145: VisibleDeprecationWarning: Creating an ndarray from ragged nested sequences (which is a list-or-tuple of lists-or-tuples-or ndarrays with different lengths or shapes) is deprecated. If you meant to do this, you must specify 'dtype=object' when creating the ndarray
  arr = N.array(data, dtype=dtype, copy=copy)
/users/jbenjami/.local/lib/python3.7/site-packages/numpy/matrixlib/defmatrix.py:145: VisibleDeprecationWarning: Creating an ndarray from ragged nested sequences (which is a list-or-tuple of lists-or-tuples-or ndarrays with different lengths or shapes) is deprecated. If you meant to do this, you must specify 'dtype=object' when creating the ndarray
  arr = N.array(data, dtype=dtype, copy=copy)
/users/jbenjami/.local/lib/python3.7/site-packages/numpy/matrixlib/defmatrix.py:145: VisibleDeprecationWarning: Creating an ndarray from ragged nested sequences (which is a list-or-tuple of lists-or-tuples-or ndarrays with different lengths or shapes) is deprecated. If you meant to do this, you must specify 'dtype=object' when creating the ndarray
  arr = N.array(data, dtype=dtype, copy=copy)
/users/jbenjami/.local/lib/python3.7/site-packages/numpy/matrixlib/defmatrix.py:145: VisibleDeprecationWarning: Creating an ndarray from ragged nested sequences (which is a list-or-tuple of lists-or-tuples-or ndarrays with different lengths or shapes) is deprecated. If you meant to do this, you must specify 'dtype=object' when creating the ndarray
  arr = N.array(data, dtype=dtype, copy=copy)
/users/jbenjami/.local/lib/python3.7/site-packages/numpy/matrixlib/defmatrix.py:145: VisibleDeprecationWarning: Creating an ndarray from ragged nested sequences (which is a list-or-tuple of lists-or-tuples-or ndarrays with different lengths or shapes) is deprecated. If you meant to do this, you must specify 'dtype=object' when creating the ndarray
  arr = N.array(data, dtype=dtype, copy=copy)
/users/jbenjami/.local/lib/python3.7/site-packages/numpy/matrixlib/defmatrix.py:145: VisibleDeprecationWarning: Creating an ndarray from ragged nested sequences (which is a list-or-tuple of lists-or-tuples-or ndarrays with different lengths or shapes) is deprecated. If you meant to do this, you must specify 'dtype=object' when creating the ndarray
  arr = N.array(data, dtype=dtype, copy=copy)
/users/jbenjami/.local/lib/python3.7/site-packages/numpy/matrixlib/defmatrix.py:145: VisibleDeprecationWarning: Creating an ndarray from ragged nested sequences (which is a list-or-tuple of lists-or-tuples-or ndarrays with different lengths or shapes) is deprecated. If you meant to do this, you must specify 'dtype=object' when creating the ndarray
  arr = N.array(data, dtype=dtype, copy=copy)
/users/jbenjami/.local/lib/python3.7/site-packages/numpy/matrixlib/defmatrix.py:145: VisibleDeprecationWarning: Creating an ndarray from ragged nested sequences (which is a list-or-tuple of lists-or-tuples-or ndarrays with different lengths or shapes) is deprecated. If you meant to do this, you must specify 'dtype=object' when creating the ndarray
  arr = N.array(data, dtype=dtype, copy=copy)
/users/jbenjami/.local/lib/python3.7/site-packages/numpy/matrixlib/defmatrix.py:145: VisibleDeprecationWarning: Creating an ndarray from ragged nested sequences (which is a list-or-tuple of lists-or-tuples-or ndarrays with different lengths or shapes) is deprecated. If you meant to do this, you must specify 'dtype=object' when creating the ndarray
  arr = N.array(data, dtype=dtype, copy=copy)
/users/jbenjami/.local/lib/python3.7/site-packages/numpy/matrixlib/defmatrix.py:145: VisibleDeprecationWarning: Creating an ndarray from ragged nested sequences (which is a list-or-tuple of lists-or-tuples-or ndarrays with different lengths or shapes) is deprecated. If you meant to do this, you must specify 'dtype=object' when creating the ndarray
  arr = N.array(data, dtype=dtype, copy=copy)
/users/jbenjami/.local/lib/python3.7/site-packages/numpy/matrixlib/defmatrix.py:145: VisibleDeprecationWarning: Creating an ndarray from ragged nested sequences (which is a list-or-tuple of lists-or-tuples-or ndarrays with different lengths or shapes) is deprecated. If you meant to do this, you must specify 'dtype=object' when creating the ndarray
  arr = N.array(data, dtype=dtype, copy=copy)
/users/jbenjami/.local/lib/python3.7/site-packages/numpy/matrixlib/defmatrix.py:145: VisibleDeprecationWarning: Creating an ndarray from ragged nested sequences (which is a list-or-tuple of lists-or-tuples-or ndarrays with different lengths or shapes) is deprecated. If you meant to do this, you must specify 'dtype=object' when creating the ndarray
  arr = N.array(data, dtype=dtype, copy=copy)
/users/jbenjami/.local/lib/python3.7/site-packages/numpy/matrixlib/defmatrix.py:145: VisibleDeprecationWarning: Creating an ndarray from ragged nested sequences (which is a list-or-tuple of lists-or-tuples-or ndarrays with different lengths or shapes) is deprecated. If you meant to do this, you must specify 'dtype=object' when creating the ndarray
  arr = N.array(data, dtype=dtype, copy=copy)
/users/jbenjami/.local/lib/python3.7/site-packages/numpy/matrixlib/defmatrix.py:145: VisibleDeprecationWarning: Creating an ndarray from ragged nested sequences (which is a list-or-tuple of lists-or-tuples-or ndarrays with different lengths or shapes) is deprecated. If you meant to do this, you must specify 'dtype=object' when creating the ndarray
  arr = N.array(data, dtype=dtype, copy=copy)
/users/jbenjami/.local/lib/python3.7/site-packages/numpy/matrixlib/defmatrix.py:145: VisibleDeprecationWarning: Creating an ndarray from ragged nested sequences (which is a list-or-tuple of lists-or-tuples-or ndarrays with different lengths or shapes) is deprecated. If you meant to do this, you must specify 'dtype=object' when creating the ndarray
  arr = N.array(data, dtype=dtype, copy=copy)
/users/jbenjami/.local/lib/python3.7/site-packages/numpy/matrixlib/defmatrix.py:145: VisibleDeprecationWarning: Creating an ndarray from ragged nested sequences (which is a list-or-tuple of lists-or-tuples-or ndarrays with different lengths or shapes) is deprecated. If you meant to do this, you must specify 'dtype=object' when creating the ndarray
  arr = N.array(data, dtype=dtype, copy=copy)
/users/jbenjami/.local/lib/python3.7/site-packages/numpy/matrixlib/defmatrix.py:145: VisibleDeprecationWarning: Creating an ndarray from ragged nested sequences (which is a list-or-tuple of lists-or-tuples-or ndarrays with different lengths or shapes) is deprecated. If you meant to do this, you must specify 'dtype=object' when creating the ndarray
  arr = N.array(data, dtype=dtype, copy=copy)
/users/jbenjami/.local/lib/python3.7/site-packages/numpy/matrixlib/defmatrix.py:145: VisibleDeprecationWarning: Creating an ndarray from ragged nested sequences (which is a list-or-tuple of lists-or-tuples-or ndarrays with different lengths or shapes) is deprecated. If you meant to do this, you must specify 'dtype=object' when creating the ndarray
  arr = N.array(data, dtype=dtype, copy=copy)
/users/jbenjami/.local/lib/python3.7/site-packages/numpy/matrixlib/defmatrix.py:145: VisibleDeprecationWarning: Creating an ndarray from ragged nested sequences (which is a list-or-tuple of lists-or-tuples-or ndarrays with different lengths or shapes) is deprecated. If you meant to do this, you must specify 'dtype=object' when creating the ndarray
  arr = N.array(data, dtype=dtype, copy=copy)
/users/jbenjami/.local/lib/python3.7/site-packages/numpy/matrixlib/defmatrix.py:145: VisibleDeprecationWarning: Creating an ndarray from ragged nested sequences (which is a list-or-tuple of lists-or-tuples-or ndarrays with different lengths or shapes) is deprecated. If you meant to do this, you must specify 'dtype=object' when creating the ndarray
  arr = N.array(data, dtype=dtype, copy=copy)
/users/jbenjami/.local/lib/python3.7/site-packages/numpy/matrixlib/defmatrix.py:145: VisibleDeprecationWarning: Creating an ndarray from ragged nested sequences (which is a list-or-tuple of lists-or-tuples-or ndarrays with different lengths or shapes) is deprecated. If you meant to do this, you must specify 'dtype=object' when creating the ndarray
  arr = N.array(data, dtype=dtype, copy=copy)
/users/jbenjami/.local/lib/python3.7/site-packages/numpy/matrixlib/defmatrix.py:145: VisibleDeprecationWarning: Creating an ndarray from ragged nested sequences (which is a list-or-tuple of lists-or-tuples-or ndarrays with different lengths or shapes) is deprecated. If you meant to do this, you must specify 'dtype=object' when creating the ndarray
  arr = N.array(data, dtype=dtype, copy=copy)
/users/jbenjami/.local/lib/python3.7/site-packages/numpy/matrixlib/defmatrix.py:145: VisibleDeprecationWarning: Creating an ndarray from ragged nested sequences (which is a list-or-tuple of lists-or-tuples-or ndarrays with different lengths or shapes) is deprecated. If you meant to do this, you must specify 'dtype=object' when creating the ndarray
  arr = N.array(data, dtype=dtype, copy=copy)
/users/jbenjami/.local/lib/python3.7/site-packages/numpy/matrixlib/defmatrix.py:145: VisibleDeprecationWarning: Creating an ndarray from ragged nested sequences (which is a list-or-tuple of lists-or-tuples-or ndarrays with different lengths or shapes) is deprecated. If you meant to do this, you must specify 'dtype=object' when creating the ndarray
  arr = N.array(data, dtype=dtype, copy=copy)
/users/jbenjami/.local/lib/python3.7/site-packages/numpy/matrixlib/defmatrix.py:145: VisibleDeprecationWarning: Creating an ndarray from ragged nested sequences (which is a list-or-tuple of lists-or-tuples-or ndarrays with different lengths or shapes) is deprecated. If you meant to do this, you must specify 'dtype=object' when creating the ndarray
  arr = N.array(data, dtype=dtype, copy=copy)
/users/jbenjami/.local/lib/python3.7/site-packages/numpy/matrixlib/defmatrix.py:145: VisibleDeprecationWarning: Creating an ndarray from ragged nested sequences (which is a list-or-tuple of lists-or-tuples-or ndarrays with different lengths or shapes) is deprecated. If you meant to do this, you must specify 'dtype=object' when creating the ndarray
  arr = N.array(data, dtype=dtype, copy=copy)
/users/jbenjami/.local/lib/python3.7/site-packages/numpy/matrixlib/defmatrix.py:145: VisibleDeprecationWarning: Creating an ndarray from ragged nested sequences (which is a list-or-tuple of lists-or-tuples-or ndarrays with different lengths or shapes) is deprecated. If you meant to do this, you must specify 'dtype=object' when creating the ndarray
  arr = N.array(data, dtype=dtype, copy=copy)
/users/jbenjami/.local/lib/python3.7/site-packages/numpy/matrixlib/defmatrix.py:145: VisibleDeprecationWarning: Creating an ndarray from ragged nested sequences (which is a list-or-tuple of lists-or-tuples-or ndarrays with different lengths or shapes) is deprecated. If you meant to do this, you must specify 'dtype=object' when creating the ndarray
  arr = N.array(data, dtype=dtype, copy=copy)
/users/jbenjami/.local/lib/python3.7/site-packages/numpy/matrixlib/defmatrix.py:145: VisibleDeprecationWarning: Creating an ndarray from ragged nested sequences (which is a list-or-tuple of lists-or-tuples-or ndarrays with different lengths or shapes) is deprecated. If you meant to do this, you must specify 'dtype=object' when creating the ndarray
  arr = N.array(data, dtype=dtype, copy=copy)
/users/jbenjami/.local/lib/python3.7/site-packages/numpy/matrixlib/defmatrix.py:145: VisibleDeprecationWarning: Creating an ndarray from ragged nested sequences (which is a list-or-tuple of lists-or-tuples-or ndarrays with different lengths or shapes) is deprecated. If you meant to do this, you must specify 'dtype=object' when creating the ndarray
  arr = N.array(data, dtype=dtype, copy=copy)
/users/jbenjami/.local/lib/python3.7/site-packages/numpy/matrixlib/defmatrix.py:145: VisibleDeprecationWarning: Creating an ndarray from ragged nested sequences (which is a list-or-tuple of lists-or-tuples-or ndarrays with different lengths or shapes) is deprecated. If you meant to do this, you must specify 'dtype=object' when creating the ndarray
  arr = N.array(data, dtype=dtype, copy=copy)
/users/jbenjami/.local/lib/python3.7/site-packages/numpy/matrixlib/defmatrix.py:145: VisibleDeprecationWarning: Creating an ndarray from ragged nested sequences (which is a list-or-tuple of lists-or-tuples-or ndarrays with different lengths or shapes) is deprecated. If you meant to do this, you must specify 'dtype=object' when creating the ndarray
  arr = N.array(data, dtype=dtype, copy=copy)
/users/jbenjami/.local/lib/python3.7/site-packages/numpy/matrixlib/defmatrix.py:145: VisibleDeprecationWarning: Creating an ndarray from ragged nested sequences (which is a list-or-tuple of lists-or-tuples-or ndarrays with different lengths or shapes) is deprecated. If you meant to do this, you must specify 'dtype=object' when creating the ndarray
  arr = N.array(data, dtype=dtype, copy=copy)
/users/jbenjami/.local/lib/python3.7/site-packages/numpy/matrixlib/defmatrix.py:145: VisibleDeprecationWarning: Creating an ndarray from ragged nested sequences (which is a list-or-tuple of lists-or-tuples-or ndarrays with different lengths or shapes) is deprecated. If you meant to do this, you must specify 'dtype=object' when creating the ndarray
  arr = N.array(data, dtype=dtype, copy=copy)
