
Attaching package: ‘dplyr’

The following objects are masked from ‘package:stats’:

    filter, lag

The following objects are masked from ‘package:base’:

    intersect, setdiff, setequal, union

[1] "2021-07-19 21:56:13 EDT"
   user  system elapsed 
541.876  26.900 659.468 
─ Session info ───────────────────────────────────────────────────────────────────────────────────────────────────────
 setting  value                       
 version  R version 3.6.1 (2019-07-05)
 os       CentOS Linux 7 (Core)       
 system   x86_64, linux-gnu           
 ui       X11                         
 language (EN)                        
 collate  en_US.UTF-8                 
 ctype    en_US.UTF-8                 
 tz       US/Eastern                  
 date     2021-07-19                  

─ Packages ───────────────────────────────────────────────────────────────────────────────────────────────────────────
 package     * version date       lib source        
 argparse    * 2.0.3   2020-10-19 [1] CRAN (R 3.6.1)
 cli           2.5.0   2021-04-26 [1] CRAN (R 3.6.1)
 crayon        1.4.1   2021-02-08 [1] CRAN (R 3.6.1)
 data.table    1.14.0  2021-02-21 [1] CRAN (R 3.6.1)
 digest        0.6.27  2020-10-24 [1] CRAN (R 3.6.1)
 dplyr       * 1.0.2   2020-08-18 [2] CRAN (R 3.6.1)
 ellipsis      0.3.2   2021-04-29 [1] CRAN (R 3.6.1)
 findpython    1.0.7   2021-01-27 [1] CRAN (R 3.6.1)
 generics      0.1.0   2020-10-31 [2] CRAN (R 3.6.1)
 glue          1.4.2   2020-08-27 [1] CRAN (R 3.6.1)
 jsonlite      1.7.2   2020-12-09 [2] CRAN (R 3.6.1)
 lifecycle     1.0.0   2021-02-15 [1] CRAN (R 3.6.1)
 magrittr      2.0.1   2020-11-17 [2] CRAN (R 3.6.1)
 memoise       1.1.0   2017-04-21 [2] CRAN (R 3.6.1)
 pillar        1.4.7   2020-11-20 [2] CRAN (R 3.6.1)
 pkgconfig     2.0.3   2019-09-22 [2] CRAN (R 3.6.1)
 purrr         0.3.4   2020-04-17 [1] CRAN (R 3.6.1)
 R6            2.5.0   2020-10-28 [2] CRAN (R 3.6.1)
 rlang         0.4.10  2020-12-30 [1] CRAN (R 3.6.1)
 sessioninfo   1.1.1   2018-11-05 [2] CRAN (R 3.6.1)
 tibble        3.0.4   2020-10-12 [2] CRAN (R 3.6.1)
 tidyselect    1.1.1   2021-04-30 [1] CRAN (R 3.6.1)
 vctrs         0.3.6   2020-12-17 [1] CRAN (R 3.6.1)
 withr         2.3.0   2020-09-22 [2] CRAN (R 3.6.1)

[1] /users/jbenjami/R/x86_64-pc-linux-gnu-library/3.6
[2] /jhpce/shared/jhpce/core/R/3.6.1/lib64/R/library
Processing genotype position file.
Processing phenotype position file.
Processing genotype matrix.
Processing Matrix-eQTL tests file.
Performing eigenMT correction.
100.0 out of 5840 completed (1.712%)
200.0 out of 5840 completed (3.425%)
300.0 out of 5840 completed (5.137%)
400.0 out of 5840 completed (6.849%)
500.0 out of 5840 completed (8.562%)
600.0 out of 5840 completed (10.274%)
700.0 out of 5840 completed (11.986%)
800.0 out of 5840 completed (13.699%)
900.0 out of 5840 completed (15.411%)
1000.0 out of 5840 completed (17.123%)
1100.0 out of 5840 completed (18.836%)
1200.0 out of 5840 completed (20.548%)
1300.0 out of 5840 completed (22.26%)
1400.0 out of 5840 completed (23.973%)
1500.0 out of 5840 completed (25.685%)
1600.0 out of 5840 completed (27.397%)
1700.0 out of 5840 completed (29.11%)
1800.0 out of 5840 completed (30.822%)
1900.0 out of 5840 completed (32.534%)
2000.0 out of 5840 completed (34.247%)
2100.0 out of 5840 completed (35.959%)
2200.0 out of 5840 completed (37.671%)
2300.0 out of 5840 completed (39.384%)
2400.0 out of 5840 completed (41.096%)
2500.0 out of 5840 completed (42.808%)
2600.0 out of 5840 completed (44.521%)
2700.0 out of 5840 completed (46.233%)
2800.0 out of 5840 completed (47.945%)
2900.0 out of 5840 completed (49.658%)
3000.0 out of 5840 completed (51.37%)
3100.0 out of 5840 completed (53.082%)
3200.0 out of 5840 completed (54.795%)
3300.0 out of 5840 completed (56.507%)
3400.0 out of 5840 completed (58.219%)
3500.0 out of 5840 completed (59.932%)
3600.0 out of 5840 completed (61.644%)
3700.0 out of 5840 completed (63.356%)
3800.0 out of 5840 completed (65.068%)
3900.0 out of 5840 completed (66.781%)
4000.0 out of 5840 completed (68.493%)
4100.0 out of 5840 completed (70.205%)
4200.0 out of 5840 completed (71.918%)
4300.0 out of 5840 completed (73.63%)
4400.0 out of 5840 completed (75.342%)
4500.0 out of 5840 completed (77.055%)
4600.0 out of 5840 completed (78.767%)
4700.0 out of 5840 completed (80.479%)
4800.0 out of 5840 completed (82.192%)
4900.0 out of 5840 completed (83.904%)
5000.0 out of 5840 completed (85.616%)
5100.0 out of 5840 completed (87.329%)
5200.0 out of 5840 completed (89.041%)
5300.0 out of 5840 completed (90.753%)
5400.0 out of 5840 completed (92.466%)
5500.0 out of 5840 completed (94.178%)
5600.0 out of 5840 completed (95.89%)
5700.0 out of 5840 completed (97.603%)
5800.0 out of 5840 completed (99.315%)
