
Attaching package: ‘dplyr’

The following objects are masked from ‘package:stats’:

    filter, lag

The following objects are masked from ‘package:base’:

    intersect, setdiff, setequal, union

[1] "2021-07-19 21:35:34 EDT"
   user  system elapsed 
812.354  33.623 948.374 
─ Session info ───────────────────────────────────────────────────────────────────────────────────────────────────────
 setting  value                       
 version  R version 3.6.1 (2019-07-05)
 os       CentOS Linux 7 (Core)       
 system   x86_64, linux-gnu           
 ui       X11                         
 language (EN)                        
 collate  en_US.UTF-8                 
 ctype    en_US.UTF-8                 
 tz       US/Eastern                  
 date     2021-07-19                  

─ Packages ───────────────────────────────────────────────────────────────────────────────────────────────────────────
 package     * version date       lib source        
 argparse    * 2.0.3   2020-10-19 [1] CRAN (R 3.6.1)
 cli           2.5.0   2021-04-26 [1] CRAN (R 3.6.1)
 crayon        1.4.1   2021-02-08 [1] CRAN (R 3.6.1)
 data.table    1.14.0  2021-02-21 [1] CRAN (R 3.6.1)
 digest        0.6.27  2020-10-24 [1] CRAN (R 3.6.1)
 dplyr       * 1.0.2   2020-08-18 [2] CRAN (R 3.6.1)
 ellipsis      0.3.2   2021-04-29 [1] CRAN (R 3.6.1)
 findpython    1.0.7   2021-01-27 [1] CRAN (R 3.6.1)
 generics      0.1.0   2020-10-31 [2] CRAN (R 3.6.1)
 glue          1.4.2   2020-08-27 [1] CRAN (R 3.6.1)
 jsonlite      1.7.2   2020-12-09 [2] CRAN (R 3.6.1)
 lifecycle     1.0.0   2021-02-15 [1] CRAN (R 3.6.1)
 magrittr      2.0.1   2020-11-17 [2] CRAN (R 3.6.1)
 memoise       1.1.0   2017-04-21 [2] CRAN (R 3.6.1)
 pillar        1.4.7   2020-11-20 [2] CRAN (R 3.6.1)
 pkgconfig     2.0.3   2019-09-22 [2] CRAN (R 3.6.1)
 purrr         0.3.4   2020-04-17 [1] CRAN (R 3.6.1)
 R6            2.5.0   2020-10-28 [2] CRAN (R 3.6.1)
 rlang         0.4.10  2020-12-30 [1] CRAN (R 3.6.1)
 sessioninfo   1.1.1   2018-11-05 [2] CRAN (R 3.6.1)
 tibble        3.0.4   2020-10-12 [2] CRAN (R 3.6.1)
 tidyselect    1.1.1   2021-04-30 [1] CRAN (R 3.6.1)
 vctrs         0.3.6   2020-12-17 [1] CRAN (R 3.6.1)
 withr         2.3.0   2020-09-22 [2] CRAN (R 3.6.1)

[1] /users/jbenjami/R/x86_64-pc-linux-gnu-library/3.6
[2] /jhpce/shared/jhpce/core/R/3.6.1/lib64/R/library
Processing genotype position file.
Processing phenotype position file.
Processing genotype matrix.
Processing Matrix-eQTL tests file.
Performing eigenMT correction.
100.0 out of 6957 completed (1.437%)
200.0 out of 6957 completed (2.875%)
300.0 out of 6957 completed (4.312%)
400.0 out of 6957 completed (5.75%)
500.0 out of 6957 completed (7.187%)
600.0 out of 6957 completed (8.624%)
700.0 out of 6957 completed (10.062%)
800.0 out of 6957 completed (11.499%)
900.0 out of 6957 completed (12.937%)
1000.0 out of 6957 completed (14.374%)
1100.0 out of 6957 completed (15.811%)
1200.0 out of 6957 completed (17.249%)
1300.0 out of 6957 completed (18.686%)
1400.0 out of 6957 completed (20.124%)
1500.0 out of 6957 completed (21.561%)
1600.0 out of 6957 completed (22.998%)
1700.0 out of 6957 completed (24.436%)
1800.0 out of 6957 completed (25.873%)
1900.0 out of 6957 completed (27.311%)
2000.0 out of 6957 completed (28.748%)
2100.0 out of 6957 completed (30.185%)
2200.0 out of 6957 completed (31.623%)
2300.0 out of 6957 completed (33.06%)
2400.0 out of 6957 completed (34.498%)
2500.0 out of 6957 completed (35.935%)
2600.0 out of 6957 completed (37.372%)
2700.0 out of 6957 completed (38.81%)
2800.0 out of 6957 completed (40.247%)
2900.0 out of 6957 completed (41.685%)
3000.0 out of 6957 completed (43.122%)
3100.0 out of 6957 completed (44.559%)
3200.0 out of 6957 completed (45.997%)
3300.0 out of 6957 completed (47.434%)
3400.0 out of 6957 completed (48.872%)
3500.0 out of 6957 completed (50.309%)
3600.0 out of 6957 completed (51.746%)
3700.0 out of 6957 completed (53.184%)
3800.0 out of 6957 completed (54.621%)
3900.0 out of 6957 completed (56.059%)
4000.0 out of 6957 completed (57.496%)
4100.0 out of 6957 completed (58.933%)
4200.0 out of 6957 completed (60.371%)
4300.0 out of 6957 completed (61.808%)
4400.0 out of 6957 completed (63.246%)
4500.0 out of 6957 completed (64.683%)
4600.0 out of 6957 completed (66.12%)
4700.0 out of 6957 completed (67.558%)
4800.0 out of 6957 completed (68.995%)
4900.0 out of 6957 completed (70.433%)
5000.0 out of 6957 completed (71.87%)
5100.0 out of 6957 completed (73.307%)
5200.0 out of 6957 completed (74.745%)
5300.0 out of 6957 completed (76.182%)
5400.0 out of 6957 completed (77.62%)
5500.0 out of 6957 completed (79.057%)
5600.0 out of 6957 completed (80.494%)
5700.0 out of 6957 completed (81.932%)
5800.0 out of 6957 completed (83.369%)
5900.0 out of 6957 completed (84.807%)
6000.0 out of 6957 completed (86.244%)
6100.0 out of 6957 completed (87.681%)
6200.0 out of 6957 completed (89.119%)
6300.0 out of 6957 completed (90.556%)
6400.0 out of 6957 completed (91.994%)
6500.0 out of 6957 completed (93.431%)
6600.0 out of 6957 completed (94.868%)
6700.0 out of 6957 completed (96.306%)
6800.0 out of 6957 completed (97.743%)
6900.0 out of 6957 completed (99.181%)
