
Attaching package: ‘dplyr’

The following objects are masked from ‘package:stats’:

    filter, lag

The following objects are masked from ‘package:base’:

    intersect, setdiff, setequal, union

[1] "2021-07-19 22:04:52 EDT"
   user  system elapsed 
458.082  27.179 498.196 
─ Session info ───────────────────────────────────────────────────────────────────────────────────────────────────────
 setting  value                       
 version  R version 3.6.1 (2019-07-05)
 os       CentOS Linux 7 (Core)       
 system   x86_64, linux-gnu           
 ui       X11                         
 language (EN)                        
 collate  en_US.UTF-8                 
 ctype    en_US.UTF-8                 
 tz       US/Eastern                  
 date     2021-07-19                  

─ Packages ───────────────────────────────────────────────────────────────────────────────────────────────────────────
 package     * version date       lib source        
 argparse    * 2.0.3   2020-10-19 [1] CRAN (R 3.6.1)
 cli           2.5.0   2021-04-26 [1] CRAN (R 3.6.1)
 crayon        1.4.1   2021-02-08 [1] CRAN (R 3.6.1)
 data.table    1.14.0  2021-02-21 [1] CRAN (R 3.6.1)
 digest        0.6.27  2020-10-24 [1] CRAN (R 3.6.1)
 dplyr       * 1.0.2   2020-08-18 [2] CRAN (R 3.6.1)
 ellipsis      0.3.2   2021-04-29 [1] CRAN (R 3.6.1)
 findpython    1.0.7   2021-01-27 [1] CRAN (R 3.6.1)
 generics      0.1.0   2020-10-31 [2] CRAN (R 3.6.1)
 glue          1.4.2   2020-08-27 [1] CRAN (R 3.6.1)
 jsonlite      1.7.2   2020-12-09 [2] CRAN (R 3.6.1)
 lifecycle     1.0.0   2021-02-15 [1] CRAN (R 3.6.1)
 magrittr      2.0.1   2020-11-17 [2] CRAN (R 3.6.1)
 memoise       1.1.0   2017-04-21 [2] CRAN (R 3.6.1)
 pillar        1.4.7   2020-11-20 [2] CRAN (R 3.6.1)
 pkgconfig     2.0.3   2019-09-22 [2] CRAN (R 3.6.1)
 purrr         0.3.4   2020-04-17 [1] CRAN (R 3.6.1)
 R6            2.5.0   2020-10-28 [2] CRAN (R 3.6.1)
 rlang         0.4.10  2020-12-30 [1] CRAN (R 3.6.1)
 sessioninfo   1.1.1   2018-11-05 [2] CRAN (R 3.6.1)
 tibble        3.0.4   2020-10-12 [2] CRAN (R 3.6.1)
 tidyselect    1.1.1   2021-04-30 [1] CRAN (R 3.6.1)
 vctrs         0.3.6   2020-12-17 [1] CRAN (R 3.6.1)
 withr         2.3.0   2020-09-22 [2] CRAN (R 3.6.1)

[1] /users/jbenjami/R/x86_64-pc-linux-gnu-library/3.6
[2] /jhpce/shared/jhpce/core/R/3.6.1/lib64/R/library
Processing genotype position file.
Processing phenotype position file.
Processing genotype matrix.
Processing Matrix-eQTL tests file.
Performing eigenMT correction.
100.0 out of 5545 completed (1.803%)
200.0 out of 5545 completed (3.607%)
300.0 out of 5545 completed (5.41%)
400.0 out of 5545 completed (7.214%)
500.0 out of 5545 completed (9.017%)
600.0 out of 5545 completed (10.821%)
700.0 out of 5545 completed (12.624%)
800.0 out of 5545 completed (14.427%)
900.0 out of 5545 completed (16.231%)
1000.0 out of 5545 completed (18.034%)
1100.0 out of 5545 completed (19.838%)
1200.0 out of 5545 completed (21.641%)
1300.0 out of 5545 completed (23.445%)
1400.0 out of 5545 completed (25.248%)
1500.0 out of 5545 completed (27.051%)
1600.0 out of 5545 completed (28.855%)
1700.0 out of 5545 completed (30.658%)
1800.0 out of 5545 completed (32.462%)
1900.0 out of 5545 completed (34.265%)
2000.0 out of 5545 completed (36.069%)
2100.0 out of 5545 completed (37.872%)
2200.0 out of 5545 completed (39.675%)
2300.0 out of 5545 completed (41.479%)
2400.0 out of 5545 completed (43.282%)
2500.0 out of 5545 completed (45.086%)
2600.0 out of 5545 completed (46.889%)
2700.0 out of 5545 completed (48.693%)
2800.0 out of 5545 completed (50.496%)
2900.0 out of 5545 completed (52.299%)
3000.0 out of 5545 completed (54.103%)
3100.0 out of 5545 completed (55.906%)
3200.0 out of 5545 completed (57.71%)
3300.0 out of 5545 completed (59.513%)
3400.0 out of 5545 completed (61.317%)
3500.0 out of 5545 completed (63.12%)
3600.0 out of 5545 completed (64.923%)
3700.0 out of 5545 completed (66.727%)
3800.0 out of 5545 completed (68.53%)
3900.0 out of 5545 completed (70.334%)
4000.0 out of 5545 completed (72.137%)
4100.0 out of 5545 completed (73.94%)
4200.0 out of 5545 completed (75.744%)
4300.0 out of 5545 completed (77.547%)
4400.0 out of 5545 completed (79.351%)
4500.0 out of 5545 completed (81.154%)
4600.0 out of 5545 completed (82.958%)
4700.0 out of 5545 completed (84.761%)
4800.0 out of 5545 completed (86.564%)
4900.0 out of 5545 completed (88.368%)
5000.0 out of 5545 completed (90.171%)
5100.0 out of 5545 completed (91.975%)
5200.0 out of 5545 completed (93.778%)
5300.0 out of 5545 completed (95.582%)
5400.0 out of 5545 completed (97.385%)
5500.0 out of 5545 completed (99.188%)
