
Attaching package: ‘dplyr’

The following objects are masked from ‘package:stats’:

    filter, lag

The following objects are masked from ‘package:base’:

    intersect, setdiff, setequal, union

[1] "2021-07-19 21:42:03 EDT"
   user  system elapsed 
703.990  31.042 831.433 
─ Session info ───────────────────────────────────────────────────────────────────────────────────────────────────────
 setting  value                       
 version  R version 3.6.1 (2019-07-05)
 os       CentOS Linux 7 (Core)       
 system   x86_64, linux-gnu           
 ui       X11                         
 language (EN)                        
 collate  en_US.UTF-8                 
 ctype    en_US.UTF-8                 
 tz       US/Eastern                  
 date     2021-07-19                  

─ Packages ───────────────────────────────────────────────────────────────────────────────────────────────────────────
 package     * version date       lib source        
 argparse    * 2.0.3   2020-10-19 [1] CRAN (R 3.6.1)
 cli           2.5.0   2021-04-26 [1] CRAN (R 3.6.1)
 crayon        1.4.1   2021-02-08 [1] CRAN (R 3.6.1)
 data.table    1.14.0  2021-02-21 [1] CRAN (R 3.6.1)
 digest        0.6.27  2020-10-24 [1] CRAN (R 3.6.1)
 dplyr       * 1.0.2   2020-08-18 [2] CRAN (R 3.6.1)
 ellipsis      0.3.2   2021-04-29 [1] CRAN (R 3.6.1)
 findpython    1.0.7   2021-01-27 [1] CRAN (R 3.6.1)
 generics      0.1.0   2020-10-31 [2] CRAN (R 3.6.1)
 glue          1.4.2   2020-08-27 [1] CRAN (R 3.6.1)
 jsonlite      1.7.2   2020-12-09 [2] CRAN (R 3.6.1)
 lifecycle     1.0.0   2021-02-15 [1] CRAN (R 3.6.1)
 magrittr      2.0.1   2020-11-17 [2] CRAN (R 3.6.1)
 memoise       1.1.0   2017-04-21 [2] CRAN (R 3.6.1)
 pillar        1.4.7   2020-11-20 [2] CRAN (R 3.6.1)
 pkgconfig     2.0.3   2019-09-22 [2] CRAN (R 3.6.1)
 purrr         0.3.4   2020-04-17 [1] CRAN (R 3.6.1)
 R6            2.5.0   2020-10-28 [2] CRAN (R 3.6.1)
 rlang         0.4.10  2020-12-30 [1] CRAN (R 3.6.1)
 sessioninfo   1.1.1   2018-11-05 [2] CRAN (R 3.6.1)
 tibble        3.0.4   2020-10-12 [2] CRAN (R 3.6.1)
 tidyselect    1.1.1   2021-04-30 [1] CRAN (R 3.6.1)
 vctrs         0.3.6   2020-12-17 [1] CRAN (R 3.6.1)
 withr         2.3.0   2020-09-22 [2] CRAN (R 3.6.1)

[1] /users/jbenjami/R/x86_64-pc-linux-gnu-library/3.6
[2] /jhpce/shared/jhpce/core/R/3.6.1/lib64/R/library
Processing genotype position file.
Processing phenotype position file.
Processing genotype matrix.
Processing Matrix-eQTL tests file.
Performing eigenMT correction.
100.0 out of 5929 completed (1.687%)
200.0 out of 5929 completed (3.373%)
300.0 out of 5929 completed (5.06%)
400.0 out of 5929 completed (6.747%)
500.0 out of 5929 completed (8.433%)
600.0 out of 5929 completed (10.12%)
700.0 out of 5929 completed (11.806%)
800.0 out of 5929 completed (13.493%)
900.0 out of 5929 completed (15.18%)
1000.0 out of 5929 completed (16.866%)
1100.0 out of 5929 completed (18.553%)
1200.0 out of 5929 completed (20.24%)
1300.0 out of 5929 completed (21.926%)
1400.0 out of 5929 completed (23.613%)
1500.0 out of 5929 completed (25.299%)
1600.0 out of 5929 completed (26.986%)
1700.0 out of 5929 completed (28.673%)
1800.0 out of 5929 completed (30.359%)
1900.0 out of 5929 completed (32.046%)
2000.0 out of 5929 completed (33.733%)
2100.0 out of 5929 completed (35.419%)
2200.0 out of 5929 completed (37.106%)
2300.0 out of 5929 completed (38.792%)
2400.0 out of 5929 completed (40.479%)
2500.0 out of 5929 completed (42.166%)
2600.0 out of 5929 completed (43.852%)
2700.0 out of 5929 completed (45.539%)
2800.0 out of 5929 completed (47.226%)
2900.0 out of 5929 completed (48.912%)
3000.0 out of 5929 completed (50.599%)
3100.0 out of 5929 completed (52.285%)
3200.0 out of 5929 completed (53.972%)
3300.0 out of 5929 completed (55.659%)
3400.0 out of 5929 completed (57.345%)
3500.0 out of 5929 completed (59.032%)
3600.0 out of 5929 completed (60.719%)
3700.0 out of 5929 completed (62.405%)
3800.0 out of 5929 completed (64.092%)
3900.0 out of 5929 completed (65.778%)
4000.0 out of 5929 completed (67.465%)
4100.0 out of 5929 completed (69.152%)
4200.0 out of 5929 completed (70.838%)
4300.0 out of 5929 completed (72.525%)
4400.0 out of 5929 completed (74.212%)
4500.0 out of 5929 completed (75.898%)
4600.0 out of 5929 completed (77.585%)
4700.0 out of 5929 completed (79.271%)
4800.0 out of 5929 completed (80.958%)
4900.0 out of 5929 completed (82.645%)
5000.0 out of 5929 completed (84.331%)
5100.0 out of 5929 completed (86.018%)
5200.0 out of 5929 completed (87.705%)
5300.0 out of 5929 completed (89.391%)
5400.0 out of 5929 completed (91.078%)
5500.0 out of 5929 completed (92.764%)
5600.0 out of 5929 completed (94.451%)
5700.0 out of 5929 completed (96.138%)
5800.0 out of 5929 completed (97.824%)
5900.0 out of 5929 completed (99.511%)
