
Attaching package: ‘dplyr’

The following objects are masked from ‘package:stats’:

    filter, lag

The following objects are masked from ‘package:base’:

    intersect, setdiff, setequal, union

[1] "2021-07-19 21:59:07 EDT"
   user  system elapsed 
496.071  27.223 509.628 
─ Session info ───────────────────────────────────────────────────────────────────────────────────────────────────────
 setting  value                       
 version  R version 3.6.1 (2019-07-05)
 os       CentOS Linux 7 (Core)       
 system   x86_64, linux-gnu           
 ui       X11                         
 language (EN)                        
 collate  en_US.UTF-8                 
 ctype    en_US.UTF-8                 
 tz       US/Eastern                  
 date     2021-07-19                  

─ Packages ───────────────────────────────────────────────────────────────────────────────────────────────────────────
 package     * version date       lib source        
 argparse    * 2.0.3   2020-10-19 [1] CRAN (R 3.6.1)
 cli           2.5.0   2021-04-26 [1] CRAN (R 3.6.1)
 crayon        1.4.1   2021-02-08 [1] CRAN (R 3.6.1)
 data.table    1.14.0  2021-02-21 [1] CRAN (R 3.6.1)
 digest        0.6.27  2020-10-24 [1] CRAN (R 3.6.1)
 dplyr       * 1.0.2   2020-08-18 [2] CRAN (R 3.6.1)
 ellipsis      0.3.2   2021-04-29 [1] CRAN (R 3.6.1)
 findpython    1.0.7   2021-01-27 [1] CRAN (R 3.6.1)
 generics      0.1.0   2020-10-31 [2] CRAN (R 3.6.1)
 glue          1.4.2   2020-08-27 [1] CRAN (R 3.6.1)
 jsonlite      1.7.2   2020-12-09 [2] CRAN (R 3.6.1)
 lifecycle     1.0.0   2021-02-15 [1] CRAN (R 3.6.1)
 magrittr      2.0.1   2020-11-17 [2] CRAN (R 3.6.1)
 memoise       1.1.0   2017-04-21 [2] CRAN (R 3.6.1)
 pillar        1.4.7   2020-11-20 [2] CRAN (R 3.6.1)
 pkgconfig     2.0.3   2019-09-22 [2] CRAN (R 3.6.1)
 purrr         0.3.4   2020-04-17 [1] CRAN (R 3.6.1)
 R6            2.5.0   2020-10-28 [2] CRAN (R 3.6.1)
 rlang         0.4.10  2020-12-30 [1] CRAN (R 3.6.1)
 sessioninfo   1.1.1   2018-11-05 [2] CRAN (R 3.6.1)
 tibble        3.0.4   2020-10-12 [2] CRAN (R 3.6.1)
 tidyselect    1.1.1   2021-04-30 [1] CRAN (R 3.6.1)
 vctrs         0.3.6   2020-12-17 [1] CRAN (R 3.6.1)
 withr         2.3.0   2020-09-22 [2] CRAN (R 3.6.1)

[1] /users/jbenjami/R/x86_64-pc-linux-gnu-library/3.6
[2] /jhpce/shared/jhpce/core/R/3.6.1/lib64/R/library
Processing genotype position file.
Processing phenotype position file.
Processing genotype matrix.
Processing Matrix-eQTL tests file.
Performing eigenMT correction.
100.0 out of 3995 completed (2.503%)
200.0 out of 3995 completed (5.006%)
300.0 out of 3995 completed (7.509%)
400.0 out of 3995 completed (10.013%)
500.0 out of 3995 completed (12.516%)
600.0 out of 3995 completed (15.019%)
700.0 out of 3995 completed (17.522%)
800.0 out of 3995 completed (20.025%)
900.0 out of 3995 completed (22.528%)
1000.0 out of 3995 completed (25.031%)
1100.0 out of 3995 completed (27.534%)
1200.0 out of 3995 completed (30.038%)
1300.0 out of 3995 completed (32.541%)
1400.0 out of 3995 completed (35.044%)
1500.0 out of 3995 completed (37.547%)
1600.0 out of 3995 completed (40.05%)
1700.0 out of 3995 completed (42.553%)
1800.0 out of 3995 completed (45.056%)
1900.0 out of 3995 completed (47.559%)
2000.0 out of 3995 completed (50.063%)
2100.0 out of 3995 completed (52.566%)
2200.0 out of 3995 completed (55.069%)
2300.0 out of 3995 completed (57.572%)
2400.0 out of 3995 completed (60.075%)
2500.0 out of 3995 completed (62.578%)
2600.0 out of 3995 completed (65.081%)
2700.0 out of 3995 completed (67.584%)
2800.0 out of 3995 completed (70.088%)
2900.0 out of 3995 completed (72.591%)
3000.0 out of 3995 completed (75.094%)
3100.0 out of 3995 completed (77.597%)
3200.0 out of 3995 completed (80.1%)
3300.0 out of 3995 completed (82.603%)
3400.0 out of 3995 completed (85.106%)
3500.0 out of 3995 completed (87.61%)
3600.0 out of 3995 completed (90.113%)
3700.0 out of 3995 completed (92.616%)
3800.0 out of 3995 completed (95.119%)
3900.0 out of 3995 completed (97.622%)
