
Attaching package: ‘dplyr’

The following objects are masked from ‘package:stats’:

    filter, lag

The following objects are masked from ‘package:base’:

    intersect, setdiff, setequal, union

[1] "2021-07-19 21:50:28 EDT"
    user   system  elapsed 
1672.309   70.519 1875.965 
─ Session info ───────────────────────────────────────────────────────────────────────────────────────────────────────
 setting  value                       
 version  R version 3.6.1 (2019-07-05)
 os       CentOS Linux 7 (Core)       
 system   x86_64, linux-gnu           
 ui       X11                         
 language (EN)                        
 collate  en_US.UTF-8                 
 ctype    en_US.UTF-8                 
 tz       US/Eastern                  
 date     2021-07-19                  

─ Packages ───────────────────────────────────────────────────────────────────────────────────────────────────────────
 package     * version date       lib source        
 argparse    * 2.0.3   2020-10-19 [1] CRAN (R 3.6.1)
 cli           2.5.0   2021-04-26 [1] CRAN (R 3.6.1)
 crayon        1.4.1   2021-02-08 [1] CRAN (R 3.6.1)
 data.table    1.14.0  2021-02-21 [1] CRAN (R 3.6.1)
 digest        0.6.27  2020-10-24 [1] CRAN (R 3.6.1)
 dplyr       * 1.0.2   2020-08-18 [2] CRAN (R 3.6.1)
 ellipsis      0.3.2   2021-04-29 [1] CRAN (R 3.6.1)
 findpython    1.0.7   2021-01-27 [1] CRAN (R 3.6.1)
 generics      0.1.0   2020-10-31 [2] CRAN (R 3.6.1)
 glue          1.4.2   2020-08-27 [1] CRAN (R 3.6.1)
 jsonlite      1.7.2   2020-12-09 [2] CRAN (R 3.6.1)
 lifecycle     1.0.0   2021-02-15 [1] CRAN (R 3.6.1)
 magrittr      2.0.1   2020-11-17 [2] CRAN (R 3.6.1)
 memoise       1.1.0   2017-04-21 [2] CRAN (R 3.6.1)
 pillar        1.4.7   2020-11-20 [2] CRAN (R 3.6.1)
 pkgconfig     2.0.3   2019-09-22 [2] CRAN (R 3.6.1)
 purrr         0.3.4   2020-04-17 [1] CRAN (R 3.6.1)
 R6            2.5.0   2020-10-28 [2] CRAN (R 3.6.1)
 rlang         0.4.10  2020-12-30 [1] CRAN (R 3.6.1)
 sessioninfo   1.1.1   2018-11-05 [2] CRAN (R 3.6.1)
 tibble        3.0.4   2020-10-12 [2] CRAN (R 3.6.1)
 tidyselect    1.1.1   2021-04-30 [1] CRAN (R 3.6.1)
 vctrs         0.3.6   2020-12-17 [1] CRAN (R 3.6.1)
 withr         2.3.0   2020-09-22 [2] CRAN (R 3.6.1)

[1] /users/jbenjami/R/x86_64-pc-linux-gnu-library/3.6
[2] /jhpce/shared/jhpce/core/R/3.6.1/lib64/R/library
Processing genotype position file.
Processing phenotype position file.
Processing genotype matrix.
Processing Matrix-eQTL tests file.
Performing eigenMT correction.
100.0 out of 13762 completed (0.727%)
200.0 out of 13762 completed (1.453%)
300.0 out of 13762 completed (2.18%)
400.0 out of 13762 completed (2.907%)
500.0 out of 13762 completed (3.633%)
600.0 out of 13762 completed (4.36%)
700.0 out of 13762 completed (5.086%)
800.0 out of 13762 completed (5.813%)
900.0 out of 13762 completed (6.54%)
1000.0 out of 13762 completed (7.266%)
1100.0 out of 13762 completed (7.993%)
1200.0 out of 13762 completed (8.72%)
1300.0 out of 13762 completed (9.446%)
1400.0 out of 13762 completed (10.173%)
1500.0 out of 13762 completed (10.9%)
1600.0 out of 13762 completed (11.626%)
1700.0 out of 13762 completed (12.353%)
1800.0 out of 13762 completed (13.079%)
1900.0 out of 13762 completed (13.806%)
2000.0 out of 13762 completed (14.533%)
2100.0 out of 13762 completed (15.259%)
2200.0 out of 13762 completed (15.986%)
2300.0 out of 13762 completed (16.713%)
2400.0 out of 13762 completed (17.439%)
2500.0 out of 13762 completed (18.166%)
2600.0 out of 13762 completed (18.893%)
2700.0 out of 13762 completed (19.619%)
2800.0 out of 13762 completed (20.346%)
2900.0 out of 13762 completed (21.073%)
3000.0 out of 13762 completed (21.799%)
3100.0 out of 13762 completed (22.526%)
3200.0 out of 13762 completed (23.252%)
3300.0 out of 13762 completed (23.979%)
3400.0 out of 13762 completed (24.706%)
3500.0 out of 13762 completed (25.432%)
3600.0 out of 13762 completed (26.159%)
3700.0 out of 13762 completed (26.886%)
3800.0 out of 13762 completed (27.612%)
3900.0 out of 13762 completed (28.339%)
4000.0 out of 13762 completed (29.066%)
4100.0 out of 13762 completed (29.792%)
4200.0 out of 13762 completed (30.519%)
4300.0 out of 13762 completed (31.245%)
4400.0 out of 13762 completed (31.972%)
4500.0 out of 13762 completed (32.699%)
4600.0 out of 13762 completed (33.425%)
4700.0 out of 13762 completed (34.152%)
4800.0 out of 13762 completed (34.879%)
4900.0 out of 13762 completed (35.605%)
5000.0 out of 13762 completed (36.332%)
5100.0 out of 13762 completed (37.059%)
5200.0 out of 13762 completed (37.785%)
5300.0 out of 13762 completed (38.512%)
5400.0 out of 13762 completed (39.238%)
5500.0 out of 13762 completed (39.965%)
5600.0 out of 13762 completed (40.692%)
5700.0 out of 13762 completed (41.418%)
5800.0 out of 13762 completed (42.145%)
5900.0 out of 13762 completed (42.872%)
6000.0 out of 13762 completed (43.598%)
6100.0 out of 13762 completed (44.325%)
6200.0 out of 13762 completed (45.052%)
6300.0 out of 13762 completed (45.778%)
6400.0 out of 13762 completed (46.505%)
6500.0 out of 13762 completed (47.232%)
6600.0 out of 13762 completed (47.958%)
6700.0 out of 13762 completed (48.685%)
6800.0 out of 13762 completed (49.411%)
6900.0 out of 13762 completed (50.138%)
7000.0 out of 13762 completed (50.865%)
7100.0 out of 13762 completed (51.591%)
7200.0 out of 13762 completed (52.318%)
7300.0 out of 13762 completed (53.045%)
7400.0 out of 13762 completed (53.771%)
7500.0 out of 13762 completed (54.498%)
7600.0 out of 13762 completed (55.225%)
7700.0 out of 13762 completed (55.951%)
7800.0 out of 13762 completed (56.678%)
7900.0 out of 13762 completed (57.404%)
8000.0 out of 13762 completed (58.131%)
8100.0 out of 13762 completed (58.858%)
8200.0 out of 13762 completed (59.584%)
8300.0 out of 13762 completed (60.311%)
8400.0 out of 13762 completed (61.038%)
8500.0 out of 13762 completed (61.764%)
8600.0 out of 13762 completed (62.491%)
8700.0 out of 13762 completed (63.218%)
8800.0 out of 13762 completed (63.944%)
8900.0 out of 13762 completed (64.671%)
9000.0 out of 13762 completed (65.397%)
9100.0 out of 13762 completed (66.124%)
9200.0 out of 13762 completed (66.851%)
9300.0 out of 13762 completed (67.577%)
9400.0 out of 13762 completed (68.304%)
9500.0 out of 13762 completed (69.031%)
9600.0 out of 13762 completed (69.757%)
9700.0 out of 13762 completed (70.484%)
9800.0 out of 13762 completed (71.211%)
9900.0 out of 13762 completed (71.937%)
10000.0 out of 13762 completed (72.664%)
10100.0 out of 13762 completed (73.39%)
10200.0 out of 13762 completed (74.117%)
10300.0 out of 13762 completed (74.844%)
10400.0 out of 13762 completed (75.57%)
10500.0 out of 13762 completed (76.297%)
10600.0 out of 13762 completed (77.024%)
10700.0 out of 13762 completed (77.75%)
10800.0 out of 13762 completed (78.477%)
10900.0 out of 13762 completed (79.204%)
11000.0 out of 13762 completed (79.93%)
11100.0 out of 13762 completed (80.657%)
11200.0 out of 13762 completed (81.384%)
11300.0 out of 13762 completed (82.11%)
11400.0 out of 13762 completed (82.837%)
11500.0 out of 13762 completed (83.563%)
11600.0 out of 13762 completed (84.29%)
11700.0 out of 13762 completed (85.017%)
11800.0 out of 13762 completed (85.743%)
11900.0 out of 13762 completed (86.47%)
12000.0 out of 13762 completed (87.197%)
12100.0 out of 13762 completed (87.923%)
12200.0 out of 13762 completed (88.65%)
12300.0 out of 13762 completed (89.377%)
12400.0 out of 13762 completed (90.103%)
12500.0 out of 13762 completed (90.83%)
12600.0 out of 13762 completed (91.556%)
12700.0 out of 13762 completed (92.283%)
12800.0 out of 13762 completed (93.01%)
12900.0 out of 13762 completed (93.736%)
13000.0 out of 13762 completed (94.463%)
13100.0 out of 13762 completed (95.19%)
13200.0 out of 13762 completed (95.916%)
13300.0 out of 13762 completed (96.643%)
13400.0 out of 13762 completed (97.37%)
13500.0 out of 13762 completed (98.096%)
13600.0 out of 13762 completed (98.823%)
13700.0 out of 13762 completed (99.549%)
