
Attaching package: ‘dplyr’

The following objects are masked from ‘package:stats’:

    filter, lag

The following objects are masked from ‘package:base’:

    intersect, setdiff, setequal, union

[1] "2021-07-19 21:59:15 EDT"
   user  system elapsed 
302.014  20.136 301.967 
─ Session info ───────────────────────────────────────────────────────────────────────────────────────────────────────
 setting  value                       
 version  R version 3.6.1 (2019-07-05)
 os       CentOS Linux 7 (Core)       
 system   x86_64, linux-gnu           
 ui       X11                         
 language (EN)                        
 collate  en_US.UTF-8                 
 ctype    en_US.UTF-8                 
 tz       US/Eastern                  
 date     2021-07-19                  

─ Packages ───────────────────────────────────────────────────────────────────────────────────────────────────────────
 package     * version date       lib source        
 argparse    * 2.0.3   2020-10-19 [1] CRAN (R 3.6.1)
 cli           2.5.0   2021-04-26 [1] CRAN (R 3.6.1)
 crayon        1.4.1   2021-02-08 [1] CRAN (R 3.6.1)
 data.table    1.14.0  2021-02-21 [1] CRAN (R 3.6.1)
 digest        0.6.27  2020-10-24 [1] CRAN (R 3.6.1)
 dplyr       * 1.0.2   2020-08-18 [2] CRAN (R 3.6.1)
 ellipsis      0.3.2   2021-04-29 [1] CRAN (R 3.6.1)
 findpython    1.0.7   2021-01-27 [1] CRAN (R 3.6.1)
 generics      0.1.0   2020-10-31 [2] CRAN (R 3.6.1)
 glue          1.4.2   2020-08-27 [1] CRAN (R 3.6.1)
 jsonlite      1.7.2   2020-12-09 [2] CRAN (R 3.6.1)
 lifecycle     1.0.0   2021-02-15 [1] CRAN (R 3.6.1)
 magrittr      2.0.1   2020-11-17 [2] CRAN (R 3.6.1)
 memoise       1.1.0   2017-04-21 [2] CRAN (R 3.6.1)
 pillar        1.4.7   2020-11-20 [2] CRAN (R 3.6.1)
 pkgconfig     2.0.3   2019-09-22 [2] CRAN (R 3.6.1)
 purrr         0.3.4   2020-04-17 [1] CRAN (R 3.6.1)
 R6            2.5.0   2020-10-28 [2] CRAN (R 3.6.1)
 rlang         0.4.10  2020-12-30 [1] CRAN (R 3.6.1)
 sessioninfo   1.1.1   2018-11-05 [2] CRAN (R 3.6.1)
 tibble        3.0.4   2020-10-12 [2] CRAN (R 3.6.1)
 tidyselect    1.1.1   2021-04-30 [1] CRAN (R 3.6.1)
 vctrs         0.3.6   2020-12-17 [1] CRAN (R 3.6.1)
 withr         2.3.0   2020-09-22 [2] CRAN (R 3.6.1)

[1] /users/jbenjami/R/x86_64-pc-linux-gnu-library/3.6
[2] /jhpce/shared/jhpce/core/R/3.6.1/lib64/R/library
Processing genotype position file.
Processing phenotype position file.
Processing genotype matrix.
Processing Matrix-eQTL tests file.
Performing eigenMT correction.
100.0 out of 3459 completed (2.891%)
200.0 out of 3459 completed (5.782%)
300.0 out of 3459 completed (8.673%)
400.0 out of 3459 completed (11.564%)
500.0 out of 3459 completed (14.455%)
600.0 out of 3459 completed (17.346%)
700.0 out of 3459 completed (20.237%)
800.0 out of 3459 completed (23.128%)
900.0 out of 3459 completed (26.019%)
1000.0 out of 3459 completed (28.91%)
1100.0 out of 3459 completed (31.801%)
1200.0 out of 3459 completed (34.692%)
1300.0 out of 3459 completed (37.583%)
1400.0 out of 3459 completed (40.474%)
1500.0 out of 3459 completed (43.365%)
1600.0 out of 3459 completed (46.256%)
1700.0 out of 3459 completed (49.147%)
1800.0 out of 3459 completed (52.038%)
1900.0 out of 3459 completed (54.929%)
2000.0 out of 3459 completed (57.82%)
2100.0 out of 3459 completed (60.711%)
2200.0 out of 3459 completed (63.602%)
2300.0 out of 3459 completed (66.493%)
2400.0 out of 3459 completed (69.384%)
2500.0 out of 3459 completed (72.275%)
2600.0 out of 3459 completed (75.166%)
2700.0 out of 3459 completed (78.057%)
2800.0 out of 3459 completed (80.948%)
2900.0 out of 3459 completed (83.839%)
3000.0 out of 3459 completed (86.73%)
3100.0 out of 3459 completed (89.621%)
3200.0 out of 3459 completed (92.512%)
3300.0 out of 3459 completed (95.403%)
3400.0 out of 3459 completed (98.294%)
