
Attaching package: ‘dplyr’

The following objects are masked from ‘package:stats’:

    filter, lag

The following objects are masked from ‘package:base’:

    intersect, setdiff, setequal, union

[1] "2021-07-19 21:49:28 EDT"
   user  system elapsed 
523.983  19.964 568.383 
─ Session info ───────────────────────────────────────────────────────────────────────────────────────────────────────
 setting  value                       
 version  R version 3.6.1 (2019-07-05)
 os       CentOS Linux 7 (Core)       
 system   x86_64, linux-gnu           
 ui       X11                         
 language (EN)                        
 collate  en_US.UTF-8                 
 ctype    en_US.UTF-8                 
 tz       US/Eastern                  
 date     2021-07-19                  

─ Packages ───────────────────────────────────────────────────────────────────────────────────────────────────────────
 package     * version date       lib source        
 argparse    * 2.0.3   2020-10-19 [1] CRAN (R 3.6.1)
 cli           2.5.0   2021-04-26 [1] CRAN (R 3.6.1)
 crayon        1.4.1   2021-02-08 [1] CRAN (R 3.6.1)
 data.table    1.14.0  2021-02-21 [1] CRAN (R 3.6.1)
 digest        0.6.27  2020-10-24 [1] CRAN (R 3.6.1)
 dplyr       * 1.0.2   2020-08-18 [2] CRAN (R 3.6.1)
 ellipsis      0.3.2   2021-04-29 [1] CRAN (R 3.6.1)
 findpython    1.0.7   2021-01-27 [1] CRAN (R 3.6.1)
 generics      0.1.0   2020-10-31 [2] CRAN (R 3.6.1)
 glue          1.4.2   2020-08-27 [1] CRAN (R 3.6.1)
 jsonlite      1.7.2   2020-12-09 [2] CRAN (R 3.6.1)
 lifecycle     1.0.0   2021-02-15 [1] CRAN (R 3.6.1)
 magrittr      2.0.1   2020-11-17 [2] CRAN (R 3.6.1)
 memoise       1.1.0   2017-04-21 [2] CRAN (R 3.6.1)
 pillar        1.4.7   2020-11-20 [2] CRAN (R 3.6.1)
 pkgconfig     2.0.3   2019-09-22 [2] CRAN (R 3.6.1)
 purrr         0.3.4   2020-04-17 [1] CRAN (R 3.6.1)
 R6            2.5.0   2020-10-28 [2] CRAN (R 3.6.1)
 rlang         0.4.10  2020-12-30 [1] CRAN (R 3.6.1)
 sessioninfo   1.1.1   2018-11-05 [2] CRAN (R 3.6.1)
 tibble        3.0.4   2020-10-12 [2] CRAN (R 3.6.1)
 tidyselect    1.1.1   2021-04-30 [1] CRAN (R 3.6.1)
 vctrs         0.3.6   2020-12-17 [1] CRAN (R 3.6.1)
 withr         2.3.0   2020-09-22 [2] CRAN (R 3.6.1)

[1] /users/jbenjami/R/x86_64-pc-linux-gnu-library/3.6
[2] /jhpce/shared/jhpce/core/R/3.6.1/lib64/R/library
Processing genotype position file.
Processing phenotype position file.
Processing genotype matrix.
Processing Matrix-eQTL tests file.
Performing eigenMT correction.
100.0 out of 9800 completed (1.02%)
200.0 out of 9800 completed (2.041%)
300.0 out of 9800 completed (3.061%)
400.0 out of 9800 completed (4.082%)
500.0 out of 9800 completed (5.102%)
600.0 out of 9800 completed (6.122%)
700.0 out of 9800 completed (7.143%)
800.0 out of 9800 completed (8.163%)
900.0 out of 9800 completed (9.184%)
1000.0 out of 9800 completed (10.204%)
1100.0 out of 9800 completed (11.224%)
1200.0 out of 9800 completed (12.245%)
1300.0 out of 9800 completed (13.265%)
1400.0 out of 9800 completed (14.286%)
1500.0 out of 9800 completed (15.306%)
1600.0 out of 9800 completed (16.327%)
1700.0 out of 9800 completed (17.347%)
1800.0 out of 9800 completed (18.367%)
1900.0 out of 9800 completed (19.388%)
2000.0 out of 9800 completed (20.408%)
2100.0 out of 9800 completed (21.429%)
2200.0 out of 9800 completed (22.449%)
2300.0 out of 9800 completed (23.469%)
2400.0 out of 9800 completed (24.49%)
2500.0 out of 9800 completed (25.51%)
2600.0 out of 9800 completed (26.531%)
2700.0 out of 9800 completed (27.551%)
2800.0 out of 9800 completed (28.571%)
2900.0 out of 9800 completed (29.592%)
3000.0 out of 9800 completed (30.612%)
3100.0 out of 9800 completed (31.633%)
3200.0 out of 9800 completed (32.653%)
3300.0 out of 9800 completed (33.673%)
3400.0 out of 9800 completed (34.694%)
3500.0 out of 9800 completed (35.714%)
3600.0 out of 9800 completed (36.735%)
3700.0 out of 9800 completed (37.755%)
3800.0 out of 9800 completed (38.776%)
3900.0 out of 9800 completed (39.796%)
4000.0 out of 9800 completed (40.816%)
4100.0 out of 9800 completed (41.837%)
4200.0 out of 9800 completed (42.857%)
4300.0 out of 9800 completed (43.878%)
4400.0 out of 9800 completed (44.898%)
4500.0 out of 9800 completed (45.918%)
4600.0 out of 9800 completed (46.939%)
4700.0 out of 9800 completed (47.959%)
4800.0 out of 9800 completed (48.98%)
4900.0 out of 9800 completed (50.0%)
5000.0 out of 9800 completed (51.02%)
5100.0 out of 9800 completed (52.041%)
5200.0 out of 9800 completed (53.061%)
5300.0 out of 9800 completed (54.082%)
5400.0 out of 9800 completed (55.102%)
5500.0 out of 9800 completed (56.122%)
5600.0 out of 9800 completed (57.143%)
5700.0 out of 9800 completed (58.163%)
5800.0 out of 9800 completed (59.184%)
5900.0 out of 9800 completed (60.204%)
6000.0 out of 9800 completed (61.224%)
6100.0 out of 9800 completed (62.245%)
6200.0 out of 9800 completed (63.265%)
6300.0 out of 9800 completed (64.286%)
6400.0 out of 9800 completed (65.306%)
6500.0 out of 9800 completed (66.327%)
6600.0 out of 9800 completed (67.347%)
6700.0 out of 9800 completed (68.367%)
6800.0 out of 9800 completed (69.388%)
6900.0 out of 9800 completed (70.408%)
7000.0 out of 9800 completed (71.429%)
7100.0 out of 9800 completed (72.449%)
7200.0 out of 9800 completed (73.469%)
7300.0 out of 9800 completed (74.49%)
7400.0 out of 9800 completed (75.51%)
7500.0 out of 9800 completed (76.531%)
7600.0 out of 9800 completed (77.551%)
7700.0 out of 9800 completed (78.571%)
7800.0 out of 9800 completed (79.592%)
7900.0 out of 9800 completed (80.612%)
8000.0 out of 9800 completed (81.633%)
8100.0 out of 9800 completed (82.653%)
8200.0 out of 9800 completed (83.673%)
8300.0 out of 9800 completed (84.694%)
8400.0 out of 9800 completed (85.714%)
8500.0 out of 9800 completed (86.735%)
8600.0 out of 9800 completed (87.755%)
8700.0 out of 9800 completed (88.776%)
8800.0 out of 9800 completed (89.796%)
8900.0 out of 9800 completed (90.816%)
9000.0 out of 9800 completed (91.837%)
9100.0 out of 9800 completed (92.857%)
9200.0 out of 9800 completed (93.878%)
9300.0 out of 9800 completed (94.898%)
9400.0 out of 9800 completed (95.918%)
9500.0 out of 9800 completed (96.939%)
9600.0 out of 9800 completed (97.959%)
9700.0 out of 9800 completed (98.98%)
9800.0 out of 9800 completed (100.0%)
