
Attaching package: ‘dplyr’

The following objects are masked from ‘package:stats’:

    filter, lag

The following objects are masked from ‘package:base’:

    intersect, setdiff, setequal, union

[1] "2021-07-19 21:49:42 EDT"
    user   system  elapsed 
1590.313   63.144 1828.487 
─ Session info ───────────────────────────────────────────────────────────────────────────────────────────────────────
 setting  value                       
 version  R version 3.6.1 (2019-07-05)
 os       CentOS Linux 7 (Core)       
 system   x86_64, linux-gnu           
 ui       X11                         
 language (EN)                        
 collate  en_US.UTF-8                 
 ctype    en_US.UTF-8                 
 tz       US/Eastern                  
 date     2021-07-19                  

─ Packages ───────────────────────────────────────────────────────────────────────────────────────────────────────────
 package     * version date       lib source        
 argparse    * 2.0.3   2020-10-19 [1] CRAN (R 3.6.1)
 cli           2.5.0   2021-04-26 [1] CRAN (R 3.6.1)
 crayon        1.4.1   2021-02-08 [1] CRAN (R 3.6.1)
 data.table    1.14.0  2021-02-21 [1] CRAN (R 3.6.1)
 digest        0.6.27  2020-10-24 [1] CRAN (R 3.6.1)
 dplyr       * 1.0.2   2020-08-18 [2] CRAN (R 3.6.1)
 ellipsis      0.3.2   2021-04-29 [1] CRAN (R 3.6.1)
 findpython    1.0.7   2021-01-27 [1] CRAN (R 3.6.1)
 generics      0.1.0   2020-10-31 [2] CRAN (R 3.6.1)
 glue          1.4.2   2020-08-27 [1] CRAN (R 3.6.1)
 jsonlite      1.7.2   2020-12-09 [2] CRAN (R 3.6.1)
 lifecycle     1.0.0   2021-02-15 [1] CRAN (R 3.6.1)
 magrittr      2.0.1   2020-11-17 [2] CRAN (R 3.6.1)
 memoise       1.1.0   2017-04-21 [2] CRAN (R 3.6.1)
 pillar        1.4.7   2020-11-20 [2] CRAN (R 3.6.1)
 pkgconfig     2.0.3   2019-09-22 [2] CRAN (R 3.6.1)
 purrr         0.3.4   2020-04-17 [1] CRAN (R 3.6.1)
 R6            2.5.0   2020-10-28 [2] CRAN (R 3.6.1)
 rlang         0.4.10  2020-12-30 [1] CRAN (R 3.6.1)
 sessioninfo   1.1.1   2018-11-05 [2] CRAN (R 3.6.1)
 tibble        3.0.4   2020-10-12 [2] CRAN (R 3.6.1)
 tidyselect    1.1.1   2021-04-30 [1] CRAN (R 3.6.1)
 vctrs         0.3.6   2020-12-17 [1] CRAN (R 3.6.1)
 withr         2.3.0   2020-09-22 [2] CRAN (R 3.6.1)

[1] /users/jbenjami/R/x86_64-pc-linux-gnu-library/3.6
[2] /jhpce/shared/jhpce/core/R/3.6.1/lib64/R/library
Processing genotype position file.
Processing phenotype position file.
Processing genotype matrix.
Processing Matrix-eQTL tests file.
Performing eigenMT correction.
100.0 out of 10821 completed (0.924%)
200.0 out of 10821 completed (1.848%)
300.0 out of 10821 completed (2.772%)
400.0 out of 10821 completed (3.697%)
500.0 out of 10821 completed (4.621%)
600.0 out of 10821 completed (5.545%)
700.0 out of 10821 completed (6.469%)
800.0 out of 10821 completed (7.393%)
900.0 out of 10821 completed (8.317%)
1000.0 out of 10821 completed (9.241%)
1100.0 out of 10821 completed (10.165%)
1200.0 out of 10821 completed (11.09%)
1300.0 out of 10821 completed (12.014%)
1400.0 out of 10821 completed (12.938%)
1500.0 out of 10821 completed (13.862%)
1600.0 out of 10821 completed (14.786%)
1700.0 out of 10821 completed (15.71%)
1800.0 out of 10821 completed (16.634%)
1900.0 out of 10821 completed (17.558%)
2000.0 out of 10821 completed (18.483%)
2100.0 out of 10821 completed (19.407%)
2200.0 out of 10821 completed (20.331%)
2300.0 out of 10821 completed (21.255%)
2400.0 out of 10821 completed (22.179%)
2500.0 out of 10821 completed (23.103%)
2600.0 out of 10821 completed (24.027%)
2700.0 out of 10821 completed (24.951%)
2800.0 out of 10821 completed (25.876%)
2900.0 out of 10821 completed (26.8%)
3000.0 out of 10821 completed (27.724%)
3100.0 out of 10821 completed (28.648%)
3200.0 out of 10821 completed (29.572%)
3300.0 out of 10821 completed (30.496%)
3400.0 out of 10821 completed (31.42%)
3500.0 out of 10821 completed (32.345%)
3600.0 out of 10821 completed (33.269%)
3700.0 out of 10821 completed (34.193%)
3800.0 out of 10821 completed (35.117%)
3900.0 out of 10821 completed (36.041%)
4000.0 out of 10821 completed (36.965%)
4100.0 out of 10821 completed (37.889%)
4200.0 out of 10821 completed (38.813%)
4300.0 out of 10821 completed (39.738%)
4400.0 out of 10821 completed (40.662%)
4500.0 out of 10821 completed (41.586%)
4600.0 out of 10821 completed (42.51%)
4700.0 out of 10821 completed (43.434%)
4800.0 out of 10821 completed (44.358%)
4900.0 out of 10821 completed (45.282%)
5000.0 out of 10821 completed (46.206%)
5100.0 out of 10821 completed (47.131%)
5200.0 out of 10821 completed (48.055%)
5300.0 out of 10821 completed (48.979%)
5400.0 out of 10821 completed (49.903%)
5500.0 out of 10821 completed (50.827%)
5600.0 out of 10821 completed (51.751%)
5700.0 out of 10821 completed (52.675%)
5800.0 out of 10821 completed (53.599%)
5900.0 out of 10821 completed (54.524%)
6000.0 out of 10821 completed (55.448%)
6100.0 out of 10821 completed (56.372%)
6200.0 out of 10821 completed (57.296%)
6300.0 out of 10821 completed (58.22%)
6400.0 out of 10821 completed (59.144%)
6500.0 out of 10821 completed (60.068%)
6600.0 out of 10821 completed (60.993%)
6700.0 out of 10821 completed (61.917%)
6800.0 out of 10821 completed (62.841%)
6900.0 out of 10821 completed (63.765%)
7000.0 out of 10821 completed (64.689%)
7100.0 out of 10821 completed (65.613%)
7200.0 out of 10821 completed (66.537%)
7300.0 out of 10821 completed (67.461%)
7400.0 out of 10821 completed (68.386%)
7500.0 out of 10821 completed (69.31%)
7600.0 out of 10821 completed (70.234%)
7700.0 out of 10821 completed (71.158%)
7800.0 out of 10821 completed (72.082%)
7900.0 out of 10821 completed (73.006%)
8000.0 out of 10821 completed (73.93%)
8100.0 out of 10821 completed (74.854%)
8200.0 out of 10821 completed (75.779%)
8300.0 out of 10821 completed (76.703%)
8400.0 out of 10821 completed (77.627%)
8500.0 out of 10821 completed (78.551%)
8600.0 out of 10821 completed (79.475%)
8700.0 out of 10821 completed (80.399%)
8800.0 out of 10821 completed (81.323%)
8900.0 out of 10821 completed (82.247%)
9000.0 out of 10821 completed (83.172%)
9100.0 out of 10821 completed (84.096%)
9200.0 out of 10821 completed (85.02%)
9300.0 out of 10821 completed (85.944%)
9400.0 out of 10821 completed (86.868%)
9500.0 out of 10821 completed (87.792%)
9600.0 out of 10821 completed (88.716%)
9700.0 out of 10821 completed (89.641%)
9800.0 out of 10821 completed (90.565%)
9900.0 out of 10821 completed (91.489%)
10000.0 out of 10821 completed (92.413%)
10100.0 out of 10821 completed (93.337%)
10200.0 out of 10821 completed (94.261%)
10300.0 out of 10821 completed (95.185%)
10400.0 out of 10821 completed (96.109%)
10500.0 out of 10821 completed (97.034%)
10600.0 out of 10821 completed (97.958%)
10700.0 out of 10821 completed (98.882%)
10800.0 out of 10821 completed (99.806%)
