
Attaching package: ‘dplyr’

The following objects are masked from ‘package:stats’:

    filter, lag

The following objects are masked from ‘package:base’:

    intersect, setdiff, setequal, union

[1] "2021-07-19 21:33:07 EDT"
   user  system elapsed 
611.820  30.514 737.750 
─ Session info ───────────────────────────────────────────────────────────────────────────────────────────────────────
 setting  value                       
 version  R version 3.6.1 (2019-07-05)
 os       CentOS Linux 7 (Core)       
 system   x86_64, linux-gnu           
 ui       X11                         
 language (EN)                        
 collate  en_US.UTF-8                 
 ctype    en_US.UTF-8                 
 tz       US/Eastern                  
 date     2021-07-19                  

─ Packages ───────────────────────────────────────────────────────────────────────────────────────────────────────────
 package     * version date       lib source        
 argparse    * 2.0.3   2020-10-19 [1] CRAN (R 3.6.1)
 cli           2.5.0   2021-04-26 [1] CRAN (R 3.6.1)
 crayon        1.4.1   2021-02-08 [1] CRAN (R 3.6.1)
 data.table    1.14.0  2021-02-21 [1] CRAN (R 3.6.1)
 digest        0.6.27  2020-10-24 [1] CRAN (R 3.6.1)
 dplyr       * 1.0.2   2020-08-18 [2] CRAN (R 3.6.1)
 ellipsis      0.3.2   2021-04-29 [1] CRAN (R 3.6.1)
 findpython    1.0.7   2021-01-27 [1] CRAN (R 3.6.1)
 generics      0.1.0   2020-10-31 [2] CRAN (R 3.6.1)
 glue          1.4.2   2020-08-27 [1] CRAN (R 3.6.1)
 jsonlite      1.7.2   2020-12-09 [2] CRAN (R 3.6.1)
 lifecycle     1.0.0   2021-02-15 [1] CRAN (R 3.6.1)
 magrittr      2.0.1   2020-11-17 [2] CRAN (R 3.6.1)
 memoise       1.1.0   2017-04-21 [2] CRAN (R 3.6.1)
 pillar        1.4.7   2020-11-20 [2] CRAN (R 3.6.1)
 pkgconfig     2.0.3   2019-09-22 [2] CRAN (R 3.6.1)
 purrr         0.3.4   2020-04-17 [1] CRAN (R 3.6.1)
 R6            2.5.0   2020-10-28 [2] CRAN (R 3.6.1)
 rlang         0.4.10  2020-12-30 [1] CRAN (R 3.6.1)
 sessioninfo   1.1.1   2018-11-05 [2] CRAN (R 3.6.1)
 tibble        3.0.4   2020-10-12 [2] CRAN (R 3.6.1)
 tidyselect    1.1.1   2021-04-30 [1] CRAN (R 3.6.1)
 vctrs         0.3.6   2020-12-17 [1] CRAN (R 3.6.1)
 withr         2.3.0   2020-09-22 [2] CRAN (R 3.6.1)

[1] /users/jbenjami/R/x86_64-pc-linux-gnu-library/3.6
[2] /jhpce/shared/jhpce/core/R/3.6.1/lib64/R/library
Processing genotype position file.
Processing phenotype position file.
Processing genotype matrix.
Processing Matrix-eQTL tests file.
Performing eigenMT correction.
100.0 out of 8390 completed (1.192%)
200.0 out of 8390 completed (2.384%)
300.0 out of 8390 completed (3.576%)
400.0 out of 8390 completed (4.768%)
500.0 out of 8390 completed (5.959%)
600.0 out of 8390 completed (7.151%)
700.0 out of 8390 completed (8.343%)
800.0 out of 8390 completed (9.535%)
900.0 out of 8390 completed (10.727%)
1000.0 out of 8390 completed (11.919%)
1100.0 out of 8390 completed (13.111%)
1200.0 out of 8390 completed (14.303%)
1300.0 out of 8390 completed (15.495%)
1400.0 out of 8390 completed (16.687%)
1500.0 out of 8390 completed (17.878%)
1600.0 out of 8390 completed (19.07%)
1700.0 out of 8390 completed (20.262%)
1800.0 out of 8390 completed (21.454%)
1900.0 out of 8390 completed (22.646%)
2000.0 out of 8390 completed (23.838%)
2100.0 out of 8390 completed (25.03%)
2200.0 out of 8390 completed (26.222%)
2300.0 out of 8390 completed (27.414%)
2400.0 out of 8390 completed (28.605%)
2500.0 out of 8390 completed (29.797%)
2600.0 out of 8390 completed (30.989%)
2700.0 out of 8390 completed (32.181%)
2800.0 out of 8390 completed (33.373%)
2900.0 out of 8390 completed (34.565%)
3000.0 out of 8390 completed (35.757%)
3100.0 out of 8390 completed (36.949%)
3200.0 out of 8390 completed (38.141%)
3300.0 out of 8390 completed (39.333%)
3400.0 out of 8390 completed (40.524%)
3500.0 out of 8390 completed (41.716%)
3600.0 out of 8390 completed (42.908%)
3700.0 out of 8390 completed (44.1%)
3800.0 out of 8390 completed (45.292%)
3900.0 out of 8390 completed (46.484%)
4000.0 out of 8390 completed (47.676%)
4100.0 out of 8390 completed (48.868%)
4200.0 out of 8390 completed (50.06%)
4300.0 out of 8390 completed (51.251%)
4400.0 out of 8390 completed (52.443%)
4500.0 out of 8390 completed (53.635%)
4600.0 out of 8390 completed (54.827%)
4700.0 out of 8390 completed (56.019%)
4800.0 out of 8390 completed (57.211%)
4900.0 out of 8390 completed (58.403%)
5000.0 out of 8390 completed (59.595%)
5100.0 out of 8390 completed (60.787%)
5200.0 out of 8390 completed (61.979%)
5300.0 out of 8390 completed (63.17%)
5400.0 out of 8390 completed (64.362%)
5500.0 out of 8390 completed (65.554%)
5600.0 out of 8390 completed (66.746%)
5700.0 out of 8390 completed (67.938%)
5800.0 out of 8390 completed (69.13%)
5900.0 out of 8390 completed (70.322%)
6000.0 out of 8390 completed (71.514%)
6100.0 out of 8390 completed (72.706%)
6200.0 out of 8390 completed (73.897%)
6300.0 out of 8390 completed (75.089%)
6400.0 out of 8390 completed (76.281%)
6500.0 out of 8390 completed (77.473%)
6600.0 out of 8390 completed (78.665%)
6700.0 out of 8390 completed (79.857%)
6800.0 out of 8390 completed (81.049%)
6900.0 out of 8390 completed (82.241%)
7000.0 out of 8390 completed (83.433%)
7100.0 out of 8390 completed (84.625%)
7200.0 out of 8390 completed (85.816%)
7300.0 out of 8390 completed (87.008%)
7400.0 out of 8390 completed (88.2%)
7500.0 out of 8390 completed (89.392%)
7600.0 out of 8390 completed (90.584%)
7700.0 out of 8390 completed (91.776%)
7800.0 out of 8390 completed (92.968%)
7900.0 out of 8390 completed (94.16%)
8000.0 out of 8390 completed (95.352%)
8100.0 out of 8390 completed (96.544%)
8200.0 out of 8390 completed (97.735%)
8300.0 out of 8390 completed (98.927%)
