Significant DE (FDR < 0.05) in Caudate
Allosome
Feature

Gene:		112
Transcript:	333
Exon:		1523
Junction:	622

gencodeID

Gene:		112
Transcript:	100
Exon:		111
Junction:	11

Autosome
Feature

Gene:		576
Transcript:	252
Exon:		1291
Junction:	399

gencodeID

Gene:		576
Transcript:	232
Exon:		419
Junction:	5

Mitochondria
Feature

Gene:		1
Transcript:	2
Exon:		0
Junction:	3

gencodeID

Gene:		1
Transcript:	2
Exon:		0
Junction:	1

Significant DE (FDR < 0.05) in DLPFC
Allosome
Feature

Gene:		70
Transcript:	298
Exon:		725
Junction:	609

gencodeID

Gene:		70
Transcript:	97
Exon:		69
Junction:	10

Autosome
Feature

Gene:		186
Transcript:	307
Exon:		903
Junction:	1421

gencodeID

Gene:		186
Transcript:	291
Exon:		310
Junction:	14

Mitochondria
Feature

Gene:		0
Transcript:	0
Exon:		0
Junction:	0

gencodeID

Gene:		0
Transcript:	0
Exon:		0
Junction:	0

Significant DE (FDR < 0.05) in Hippocampus
Allosome
Feature

Gene:		79
Transcript:	290
Exon:		1361
Junction:	516

gencodeID

Gene:		79
Transcript:	88
Exon:		101
Junction:	9

Autosome
Feature

Gene:		68
Transcript:	144
Exon:		669
Junction:	370

gencodeID

Gene:		68
Transcript:	133
Exon:		244
Junction:	4

Mitochondria
Feature

Gene:		0
Transcript:	0
Exon:		0
Junction:	1

gencodeID

Gene:		0
Transcript:	0
Exon:		0
Junction:	1

