
Attaching package: ‘dplyr’

The following objects are masked from ‘package:stats’:

    filter, lag

The following objects are masked from ‘package:base’:

    intersect, setdiff, setequal, union

[1] "2021-07-19 18:15:04 EDT"
   user  system elapsed 
455.879  21.308 510.515 
─ Session info ───────────────────────────────────────────────────────────────────────────────────────────────────────
 setting  value                       
 version  R version 3.6.1 (2019-07-05)
 os       CentOS Linux 7 (Core)       
 system   x86_64, linux-gnu           
 ui       X11                         
 language (EN)                        
 collate  en_US.UTF-8                 
 ctype    en_US.UTF-8                 
 tz       US/Eastern                  
 date     2021-07-19                  

─ Packages ───────────────────────────────────────────────────────────────────────────────────────────────────────────
 package     * version date       lib source        
 argparse    * 2.0.3   2020-10-19 [1] CRAN (R 3.6.1)
 cli           2.5.0   2021-04-26 [1] CRAN (R 3.6.1)
 crayon        1.4.1   2021-02-08 [1] CRAN (R 3.6.1)
 data.table    1.14.0  2021-02-21 [1] CRAN (R 3.6.1)
 digest        0.6.27  2020-10-24 [1] CRAN (R 3.6.1)
 dplyr       * 1.0.2   2020-08-18 [2] CRAN (R 3.6.1)
 ellipsis      0.3.2   2021-04-29 [1] CRAN (R 3.6.1)
 findpython    1.0.7   2021-01-27 [1] CRAN (R 3.6.1)
 generics      0.1.0   2020-10-31 [2] CRAN (R 3.6.1)
 glue          1.4.2   2020-08-27 [1] CRAN (R 3.6.1)
 jsonlite      1.7.2   2020-12-09 [2] CRAN (R 3.6.1)
 lifecycle     1.0.0   2021-02-15 [1] CRAN (R 3.6.1)
 magrittr      2.0.1   2020-11-17 [2] CRAN (R 3.6.1)
 memoise       1.1.0   2017-04-21 [2] CRAN (R 3.6.1)
 pillar        1.4.7   2020-11-20 [2] CRAN (R 3.6.1)
 pkgconfig     2.0.3   2019-09-22 [2] CRAN (R 3.6.1)
 purrr         0.3.4   2020-04-17 [1] CRAN (R 3.6.1)
 R6            2.5.0   2020-10-28 [2] CRAN (R 3.6.1)
 rlang         0.4.10  2020-12-30 [1] CRAN (R 3.6.1)
 sessioninfo   1.1.1   2018-11-05 [2] CRAN (R 3.6.1)
 tibble        3.0.4   2020-10-12 [2] CRAN (R 3.6.1)
 tidyselect    1.1.1   2021-04-30 [1] CRAN (R 3.6.1)
 vctrs         0.3.6   2020-12-17 [1] CRAN (R 3.6.1)
 withr         2.3.0   2020-09-22 [2] CRAN (R 3.6.1)

[1] /users/jbenjami/R/x86_64-pc-linux-gnu-library/3.6
[2] /jhpce/shared/jhpce/core/R/3.6.1/lib64/R/library
Processing genotype position file.
Processing phenotype position file.
Processing genotype matrix.
Processing Matrix-eQTL tests file.
Performing eigenMT correction.
100.0 out of 4524 completed (2.21%)
200.0 out of 4524 completed (4.421%)
300.0 out of 4524 completed (6.631%)
400.0 out of 4524 completed (8.842%)
500.0 out of 4524 completed (11.052%)
600.0 out of 4524 completed (13.263%)
700.0 out of 4524 completed (15.473%)
800.0 out of 4524 completed (17.683%)
900.0 out of 4524 completed (19.894%)
1000.0 out of 4524 completed (22.104%)
1100.0 out of 4524 completed (24.315%)
1200.0 out of 4524 completed (26.525%)
1300.0 out of 4524 completed (28.736%)
1400.0 out of 4524 completed (30.946%)
1500.0 out of 4524 completed (33.156%)
1600.0 out of 4524 completed (35.367%)
1700.0 out of 4524 completed (37.577%)
1800.0 out of 4524 completed (39.788%)
1900.0 out of 4524 completed (41.998%)
2000.0 out of 4524 completed (44.209%)
2100.0 out of 4524 completed (46.419%)
2200.0 out of 4524 completed (48.63%)
2300.0 out of 4524 completed (50.84%)
2400.0 out of 4524 completed (53.05%)
2500.0 out of 4524 completed (55.261%)
2600.0 out of 4524 completed (57.471%)
2700.0 out of 4524 completed (59.682%)
2800.0 out of 4524 completed (61.892%)
2900.0 out of 4524 completed (64.103%)
3000.0 out of 4524 completed (66.313%)
3100.0 out of 4524 completed (68.523%)
3200.0 out of 4524 completed (70.734%)
3300.0 out of 4524 completed (72.944%)
3400.0 out of 4524 completed (75.155%)
3500.0 out of 4524 completed (77.365%)
3600.0 out of 4524 completed (79.576%)
3700.0 out of 4524 completed (81.786%)
3800.0 out of 4524 completed (83.996%)
3900.0 out of 4524 completed (86.207%)
4000.0 out of 4524 completed (88.417%)
4100.0 out of 4524 completed (90.628%)
4200.0 out of 4524 completed (92.838%)
4300.0 out of 4524 completed (95.049%)
4400.0 out of 4524 completed (97.259%)
4500.0 out of 4524 completed (99.469%)
