
Attaching package: ‘dplyr’

The following objects are masked from ‘package:stats’:

    filter, lag

The following objects are masked from ‘package:base’:

    intersect, setdiff, setequal, union

[1] "2021-07-19 16:36:20 EDT"
    user   system  elapsed 
1318.885   73.291 1490.437 
─ Session info ───────────────────────────────────────────────────────────────────────────────────────────────────────
 setting  value                       
 version  R version 3.6.1 (2019-07-05)
 os       CentOS Linux 7 (Core)       
 system   x86_64, linux-gnu           
 ui       X11                         
 language (EN)                        
 collate  en_US.UTF-8                 
 ctype    en_US.UTF-8                 
 tz       US/Eastern                  
 date     2021-07-19                  

─ Packages ───────────────────────────────────────────────────────────────────────────────────────────────────────────
 package     * version date       lib source        
 argparse    * 2.0.3   2020-10-19 [1] CRAN (R 3.6.1)
 cli           2.5.0   2021-04-26 [1] CRAN (R 3.6.1)
 crayon        1.4.1   2021-02-08 [1] CRAN (R 3.6.1)
 data.table    1.14.0  2021-02-21 [1] CRAN (R 3.6.1)
 digest        0.6.27  2020-10-24 [1] CRAN (R 3.6.1)
 dplyr       * 1.0.2   2020-08-18 [2] CRAN (R 3.6.1)
 ellipsis      0.3.2   2021-04-29 [1] CRAN (R 3.6.1)
 findpython    1.0.7   2021-01-27 [1] CRAN (R 3.6.1)
 generics      0.1.0   2020-10-31 [2] CRAN (R 3.6.1)
 glue          1.4.2   2020-08-27 [1] CRAN (R 3.6.1)
 jsonlite      1.7.2   2020-12-09 [2] CRAN (R 3.6.1)
 lifecycle     1.0.0   2021-02-15 [1] CRAN (R 3.6.1)
 magrittr      2.0.1   2020-11-17 [2] CRAN (R 3.6.1)
 memoise       1.1.0   2017-04-21 [2] CRAN (R 3.6.1)
 pillar        1.4.7   2020-11-20 [2] CRAN (R 3.6.1)
 pkgconfig     2.0.3   2019-09-22 [2] CRAN (R 3.6.1)
 purrr         0.3.4   2020-04-17 [1] CRAN (R 3.6.1)
 R6            2.5.0   2020-10-28 [2] CRAN (R 3.6.1)
 rlang         0.4.10  2020-12-30 [1] CRAN (R 3.6.1)
 sessioninfo   1.1.1   2018-11-05 [2] CRAN (R 3.6.1)
 tibble        3.0.4   2020-10-12 [2] CRAN (R 3.6.1)
 tidyselect    1.1.1   2021-04-30 [1] CRAN (R 3.6.1)
 vctrs         0.3.6   2020-12-17 [1] CRAN (R 3.6.1)
 withr         2.3.0   2020-09-22 [2] CRAN (R 3.6.1)

[1] /users/jbenjami/R/x86_64-pc-linux-gnu-library/3.6
[2] /jhpce/shared/jhpce/core/R/3.6.1/lib64/R/library
Processing genotype position file.
Processing phenotype position file.
Processing genotype matrix.
Processing Matrix-eQTL tests file.
Performing eigenMT correction.
100.0 out of 9278 completed (1.078%)
200.0 out of 9278 completed (2.156%)
300.0 out of 9278 completed (3.233%)
400.0 out of 9278 completed (4.311%)
500.0 out of 9278 completed (5.389%)
600.0 out of 9278 completed (6.467%)
700.0 out of 9278 completed (7.545%)
800.0 out of 9278 completed (8.623%)
900.0 out of 9278 completed (9.7%)
1000.0 out of 9278 completed (10.778%)
1100.0 out of 9278 completed (11.856%)
1200.0 out of 9278 completed (12.934%)
1300.0 out of 9278 completed (14.012%)
1400.0 out of 9278 completed (15.089%)
1500.0 out of 9278 completed (16.167%)
1600.0 out of 9278 completed (17.245%)
1700.0 out of 9278 completed (18.323%)
1800.0 out of 9278 completed (19.401%)
1900.0 out of 9278 completed (20.479%)
2000.0 out of 9278 completed (21.556%)
2100.0 out of 9278 completed (22.634%)
2200.0 out of 9278 completed (23.712%)
2300.0 out of 9278 completed (24.79%)
2400.0 out of 9278 completed (25.868%)
2500.0 out of 9278 completed (26.945%)
2600.0 out of 9278 completed (28.023%)
2700.0 out of 9278 completed (29.101%)
2800.0 out of 9278 completed (30.179%)
2900.0 out of 9278 completed (31.257%)
3000.0 out of 9278 completed (32.335%)
3100.0 out of 9278 completed (33.412%)
3200.0 out of 9278 completed (34.49%)
3300.0 out of 9278 completed (35.568%)
3400.0 out of 9278 completed (36.646%)
3500.0 out of 9278 completed (37.724%)
3600.0 out of 9278 completed (38.801%)
3700.0 out of 9278 completed (39.879%)
3800.0 out of 9278 completed (40.957%)
3900.0 out of 9278 completed (42.035%)
4000.0 out of 9278 completed (43.113%)
4100.0 out of 9278 completed (44.191%)
4200.0 out of 9278 completed (45.268%)
4300.0 out of 9278 completed (46.346%)
4400.0 out of 9278 completed (47.424%)
4500.0 out of 9278 completed (48.502%)
4600.0 out of 9278 completed (49.58%)
4700.0 out of 9278 completed (50.657%)
4800.0 out of 9278 completed (51.735%)
4900.0 out of 9278 completed (52.813%)
5000.0 out of 9278 completed (53.891%)
5100.0 out of 9278 completed (54.969%)
5200.0 out of 9278 completed (56.047%)
5300.0 out of 9278 completed (57.124%)
5400.0 out of 9278 completed (58.202%)
5500.0 out of 9278 completed (59.28%)
5600.0 out of 9278 completed (60.358%)
5700.0 out of 9278 completed (61.436%)
5800.0 out of 9278 completed (62.513%)
5900.0 out of 9278 completed (63.591%)
6000.0 out of 9278 completed (64.669%)
6100.0 out of 9278 completed (65.747%)
6200.0 out of 9278 completed (66.825%)
6300.0 out of 9278 completed (67.903%)
6400.0 out of 9278 completed (68.98%)
6500.0 out of 9278 completed (70.058%)
6600.0 out of 9278 completed (71.136%)
6700.0 out of 9278 completed (72.214%)
6800.0 out of 9278 completed (73.292%)
6900.0 out of 9278 completed (74.369%)
7000.0 out of 9278 completed (75.447%)
7100.0 out of 9278 completed (76.525%)
7200.0 out of 9278 completed (77.603%)
7300.0 out of 9278 completed (78.681%)
7400.0 out of 9278 completed (79.759%)
7500.0 out of 9278 completed (80.836%)
7600.0 out of 9278 completed (81.914%)
7700.0 out of 9278 completed (82.992%)
7800.0 out of 9278 completed (84.07%)
7900.0 out of 9278 completed (85.148%)
8000.0 out of 9278 completed (86.225%)
8100.0 out of 9278 completed (87.303%)
8200.0 out of 9278 completed (88.381%)
8300.0 out of 9278 completed (89.459%)
8400.0 out of 9278 completed (90.537%)
8500.0 out of 9278 completed (91.615%)
8600.0 out of 9278 completed (92.692%)
8700.0 out of 9278 completed (93.77%)
8800.0 out of 9278 completed (94.848%)
8900.0 out of 9278 completed (95.926%)
9000.0 out of 9278 completed (97.004%)
9100.0 out of 9278 completed (98.081%)
9200.0 out of 9278 completed (99.159%)
