
Attaching package: ‘dplyr’

The following objects are masked from ‘package:stats’:

    filter, lag

The following objects are masked from ‘package:base’:

    intersect, setdiff, setequal, union

[1] "2021-07-19 16:25:13 EDT"
    user   system  elapsed 
1344.381   83.010  947.320 
─ Session info ───────────────────────────────────────────────────────────────────────────────────────────────────────
 setting  value                       
 version  R version 3.6.1 (2019-07-05)
 os       CentOS Linux 7 (Core)       
 system   x86_64, linux-gnu           
 ui       X11                         
 language (EN)                        
 collate  en_US.UTF-8                 
 ctype    en_US.UTF-8                 
 tz       US/Eastern                  
 date     2021-07-19                  

─ Packages ───────────────────────────────────────────────────────────────────────────────────────────────────────────
 package     * version date       lib source        
 argparse    * 2.0.3   2020-10-19 [1] CRAN (R 3.6.1)
 cli           2.5.0   2021-04-26 [1] CRAN (R 3.6.1)
 crayon        1.4.1   2021-02-08 [1] CRAN (R 3.6.1)
 data.table    1.14.0  2021-02-21 [1] CRAN (R 3.6.1)
 digest        0.6.27  2020-10-24 [1] CRAN (R 3.6.1)
 dplyr       * 1.0.2   2020-08-18 [2] CRAN (R 3.6.1)
 ellipsis      0.3.2   2021-04-29 [1] CRAN (R 3.6.1)
 findpython    1.0.7   2021-01-27 [1] CRAN (R 3.6.1)
 generics      0.1.0   2020-10-31 [2] CRAN (R 3.6.1)
 glue          1.4.2   2020-08-27 [1] CRAN (R 3.6.1)
 jsonlite      1.7.2   2020-12-09 [2] CRAN (R 3.6.1)
 lifecycle     1.0.0   2021-02-15 [1] CRAN (R 3.6.1)
 magrittr      2.0.1   2020-11-17 [2] CRAN (R 3.6.1)
 memoise       1.1.0   2017-04-21 [2] CRAN (R 3.6.1)
 pillar        1.4.7   2020-11-20 [2] CRAN (R 3.6.1)
 pkgconfig     2.0.3   2019-09-22 [2] CRAN (R 3.6.1)
 purrr         0.3.4   2020-04-17 [1] CRAN (R 3.6.1)
 R6            2.5.0   2020-10-28 [2] CRAN (R 3.6.1)
 rlang         0.4.10  2020-12-30 [1] CRAN (R 3.6.1)
 sessioninfo   1.1.1   2018-11-05 [2] CRAN (R 3.6.1)
 tibble        3.0.4   2020-10-12 [2] CRAN (R 3.6.1)
 tidyselect    1.1.1   2021-04-30 [1] CRAN (R 3.6.1)
 vctrs         0.3.6   2020-12-17 [1] CRAN (R 3.6.1)
 withr         2.3.0   2020-09-22 [2] CRAN (R 3.6.1)

[1] /users/jbenjami/R/x86_64-pc-linux-gnu-library/3.6
[2] /jhpce/shared/jhpce/core/R/3.6.1/lib64/R/library
Processing genotype position file.
Processing phenotype position file.
Processing genotype matrix.
Processing Matrix-eQTL tests file.
Performing eigenMT correction.
OpenBLAS blas_thread_init: pthread_create failed for thread 38 of 48: Resource temporarily unavailable
OpenBLAS blas_thread_init: RLIMIT_NPROC 3094632 current, 3094632 max
OpenBLAS blas_thread_init: pthread_create failed for thread 39 of 48: Resource temporarily unavailable
OpenBLAS blas_thread_init: RLIMIT_NPROC 3094632 current, 3094632 max
OpenBLAS blas_thread_init: pthread_create failed for thread 40 of 48: Resource temporarily unavailable
OpenBLAS blas_thread_init: RLIMIT_NPROC 3094632 current, 3094632 max
OpenBLAS blas_thread_init: pthread_create failed for thread 41 of 48: Resource temporarily unavailable
OpenBLAS blas_thread_init: RLIMIT_NPROC 3094632 current, 3094632 max
OpenBLAS blas_thread_init: pthread_create failed for thread 42 of 48: Resource temporarily unavailable
OpenBLAS blas_thread_init: RLIMIT_NPROC 3094632 current, 3094632 max
OpenBLAS blas_thread_init: pthread_create failed for thread 43 of 48: Resource temporarily unavailable
OpenBLAS blas_thread_init: RLIMIT_NPROC 3094632 current, 3094632 max
OpenBLAS blas_thread_init: pthread_create failed for thread 44 of 48: Resource temporarily unavailable
OpenBLAS blas_thread_init: RLIMIT_NPROC 3094632 current, 3094632 max
OpenBLAS blas_thread_init: pthread_create failed for thread 45 of 48: Resource temporarily unavailable
OpenBLAS blas_thread_init: RLIMIT_NPROC 3094632 current, 3094632 max
OpenBLAS blas_thread_init: pthread_create failed for thread 46 of 48: Resource temporarily unavailable
OpenBLAS blas_thread_init: RLIMIT_NPROC 3094632 current, 3094632 max
OpenBLAS blas_thread_init: pthread_create failed for thread 47 of 48: Resource temporarily unavailable
OpenBLAS blas_thread_init: RLIMIT_NPROC 3094632 current, 3094632 max
Processing genotype position file.
Processing phenotype position file.
Processing genotype matrix.
Processing Matrix-eQTL tests file.
Performing eigenMT correction.
100.0 out of 11702 completed (0.855%)
200.0 out of 11702 completed (1.709%)
300.0 out of 11702 completed (2.564%)
400.0 out of 11702 completed (3.418%)
500.0 out of 11702 completed (4.273%)
600.0 out of 11702 completed (5.127%)
700.0 out of 11702 completed (5.982%)
800.0 out of 11702 completed (6.836%)
900.0 out of 11702 completed (7.691%)
1000.0 out of 11702 completed (8.546%)
1100.0 out of 11702 completed (9.4%)
1200.0 out of 11702 completed (10.255%)
1300.0 out of 11702 completed (11.109%)
1400.0 out of 11702 completed (11.964%)
1500.0 out of 11702 completed (12.818%)
1600.0 out of 11702 completed (13.673%)
1700.0 out of 11702 completed (14.527%)
1800.0 out of 11702 completed (15.382%)
1900.0 out of 11702 completed (16.237%)
2000.0 out of 11702 completed (17.091%)
2100.0 out of 11702 completed (17.946%)
2200.0 out of 11702 completed (18.8%)
2300.0 out of 11702 completed (19.655%)
2400.0 out of 11702 completed (20.509%)
2500.0 out of 11702 completed (21.364%)
2600.0 out of 11702 completed (22.218%)
2700.0 out of 11702 completed (23.073%)
2800.0 out of 11702 completed (23.928%)
2900.0 out of 11702 completed (24.782%)
3000.0 out of 11702 completed (25.637%)
3100.0 out of 11702 completed (26.491%)
3200.0 out of 11702 completed (27.346%)
3300.0 out of 11702 completed (28.2%)
3400.0 out of 11702 completed (29.055%)
3500.0 out of 11702 completed (29.909%)
3600.0 out of 11702 completed (30.764%)
3700.0 out of 11702 completed (31.619%)
3800.0 out of 11702 completed (32.473%)
3900.0 out of 11702 completed (33.328%)
4000.0 out of 11702 completed (34.182%)
4100.0 out of 11702 completed (35.037%)
4200.0 out of 11702 completed (35.891%)
4300.0 out of 11702 completed (36.746%)
4400.0 out of 11702 completed (37.6%)
4500.0 out of 11702 completed (38.455%)
4600.0 out of 11702 completed (39.31%)
4700.0 out of 11702 completed (40.164%)
4800.0 out of 11702 completed (41.019%)
4900.0 out of 11702 completed (41.873%)
5000.0 out of 11702 completed (42.728%)
5100.0 out of 11702 completed (43.582%)
5200.0 out of 11702 completed (44.437%)
5300.0 out of 11702 completed (45.291%)
5400.0 out of 11702 completed (46.146%)
5500.0 out of 11702 completed (47.001%)
5600.0 out of 11702 completed (47.855%)
5700.0 out of 11702 completed (48.71%)
5800.0 out of 11702 completed (49.564%)
5900.0 out of 11702 completed (50.419%)
6000.0 out of 11702 completed (51.273%)
6100.0 out of 11702 completed (52.128%)
6200.0 out of 11702 completed (52.982%)
6300.0 out of 11702 completed (53.837%)
6400.0 out of 11702 completed (54.692%)
6500.0 out of 11702 completed (55.546%)
6600.0 out of 11702 completed (56.401%)
6700.0 out of 11702 completed (57.255%)
6800.0 out of 11702 completed (58.11%)
6900.0 out of 11702 completed (58.964%)
7000.0 out of 11702 completed (59.819%)
7100.0 out of 11702 completed (60.673%)
7200.0 out of 11702 completed (61.528%)
7300.0 out of 11702 completed (62.382%)
7400.0 out of 11702 completed (63.237%)
7500.0 out of 11702 completed (64.092%)
7600.0 out of 11702 completed (64.946%)
7700.0 out of 11702 completed (65.801%)
7800.0 out of 11702 completed (66.655%)
7900.0 out of 11702 completed (67.51%)
8000.0 out of 11702 completed (68.364%)
8100.0 out of 11702 completed (69.219%)
8200.0 out of 11702 completed (70.073%)
8300.0 out of 11702 completed (70.928%)
8400.0 out of 11702 completed (71.783%)
8500.0 out of 11702 completed (72.637%)
8600.0 out of 11702 completed (73.492%)
8700.0 out of 11702 completed (74.346%)
8800.0 out of 11702 completed (75.201%)
8900.0 out of 11702 completed (76.055%)
9000.0 out of 11702 completed (76.91%)
9100.0 out of 11702 completed (77.764%)
9200.0 out of 11702 completed (78.619%)
9300.0 out of 11702 completed (79.474%)
9400.0 out of 11702 completed (80.328%)
9500.0 out of 11702 completed (81.183%)
9600.0 out of 11702 completed (82.037%)
9700.0 out of 11702 completed (82.892%)
9800.0 out of 11702 completed (83.746%)
9900.0 out of 11702 completed (84.601%)
10000.0 out of 11702 completed (85.455%)
10100.0 out of 11702 completed (86.31%)
10200.0 out of 11702 completed (87.165%)
10300.0 out of 11702 completed (88.019%)
10400.0 out of 11702 completed (88.874%)
10500.0 out of 11702 completed (89.728%)
10600.0 out of 11702 completed (90.583%)
10700.0 out of 11702 completed (91.437%)
10800.0 out of 11702 completed (92.292%)
10900.0 out of 11702 completed (93.146%)
11000.0 out of 11702 completed (94.001%)
11100.0 out of 11702 completed (94.856%)
11200.0 out of 11702 completed (95.71%)
11300.0 out of 11702 completed (96.565%)
11400.0 out of 11702 completed (97.419%)
11500.0 out of 11702 completed (98.274%)
11600.0 out of 11702 completed (99.128%)
11700.0 out of 11702 completed (99.983%)
