
Attaching package: ‘dplyr’

The following objects are masked from ‘package:stats’:

    filter, lag

The following objects are masked from ‘package:base’:

    intersect, setdiff, setequal, union

[1] "2021-07-19 17:54:06 EDT"
    user   system  elapsed 
4602.421  402.543 5147.168 
─ Session info ───────────────────────────────────────────────────────────────────────────────────────────────────────
 setting  value                       
 version  R version 3.6.1 (2019-07-05)
 os       CentOS Linux 7 (Core)       
 system   x86_64, linux-gnu           
 ui       X11                         
 language (EN)                        
 collate  en_US.UTF-8                 
 ctype    en_US.UTF-8                 
 tz       US/Eastern                  
 date     2021-07-19                  

─ Packages ───────────────────────────────────────────────────────────────────────────────────────────────────────────
 package     * version date       lib source        
 argparse    * 2.0.3   2020-10-19 [1] CRAN (R 3.6.1)
 cli           2.5.0   2021-04-26 [1] CRAN (R 3.6.1)
 crayon        1.4.1   2021-02-08 [1] CRAN (R 3.6.1)
 data.table    1.14.0  2021-02-21 [1] CRAN (R 3.6.1)
 digest        0.6.27  2020-10-24 [1] CRAN (R 3.6.1)
 dplyr       * 1.0.2   2020-08-18 [2] CRAN (R 3.6.1)
 ellipsis      0.3.2   2021-04-29 [1] CRAN (R 3.6.1)
 findpython    1.0.7   2021-01-27 [1] CRAN (R 3.6.1)
 generics      0.1.0   2020-10-31 [2] CRAN (R 3.6.1)
 glue          1.4.2   2020-08-27 [1] CRAN (R 3.6.1)
 jsonlite      1.7.2   2020-12-09 [2] CRAN (R 3.6.1)
 lifecycle     1.0.0   2021-02-15 [1] CRAN (R 3.6.1)
 magrittr      2.0.1   2020-11-17 [2] CRAN (R 3.6.1)
 memoise       1.1.0   2017-04-21 [2] CRAN (R 3.6.1)
 pillar        1.4.7   2020-11-20 [2] CRAN (R 3.6.1)
 pkgconfig     2.0.3   2019-09-22 [2] CRAN (R 3.6.1)
 purrr         0.3.4   2020-04-17 [1] CRAN (R 3.6.1)
 R6            2.5.0   2020-10-28 [2] CRAN (R 3.6.1)
 rlang         0.4.10  2020-12-30 [1] CRAN (R 3.6.1)
 sessioninfo   1.1.1   2018-11-05 [2] CRAN (R 3.6.1)
 tibble        3.0.4   2020-10-12 [2] CRAN (R 3.6.1)
 tidyselect    1.1.1   2021-04-30 [1] CRAN (R 3.6.1)
 vctrs         0.3.6   2020-12-17 [1] CRAN (R 3.6.1)
 withr         2.3.0   2020-09-22 [2] CRAN (R 3.6.1)

[1] /users/jbenjami/R/x86_64-pc-linux-gnu-library/3.6
[2] /jhpce/shared/jhpce/core/R/3.6.1/lib64/R/library
Processing genotype position file.
Processing phenotype position file.
Processing genotype matrix.
Processing Matrix-eQTL tests file.
Performing eigenMT correction.
100.0 out of 6561 completed (1.524%)
200.0 out of 6561 completed (3.048%)
300.0 out of 6561 completed (4.572%)
400.0 out of 6561 completed (6.097%)
500.0 out of 6561 completed (7.621%)
600.0 out of 6561 completed (9.145%)
700.0 out of 6561 completed (10.669%)
800.0 out of 6561 completed (12.193%)
900.0 out of 6561 completed (13.717%)
1000.0 out of 6561 completed (15.242%)
1100.0 out of 6561 completed (16.766%)
1200.0 out of 6561 completed (18.29%)
1300.0 out of 6561 completed (19.814%)
1400.0 out of 6561 completed (21.338%)
1500.0 out of 6561 completed (22.862%)
1600.0 out of 6561 completed (24.387%)
1700.0 out of 6561 completed (25.911%)
1800.0 out of 6561 completed (27.435%)
1900.0 out of 6561 completed (28.959%)
2000.0 out of 6561 completed (30.483%)
2100.0 out of 6561 completed (32.007%)
2200.0 out of 6561 completed (33.531%)
2300.0 out of 6561 completed (35.056%)
2400.0 out of 6561 completed (36.58%)
2500.0 out of 6561 completed (38.104%)
2600.0 out of 6561 completed (39.628%)
2700.0 out of 6561 completed (41.152%)
2800.0 out of 6561 completed (42.676%)
2900.0 out of 6561 completed (44.201%)
3000.0 out of 6561 completed (45.725%)
3100.0 out of 6561 completed (47.249%)
3200.0 out of 6561 completed (48.773%)
3300.0 out of 6561 completed (50.297%)
3400.0 out of 6561 completed (51.821%)
3500.0 out of 6561 completed (53.346%)
3600.0 out of 6561 completed (54.87%)
3700.0 out of 6561 completed (56.394%)
3800.0 out of 6561 completed (57.918%)
3900.0 out of 6561 completed (59.442%)
4000.0 out of 6561 completed (60.966%)
4100.0 out of 6561 completed (62.49%)
4200.0 out of 6561 completed (64.015%)
4300.0 out of 6561 completed (65.539%)
4400.0 out of 6561 completed (67.063%)
4500.0 out of 6561 completed (68.587%)
4600.0 out of 6561 completed (70.111%)
4700.0 out of 6561 completed (71.635%)
4800.0 out of 6561 completed (73.16%)
4900.0 out of 6561 completed (74.684%)
5000.0 out of 6561 completed (76.208%)
5100.0 out of 6561 completed (77.732%)
5200.0 out of 6561 completed (79.256%)
5300.0 out of 6561 completed (80.78%)
5400.0 out of 6561 completed (82.305%)
5500.0 out of 6561 completed (83.829%)
5600.0 out of 6561 completed (85.353%)
5700.0 out of 6561 completed (86.877%)
5800.0 out of 6561 completed (88.401%)
5900.0 out of 6561 completed (89.925%)
6000.0 out of 6561 completed (91.449%)
6100.0 out of 6561 completed (92.974%)
6200.0 out of 6561 completed (94.498%)
6300.0 out of 6561 completed (96.022%)
6400.0 out of 6561 completed (97.546%)
6500.0 out of 6561 completed (99.07%)
