
Attaching package: ‘dplyr’

The following objects are masked from ‘package:stats’:

    filter, lag

The following objects are masked from ‘package:base’:

    intersect, setdiff, setequal, union

[1] "2021-07-19 17:06:18 EDT"
   user  system elapsed 
588.948  50.400 644.036 
─ Session info ───────────────────────────────────────────────────────────────────────────────────────────────────────
 setting  value                       
 version  R version 3.6.1 (2019-07-05)
 os       CentOS Linux 7 (Core)       
 system   x86_64, linux-gnu           
 ui       X11                         
 language (EN)                        
 collate  en_US.UTF-8                 
 ctype    en_US.UTF-8                 
 tz       US/Eastern                  
 date     2021-07-19                  

─ Packages ───────────────────────────────────────────────────────────────────────────────────────────────────────────
 package     * version date       lib source        
 argparse    * 2.0.3   2020-10-19 [1] CRAN (R 3.6.1)
 cli           2.5.0   2021-04-26 [1] CRAN (R 3.6.1)
 crayon        1.4.1   2021-02-08 [1] CRAN (R 3.6.1)
 data.table    1.14.0  2021-02-21 [1] CRAN (R 3.6.1)
 digest        0.6.27  2020-10-24 [1] CRAN (R 3.6.1)
 dplyr       * 1.0.2   2020-08-18 [2] CRAN (R 3.6.1)
 ellipsis      0.3.2   2021-04-29 [1] CRAN (R 3.6.1)
 findpython    1.0.7   2021-01-27 [1] CRAN (R 3.6.1)
 generics      0.1.0   2020-10-31 [2] CRAN (R 3.6.1)
 glue          1.4.2   2020-08-27 [1] CRAN (R 3.6.1)
 jsonlite      1.7.2   2020-12-09 [2] CRAN (R 3.6.1)
 lifecycle     1.0.0   2021-02-15 [1] CRAN (R 3.6.1)
 magrittr      2.0.1   2020-11-17 [2] CRAN (R 3.6.1)
 memoise       1.1.0   2017-04-21 [2] CRAN (R 3.6.1)
 pillar        1.4.7   2020-11-20 [2] CRAN (R 3.6.1)
 pkgconfig     2.0.3   2019-09-22 [2] CRAN (R 3.6.1)
 purrr         0.3.4   2020-04-17 [1] CRAN (R 3.6.1)
 R6            2.5.0   2020-10-28 [2] CRAN (R 3.6.1)
 rlang         0.4.10  2020-12-30 [1] CRAN (R 3.6.1)
 sessioninfo   1.1.1   2018-11-05 [2] CRAN (R 3.6.1)
 tibble        3.0.4   2020-10-12 [2] CRAN (R 3.6.1)
 tidyselect    1.1.1   2021-04-30 [1] CRAN (R 3.6.1)
 vctrs         0.3.6   2020-12-17 [1] CRAN (R 3.6.1)
 withr         2.3.0   2020-09-22 [2] CRAN (R 3.6.1)

[1] /users/jbenjami/R/x86_64-pc-linux-gnu-library/3.6
[2] /jhpce/shared/jhpce/core/R/3.6.1/lib64/R/library
Processing genotype position file.
Processing phenotype position file.
Processing genotype matrix.
Processing Matrix-eQTL tests file.
Performing eigenMT correction.
100.0 out of 7896 completed (1.266%)
200.0 out of 7896 completed (2.533%)
300.0 out of 7896 completed (3.799%)
400.0 out of 7896 completed (5.066%)
500.0 out of 7896 completed (6.332%)
600.0 out of 7896 completed (7.599%)
700.0 out of 7896 completed (8.865%)
800.0 out of 7896 completed (10.132%)
900.0 out of 7896 completed (11.398%)
1000.0 out of 7896 completed (12.665%)
1100.0 out of 7896 completed (13.931%)
1200.0 out of 7896 completed (15.198%)
1300.0 out of 7896 completed (16.464%)
1400.0 out of 7896 completed (17.73%)
1500.0 out of 7896 completed (18.997%)
1600.0 out of 7896 completed (20.263%)
1700.0 out of 7896 completed (21.53%)
1800.0 out of 7896 completed (22.796%)
1900.0 out of 7896 completed (24.063%)
2000.0 out of 7896 completed (25.329%)
2100.0 out of 7896 completed (26.596%)
2200.0 out of 7896 completed (27.862%)
2300.0 out of 7896 completed (29.129%)
2400.0 out of 7896 completed (30.395%)
2500.0 out of 7896 completed (31.662%)
2600.0 out of 7896 completed (32.928%)
2700.0 out of 7896 completed (34.195%)
2800.0 out of 7896 completed (35.461%)
2900.0 out of 7896 completed (36.727%)
3000.0 out of 7896 completed (37.994%)
3100.0 out of 7896 completed (39.26%)
3200.0 out of 7896 completed (40.527%)
3300.0 out of 7896 completed (41.793%)
3400.0 out of 7896 completed (43.06%)
3500.0 out of 7896 completed (44.326%)
3600.0 out of 7896 completed (45.593%)
3700.0 out of 7896 completed (46.859%)
3800.0 out of 7896 completed (48.126%)
3900.0 out of 7896 completed (49.392%)
4000.0 out of 7896 completed (50.659%)
4100.0 out of 7896 completed (51.925%)
4200.0 out of 7896 completed (53.191%)
4300.0 out of 7896 completed (54.458%)
4400.0 out of 7896 completed (55.724%)
4500.0 out of 7896 completed (56.991%)
4600.0 out of 7896 completed (58.257%)
4700.0 out of 7896 completed (59.524%)
4800.0 out of 7896 completed (60.79%)
4900.0 out of 7896 completed (62.057%)
5000.0 out of 7896 completed (63.323%)
5100.0 out of 7896 completed (64.59%)
5200.0 out of 7896 completed (65.856%)
5300.0 out of 7896 completed (67.123%)
5400.0 out of 7896 completed (68.389%)
5500.0 out of 7896 completed (69.656%)
5600.0 out of 7896 completed (70.922%)
5700.0 out of 7896 completed (72.188%)
5800.0 out of 7896 completed (73.455%)
5900.0 out of 7896 completed (74.721%)
6000.0 out of 7896 completed (75.988%)
6100.0 out of 7896 completed (77.254%)
6200.0 out of 7896 completed (78.521%)
6300.0 out of 7896 completed (79.787%)
6400.0 out of 7896 completed (81.054%)
6500.0 out of 7896 completed (82.32%)
6600.0 out of 7896 completed (83.587%)
6700.0 out of 7896 completed (84.853%)
6800.0 out of 7896 completed (86.12%)
6900.0 out of 7896 completed (87.386%)
7000.0 out of 7896 completed (88.652%)
7100.0 out of 7896 completed (89.919%)
7200.0 out of 7896 completed (91.185%)
7300.0 out of 7896 completed (92.452%)
7400.0 out of 7896 completed (93.718%)
7500.0 out of 7896 completed (94.985%)
7600.0 out of 7896 completed (96.251%)
7700.0 out of 7896 completed (97.518%)
7800.0 out of 7896 completed (98.784%)
