
Attaching package: ‘dplyr’

The following objects are masked from ‘package:stats’:

    filter, lag

The following objects are masked from ‘package:base’:

    intersect, setdiff, setequal, union

[1] "2021-07-19 19:16:36 EDT"
    user   system  elapsed 
10237.13   748.19 11221.52 
─ Session info ───────────────────────────────────────────────────────────────────────────────────────────────────────
 setting  value                       
 version  R version 3.6.1 (2019-07-05)
 os       CentOS Linux 7 (Core)       
 system   x86_64, linux-gnu           
 ui       X11                         
 language (EN)                        
 collate  en_US.UTF-8                 
 ctype    en_US.UTF-8                 
 tz       US/Eastern                  
 date     2021-07-19                  

─ Packages ───────────────────────────────────────────────────────────────────────────────────────────────────────────
 package     * version date       lib source        
 argparse    * 2.0.3   2020-10-19 [1] CRAN (R 3.6.1)
 cli           2.5.0   2021-04-26 [1] CRAN (R 3.6.1)
 crayon        1.4.1   2021-02-08 [1] CRAN (R 3.6.1)
 data.table    1.14.0  2021-02-21 [1] CRAN (R 3.6.1)
 digest        0.6.27  2020-10-24 [1] CRAN (R 3.6.1)
 dplyr       * 1.0.2   2020-08-18 [2] CRAN (R 3.6.1)
 ellipsis      0.3.2   2021-04-29 [1] CRAN (R 3.6.1)
 findpython    1.0.7   2021-01-27 [1] CRAN (R 3.6.1)
 generics      0.1.0   2020-10-31 [2] CRAN (R 3.6.1)
 glue          1.4.2   2020-08-27 [1] CRAN (R 3.6.1)
 jsonlite      1.7.2   2020-12-09 [2] CRAN (R 3.6.1)
 lifecycle     1.0.0   2021-02-15 [1] CRAN (R 3.6.1)
 magrittr      2.0.1   2020-11-17 [2] CRAN (R 3.6.1)
 memoise       1.1.0   2017-04-21 [2] CRAN (R 3.6.1)
 pillar        1.4.7   2020-11-20 [2] CRAN (R 3.6.1)
 pkgconfig     2.0.3   2019-09-22 [2] CRAN (R 3.6.1)
 purrr         0.3.4   2020-04-17 [1] CRAN (R 3.6.1)
 R6            2.5.0   2020-10-28 [2] CRAN (R 3.6.1)
 rlang         0.4.10  2020-12-30 [1] CRAN (R 3.6.1)
 sessioninfo   1.1.1   2018-11-05 [2] CRAN (R 3.6.1)
 tibble        3.0.4   2020-10-12 [2] CRAN (R 3.6.1)
 tidyselect    1.1.1   2021-04-30 [1] CRAN (R 3.6.1)
 vctrs         0.3.6   2020-12-17 [1] CRAN (R 3.6.1)
 withr         2.3.0   2020-09-22 [2] CRAN (R 3.6.1)

[1] /users/jbenjami/R/x86_64-pc-linux-gnu-library/3.6
[2] /jhpce/shared/jhpce/core/R/3.6.1/lib64/R/library
Processing genotype position file.
Processing phenotype position file.
Processing genotype matrix.
Processing Matrix-eQTL tests file.
Performing eigenMT correction.
100.0 out of 18388 completed (0.544%)
200.0 out of 18388 completed (1.088%)
300.0 out of 18388 completed (1.631%)
400.0 out of 18388 completed (2.175%)
500.0 out of 18388 completed (2.719%)
600.0 out of 18388 completed (3.263%)
700.0 out of 18388 completed (3.807%)
800.0 out of 18388 completed (4.351%)
900.0 out of 18388 completed (4.894%)
1000.0 out of 18388 completed (5.438%)
1100.0 out of 18388 completed (5.982%)
1200.0 out of 18388 completed (6.526%)
1300.0 out of 18388 completed (7.07%)
1400.0 out of 18388 completed (7.614%)
1500.0 out of 18388 completed (8.157%)
1600.0 out of 18388 completed (8.701%)
1700.0 out of 18388 completed (9.245%)
1800.0 out of 18388 completed (9.789%)
1900.0 out of 18388 completed (10.333%)
2000.0 out of 18388 completed (10.877%)
2100.0 out of 18388 completed (11.42%)
2200.0 out of 18388 completed (11.964%)
2300.0 out of 18388 completed (12.508%)
2400.0 out of 18388 completed (13.052%)
2500.0 out of 18388 completed (13.596%)
2600.0 out of 18388 completed (14.14%)
2700.0 out of 18388 completed (14.683%)
2800.0 out of 18388 completed (15.227%)
2900.0 out of 18388 completed (15.771%)
3000.0 out of 18388 completed (16.315%)
3100.0 out of 18388 completed (16.859%)
3200.0 out of 18388 completed (17.403%)
3300.0 out of 18388 completed (17.946%)
3400.0 out of 18388 completed (18.49%)
3500.0 out of 18388 completed (19.034%)
3600.0 out of 18388 completed (19.578%)
3700.0 out of 18388 completed (20.122%)
3800.0 out of 18388 completed (20.666%)
3900.0 out of 18388 completed (21.209%)
4000.0 out of 18388 completed (21.753%)
4100.0 out of 18388 completed (22.297%)
4200.0 out of 18388 completed (22.841%)
4300.0 out of 18388 completed (23.385%)
4400.0 out of 18388 completed (23.929%)
4500.0 out of 18388 completed (24.472%)
4600.0 out of 18388 completed (25.016%)
4700.0 out of 18388 completed (25.56%)
4800.0 out of 18388 completed (26.104%)
4900.0 out of 18388 completed (26.648%)
5000.0 out of 18388 completed (27.192%)
5100.0 out of 18388 completed (27.735%)
5200.0 out of 18388 completed (28.279%)
5300.0 out of 18388 completed (28.823%)
5400.0 out of 18388 completed (29.367%)
5500.0 out of 18388 completed (29.911%)
5600.0 out of 18388 completed (30.455%)
5700.0 out of 18388 completed (30.998%)
5800.0 out of 18388 completed (31.542%)
5900.0 out of 18388 completed (32.086%)
6000.0 out of 18388 completed (32.63%)
6100.0 out of 18388 completed (33.174%)
6200.0 out of 18388 completed (33.718%)
6300.0 out of 18388 completed (34.261%)
6400.0 out of 18388 completed (34.805%)
6500.0 out of 18388 completed (35.349%)
6600.0 out of 18388 completed (35.893%)
6700.0 out of 18388 completed (36.437%)
6800.0 out of 18388 completed (36.981%)
6900.0 out of 18388 completed (37.524%)
7000.0 out of 18388 completed (38.068%)
7100.0 out of 18388 completed (38.612%)
7200.0 out of 18388 completed (39.156%)
7300.0 out of 18388 completed (39.7%)
7400.0 out of 18388 completed (40.244%)
7500.0 out of 18388 completed (40.787%)
7600.0 out of 18388 completed (41.331%)
7700.0 out of 18388 completed (41.875%)
7800.0 out of 18388 completed (42.419%)
7900.0 out of 18388 completed (42.963%)
8000.0 out of 18388 completed (43.507%)
8100.0 out of 18388 completed (44.05%)
8200.0 out of 18388 completed (44.594%)
8300.0 out of 18388 completed (45.138%)
8400.0 out of 18388 completed (45.682%)
8500.0 out of 18388 completed (46.226%)
8600.0 out of 18388 completed (46.77%)
8700.0 out of 18388 completed (47.313%)
8800.0 out of 18388 completed (47.857%)
8900.0 out of 18388 completed (48.401%)
9000.0 out of 18388 completed (48.945%)
9100.0 out of 18388 completed (49.489%)
9200.0 out of 18388 completed (50.033%)
9300.0 out of 18388 completed (50.576%)
9400.0 out of 18388 completed (51.12%)
9500.0 out of 18388 completed (51.664%)
9600.0 out of 18388 completed (52.208%)
9700.0 out of 18388 completed (52.752%)
9800.0 out of 18388 completed (53.296%)
9900.0 out of 18388 completed (53.839%)
10000.0 out of 18388 completed (54.383%)
10100.0 out of 18388 completed (54.927%)
10200.0 out of 18388 completed (55.471%)
10300.0 out of 18388 completed (56.015%)
10400.0 out of 18388 completed (56.559%)
10500.0 out of 18388 completed (57.102%)
10600.0 out of 18388 completed (57.646%)
10700.0 out of 18388 completed (58.19%)
10800.0 out of 18388 completed (58.734%)
10900.0 out of 18388 completed (59.278%)
11000.0 out of 18388 completed (59.822%)
11100.0 out of 18388 completed (60.365%)
11200.0 out of 18388 completed (60.909%)
11300.0 out of 18388 completed (61.453%)
11400.0 out of 18388 completed (61.997%)
11500.0 out of 18388 completed (62.541%)
11600.0 out of 18388 completed (63.085%)
11700.0 out of 18388 completed (63.628%)
11800.0 out of 18388 completed (64.172%)
11900.0 out of 18388 completed (64.716%)
12000.0 out of 18388 completed (65.26%)
12100.0 out of 18388 completed (65.804%)
12200.0 out of 18388 completed (66.348%)
12300.0 out of 18388 completed (66.891%)
12400.0 out of 18388 completed (67.435%)
12500.0 out of 18388 completed (67.979%)
12600.0 out of 18388 completed (68.523%)
12700.0 out of 18388 completed (69.067%)
12800.0 out of 18388 completed (69.611%)
12900.0 out of 18388 completed (70.154%)
13000.0 out of 18388 completed (70.698%)
13100.0 out of 18388 completed (71.242%)
13200.0 out of 18388 completed (71.786%)
13300.0 out of 18388 completed (72.33%)
13400.0 out of 18388 completed (72.874%)
13500.0 out of 18388 completed (73.417%)
13600.0 out of 18388 completed (73.961%)
13700.0 out of 18388 completed (74.505%)
13800.0 out of 18388 completed (75.049%)
13900.0 out of 18388 completed (75.593%)
14000.0 out of 18388 completed (76.137%)
14100.0 out of 18388 completed (76.68%)
14200.0 out of 18388 completed (77.224%)
14300.0 out of 18388 completed (77.768%)
14400.0 out of 18388 completed (78.312%)
14500.0 out of 18388 completed (78.856%)
14600.0 out of 18388 completed (79.4%)
14700.0 out of 18388 completed (79.943%)
14800.0 out of 18388 completed (80.487%)
14900.0 out of 18388 completed (81.031%)
15000.0 out of 18388 completed (81.575%)
15100.0 out of 18388 completed (82.119%)
15200.0 out of 18388 completed (82.663%)
15300.0 out of 18388 completed (83.206%)
15400.0 out of 18388 completed (83.75%)
15500.0 out of 18388 completed (84.294%)
15600.0 out of 18388 completed (84.838%)
15700.0 out of 18388 completed (85.382%)
15800.0 out of 18388 completed (85.926%)
15900.0 out of 18388 completed (86.469%)
16000.0 out of 18388 completed (87.013%)
16100.0 out of 18388 completed (87.557%)
16200.0 out of 18388 completed (88.101%)
16300.0 out of 18388 completed (88.645%)
16400.0 out of 18388 completed (89.189%)
16500.0 out of 18388 completed (89.732%)
16600.0 out of 18388 completed (90.276%)
16700.0 out of 18388 completed (90.82%)
16800.0 out of 18388 completed (91.364%)
16900.0 out of 18388 completed (91.908%)
17000.0 out of 18388 completed (92.452%)
17100.0 out of 18388 completed (92.995%)
17200.0 out of 18388 completed (93.539%)
17300.0 out of 18388 completed (94.083%)
17400.0 out of 18388 completed (94.627%)
17500.0 out of 18388 completed (95.171%)
17600.0 out of 18388 completed (95.715%)
17700.0 out of 18388 completed (96.258%)
17800.0 out of 18388 completed (96.802%)
17900.0 out of 18388 completed (97.346%)
18000.0 out of 18388 completed (97.89%)
18100.0 out of 18388 completed (98.434%)
18200.0 out of 18388 completed (98.978%)
18300.0 out of 18388 completed (99.521%)
/users/jbenjami/.local/lib/python3.7/site-packages/numpy/matrixlib/defmatrix.py:145: VisibleDeprecationWarning: Creating an ndarray from ragged nested sequences (which is a list-or-tuple of lists-or-tuples-or ndarrays with different lengths or shapes) is deprecated. If you meant to do this, you must specify 'dtype=object' when creating the ndarray
  arr = N.array(data, dtype=dtype, copy=copy)
/users/jbenjami/.local/lib/python3.7/site-packages/numpy/matrixlib/defmatrix.py:145: VisibleDeprecationWarning: Creating an ndarray from ragged nested sequences (which is a list-or-tuple of lists-or-tuples-or ndarrays with different lengths or shapes) is deprecated. If you meant to do this, you must specify 'dtype=object' when creating the ndarray
  arr = N.array(data, dtype=dtype, copy=copy)
/users/jbenjami/.local/lib/python3.7/site-packages/numpy/matrixlib/defmatrix.py:145: VisibleDeprecationWarning: Creating an ndarray from ragged nested sequences (which is a list-or-tuple of lists-or-tuples-or ndarrays with different lengths or shapes) is deprecated. If you meant to do this, you must specify 'dtype=object' when creating the ndarray
  arr = N.array(data, dtype=dtype, copy=copy)
/users/jbenjami/.local/lib/python3.7/site-packages/numpy/matrixlib/defmatrix.py:145: VisibleDeprecationWarning: Creating an ndarray from ragged nested sequences (which is a list-or-tuple of lists-or-tuples-or ndarrays with different lengths or shapes) is deprecated. If you meant to do this, you must specify 'dtype=object' when creating the ndarray
  arr = N.array(data, dtype=dtype, copy=copy)
/users/jbenjami/.local/lib/python3.7/site-packages/numpy/matrixlib/defmatrix.py:145: VisibleDeprecationWarning: Creating an ndarray from ragged nested sequences (which is a list-or-tuple of lists-or-tuples-or ndarrays with different lengths or shapes) is deprecated. If you meant to do this, you must specify 'dtype=object' when creating the ndarray
  arr = N.array(data, dtype=dtype, copy=copy)
/users/jbenjami/.local/lib/python3.7/site-packages/numpy/matrixlib/defmatrix.py:145: VisibleDeprecationWarning: Creating an ndarray from ragged nested sequences (which is a list-or-tuple of lists-or-tuples-or ndarrays with different lengths or shapes) is deprecated. If you meant to do this, you must specify 'dtype=object' when creating the ndarray
  arr = N.array(data, dtype=dtype, copy=copy)
/users/jbenjami/.local/lib/python3.7/site-packages/numpy/matrixlib/defmatrix.py:145: VisibleDeprecationWarning: Creating an ndarray from ragged nested sequences (which is a list-or-tuple of lists-or-tuples-or ndarrays with different lengths or shapes) is deprecated. If you meant to do this, you must specify 'dtype=object' when creating the ndarray
  arr = N.array(data, dtype=dtype, copy=copy)
/users/jbenjami/.local/lib/python3.7/site-packages/numpy/matrixlib/defmatrix.py:145: VisibleDeprecationWarning: Creating an ndarray from ragged nested sequences (which is a list-or-tuple of lists-or-tuples-or ndarrays with different lengths or shapes) is deprecated. If you meant to do this, you must specify 'dtype=object' when creating the ndarray
  arr = N.array(data, dtype=dtype, copy=copy)
/users/jbenjami/.local/lib/python3.7/site-packages/numpy/matrixlib/defmatrix.py:145: VisibleDeprecationWarning: Creating an ndarray from ragged nested sequences (which is a list-or-tuple of lists-or-tuples-or ndarrays with different lengths or shapes) is deprecated. If you meant to do this, you must specify 'dtype=object' when creating the ndarray
  arr = N.array(data, dtype=dtype, copy=copy)
/users/jbenjami/.local/lib/python3.7/site-packages/numpy/matrixlib/defmatrix.py:145: VisibleDeprecationWarning: Creating an ndarray from ragged nested sequences (which is a list-or-tuple of lists-or-tuples-or ndarrays with different lengths or shapes) is deprecated. If you meant to do this, you must specify 'dtype=object' when creating the ndarray
  arr = N.array(data, dtype=dtype, copy=copy)
/users/jbenjami/.local/lib/python3.7/site-packages/numpy/matrixlib/defmatrix.py:145: VisibleDeprecationWarning: Creating an ndarray from ragged nested sequences (which is a list-or-tuple of lists-or-tuples-or ndarrays with different lengths or shapes) is deprecated. If you meant to do this, you must specify 'dtype=object' when creating the ndarray
  arr = N.array(data, dtype=dtype, copy=copy)
/users/jbenjami/.local/lib/python3.7/site-packages/numpy/matrixlib/defmatrix.py:145: VisibleDeprecationWarning: Creating an ndarray from ragged nested sequences (which is a list-or-tuple of lists-or-tuples-or ndarrays with different lengths or shapes) is deprecated. If you meant to do this, you must specify 'dtype=object' when creating the ndarray
  arr = N.array(data, dtype=dtype, copy=copy)
/users/jbenjami/.local/lib/python3.7/site-packages/numpy/matrixlib/defmatrix.py:145: VisibleDeprecationWarning: Creating an ndarray from ragged nested sequences (which is a list-or-tuple of lists-or-tuples-or ndarrays with different lengths or shapes) is deprecated. If you meant to do this, you must specify 'dtype=object' when creating the ndarray
  arr = N.array(data, dtype=dtype, copy=copy)
/users/jbenjami/.local/lib/python3.7/site-packages/numpy/matrixlib/defmatrix.py:145: VisibleDeprecationWarning: Creating an ndarray from ragged nested sequences (which is a list-or-tuple of lists-or-tuples-or ndarrays with different lengths or shapes) is deprecated. If you meant to do this, you must specify 'dtype=object' when creating the ndarray
  arr = N.array(data, dtype=dtype, copy=copy)
/users/jbenjami/.local/lib/python3.7/site-packages/numpy/matrixlib/defmatrix.py:145: VisibleDeprecationWarning: Creating an ndarray from ragged nested sequences (which is a list-or-tuple of lists-or-tuples-or ndarrays with different lengths or shapes) is deprecated. If you meant to do this, you must specify 'dtype=object' when creating the ndarray
  arr = N.array(data, dtype=dtype, copy=copy)
/users/jbenjami/.local/lib/python3.7/site-packages/numpy/matrixlib/defmatrix.py:145: VisibleDeprecationWarning: Creating an ndarray from ragged nested sequences (which is a list-or-tuple of lists-or-tuples-or ndarrays with different lengths or shapes) is deprecated. If you meant to do this, you must specify 'dtype=object' when creating the ndarray
  arr = N.array(data, dtype=dtype, copy=copy)
/users/jbenjami/.local/lib/python3.7/site-packages/numpy/matrixlib/defmatrix.py:145: VisibleDeprecationWarning: Creating an ndarray from ragged nested sequences (which is a list-or-tuple of lists-or-tuples-or ndarrays with different lengths or shapes) is deprecated. If you meant to do this, you must specify 'dtype=object' when creating the ndarray
  arr = N.array(data, dtype=dtype, copy=copy)
/users/jbenjami/.local/lib/python3.7/site-packages/numpy/matrixlib/defmatrix.py:145: VisibleDeprecationWarning: Creating an ndarray from ragged nested sequences (which is a list-or-tuple of lists-or-tuples-or ndarrays with different lengths or shapes) is deprecated. If you meant to do this, you must specify 'dtype=object' when creating the ndarray
  arr = N.array(data, dtype=dtype, copy=copy)
/users/jbenjami/.local/lib/python3.7/site-packages/numpy/matrixlib/defmatrix.py:145: VisibleDeprecationWarning: Creating an ndarray from ragged nested sequences (which is a list-or-tuple of lists-or-tuples-or ndarrays with different lengths or shapes) is deprecated. If you meant to do this, you must specify 'dtype=object' when creating the ndarray
  arr = N.array(data, dtype=dtype, copy=copy)
/users/jbenjami/.local/lib/python3.7/site-packages/numpy/matrixlib/defmatrix.py:145: VisibleDeprecationWarning: Creating an ndarray from ragged nested sequences (which is a list-or-tuple of lists-or-tuples-or ndarrays with different lengths or shapes) is deprecated. If you meant to do this, you must specify 'dtype=object' when creating the ndarray
  arr = N.array(data, dtype=dtype, copy=copy)
/users/jbenjami/.local/lib/python3.7/site-packages/numpy/matrixlib/defmatrix.py:145: VisibleDeprecationWarning: Creating an ndarray from ragged nested sequences (which is a list-or-tuple of lists-or-tuples-or ndarrays with different lengths or shapes) is deprecated. If you meant to do this, you must specify 'dtype=object' when creating the ndarray
  arr = N.array(data, dtype=dtype, copy=copy)
/users/jbenjami/.local/lib/python3.7/site-packages/numpy/matrixlib/defmatrix.py:145: VisibleDeprecationWarning: Creating an ndarray from ragged nested sequences (which is a list-or-tuple of lists-or-tuples-or ndarrays with different lengths or shapes) is deprecated. If you meant to do this, you must specify 'dtype=object' when creating the ndarray
  arr = N.array(data, dtype=dtype, copy=copy)
/users/jbenjami/.local/lib/python3.7/site-packages/numpy/matrixlib/defmatrix.py:145: VisibleDeprecationWarning: Creating an ndarray from ragged nested sequences (which is a list-or-tuple of lists-or-tuples-or ndarrays with different lengths or shapes) is deprecated. If you meant to do this, you must specify 'dtype=object' when creating the ndarray
  arr = N.array(data, dtype=dtype, copy=copy)
/users/jbenjami/.local/lib/python3.7/site-packages/numpy/matrixlib/defmatrix.py:145: VisibleDeprecationWarning: Creating an ndarray from ragged nested sequences (which is a list-or-tuple of lists-or-tuples-or ndarrays with different lengths or shapes) is deprecated. If you meant to do this, you must specify 'dtype=object' when creating the ndarray
  arr = N.array(data, dtype=dtype, copy=copy)
/users/jbenjami/.local/lib/python3.7/site-packages/numpy/matrixlib/defmatrix.py:145: VisibleDeprecationWarning: Creating an ndarray from ragged nested sequences (which is a list-or-tuple of lists-or-tuples-or ndarrays with different lengths or shapes) is deprecated. If you meant to do this, you must specify 'dtype=object' when creating the ndarray
  arr = N.array(data, dtype=dtype, copy=copy)
/users/jbenjami/.local/lib/python3.7/site-packages/numpy/matrixlib/defmatrix.py:145: VisibleDeprecationWarning: Creating an ndarray from ragged nested sequences (which is a list-or-tuple of lists-or-tuples-or ndarrays with different lengths or shapes) is deprecated. If you meant to do this, you must specify 'dtype=object' when creating the ndarray
  arr = N.array(data, dtype=dtype, copy=copy)
/users/jbenjami/.local/lib/python3.7/site-packages/numpy/matrixlib/defmatrix.py:145: VisibleDeprecationWarning: Creating an ndarray from ragged nested sequences (which is a list-or-tuple of lists-or-tuples-or ndarrays with different lengths or shapes) is deprecated. If you meant to do this, you must specify 'dtype=object' when creating the ndarray
  arr = N.array(data, dtype=dtype, copy=copy)
/users/jbenjami/.local/lib/python3.7/site-packages/numpy/matrixlib/defmatrix.py:145: VisibleDeprecationWarning: Creating an ndarray from ragged nested sequences (which is a list-or-tuple of lists-or-tuples-or ndarrays with different lengths or shapes) is deprecated. If you meant to do this, you must specify 'dtype=object' when creating the ndarray
  arr = N.array(data, dtype=dtype, copy=copy)
/users/jbenjami/.local/lib/python3.7/site-packages/numpy/matrixlib/defmatrix.py:145: VisibleDeprecationWarning: Creating an ndarray from ragged nested sequences (which is a list-or-tuple of lists-or-tuples-or ndarrays with different lengths or shapes) is deprecated. If you meant to do this, you must specify 'dtype=object' when creating the ndarray
  arr = N.array(data, dtype=dtype, copy=copy)
/users/jbenjami/.local/lib/python3.7/site-packages/numpy/matrixlib/defmatrix.py:145: VisibleDeprecationWarning: Creating an ndarray from ragged nested sequences (which is a list-or-tuple of lists-or-tuples-or ndarrays with different lengths or shapes) is deprecated. If you meant to do this, you must specify 'dtype=object' when creating the ndarray
  arr = N.array(data, dtype=dtype, copy=copy)
/users/jbenjami/.local/lib/python3.7/site-packages/numpy/matrixlib/defmatrix.py:145: VisibleDeprecationWarning: Creating an ndarray from ragged nested sequences (which is a list-or-tuple of lists-or-tuples-or ndarrays with different lengths or shapes) is deprecated. If you meant to do this, you must specify 'dtype=object' when creating the ndarray
  arr = N.array(data, dtype=dtype, copy=copy)
/users/jbenjami/.local/lib/python3.7/site-packages/numpy/matrixlib/defmatrix.py:145: VisibleDeprecationWarning: Creating an ndarray from ragged nested sequences (which is a list-or-tuple of lists-or-tuples-or ndarrays with different lengths or shapes) is deprecated. If you meant to do this, you must specify 'dtype=object' when creating the ndarray
  arr = N.array(data, dtype=dtype, copy=copy)
/users/jbenjami/.local/lib/python3.7/site-packages/numpy/matrixlib/defmatrix.py:145: VisibleDeprecationWarning: Creating an ndarray from ragged nested sequences (which is a list-or-tuple of lists-or-tuples-or ndarrays with different lengths or shapes) is deprecated. If you meant to do this, you must specify 'dtype=object' when creating the ndarray
  arr = N.array(data, dtype=dtype, copy=copy)
/users/jbenjami/.local/lib/python3.7/site-packages/numpy/matrixlib/defmatrix.py:145: VisibleDeprecationWarning: Creating an ndarray from ragged nested sequences (which is a list-or-tuple of lists-or-tuples-or ndarrays with different lengths or shapes) is deprecated. If you meant to do this, you must specify 'dtype=object' when creating the ndarray
  arr = N.array(data, dtype=dtype, copy=copy)
/users/jbenjami/.local/lib/python3.7/site-packages/numpy/matrixlib/defmatrix.py:145: VisibleDeprecationWarning: Creating an ndarray from ragged nested sequences (which is a list-or-tuple of lists-or-tuples-or ndarrays with different lengths or shapes) is deprecated. If you meant to do this, you must specify 'dtype=object' when creating the ndarray
  arr = N.array(data, dtype=dtype, copy=copy)
/users/jbenjami/.local/lib/python3.7/site-packages/numpy/matrixlib/defmatrix.py:145: VisibleDeprecationWarning: Creating an ndarray from ragged nested sequences (which is a list-or-tuple of lists-or-tuples-or ndarrays with different lengths or shapes) is deprecated. If you meant to do this, you must specify 'dtype=object' when creating the ndarray
  arr = N.array(data, dtype=dtype, copy=copy)
/users/jbenjami/.local/lib/python3.7/site-packages/numpy/matrixlib/defmatrix.py:145: VisibleDeprecationWarning: Creating an ndarray from ragged nested sequences (which is a list-or-tuple of lists-or-tuples-or ndarrays with different lengths or shapes) is deprecated. If you meant to do this, you must specify 'dtype=object' when creating the ndarray
  arr = N.array(data, dtype=dtype, copy=copy)
/users/jbenjami/.local/lib/python3.7/site-packages/numpy/matrixlib/defmatrix.py:145: VisibleDeprecationWarning: Creating an ndarray from ragged nested sequences (which is a list-or-tuple of lists-or-tuples-or ndarrays with different lengths or shapes) is deprecated. If you meant to do this, you must specify 'dtype=object' when creating the ndarray
  arr = N.array(data, dtype=dtype, copy=copy)
/users/jbenjami/.local/lib/python3.7/site-packages/numpy/matrixlib/defmatrix.py:145: VisibleDeprecationWarning: Creating an ndarray from ragged nested sequences (which is a list-or-tuple of lists-or-tuples-or ndarrays with different lengths or shapes) is deprecated. If you meant to do this, you must specify 'dtype=object' when creating the ndarray
  arr = N.array(data, dtype=dtype, copy=copy)
/users/jbenjami/.local/lib/python3.7/site-packages/numpy/matrixlib/defmatrix.py:145: VisibleDeprecationWarning: Creating an ndarray from ragged nested sequences (which is a list-or-tuple of lists-or-tuples-or ndarrays with different lengths or shapes) is deprecated. If you meant to do this, you must specify 'dtype=object' when creating the ndarray
  arr = N.array(data, dtype=dtype, copy=copy)
/users/jbenjami/.local/lib/python3.7/site-packages/numpy/matrixlib/defmatrix.py:145: VisibleDeprecationWarning: Creating an ndarray from ragged nested sequences (which is a list-or-tuple of lists-or-tuples-or ndarrays with different lengths or shapes) is deprecated. If you meant to do this, you must specify 'dtype=object' when creating the ndarray
  arr = N.array(data, dtype=dtype, copy=copy)
/users/jbenjami/.local/lib/python3.7/site-packages/numpy/matrixlib/defmatrix.py:145: VisibleDeprecationWarning: Creating an ndarray from ragged nested sequences (which is a list-or-tuple of lists-or-tuples-or ndarrays with different lengths or shapes) is deprecated. If you meant to do this, you must specify 'dtype=object' when creating the ndarray
  arr = N.array(data, dtype=dtype, copy=copy)
/users/jbenjami/.local/lib/python3.7/site-packages/numpy/matrixlib/defmatrix.py:145: VisibleDeprecationWarning: Creating an ndarray from ragged nested sequences (which is a list-or-tuple of lists-or-tuples-or ndarrays with different lengths or shapes) is deprecated. If you meant to do this, you must specify 'dtype=object' when creating the ndarray
  arr = N.array(data, dtype=dtype, copy=copy)
/users/jbenjami/.local/lib/python3.7/site-packages/numpy/matrixlib/defmatrix.py:145: VisibleDeprecationWarning: Creating an ndarray from ragged nested sequences (which is a list-or-tuple of lists-or-tuples-or ndarrays with different lengths or shapes) is deprecated. If you meant to do this, you must specify 'dtype=object' when creating the ndarray
  arr = N.array(data, dtype=dtype, copy=copy)
/users/jbenjami/.local/lib/python3.7/site-packages/numpy/matrixlib/defmatrix.py:145: VisibleDeprecationWarning: Creating an ndarray from ragged nested sequences (which is a list-or-tuple of lists-or-tuples-or ndarrays with different lengths or shapes) is deprecated. If you meant to do this, you must specify 'dtype=object' when creating the ndarray
  arr = N.array(data, dtype=dtype, copy=copy)
/users/jbenjami/.local/lib/python3.7/site-packages/numpy/matrixlib/defmatrix.py:145: VisibleDeprecationWarning: Creating an ndarray from ragged nested sequences (which is a list-or-tuple of lists-or-tuples-or ndarrays with different lengths or shapes) is deprecated. If you meant to do this, you must specify 'dtype=object' when creating the ndarray
  arr = N.array(data, dtype=dtype, copy=copy)
/users/jbenjami/.local/lib/python3.7/site-packages/numpy/matrixlib/defmatrix.py:145: VisibleDeprecationWarning: Creating an ndarray from ragged nested sequences (which is a list-or-tuple of lists-or-tuples-or ndarrays with different lengths or shapes) is deprecated. If you meant to do this, you must specify 'dtype=object' when creating the ndarray
  arr = N.array(data, dtype=dtype, copy=copy)
/users/jbenjami/.local/lib/python3.7/site-packages/numpy/matrixlib/defmatrix.py:145: VisibleDeprecationWarning: Creating an ndarray from ragged nested sequences (which is a list-or-tuple of lists-or-tuples-or ndarrays with different lengths or shapes) is deprecated. If you meant to do this, you must specify 'dtype=object' when creating the ndarray
  arr = N.array(data, dtype=dtype, copy=copy)
/users/jbenjami/.local/lib/python3.7/site-packages/numpy/matrixlib/defmatrix.py:145: VisibleDeprecationWarning: Creating an ndarray from ragged nested sequences (which is a list-or-tuple of lists-or-tuples-or ndarrays with different lengths or shapes) is deprecated. If you meant to do this, you must specify 'dtype=object' when creating the ndarray
  arr = N.array(data, dtype=dtype, copy=copy)
/users/jbenjami/.local/lib/python3.7/site-packages/numpy/matrixlib/defmatrix.py:145: VisibleDeprecationWarning: Creating an ndarray from ragged nested sequences (which is a list-or-tuple of lists-or-tuples-or ndarrays with different lengths or shapes) is deprecated. If you meant to do this, you must specify 'dtype=object' when creating the ndarray
  arr = N.array(data, dtype=dtype, copy=copy)
/users/jbenjami/.local/lib/python3.7/site-packages/numpy/matrixlib/defmatrix.py:145: VisibleDeprecationWarning: Creating an ndarray from ragged nested sequences (which is a list-or-tuple of lists-or-tuples-or ndarrays with different lengths or shapes) is deprecated. If you meant to do this, you must specify 'dtype=object' when creating the ndarray
  arr = N.array(data, dtype=dtype, copy=copy)
/users/jbenjami/.local/lib/python3.7/site-packages/numpy/matrixlib/defmatrix.py:145: VisibleDeprecationWarning: Creating an ndarray from ragged nested sequences (which is a list-or-tuple of lists-or-tuples-or ndarrays with different lengths or shapes) is deprecated. If you meant to do this, you must specify 'dtype=object' when creating the ndarray
  arr = N.array(data, dtype=dtype, copy=copy)
/users/jbenjami/.local/lib/python3.7/site-packages/numpy/matrixlib/defmatrix.py:145: VisibleDeprecationWarning: Creating an ndarray from ragged nested sequences (which is a list-or-tuple of lists-or-tuples-or ndarrays with different lengths or shapes) is deprecated. If you meant to do this, you must specify 'dtype=object' when creating the ndarray
  arr = N.array(data, dtype=dtype, copy=copy)
/users/jbenjami/.local/lib/python3.7/site-packages/numpy/matrixlib/defmatrix.py:145: VisibleDeprecationWarning: Creating an ndarray from ragged nested sequences (which is a list-or-tuple of lists-or-tuples-or ndarrays with different lengths or shapes) is deprecated. If you meant to do this, you must specify 'dtype=object' when creating the ndarray
  arr = N.array(data, dtype=dtype, copy=copy)
/users/jbenjami/.local/lib/python3.7/site-packages/numpy/matrixlib/defmatrix.py:145: VisibleDeprecationWarning: Creating an ndarray from ragged nested sequences (which is a list-or-tuple of lists-or-tuples-or ndarrays with different lengths or shapes) is deprecated. If you meant to do this, you must specify 'dtype=object' when creating the ndarray
  arr = N.array(data, dtype=dtype, copy=copy)
/users/jbenjami/.local/lib/python3.7/site-packages/numpy/matrixlib/defmatrix.py:145: VisibleDeprecationWarning: Creating an ndarray from ragged nested sequences (which is a list-or-tuple of lists-or-tuples-or ndarrays with different lengths or shapes) is deprecated. If you meant to do this, you must specify 'dtype=object' when creating the ndarray
  arr = N.array(data, dtype=dtype, copy=copy)
/users/jbenjami/.local/lib/python3.7/site-packages/numpy/matrixlib/defmatrix.py:145: VisibleDeprecationWarning: Creating an ndarray from ragged nested sequences (which is a list-or-tuple of lists-or-tuples-or ndarrays with different lengths or shapes) is deprecated. If you meant to do this, you must specify 'dtype=object' when creating the ndarray
  arr = N.array(data, dtype=dtype, copy=copy)
/users/jbenjami/.local/lib/python3.7/site-packages/numpy/matrixlib/defmatrix.py:145: VisibleDeprecationWarning: Creating an ndarray from ragged nested sequences (which is a list-or-tuple of lists-or-tuples-or ndarrays with different lengths or shapes) is deprecated. If you meant to do this, you must specify 'dtype=object' when creating the ndarray
  arr = N.array(data, dtype=dtype, copy=copy)
/users/jbenjami/.local/lib/python3.7/site-packages/numpy/matrixlib/defmatrix.py:145: VisibleDeprecationWarning: Creating an ndarray from ragged nested sequences (which is a list-or-tuple of lists-or-tuples-or ndarrays with different lengths or shapes) is deprecated. If you meant to do this, you must specify 'dtype=object' when creating the ndarray
  arr = N.array(data, dtype=dtype, copy=copy)
/users/jbenjami/.local/lib/python3.7/site-packages/numpy/matrixlib/defmatrix.py:145: VisibleDeprecationWarning: Creating an ndarray from ragged nested sequences (which is a list-or-tuple of lists-or-tuples-or ndarrays with different lengths or shapes) is deprecated. If you meant to do this, you must specify 'dtype=object' when creating the ndarray
  arr = N.array(data, dtype=dtype, copy=copy)
/users/jbenjami/.local/lib/python3.7/site-packages/numpy/matrixlib/defmatrix.py:145: VisibleDeprecationWarning: Creating an ndarray from ragged nested sequences (which is a list-or-tuple of lists-or-tuples-or ndarrays with different lengths or shapes) is deprecated. If you meant to do this, you must specify 'dtype=object' when creating the ndarray
  arr = N.array(data, dtype=dtype, copy=copy)
/users/jbenjami/.local/lib/python3.7/site-packages/numpy/matrixlib/defmatrix.py:145: VisibleDeprecationWarning: Creating an ndarray from ragged nested sequences (which is a list-or-tuple of lists-or-tuples-or ndarrays with different lengths or shapes) is deprecated. If you meant to do this, you must specify 'dtype=object' when creating the ndarray
  arr = N.array(data, dtype=dtype, copy=copy)
/users/jbenjami/.local/lib/python3.7/site-packages/numpy/matrixlib/defmatrix.py:145: VisibleDeprecationWarning: Creating an ndarray from ragged nested sequences (which is a list-or-tuple of lists-or-tuples-or ndarrays with different lengths or shapes) is deprecated. If you meant to do this, you must specify 'dtype=object' when creating the ndarray
  arr = N.array(data, dtype=dtype, copy=copy)
/users/jbenjami/.local/lib/python3.7/site-packages/numpy/matrixlib/defmatrix.py:145: VisibleDeprecationWarning: Creating an ndarray from ragged nested sequences (which is a list-or-tuple of lists-or-tuples-or ndarrays with different lengths or shapes) is deprecated. If you meant to do this, you must specify 'dtype=object' when creating the ndarray
  arr = N.array(data, dtype=dtype, copy=copy)
/users/jbenjami/.local/lib/python3.7/site-packages/numpy/matrixlib/defmatrix.py:145: VisibleDeprecationWarning: Creating an ndarray from ragged nested sequences (which is a list-or-tuple of lists-or-tuples-or ndarrays with different lengths or shapes) is deprecated. If you meant to do this, you must specify 'dtype=object' when creating the ndarray
  arr = N.array(data, dtype=dtype, copy=copy)
/users/jbenjami/.local/lib/python3.7/site-packages/numpy/matrixlib/defmatrix.py:145: VisibleDeprecationWarning: Creating an ndarray from ragged nested sequences (which is a list-or-tuple of lists-or-tuples-or ndarrays with different lengths or shapes) is deprecated. If you meant to do this, you must specify 'dtype=object' when creating the ndarray
  arr = N.array(data, dtype=dtype, copy=copy)
/users/jbenjami/.local/lib/python3.7/site-packages/numpy/matrixlib/defmatrix.py:145: VisibleDeprecationWarning: Creating an ndarray from ragged nested sequences (which is a list-or-tuple of lists-or-tuples-or ndarrays with different lengths or shapes) is deprecated. If you meant to do this, you must specify 'dtype=object' when creating the ndarray
  arr = N.array(data, dtype=dtype, copy=copy)
/users/jbenjami/.local/lib/python3.7/site-packages/numpy/matrixlib/defmatrix.py:145: VisibleDeprecationWarning: Creating an ndarray from ragged nested sequences (which is a list-or-tuple of lists-or-tuples-or ndarrays with different lengths or shapes) is deprecated. If you meant to do this, you must specify 'dtype=object' when creating the ndarray
  arr = N.array(data, dtype=dtype, copy=copy)
/users/jbenjami/.local/lib/python3.7/site-packages/numpy/matrixlib/defmatrix.py:145: VisibleDeprecationWarning: Creating an ndarray from ragged nested sequences (which is a list-or-tuple of lists-or-tuples-or ndarrays with different lengths or shapes) is deprecated. If you meant to do this, you must specify 'dtype=object' when creating the ndarray
  arr = N.array(data, dtype=dtype, copy=copy)
/users/jbenjami/.local/lib/python3.7/site-packages/numpy/matrixlib/defmatrix.py:145: VisibleDeprecationWarning: Creating an ndarray from ragged nested sequences (which is a list-or-tuple of lists-or-tuples-or ndarrays with different lengths or shapes) is deprecated. If you meant to do this, you must specify 'dtype=object' when creating the ndarray
  arr = N.array(data, dtype=dtype, copy=copy)
/users/jbenjami/.local/lib/python3.7/site-packages/numpy/matrixlib/defmatrix.py:145: VisibleDeprecationWarning: Creating an ndarray from ragged nested sequences (which is a list-or-tuple of lists-or-tuples-or ndarrays with different lengths or shapes) is deprecated. If you meant to do this, you must specify 'dtype=object' when creating the ndarray
  arr = N.array(data, dtype=dtype, copy=copy)
/users/jbenjami/.local/lib/python3.7/site-packages/numpy/matrixlib/defmatrix.py:145: VisibleDeprecationWarning: Creating an ndarray from ragged nested sequences (which is a list-or-tuple of lists-or-tuples-or ndarrays with different lengths or shapes) is deprecated. If you meant to do this, you must specify 'dtype=object' when creating the ndarray
  arr = N.array(data, dtype=dtype, copy=copy)
/users/jbenjami/.local/lib/python3.7/site-packages/numpy/matrixlib/defmatrix.py:145: VisibleDeprecationWarning: Creating an ndarray from ragged nested sequences (which is a list-or-tuple of lists-or-tuples-or ndarrays with different lengths or shapes) is deprecated. If you meant to do this, you must specify 'dtype=object' when creating the ndarray
  arr = N.array(data, dtype=dtype, copy=copy)
/users/jbenjami/.local/lib/python3.7/site-packages/numpy/matrixlib/defmatrix.py:145: VisibleDeprecationWarning: Creating an ndarray from ragged nested sequences (which is a list-or-tuple of lists-or-tuples-or ndarrays with different lengths or shapes) is deprecated. If you meant to do this, you must specify 'dtype=object' when creating the ndarray
  arr = N.array(data, dtype=dtype, copy=copy)
/users/jbenjami/.local/lib/python3.7/site-packages/numpy/matrixlib/defmatrix.py:145: VisibleDeprecationWarning: Creating an ndarray from ragged nested sequences (which is a list-or-tuple of lists-or-tuples-or ndarrays with different lengths or shapes) is deprecated. If you meant to do this, you must specify 'dtype=object' when creating the ndarray
  arr = N.array(data, dtype=dtype, copy=copy)
/users/jbenjami/.local/lib/python3.7/site-packages/numpy/matrixlib/defmatrix.py:145: VisibleDeprecationWarning: Creating an ndarray from ragged nested sequences (which is a list-or-tuple of lists-or-tuples-or ndarrays with different lengths or shapes) is deprecated. If you meant to do this, you must specify 'dtype=object' when creating the ndarray
  arr = N.array(data, dtype=dtype, copy=copy)
/users/jbenjami/.local/lib/python3.7/site-packages/numpy/matrixlib/defmatrix.py:145: VisibleDeprecationWarning: Creating an ndarray from ragged nested sequences (which is a list-or-tuple of lists-or-tuples-or ndarrays with different lengths or shapes) is deprecated. If you meant to do this, you must specify 'dtype=object' when creating the ndarray
  arr = N.array(data, dtype=dtype, copy=copy)
/users/jbenjami/.local/lib/python3.7/site-packages/numpy/matrixlib/defmatrix.py:145: VisibleDeprecationWarning: Creating an ndarray from ragged nested sequences (which is a list-or-tuple of lists-or-tuples-or ndarrays with different lengths or shapes) is deprecated. If you meant to do this, you must specify 'dtype=object' when creating the ndarray
  arr = N.array(data, dtype=dtype, copy=copy)
/users/jbenjami/.local/lib/python3.7/site-packages/numpy/matrixlib/defmatrix.py:145: VisibleDeprecationWarning: Creating an ndarray from ragged nested sequences (which is a list-or-tuple of lists-or-tuples-or ndarrays with different lengths or shapes) is deprecated. If you meant to do this, you must specify 'dtype=object' when creating the ndarray
  arr = N.array(data, dtype=dtype, copy=copy)
/users/jbenjami/.local/lib/python3.7/site-packages/numpy/matrixlib/defmatrix.py:145: VisibleDeprecationWarning: Creating an ndarray from ragged nested sequences (which is a list-or-tuple of lists-or-tuples-or ndarrays with different lengths or shapes) is deprecated. If you meant to do this, you must specify 'dtype=object' when creating the ndarray
  arr = N.array(data, dtype=dtype, copy=copy)
/users/jbenjami/.local/lib/python3.7/site-packages/numpy/matrixlib/defmatrix.py:145: VisibleDeprecationWarning: Creating an ndarray from ragged nested sequences (which is a list-or-tuple of lists-or-tuples-or ndarrays with different lengths or shapes) is deprecated. If you meant to do this, you must specify 'dtype=object' when creating the ndarray
  arr = N.array(data, dtype=dtype, copy=copy)
/users/jbenjami/.local/lib/python3.7/site-packages/numpy/matrixlib/defmatrix.py:145: VisibleDeprecationWarning: Creating an ndarray from ragged nested sequences (which is a list-or-tuple of lists-or-tuples-or ndarrays with different lengths or shapes) is deprecated. If you meant to do this, you must specify 'dtype=object' when creating the ndarray
  arr = N.array(data, dtype=dtype, copy=copy)
/users/jbenjami/.local/lib/python3.7/site-packages/numpy/matrixlib/defmatrix.py:145: VisibleDeprecationWarning: Creating an ndarray from ragged nested sequences (which is a list-or-tuple of lists-or-tuples-or ndarrays with different lengths or shapes) is deprecated. If you meant to do this, you must specify 'dtype=object' when creating the ndarray
  arr = N.array(data, dtype=dtype, copy=copy)
/users/jbenjami/.local/lib/python3.7/site-packages/numpy/matrixlib/defmatrix.py:145: VisibleDeprecationWarning: Creating an ndarray from ragged nested sequences (which is a list-or-tuple of lists-or-tuples-or ndarrays with different lengths or shapes) is deprecated. If you meant to do this, you must specify 'dtype=object' when creating the ndarray
  arr = N.array(data, dtype=dtype, copy=copy)
/users/jbenjami/.local/lib/python3.7/site-packages/numpy/matrixlib/defmatrix.py:145: VisibleDeprecationWarning: Creating an ndarray from ragged nested sequences (which is a list-or-tuple of lists-or-tuples-or ndarrays with different lengths or shapes) is deprecated. If you meant to do this, you must specify 'dtype=object' when creating the ndarray
  arr = N.array(data, dtype=dtype, copy=copy)
/users/jbenjami/.local/lib/python3.7/site-packages/numpy/matrixlib/defmatrix.py:145: VisibleDeprecationWarning: Creating an ndarray from ragged nested sequences (which is a list-or-tuple of lists-or-tuples-or ndarrays with different lengths or shapes) is deprecated. If you meant to do this, you must specify 'dtype=object' when creating the ndarray
  arr = N.array(data, dtype=dtype, copy=copy)
/users/jbenjami/.local/lib/python3.7/site-packages/numpy/matrixlib/defmatrix.py:145: VisibleDeprecationWarning: Creating an ndarray from ragged nested sequences (which is a list-or-tuple of lists-or-tuples-or ndarrays with different lengths or shapes) is deprecated. If you meant to do this, you must specify 'dtype=object' when creating the ndarray
  arr = N.array(data, dtype=dtype, copy=copy)
/users/jbenjami/.local/lib/python3.7/site-packages/numpy/matrixlib/defmatrix.py:145: VisibleDeprecationWarning: Creating an ndarray from ragged nested sequences (which is a list-or-tuple of lists-or-tuples-or ndarrays with different lengths or shapes) is deprecated. If you meant to do this, you must specify 'dtype=object' when creating the ndarray
  arr = N.array(data, dtype=dtype, copy=copy)
/users/jbenjami/.local/lib/python3.7/site-packages/numpy/matrixlib/defmatrix.py:145: VisibleDeprecationWarning: Creating an ndarray from ragged nested sequences (which is a list-or-tuple of lists-or-tuples-or ndarrays with different lengths or shapes) is deprecated. If you meant to do this, you must specify 'dtype=object' when creating the ndarray
  arr = N.array(data, dtype=dtype, copy=copy)
/users/jbenjami/.local/lib/python3.7/site-packages/numpy/matrixlib/defmatrix.py:145: VisibleDeprecationWarning: Creating an ndarray from ragged nested sequences (which is a list-or-tuple of lists-or-tuples-or ndarrays with different lengths or shapes) is deprecated. If you meant to do this, you must specify 'dtype=object' when creating the ndarray
  arr = N.array(data, dtype=dtype, copy=copy)
/users/jbenjami/.local/lib/python3.7/site-packages/numpy/matrixlib/defmatrix.py:145: VisibleDeprecationWarning: Creating an ndarray from ragged nested sequences (which is a list-or-tuple of lists-or-tuples-or ndarrays with different lengths or shapes) is deprecated. If you meant to do this, you must specify 'dtype=object' when creating the ndarray
  arr = N.array(data, dtype=dtype, copy=copy)
/users/jbenjami/.local/lib/python3.7/site-packages/numpy/matrixlib/defmatrix.py:145: VisibleDeprecationWarning: Creating an ndarray from ragged nested sequences (which is a list-or-tuple of lists-or-tuples-or ndarrays with different lengths or shapes) is deprecated. If you meant to do this, you must specify 'dtype=object' when creating the ndarray
  arr = N.array(data, dtype=dtype, copy=copy)
/users/jbenjami/.local/lib/python3.7/site-packages/numpy/matrixlib/defmatrix.py:145: VisibleDeprecationWarning: Creating an ndarray from ragged nested sequences (which is a list-or-tuple of lists-or-tuples-or ndarrays with different lengths or shapes) is deprecated. If you meant to do this, you must specify 'dtype=object' when creating the ndarray
  arr = N.array(data, dtype=dtype, copy=copy)
/users/jbenjami/.local/lib/python3.7/site-packages/numpy/matrixlib/defmatrix.py:145: VisibleDeprecationWarning: Creating an ndarray from ragged nested sequences (which is a list-or-tuple of lists-or-tuples-or ndarrays with different lengths or shapes) is deprecated. If you meant to do this, you must specify 'dtype=object' when creating the ndarray
  arr = N.array(data, dtype=dtype, copy=copy)
/users/jbenjami/.local/lib/python3.7/site-packages/numpy/matrixlib/defmatrix.py:145: VisibleDeprecationWarning: Creating an ndarray from ragged nested sequences (which is a list-or-tuple of lists-or-tuples-or ndarrays with different lengths or shapes) is deprecated. If you meant to do this, you must specify 'dtype=object' when creating the ndarray
  arr = N.array(data, dtype=dtype, copy=copy)
/users/jbenjami/.local/lib/python3.7/site-packages/numpy/matrixlib/defmatrix.py:145: VisibleDeprecationWarning: Creating an ndarray from ragged nested sequences (which is a list-or-tuple of lists-or-tuples-or ndarrays with different lengths or shapes) is deprecated. If you meant to do this, you must specify 'dtype=object' when creating the ndarray
  arr = N.array(data, dtype=dtype, copy=copy)
/users/jbenjami/.local/lib/python3.7/site-packages/numpy/matrixlib/defmatrix.py:145: VisibleDeprecationWarning: Creating an ndarray from ragged nested sequences (which is a list-or-tuple of lists-or-tuples-or ndarrays with different lengths or shapes) is deprecated. If you meant to do this, you must specify 'dtype=object' when creating the ndarray
  arr = N.array(data, dtype=dtype, copy=copy)
/users/jbenjami/.local/lib/python3.7/site-packages/numpy/matrixlib/defmatrix.py:145: VisibleDeprecationWarning: Creating an ndarray from ragged nested sequences (which is a list-or-tuple of lists-or-tuples-or ndarrays with different lengths or shapes) is deprecated. If you meant to do this, you must specify 'dtype=object' when creating the ndarray
  arr = N.array(data, dtype=dtype, copy=copy)
/users/jbenjami/.local/lib/python3.7/site-packages/numpy/matrixlib/defmatrix.py:145: VisibleDeprecationWarning: Creating an ndarray from ragged nested sequences (which is a list-or-tuple of lists-or-tuples-or ndarrays with different lengths or shapes) is deprecated. If you meant to do this, you must specify 'dtype=object' when creating the ndarray
  arr = N.array(data, dtype=dtype, copy=copy)
/users/jbenjami/.local/lib/python3.7/site-packages/numpy/matrixlib/defmatrix.py:145: VisibleDeprecationWarning: Creating an ndarray from ragged nested sequences (which is a list-or-tuple of lists-or-tuples-or ndarrays with different lengths or shapes) is deprecated. If you meant to do this, you must specify 'dtype=object' when creating the ndarray
  arr = N.array(data, dtype=dtype, copy=copy)
/users/jbenjami/.local/lib/python3.7/site-packages/numpy/matrixlib/defmatrix.py:145: VisibleDeprecationWarning: Creating an ndarray from ragged nested sequences (which is a list-or-tuple of lists-or-tuples-or ndarrays with different lengths or shapes) is deprecated. If you meant to do this, you must specify 'dtype=object' when creating the ndarray
  arr = N.array(data, dtype=dtype, copy=copy)
/users/jbenjami/.local/lib/python3.7/site-packages/numpy/matrixlib/defmatrix.py:145: VisibleDeprecationWarning: Creating an ndarray from ragged nested sequences (which is a list-or-tuple of lists-or-tuples-or ndarrays with different lengths or shapes) is deprecated. If you meant to do this, you must specify 'dtype=object' when creating the ndarray
  arr = N.array(data, dtype=dtype, copy=copy)
/users/jbenjami/.local/lib/python3.7/site-packages/numpy/matrixlib/defmatrix.py:145: VisibleDeprecationWarning: Creating an ndarray from ragged nested sequences (which is a list-or-tuple of lists-or-tuples-or ndarrays with different lengths or shapes) is deprecated. If you meant to do this, you must specify 'dtype=object' when creating the ndarray
  arr = N.array(data, dtype=dtype, copy=copy)
/users/jbenjami/.local/lib/python3.7/site-packages/numpy/matrixlib/defmatrix.py:145: VisibleDeprecationWarning: Creating an ndarray from ragged nested sequences (which is a list-or-tuple of lists-or-tuples-or ndarrays with different lengths or shapes) is deprecated. If you meant to do this, you must specify 'dtype=object' when creating the ndarray
  arr = N.array(data, dtype=dtype, copy=copy)
/users/jbenjami/.local/lib/python3.7/site-packages/numpy/matrixlib/defmatrix.py:145: VisibleDeprecationWarning: Creating an ndarray from ragged nested sequences (which is a list-or-tuple of lists-or-tuples-or ndarrays with different lengths or shapes) is deprecated. If you meant to do this, you must specify 'dtype=object' when creating the ndarray
  arr = N.array(data, dtype=dtype, copy=copy)
/users/jbenjami/.local/lib/python3.7/site-packages/numpy/matrixlib/defmatrix.py:145: VisibleDeprecationWarning: Creating an ndarray from ragged nested sequences (which is a list-or-tuple of lists-or-tuples-or ndarrays with different lengths or shapes) is deprecated. If you meant to do this, you must specify 'dtype=object' when creating the ndarray
  arr = N.array(data, dtype=dtype, copy=copy)
/users/jbenjami/.local/lib/python3.7/site-packages/numpy/matrixlib/defmatrix.py:145: VisibleDeprecationWarning: Creating an ndarray from ragged nested sequences (which is a list-or-tuple of lists-or-tuples-or ndarrays with different lengths or shapes) is deprecated. If you meant to do this, you must specify 'dtype=object' when creating the ndarray
  arr = N.array(data, dtype=dtype, copy=copy)
/users/jbenjami/.local/lib/python3.7/site-packages/numpy/matrixlib/defmatrix.py:145: VisibleDeprecationWarning: Creating an ndarray from ragged nested sequences (which is a list-or-tuple of lists-or-tuples-or ndarrays with different lengths or shapes) is deprecated. If you meant to do this, you must specify 'dtype=object' when creating the ndarray
  arr = N.array(data, dtype=dtype, copy=copy)
/users/jbenjami/.local/lib/python3.7/site-packages/numpy/matrixlib/defmatrix.py:145: VisibleDeprecationWarning: Creating an ndarray from ragged nested sequences (which is a list-or-tuple of lists-or-tuples-or ndarrays with different lengths or shapes) is deprecated. If you meant to do this, you must specify 'dtype=object' when creating the ndarray
  arr = N.array(data, dtype=dtype, copy=copy)
/users/jbenjami/.local/lib/python3.7/site-packages/numpy/matrixlib/defmatrix.py:145: VisibleDeprecationWarning: Creating an ndarray from ragged nested sequences (which is a list-or-tuple of lists-or-tuples-or ndarrays with different lengths or shapes) is deprecated. If you meant to do this, you must specify 'dtype=object' when creating the ndarray
  arr = N.array(data, dtype=dtype, copy=copy)
/users/jbenjami/.local/lib/python3.7/site-packages/numpy/matrixlib/defmatrix.py:145: VisibleDeprecationWarning: Creating an ndarray from ragged nested sequences (which is a list-or-tuple of lists-or-tuples-or ndarrays with different lengths or shapes) is deprecated. If you meant to do this, you must specify 'dtype=object' when creating the ndarray
  arr = N.array(data, dtype=dtype, copy=copy)
/users/jbenjami/.local/lib/python3.7/site-packages/numpy/matrixlib/defmatrix.py:145: VisibleDeprecationWarning: Creating an ndarray from ragged nested sequences (which is a list-or-tuple of lists-or-tuples-or ndarrays with different lengths or shapes) is deprecated. If you meant to do this, you must specify 'dtype=object' when creating the ndarray
  arr = N.array(data, dtype=dtype, copy=copy)
/users/jbenjami/.local/lib/python3.7/site-packages/numpy/matrixlib/defmatrix.py:145: VisibleDeprecationWarning: Creating an ndarray from ragged nested sequences (which is a list-or-tuple of lists-or-tuples-or ndarrays with different lengths or shapes) is deprecated. If you meant to do this, you must specify 'dtype=object' when creating the ndarray
  arr = N.array(data, dtype=dtype, copy=copy)
/users/jbenjami/.local/lib/python3.7/site-packages/numpy/matrixlib/defmatrix.py:145: VisibleDeprecationWarning: Creating an ndarray from ragged nested sequences (which is a list-or-tuple of lists-or-tuples-or ndarrays with different lengths or shapes) is deprecated. If you meant to do this, you must specify 'dtype=object' when creating the ndarray
  arr = N.array(data, dtype=dtype, copy=copy)
/users/jbenjami/.local/lib/python3.7/site-packages/numpy/matrixlib/defmatrix.py:145: VisibleDeprecationWarning: Creating an ndarray from ragged nested sequences (which is a list-or-tuple of lists-or-tuples-or ndarrays with different lengths or shapes) is deprecated. If you meant to do this, you must specify 'dtype=object' when creating the ndarray
  arr = N.array(data, dtype=dtype, copy=copy)
/users/jbenjami/.local/lib/python3.7/site-packages/numpy/matrixlib/defmatrix.py:145: VisibleDeprecationWarning: Creating an ndarray from ragged nested sequences (which is a list-or-tuple of lists-or-tuples-or ndarrays with different lengths or shapes) is deprecated. If you meant to do this, you must specify 'dtype=object' when creating the ndarray
  arr = N.array(data, dtype=dtype, copy=copy)
/users/jbenjami/.local/lib/python3.7/site-packages/numpy/matrixlib/defmatrix.py:145: VisibleDeprecationWarning: Creating an ndarray from ragged nested sequences (which is a list-or-tuple of lists-or-tuples-or ndarrays with different lengths or shapes) is deprecated. If you meant to do this, you must specify 'dtype=object' when creating the ndarray
  arr = N.array(data, dtype=dtype, copy=copy)
/users/jbenjami/.local/lib/python3.7/site-packages/numpy/matrixlib/defmatrix.py:145: VisibleDeprecationWarning: Creating an ndarray from ragged nested sequences (which is a list-or-tuple of lists-or-tuples-or ndarrays with different lengths or shapes) is deprecated. If you meant to do this, you must specify 'dtype=object' when creating the ndarray
  arr = N.array(data, dtype=dtype, copy=copy)
/users/jbenjami/.local/lib/python3.7/site-packages/numpy/matrixlib/defmatrix.py:145: VisibleDeprecationWarning: Creating an ndarray from ragged nested sequences (which is a list-or-tuple of lists-or-tuples-or ndarrays with different lengths or shapes) is deprecated. If you meant to do this, you must specify 'dtype=object' when creating the ndarray
  arr = N.array(data, dtype=dtype, copy=copy)
