
Attaching package: ‘dplyr’

The following objects are masked from ‘package:stats’:

    filter, lag

The following objects are masked from ‘package:base’:

    intersect, setdiff, setequal, union

[1] "2021-07-19 16:35:16 EDT"
    user   system  elapsed 
1065.391   60.940 1276.361 
─ Session info ───────────────────────────────────────────────────────────────────────────────────────────────────────
 setting  value                       
 version  R version 3.6.1 (2019-07-05)
 os       CentOS Linux 7 (Core)       
 system   x86_64, linux-gnu           
 ui       X11                         
 language (EN)                        
 collate  en_US.UTF-8                 
 ctype    en_US.UTF-8                 
 tz       US/Eastern                  
 date     2021-07-19                  

─ Packages ───────────────────────────────────────────────────────────────────────────────────────────────────────────
 package     * version date       lib source        
 argparse    * 2.0.3   2020-10-19 [1] CRAN (R 3.6.1)
 cli           2.5.0   2021-04-26 [1] CRAN (R 3.6.1)
 crayon        1.4.1   2021-02-08 [1] CRAN (R 3.6.1)
 data.table    1.14.0  2021-02-21 [1] CRAN (R 3.6.1)
 digest        0.6.27  2020-10-24 [1] CRAN (R 3.6.1)
 dplyr       * 1.0.2   2020-08-18 [2] CRAN (R 3.6.1)
 ellipsis      0.3.2   2021-04-29 [1] CRAN (R 3.6.1)
 findpython    1.0.7   2021-01-27 [1] CRAN (R 3.6.1)
 generics      0.1.0   2020-10-31 [2] CRAN (R 3.6.1)
 glue          1.4.2   2020-08-27 [1] CRAN (R 3.6.1)
 jsonlite      1.7.2   2020-12-09 [2] CRAN (R 3.6.1)
 lifecycle     1.0.0   2021-02-15 [1] CRAN (R 3.6.1)
 magrittr      2.0.1   2020-11-17 [2] CRAN (R 3.6.1)
 memoise       1.1.0   2017-04-21 [2] CRAN (R 3.6.1)
 pillar        1.4.7   2020-11-20 [2] CRAN (R 3.6.1)
 pkgconfig     2.0.3   2019-09-22 [2] CRAN (R 3.6.1)
 purrr         0.3.4   2020-04-17 [1] CRAN (R 3.6.1)
 R6            2.5.0   2020-10-28 [2] CRAN (R 3.6.1)
 rlang         0.4.10  2020-12-30 [1] CRAN (R 3.6.1)
 sessioninfo   1.1.1   2018-11-05 [2] CRAN (R 3.6.1)
 tibble        3.0.4   2020-10-12 [2] CRAN (R 3.6.1)
 tidyselect    1.1.1   2021-04-30 [1] CRAN (R 3.6.1)
 vctrs         0.3.6   2020-12-17 [1] CRAN (R 3.6.1)
 withr         2.3.0   2020-09-22 [2] CRAN (R 3.6.1)

[1] /users/jbenjami/R/x86_64-pc-linux-gnu-library/3.6
[2] /jhpce/shared/jhpce/core/R/3.6.1/lib64/R/library
Processing genotype position file.
Processing phenotype position file.
Processing genotype matrix.
Processing Matrix-eQTL tests file.
Performing eigenMT correction.
100.0 out of 6407 completed (1.561%)
200.0 out of 6407 completed (3.122%)
300.0 out of 6407 completed (4.682%)
400.0 out of 6407 completed (6.243%)
500.0 out of 6407 completed (7.804%)
600.0 out of 6407 completed (9.365%)
700.0 out of 6407 completed (10.926%)
800.0 out of 6407 completed (12.486%)
900.0 out of 6407 completed (14.047%)
1000.0 out of 6407 completed (15.608%)
1100.0 out of 6407 completed (17.169%)
1200.0 out of 6407 completed (18.73%)
1300.0 out of 6407 completed (20.29%)
1400.0 out of 6407 completed (21.851%)
1500.0 out of 6407 completed (23.412%)
1600.0 out of 6407 completed (24.973%)
1700.0 out of 6407 completed (26.533%)
1800.0 out of 6407 completed (28.094%)
1900.0 out of 6407 completed (29.655%)
2000.0 out of 6407 completed (31.216%)
2100.0 out of 6407 completed (32.777%)
2200.0 out of 6407 completed (34.337%)
2300.0 out of 6407 completed (35.898%)
2400.0 out of 6407 completed (37.459%)
2500.0 out of 6407 completed (39.02%)
2600.0 out of 6407 completed (40.581%)
2700.0 out of 6407 completed (42.141%)
2800.0 out of 6407 completed (43.702%)
2900.0 out of 6407 completed (45.263%)
3000.0 out of 6407 completed (46.824%)
3100.0 out of 6407 completed (48.385%)
3200.0 out of 6407 completed (49.945%)
3300.0 out of 6407 completed (51.506%)
3400.0 out of 6407 completed (53.067%)
3500.0 out of 6407 completed (54.628%)
3600.0 out of 6407 completed (56.189%)
3700.0 out of 6407 completed (57.749%)
3800.0 out of 6407 completed (59.31%)
3900.0 out of 6407 completed (60.871%)
4000.0 out of 6407 completed (62.432%)
4100.0 out of 6407 completed (63.993%)
4200.0 out of 6407 completed (65.553%)
4300.0 out of 6407 completed (67.114%)
4400.0 out of 6407 completed (68.675%)
4500.0 out of 6407 completed (70.236%)
4600.0 out of 6407 completed (71.796%)
4700.0 out of 6407 completed (73.357%)
4800.0 out of 6407 completed (74.918%)
4900.0 out of 6407 completed (76.479%)
5000.0 out of 6407 completed (78.04%)
5100.0 out of 6407 completed (79.6%)
5200.0 out of 6407 completed (81.161%)
5300.0 out of 6407 completed (82.722%)
5400.0 out of 6407 completed (84.283%)
5500.0 out of 6407 completed (85.844%)
5600.0 out of 6407 completed (87.404%)
5700.0 out of 6407 completed (88.965%)
5800.0 out of 6407 completed (90.526%)
5900.0 out of 6407 completed (92.087%)
6000.0 out of 6407 completed (93.648%)
6100.0 out of 6407 completed (95.208%)
6200.0 out of 6407 completed (96.769%)
6300.0 out of 6407 completed (98.33%)
6400.0 out of 6407 completed (99.891%)
