
Attaching package: ‘dplyr’

The following objects are masked from ‘package:stats’:

    filter, lag

The following objects are masked from ‘package:base’:

    intersect, setdiff, setequal, union

[1] "2021-07-19 19:15:13 EDT"
    user   system  elapsed 
 995.416   70.566 1161.291 
─ Session info ───────────────────────────────────────────────────────────────────────────────────────────────────────
 setting  value                       
 version  R version 3.6.1 (2019-07-05)
 os       CentOS Linux 7 (Core)       
 system   x86_64, linux-gnu           
 ui       X11                         
 language (EN)                        
 collate  en_US.UTF-8                 
 ctype    en_US.UTF-8                 
 tz       US/Eastern                  
 date     2021-07-19                  

─ Packages ───────────────────────────────────────────────────────────────────────────────────────────────────────────
 package     * version date       lib source        
 argparse    * 2.0.3   2020-10-19 [1] CRAN (R 3.6.1)
 cli           2.5.0   2021-04-26 [1] CRAN (R 3.6.1)
 crayon        1.4.1   2021-02-08 [1] CRAN (R 3.6.1)
 data.table    1.14.0  2021-02-21 [1] CRAN (R 3.6.1)
 digest        0.6.27  2020-10-24 [1] CRAN (R 3.6.1)
 dplyr       * 1.0.2   2020-08-18 [2] CRAN (R 3.6.1)
 ellipsis      0.3.2   2021-04-29 [1] CRAN (R 3.6.1)
 findpython    1.0.7   2021-01-27 [1] CRAN (R 3.6.1)
 generics      0.1.0   2020-10-31 [2] CRAN (R 3.6.1)
 glue          1.4.2   2020-08-27 [1] CRAN (R 3.6.1)
 jsonlite      1.7.2   2020-12-09 [2] CRAN (R 3.6.1)
 lifecycle     1.0.0   2021-02-15 [1] CRAN (R 3.6.1)
 magrittr      2.0.1   2020-11-17 [2] CRAN (R 3.6.1)
 memoise       1.1.0   2017-04-21 [2] CRAN (R 3.6.1)
 pillar        1.4.7   2020-11-20 [2] CRAN (R 3.6.1)
 pkgconfig     2.0.3   2019-09-22 [2] CRAN (R 3.6.1)
 purrr         0.3.4   2020-04-17 [1] CRAN (R 3.6.1)
 R6            2.5.0   2020-10-28 [2] CRAN (R 3.6.1)
 rlang         0.4.10  2020-12-30 [1] CRAN (R 3.6.1)
 sessioninfo   1.1.1   2018-11-05 [2] CRAN (R 3.6.1)
 tibble        3.0.4   2020-10-12 [2] CRAN (R 3.6.1)
 tidyselect    1.1.1   2021-04-30 [1] CRAN (R 3.6.1)
 vctrs         0.3.6   2020-12-17 [1] CRAN (R 3.6.1)
 withr         2.3.0   2020-09-22 [2] CRAN (R 3.6.1)

[1] /users/jbenjami/R/x86_64-pc-linux-gnu-library/3.6
[2] /jhpce/shared/jhpce/core/R/3.6.1/lib64/R/library
Processing genotype position file.
Processing phenotype position file.
Processing genotype matrix.
Processing Matrix-eQTL tests file.
Performing eigenMT correction.
100.0 out of 7412 completed (1.349%)
200.0 out of 7412 completed (2.698%)
300.0 out of 7412 completed (4.047%)
400.0 out of 7412 completed (5.397%)
500.0 out of 7412 completed (6.746%)
600.0 out of 7412 completed (8.095%)
700.0 out of 7412 completed (9.444%)
800.0 out of 7412 completed (10.793%)
900.0 out of 7412 completed (12.142%)
1000.0 out of 7412 completed (13.492%)
1100.0 out of 7412 completed (14.841%)
1200.0 out of 7412 completed (16.19%)
1300.0 out of 7412 completed (17.539%)
1400.0 out of 7412 completed (18.888%)
1500.0 out of 7412 completed (20.237%)
1600.0 out of 7412 completed (21.587%)
1700.0 out of 7412 completed (22.936%)
1800.0 out of 7412 completed (24.285%)
1900.0 out of 7412 completed (25.634%)
2000.0 out of 7412 completed (26.983%)
2100.0 out of 7412 completed (28.332%)
2200.0 out of 7412 completed (29.682%)
2300.0 out of 7412 completed (31.031%)
2400.0 out of 7412 completed (32.38%)
2500.0 out of 7412 completed (33.729%)
2600.0 out of 7412 completed (35.078%)
2700.0 out of 7412 completed (36.427%)
2800.0 out of 7412 completed (37.777%)
2900.0 out of 7412 completed (39.126%)
3000.0 out of 7412 completed (40.475%)
3100.0 out of 7412 completed (41.824%)
3200.0 out of 7412 completed (43.173%)
3300.0 out of 7412 completed (44.522%)
3400.0 out of 7412 completed (45.872%)
3500.0 out of 7412 completed (47.221%)
3600.0 out of 7412 completed (48.57%)
3700.0 out of 7412 completed (49.919%)
3800.0 out of 7412 completed (51.268%)
3900.0 out of 7412 completed (52.617%)
4000.0 out of 7412 completed (53.967%)
4100.0 out of 7412 completed (55.316%)
4200.0 out of 7412 completed (56.665%)
4300.0 out of 7412 completed (58.014%)
4400.0 out of 7412 completed (59.363%)
4500.0 out of 7412 completed (60.712%)
4600.0 out of 7412 completed (62.062%)
4700.0 out of 7412 completed (63.411%)
4800.0 out of 7412 completed (64.76%)
4900.0 out of 7412 completed (66.109%)
5000.0 out of 7412 completed (67.458%)
5100.0 out of 7412 completed (68.807%)
5200.0 out of 7412 completed (70.157%)
5300.0 out of 7412 completed (71.506%)
5400.0 out of 7412 completed (72.855%)
5500.0 out of 7412 completed (74.204%)
5600.0 out of 7412 completed (75.553%)
5700.0 out of 7412 completed (76.902%)
5800.0 out of 7412 completed (78.251%)
5900.0 out of 7412 completed (79.601%)
6000.0 out of 7412 completed (80.95%)
6100.0 out of 7412 completed (82.299%)
6200.0 out of 7412 completed (83.648%)
6300.0 out of 7412 completed (84.997%)
6400.0 out of 7412 completed (86.346%)
6500.0 out of 7412 completed (87.696%)
6600.0 out of 7412 completed (89.045%)
6700.0 out of 7412 completed (90.394%)
6800.0 out of 7412 completed (91.743%)
6900.0 out of 7412 completed (93.092%)
7000.0 out of 7412 completed (94.441%)
7100.0 out of 7412 completed (95.791%)
7200.0 out of 7412 completed (97.14%)
7300.0 out of 7412 completed (98.489%)
7400.0 out of 7412 completed (99.838%)
