
Attaching package: ‘dplyr’

The following objects are masked from ‘package:stats’:

    filter, lag

The following objects are masked from ‘package:base’:

    intersect, setdiff, setequal, union

[1] "2021-07-19 20:05:44 EDT"
   user  system elapsed 
747.207  44.912 941.101 
─ Session info ───────────────────────────────────────────────────────────────────────────────────────────────────────
 setting  value                       
 version  R version 3.6.1 (2019-07-05)
 os       CentOS Linux 7 (Core)       
 system   x86_64, linux-gnu           
 ui       X11                         
 language (EN)                        
 collate  en_US.UTF-8                 
 ctype    en_US.UTF-8                 
 tz       US/Eastern                  
 date     2021-07-19                  

─ Packages ───────────────────────────────────────────────────────────────────────────────────────────────────────────
 package     * version date       lib source        
 argparse    * 2.0.3   2020-10-19 [1] CRAN (R 3.6.1)
 cli           2.5.0   2021-04-26 [1] CRAN (R 3.6.1)
 crayon        1.4.1   2021-02-08 [1] CRAN (R 3.6.1)
 data.table    1.14.0  2021-02-21 [1] CRAN (R 3.6.1)
 digest        0.6.27  2020-10-24 [1] CRAN (R 3.6.1)
 dplyr       * 1.0.2   2020-08-18 [2] CRAN (R 3.6.1)
 ellipsis      0.3.2   2021-04-29 [1] CRAN (R 3.6.1)
 findpython    1.0.7   2021-01-27 [1] CRAN (R 3.6.1)
 generics      0.1.0   2020-10-31 [2] CRAN (R 3.6.1)
 glue          1.4.2   2020-08-27 [1] CRAN (R 3.6.1)
 jsonlite      1.7.2   2020-12-09 [2] CRAN (R 3.6.1)
 lifecycle     1.0.0   2021-02-15 [1] CRAN (R 3.6.1)
 magrittr      2.0.1   2020-11-17 [2] CRAN (R 3.6.1)
 memoise       1.1.0   2017-04-21 [2] CRAN (R 3.6.1)
 pillar        1.4.7   2020-11-20 [2] CRAN (R 3.6.1)
 pkgconfig     2.0.3   2019-09-22 [2] CRAN (R 3.6.1)
 purrr         0.3.4   2020-04-17 [1] CRAN (R 3.6.1)
 R6            2.5.0   2020-10-28 [2] CRAN (R 3.6.1)
 rlang         0.4.10  2020-12-30 [1] CRAN (R 3.6.1)
 sessioninfo   1.1.1   2018-11-05 [2] CRAN (R 3.6.1)
 tibble        3.0.4   2020-10-12 [2] CRAN (R 3.6.1)
 tidyselect    1.1.1   2021-04-30 [1] CRAN (R 3.6.1)
 vctrs         0.3.6   2020-12-17 [1] CRAN (R 3.6.1)
 withr         2.3.0   2020-09-22 [2] CRAN (R 3.6.1)

[1] /users/jbenjami/R/x86_64-pc-linux-gnu-library/3.6
[2] /jhpce/shared/jhpce/core/R/3.6.1/lib64/R/library
Processing genotype position file.
Processing phenotype position file.
Processing genotype matrix.
Processing Matrix-eQTL tests file.
Performing eigenMT correction.
100.0 out of 8803 completed (1.136%)
200.0 out of 8803 completed (2.272%)
300.0 out of 8803 completed (3.408%)
400.0 out of 8803 completed (4.544%)
500.0 out of 8803 completed (5.68%)
600.0 out of 8803 completed (6.816%)
700.0 out of 8803 completed (7.952%)
800.0 out of 8803 completed (9.088%)
900.0 out of 8803 completed (10.224%)
1000.0 out of 8803 completed (11.36%)
1100.0 out of 8803 completed (12.496%)
1200.0 out of 8803 completed (13.632%)
1300.0 out of 8803 completed (14.768%)
1400.0 out of 8803 completed (15.904%)
1500.0 out of 8803 completed (17.04%)
1600.0 out of 8803 completed (18.176%)
1700.0 out of 8803 completed (19.312%)
1800.0 out of 8803 completed (20.448%)
1900.0 out of 8803 completed (21.584%)
2000.0 out of 8803 completed (22.72%)
2100.0 out of 8803 completed (23.856%)
2200.0 out of 8803 completed (24.991%)
2300.0 out of 8803 completed (26.127%)
2400.0 out of 8803 completed (27.263%)
2500.0 out of 8803 completed (28.399%)
2600.0 out of 8803 completed (29.535%)
2700.0 out of 8803 completed (30.671%)
2800.0 out of 8803 completed (31.807%)
2900.0 out of 8803 completed (32.943%)
3000.0 out of 8803 completed (34.079%)
3100.0 out of 8803 completed (35.215%)
3200.0 out of 8803 completed (36.351%)
3300.0 out of 8803 completed (37.487%)
3400.0 out of 8803 completed (38.623%)
3500.0 out of 8803 completed (39.759%)
3600.0 out of 8803 completed (40.895%)
3700.0 out of 8803 completed (42.031%)
3800.0 out of 8803 completed (43.167%)
3900.0 out of 8803 completed (44.303%)
4000.0 out of 8803 completed (45.439%)
4100.0 out of 8803 completed (46.575%)
4200.0 out of 8803 completed (47.711%)
4300.0 out of 8803 completed (48.847%)
4400.0 out of 8803 completed (49.983%)
4500.0 out of 8803 completed (51.119%)
4600.0 out of 8803 completed (52.255%)
4700.0 out of 8803 completed (53.391%)
4800.0 out of 8803 completed (54.527%)
4900.0 out of 8803 completed (55.663%)
5000.0 out of 8803 completed (56.799%)
5100.0 out of 8803 completed (57.935%)
5200.0 out of 8803 completed (59.071%)
5300.0 out of 8803 completed (60.207%)
5400.0 out of 8803 completed (61.343%)
5500.0 out of 8803 completed (62.479%)
5600.0 out of 8803 completed (63.615%)
5700.0 out of 8803 completed (64.751%)
5800.0 out of 8803 completed (65.887%)
5900.0 out of 8803 completed (67.023%)
6000.0 out of 8803 completed (68.159%)
6100.0 out of 8803 completed (69.295%)
6200.0 out of 8803 completed (70.431%)
6300.0 out of 8803 completed (71.567%)
6400.0 out of 8803 completed (72.702%)
6500.0 out of 8803 completed (73.838%)
6600.0 out of 8803 completed (74.974%)
6700.0 out of 8803 completed (76.11%)
6800.0 out of 8803 completed (77.246%)
6900.0 out of 8803 completed (78.382%)
7000.0 out of 8803 completed (79.518%)
7100.0 out of 8803 completed (80.654%)
7200.0 out of 8803 completed (81.79%)
7300.0 out of 8803 completed (82.926%)
7400.0 out of 8803 completed (84.062%)
7500.0 out of 8803 completed (85.198%)
7600.0 out of 8803 completed (86.334%)
7700.0 out of 8803 completed (87.47%)
7800.0 out of 8803 completed (88.606%)
7900.0 out of 8803 completed (89.742%)
8000.0 out of 8803 completed (90.878%)
8100.0 out of 8803 completed (92.014%)
8200.0 out of 8803 completed (93.15%)
8300.0 out of 8803 completed (94.286%)
8400.0 out of 8803 completed (95.422%)
8500.0 out of 8803 completed (96.558%)
8600.0 out of 8803 completed (97.694%)
8700.0 out of 8803 completed (98.83%)
8800.0 out of 8803 completed (99.966%)
