
Attaching package: ‘dplyr’

The following objects are masked from ‘package:stats’:

    filter, lag

The following objects are masked from ‘package:base’:

    intersect, setdiff, setequal, union

[1] "2021-07-19 19:58:32 EDT"
   user  system elapsed 
579.997  25.974 736.775 
─ Session info ───────────────────────────────────────────────────────────────────────────────────────────────────────
 setting  value                       
 version  R version 3.6.1 (2019-07-05)
 os       CentOS Linux 7 (Core)       
 system   x86_64, linux-gnu           
 ui       X11                         
 language (EN)                        
 collate  en_US.UTF-8                 
 ctype    en_US.UTF-8                 
 tz       US/Eastern                  
 date     2021-07-19                  

─ Packages ───────────────────────────────────────────────────────────────────────────────────────────────────────────
 package     * version date       lib source        
 argparse    * 2.0.3   2020-10-19 [1] CRAN (R 3.6.1)
 cli           2.5.0   2021-04-26 [1] CRAN (R 3.6.1)
 crayon        1.4.1   2021-02-08 [1] CRAN (R 3.6.1)
 data.table    1.14.0  2021-02-21 [1] CRAN (R 3.6.1)
 digest        0.6.27  2020-10-24 [1] CRAN (R 3.6.1)
 dplyr       * 1.0.2   2020-08-18 [2] CRAN (R 3.6.1)
 ellipsis      0.3.2   2021-04-29 [1] CRAN (R 3.6.1)
 findpython    1.0.7   2021-01-27 [1] CRAN (R 3.6.1)
 generics      0.1.0   2020-10-31 [2] CRAN (R 3.6.1)
 glue          1.4.2   2020-08-27 [1] CRAN (R 3.6.1)
 jsonlite      1.7.2   2020-12-09 [2] CRAN (R 3.6.1)
 lifecycle     1.0.0   2021-02-15 [1] CRAN (R 3.6.1)
 magrittr      2.0.1   2020-11-17 [2] CRAN (R 3.6.1)
 memoise       1.1.0   2017-04-21 [2] CRAN (R 3.6.1)
 pillar        1.4.7   2020-11-20 [2] CRAN (R 3.6.1)
 pkgconfig     2.0.3   2019-09-22 [2] CRAN (R 3.6.1)
 purrr         0.3.4   2020-04-17 [1] CRAN (R 3.6.1)
 R6            2.5.0   2020-10-28 [2] CRAN (R 3.6.1)
 rlang         0.4.10  2020-12-30 [1] CRAN (R 3.6.1)
 sessioninfo   1.1.1   2018-11-05 [2] CRAN (R 3.6.1)
 tibble        3.0.4   2020-10-12 [2] CRAN (R 3.6.1)
 tidyselect    1.1.1   2021-04-30 [1] CRAN (R 3.6.1)
 vctrs         0.3.6   2020-12-17 [1] CRAN (R 3.6.1)
 withr         2.3.0   2020-09-22 [2] CRAN (R 3.6.1)

[1] /users/jbenjami/R/x86_64-pc-linux-gnu-library/3.6
[2] /jhpce/shared/jhpce/core/R/3.6.1/lib64/R/library
Processing genotype position file.
Processing phenotype position file.
Processing genotype matrix.
Processing Matrix-eQTL tests file.
Performing eigenMT correction.
100.0 out of 9794 completed (1.021%)
200.0 out of 9794 completed (2.042%)
300.0 out of 9794 completed (3.063%)
400.0 out of 9794 completed (4.084%)
500.0 out of 9794 completed (5.105%)
600.0 out of 9794 completed (6.126%)
700.0 out of 9794 completed (7.147%)
800.0 out of 9794 completed (8.168%)
900.0 out of 9794 completed (9.189%)
1000.0 out of 9794 completed (10.21%)
1100.0 out of 9794 completed (11.231%)
1200.0 out of 9794 completed (12.252%)
1300.0 out of 9794 completed (13.273%)
1400.0 out of 9794 completed (14.294%)
1500.0 out of 9794 completed (15.315%)
1600.0 out of 9794 completed (16.337%)
1700.0 out of 9794 completed (17.358%)
1800.0 out of 9794 completed (18.379%)
1900.0 out of 9794 completed (19.4%)
2000.0 out of 9794 completed (20.421%)
2100.0 out of 9794 completed (21.442%)
2200.0 out of 9794 completed (22.463%)
2300.0 out of 9794 completed (23.484%)
2400.0 out of 9794 completed (24.505%)
2500.0 out of 9794 completed (25.526%)
2600.0 out of 9794 completed (26.547%)
2700.0 out of 9794 completed (27.568%)
2800.0 out of 9794 completed (28.589%)
2900.0 out of 9794 completed (29.61%)
3000.0 out of 9794 completed (30.631%)
3100.0 out of 9794 completed (31.652%)
3200.0 out of 9794 completed (32.673%)
3300.0 out of 9794 completed (33.694%)
3400.0 out of 9794 completed (34.715%)
3500.0 out of 9794 completed (35.736%)
3600.0 out of 9794 completed (36.757%)
3700.0 out of 9794 completed (37.778%)
3800.0 out of 9794 completed (38.799%)
3900.0 out of 9794 completed (39.82%)
4000.0 out of 9794 completed (40.841%)
4100.0 out of 9794 completed (41.862%)
4200.0 out of 9794 completed (42.883%)
4300.0 out of 9794 completed (43.904%)
4400.0 out of 9794 completed (44.925%)
4500.0 out of 9794 completed (45.946%)
4600.0 out of 9794 completed (46.968%)
4700.0 out of 9794 completed (47.989%)
4800.0 out of 9794 completed (49.01%)
4900.0 out of 9794 completed (50.031%)
5000.0 out of 9794 completed (51.052%)
5100.0 out of 9794 completed (52.073%)
5200.0 out of 9794 completed (53.094%)
5300.0 out of 9794 completed (54.115%)
5400.0 out of 9794 completed (55.136%)
5500.0 out of 9794 completed (56.157%)
5600.0 out of 9794 completed (57.178%)
5700.0 out of 9794 completed (58.199%)
5800.0 out of 9794 completed (59.22%)
5900.0 out of 9794 completed (60.241%)
6000.0 out of 9794 completed (61.262%)
6100.0 out of 9794 completed (62.283%)
6200.0 out of 9794 completed (63.304%)
6300.0 out of 9794 completed (64.325%)
6400.0 out of 9794 completed (65.346%)
6500.0 out of 9794 completed (66.367%)
6600.0 out of 9794 completed (67.388%)
6700.0 out of 9794 completed (68.409%)
6800.0 out of 9794 completed (69.43%)
6900.0 out of 9794 completed (70.451%)
7000.0 out of 9794 completed (71.472%)
7100.0 out of 9794 completed (72.493%)
7200.0 out of 9794 completed (73.514%)
7300.0 out of 9794 completed (74.535%)
7400.0 out of 9794 completed (75.556%)
7500.0 out of 9794 completed (76.577%)
7600.0 out of 9794 completed (77.599%)
7700.0 out of 9794 completed (78.62%)
7800.0 out of 9794 completed (79.641%)
7900.0 out of 9794 completed (80.662%)
8000.0 out of 9794 completed (81.683%)
8100.0 out of 9794 completed (82.704%)
8200.0 out of 9794 completed (83.725%)
8300.0 out of 9794 completed (84.746%)
8400.0 out of 9794 completed (85.767%)
8500.0 out of 9794 completed (86.788%)
8600.0 out of 9794 completed (87.809%)
8700.0 out of 9794 completed (88.83%)
8800.0 out of 9794 completed (89.851%)
8900.0 out of 9794 completed (90.872%)
9000.0 out of 9794 completed (91.893%)
9100.0 out of 9794 completed (92.914%)
9200.0 out of 9794 completed (93.935%)
9300.0 out of 9794 completed (94.956%)
9400.0 out of 9794 completed (95.977%)
9500.0 out of 9794 completed (96.998%)
9600.0 out of 9794 completed (98.019%)
9700.0 out of 9794 completed (99.04%)
