
Attaching package: ‘dplyr’

The following objects are masked from ‘package:stats’:

    filter, lag

The following objects are masked from ‘package:base’:

    intersect, setdiff, setequal, union

[1] "2021-07-19 20:00:46 EDT"
   user  system elapsed 
734.205  31.645 883.094 
─ Session info ───────────────────────────────────────────────────────────────────────────────────────────────────────
 setting  value                       
 version  R version 3.6.1 (2019-07-05)
 os       CentOS Linux 7 (Core)       
 system   x86_64, linux-gnu           
 ui       X11                         
 language (EN)                        
 collate  en_US.UTF-8                 
 ctype    en_US.UTF-8                 
 tz       US/Eastern                  
 date     2021-07-19                  

─ Packages ───────────────────────────────────────────────────────────────────────────────────────────────────────────
 package     * version date       lib source        
 argparse    * 2.0.3   2020-10-19 [1] CRAN (R 3.6.1)
 cli           2.5.0   2021-04-26 [1] CRAN (R 3.6.1)
 crayon        1.4.1   2021-02-08 [1] CRAN (R 3.6.1)
 data.table    1.14.0  2021-02-21 [1] CRAN (R 3.6.1)
 digest        0.6.27  2020-10-24 [1] CRAN (R 3.6.1)
 dplyr       * 1.0.2   2020-08-18 [2] CRAN (R 3.6.1)
 ellipsis      0.3.2   2021-04-29 [1] CRAN (R 3.6.1)
 findpython    1.0.7   2021-01-27 [1] CRAN (R 3.6.1)
 generics      0.1.0   2020-10-31 [2] CRAN (R 3.6.1)
 glue          1.4.2   2020-08-27 [1] CRAN (R 3.6.1)
 jsonlite      1.7.2   2020-12-09 [2] CRAN (R 3.6.1)
 lifecycle     1.0.0   2021-02-15 [1] CRAN (R 3.6.1)
 magrittr      2.0.1   2020-11-17 [2] CRAN (R 3.6.1)
 memoise       1.1.0   2017-04-21 [2] CRAN (R 3.6.1)
 pillar        1.4.7   2020-11-20 [2] CRAN (R 3.6.1)
 pkgconfig     2.0.3   2019-09-22 [2] CRAN (R 3.6.1)
 purrr         0.3.4   2020-04-17 [1] CRAN (R 3.6.1)
 R6            2.5.0   2020-10-28 [2] CRAN (R 3.6.1)
 rlang         0.4.10  2020-12-30 [1] CRAN (R 3.6.1)
 sessioninfo   1.1.1   2018-11-05 [2] CRAN (R 3.6.1)
 tibble        3.0.4   2020-10-12 [2] CRAN (R 3.6.1)
 tidyselect    1.1.1   2021-04-30 [1] CRAN (R 3.6.1)
 vctrs         0.3.6   2020-12-17 [1] CRAN (R 3.6.1)
 withr         2.3.0   2020-09-22 [2] CRAN (R 3.6.1)

[1] /users/jbenjami/R/x86_64-pc-linux-gnu-library/3.6
[2] /jhpce/shared/jhpce/core/R/3.6.1/lib64/R/library
Processing genotype position file.
Processing phenotype position file.
Processing genotype matrix.
Processing Matrix-eQTL tests file.
Performing eigenMT correction.
100.0 out of 7385 completed (1.354%)
200.0 out of 7385 completed (2.708%)
300.0 out of 7385 completed (4.062%)
400.0 out of 7385 completed (5.416%)
500.0 out of 7385 completed (6.77%)
600.0 out of 7385 completed (8.125%)
700.0 out of 7385 completed (9.479%)
800.0 out of 7385 completed (10.833%)
900.0 out of 7385 completed (12.187%)
1000.0 out of 7385 completed (13.541%)
1100.0 out of 7385 completed (14.895%)
1200.0 out of 7385 completed (16.249%)
1300.0 out of 7385 completed (17.603%)
1400.0 out of 7385 completed (18.957%)
1500.0 out of 7385 completed (20.311%)
1600.0 out of 7385 completed (21.666%)
1700.0 out of 7385 completed (23.02%)
1800.0 out of 7385 completed (24.374%)
1900.0 out of 7385 completed (25.728%)
2000.0 out of 7385 completed (27.082%)
2100.0 out of 7385 completed (28.436%)
2200.0 out of 7385 completed (29.79%)
2300.0 out of 7385 completed (31.144%)
2400.0 out of 7385 completed (32.498%)
2500.0 out of 7385 completed (33.852%)
2600.0 out of 7385 completed (35.206%)
2700.0 out of 7385 completed (36.561%)
2800.0 out of 7385 completed (37.915%)
2900.0 out of 7385 completed (39.269%)
3000.0 out of 7385 completed (40.623%)
3100.0 out of 7385 completed (41.977%)
3200.0 out of 7385 completed (43.331%)
3300.0 out of 7385 completed (44.685%)
3400.0 out of 7385 completed (46.039%)
3500.0 out of 7385 completed (47.393%)
3600.0 out of 7385 completed (48.747%)
3700.0 out of 7385 completed (50.102%)
3800.0 out of 7385 completed (51.456%)
3900.0 out of 7385 completed (52.81%)
4000.0 out of 7385 completed (54.164%)
4100.0 out of 7385 completed (55.518%)
4200.0 out of 7385 completed (56.872%)
4300.0 out of 7385 completed (58.226%)
4400.0 out of 7385 completed (59.58%)
4500.0 out of 7385 completed (60.934%)
4600.0 out of 7385 completed (62.288%)
4700.0 out of 7385 completed (63.643%)
4800.0 out of 7385 completed (64.997%)
4900.0 out of 7385 completed (66.351%)
5000.0 out of 7385 completed (67.705%)
5100.0 out of 7385 completed (69.059%)
5200.0 out of 7385 completed (70.413%)
5300.0 out of 7385 completed (71.767%)
5400.0 out of 7385 completed (73.121%)
5500.0 out of 7385 completed (74.475%)
5600.0 out of 7385 completed (75.829%)
5700.0 out of 7385 completed (77.183%)
5800.0 out of 7385 completed (78.538%)
5900.0 out of 7385 completed (79.892%)
6000.0 out of 7385 completed (81.246%)
6100.0 out of 7385 completed (82.6%)
6200.0 out of 7385 completed (83.954%)
6300.0 out of 7385 completed (85.308%)
6400.0 out of 7385 completed (86.662%)
6500.0 out of 7385 completed (88.016%)
6600.0 out of 7385 completed (89.37%)
6700.0 out of 7385 completed (90.724%)
6800.0 out of 7385 completed (92.079%)
6900.0 out of 7385 completed (93.433%)
7000.0 out of 7385 completed (94.787%)
7100.0 out of 7385 completed (96.141%)
7200.0 out of 7385 completed (97.495%)
7300.0 out of 7385 completed (98.849%)
