
Attaching package: ‘dplyr’

The following objects are masked from ‘package:stats’:

    filter, lag

The following objects are masked from ‘package:base’:

    intersect, setdiff, setequal, union

[1] "2021-07-19 18:49:50 EDT"
    user   system  elapsed 
1334.547   88.370 1636.309 
─ Session info ───────────────────────────────────────────────────────────────────────────────────────────────────────
 setting  value                       
 version  R version 3.6.1 (2019-07-05)
 os       CentOS Linux 7 (Core)       
 system   x86_64, linux-gnu           
 ui       X11                         
 language (EN)                        
 collate  en_US.UTF-8                 
 ctype    en_US.UTF-8                 
 tz       US/Eastern                  
 date     2021-07-19                  

─ Packages ───────────────────────────────────────────────────────────────────────────────────────────────────────────
 package     * version date       lib source        
 argparse    * 2.0.3   2020-10-19 [1] CRAN (R 3.6.1)
 cli           2.5.0   2021-04-26 [1] CRAN (R 3.6.1)
 crayon        1.4.1   2021-02-08 [1] CRAN (R 3.6.1)
 data.table    1.14.0  2021-02-21 [1] CRAN (R 3.6.1)
 digest        0.6.27  2020-10-24 [1] CRAN (R 3.6.1)
 dplyr       * 1.0.2   2020-08-18 [2] CRAN (R 3.6.1)
 ellipsis      0.3.2   2021-04-29 [1] CRAN (R 3.6.1)
 findpython    1.0.7   2021-01-27 [1] CRAN (R 3.6.1)
 generics      0.1.0   2020-10-31 [2] CRAN (R 3.6.1)
 glue          1.4.2   2020-08-27 [1] CRAN (R 3.6.1)
 jsonlite      1.7.2   2020-12-09 [2] CRAN (R 3.6.1)
 lifecycle     1.0.0   2021-02-15 [1] CRAN (R 3.6.1)
 magrittr      2.0.1   2020-11-17 [2] CRAN (R 3.6.1)
 memoise       1.1.0   2017-04-21 [2] CRAN (R 3.6.1)
 pillar        1.4.7   2020-11-20 [2] CRAN (R 3.6.1)
 pkgconfig     2.0.3   2019-09-22 [2] CRAN (R 3.6.1)
 purrr         0.3.4   2020-04-17 [1] CRAN (R 3.6.1)
 R6            2.5.0   2020-10-28 [2] CRAN (R 3.6.1)
 rlang         0.4.10  2020-12-30 [1] CRAN (R 3.6.1)
 sessioninfo   1.1.1   2018-11-05 [2] CRAN (R 3.6.1)
 tibble        3.0.4   2020-10-12 [2] CRAN (R 3.6.1)
 tidyselect    1.1.1   2021-04-30 [1] CRAN (R 3.6.1)
 vctrs         0.3.6   2020-12-17 [1] CRAN (R 3.6.1)
 withr         2.3.0   2020-09-22 [2] CRAN (R 3.6.1)

[1] /users/jbenjami/R/x86_64-pc-linux-gnu-library/3.6
[2] /jhpce/shared/jhpce/core/R/3.6.1/lib64/R/library
Processing genotype position file.
Processing phenotype position file.
Processing genotype matrix.
Processing Matrix-eQTL tests file.
Performing eigenMT correction.
100.0 out of 7304 completed (1.369%)
200.0 out of 7304 completed (2.738%)
300.0 out of 7304 completed (4.107%)
400.0 out of 7304 completed (5.476%)
500.0 out of 7304 completed (6.846%)
600.0 out of 7304 completed (8.215%)
700.0 out of 7304 completed (9.584%)
800.0 out of 7304 completed (10.953%)
900.0 out of 7304 completed (12.322%)
1000.0 out of 7304 completed (13.691%)
1100.0 out of 7304 completed (15.06%)
1200.0 out of 7304 completed (16.429%)
1300.0 out of 7304 completed (17.798%)
1400.0 out of 7304 completed (19.168%)
1500.0 out of 7304 completed (20.537%)
1600.0 out of 7304 completed (21.906%)
1700.0 out of 7304 completed (23.275%)
1800.0 out of 7304 completed (24.644%)
1900.0 out of 7304 completed (26.013%)
2000.0 out of 7304 completed (27.382%)
2100.0 out of 7304 completed (28.751%)
2200.0 out of 7304 completed (30.12%)
2300.0 out of 7304 completed (31.49%)
2400.0 out of 7304 completed (32.859%)
2500.0 out of 7304 completed (34.228%)
2600.0 out of 7304 completed (35.597%)
2700.0 out of 7304 completed (36.966%)
2800.0 out of 7304 completed (38.335%)
2900.0 out of 7304 completed (39.704%)
3000.0 out of 7304 completed (41.073%)
3100.0 out of 7304 completed (42.442%)
3200.0 out of 7304 completed (43.812%)
3300.0 out of 7304 completed (45.181%)
3400.0 out of 7304 completed (46.55%)
3500.0 out of 7304 completed (47.919%)
3600.0 out of 7304 completed (49.288%)
3700.0 out of 7304 completed (50.657%)
3800.0 out of 7304 completed (52.026%)
3900.0 out of 7304 completed (53.395%)
4000.0 out of 7304 completed (54.765%)
4100.0 out of 7304 completed (56.134%)
4200.0 out of 7304 completed (57.503%)
4300.0 out of 7304 completed (58.872%)
4400.0 out of 7304 completed (60.241%)
4500.0 out of 7304 completed (61.61%)
4600.0 out of 7304 completed (62.979%)
4700.0 out of 7304 completed (64.348%)
4800.0 out of 7304 completed (65.717%)
4900.0 out of 7304 completed (67.087%)
5000.0 out of 7304 completed (68.456%)
5100.0 out of 7304 completed (69.825%)
5200.0 out of 7304 completed (71.194%)
5300.0 out of 7304 completed (72.563%)
5400.0 out of 7304 completed (73.932%)
5500.0 out of 7304 completed (75.301%)
5600.0 out of 7304 completed (76.67%)
5700.0 out of 7304 completed (78.039%)
5800.0 out of 7304 completed (79.409%)
5900.0 out of 7304 completed (80.778%)
6000.0 out of 7304 completed (82.147%)
6100.0 out of 7304 completed (83.516%)
6200.0 out of 7304 completed (84.885%)
6300.0 out of 7304 completed (86.254%)
6400.0 out of 7304 completed (87.623%)
6500.0 out of 7304 completed (88.992%)
6600.0 out of 7304 completed (90.361%)
6700.0 out of 7304 completed (91.731%)
6800.0 out of 7304 completed (93.1%)
6900.0 out of 7304 completed (94.469%)
7000.0 out of 7304 completed (95.838%)
7100.0 out of 7304 completed (97.207%)
7200.0 out of 7304 completed (98.576%)
7300.0 out of 7304 completed (99.945%)
