 - Computing 202267 x 253 likelihood matrix.
 - Computing 202266 x 253 likelihood matrix.
 - Computing 202266 x 253 likelihood matrix.
 - Computing 202266 x 253 likelihood matrix.
 - Computing 202266 x 253 likelihood matrix.
 - Computing 202266 x 253 likelihood matrix.
 - Computing 202266 x 253 likelihood matrix.
 - Computing 202266 x 253 likelihood matrix.
 - Likelihood calculations took 59.38 seconds.
 - Computing posterior matrices.
 - Likelihood calculations took 59.13 seconds.
 - Computing posterior matrices.
 - Likelihood calculations took 58.01 seconds.
 - Computing posterior matrices.
 - Likelihood calculations took 58.83 seconds.
 - Computing posterior matrices.
 - Computation allocated took 2.54 seconds.
 - Likelihood calculations took 58.46 seconds.
 - Computing posterior matrices.
 - Likelihood calculations took 60.09 seconds.
 - Computing posterior matrices.
 - Computing 202266 x 253 likelihood matrix.
 - Computation allocated took 2.56 seconds.
 - Likelihood calculations took 58.42 seconds.
 - Computing posterior matrices.
 - Likelihood calculations took 60.28 seconds.
 - Computing posterior matrices.
 - Computing 202266 x 253 likelihood matrix.
 - Computation allocated took 2.49 seconds.
 - Computation allocated took 2.49 seconds.
 - Computing 202267 x 253 likelihood matrix.
 - Computing 202266 x 253 likelihood matrix.
 - Computation allocated took 2.44 seconds.
 - Computing 202266 x 253 likelihood matrix.
 - Computation allocated took 2.43 seconds.
 - Computing 202266 x 253 likelihood matrix.
 - Computation allocated took 2.62 seconds.
 - Computation allocated took 2.56 seconds.
 - Computing 202266 x 253 likelihood matrix.
 - Computing 202266 x 253 likelihood matrix.
 - Likelihood calculations took 57.71 seconds.
 - Computing posterior matrices.
 - Likelihood calculations took 58.90 seconds.
 - Computing posterior matrices.
 - Likelihood calculations took 57.06 seconds.
 - Computing posterior matrices.
 - Likelihood calculations took 57.30 seconds.
 - Computing posterior matrices.
 - Computation allocated took 2.46 seconds.
 - Likelihood calculations took 57.17 seconds.
 - Computing posterior matrices.
 - Computing 202266 x 253 likelihood matrix.
 - Computation allocated took 2.50 seconds.
 - Likelihood calculations took 56.98 seconds.
 - Computing posterior matrices.
 - Computing 202266 x 253 likelihood matrix.
 - Computation allocated took 2.43 seconds.
 - Computing 202266 x 253 likelihood matrix.
 - Computation allocated took 2.41 seconds.
 - Likelihood calculations took 57.73 seconds.
 - Computing posterior matrices.
 - Computing 202266 x 253 likelihood matrix.
 - Computation allocated took 2.57 seconds.
 - Computing 202267 x 253 likelihood matrix.
 - Computation allocated took 2.45 seconds.
 - Likelihood calculations took 57.76 seconds.
 - Computing posterior matrices.
 - Computing 202266 x 253 likelihood matrix.
 - Computation allocated took 2.72 seconds.
 - Computing 202266 x 253 likelihood matrix.
 - Computation allocated took 2.48 seconds.
 - Computing 202266 x 253 likelihood matrix.
 - Likelihood calculations took 57.99 seconds.
 - Computing posterior matrices.
 - Likelihood calculations took 58.59 seconds.
 - Computing posterior matrices.
 - Likelihood calculations took 57.03 seconds.
 - Computing posterior matrices.
 - Computation allocated took 2.47 seconds.
 - Likelihood calculations took 56.42 seconds.
 - Computing posterior matrices.
 - Computing 202266 x 253 likelihood matrix.
 - Likelihood calculations took 57.75 seconds.
 - Computing posterior matrices.
 - Likelihood calculations took 57.00 seconds.
 - Computing posterior matrices.
 - Computation allocated took 2.49 seconds.
 - Computation allocated took 2.46 seconds.
 - Computing 202266 x 253 likelihood matrix.
 - Computing 202266 x 253 likelihood matrix.
 - Likelihood calculations took 57.90 seconds.
 - Computing posterior matrices.
 - Computation allocated took 2.47 seconds.
 - Computation allocated took 2.56 seconds.
 - Computation allocated took 2.49 seconds.
 - Computing 202266 x 253 likelihood matrix.
 - Computing 202266 x 253 likelihood matrix.
 - Computing 202267 x 253 likelihood matrix.
 - Likelihood calculations took 58.61 seconds.
 - Computing posterior matrices.
 - Computation allocated took 2.48 seconds.
 - Computing 202266 x 253 likelihood matrix.
 - Computation allocated took 2.45 seconds.
 - Computing 202266 x 253 likelihood matrix.
 - Likelihood calculations took 57.29 seconds.
 - Computing posterior matrices.
 - Computation allocated took 2.48 seconds.
 - Likelihood calculations took 56.69 seconds.
 - Likelihood calculations took 58.75 seconds.
 - Computing posterior matrices.
 - Computing posterior matrices.
 - Computing 202266 x 253 likelihood matrix.
 - Likelihood calculations took 56.65 seconds.
 - Computing posterior matrices.
 - Likelihood calculations took 56.84 seconds.
 - Computing posterior matrices.
 - Likelihood calculations took 57.12 seconds.
 - Computing posterior matrices.
 - Computation allocated took 2.46 seconds.
 - Computation allocated took 2.68 seconds.
 - Computing 202266 x 253 likelihood matrix.
 - Computing 202266 x 253 likelihood matrix.
 - Likelihood calculations took 57.53 seconds.
 - Computing posterior matrices.
 - Computation allocated took 2.46 seconds.
 - Computation allocated took 2.43 seconds.
 - Computing 202266 x 253 likelihood matrix.
 - Computation allocated took 2.45 seconds.
 - Computing 202266 x 253 likelihood matrix.
 - Computing 202266 x 253 likelihood matrix.
 - Computation allocated took 2.49 seconds.
 - Computing 202267 x 253 likelihood matrix.
 - Likelihood calculations took 58.33 seconds.
 - Computing posterior matrices.
 - Likelihood calculations took 57.69 seconds.
 - Computing posterior matrices.
 - Computation allocated took 2.74 seconds.
 - Computing 202266 x 253 likelihood matrix.
 - Computation allocated took 2.43 seconds.
 - Computing 202267 x 253 likelihood matrix.
 - Likelihood calculations took 57.69 seconds.
 - Computing posterior matrices.
 - Likelihood calculations took 58.76 seconds.
 - Computing posterior matrices.
 - Likelihood calculations took 57.30 seconds.
 - Computing posterior matrices.
 - Likelihood calculations took 57.27 seconds.
 - Computing posterior matrices.
 - Likelihood calculations took 57.26 seconds.
 - Computing posterior matrices.
 - Computation allocated took 2.45 seconds.
 - Computation allocated took 2.53 seconds.
 - Likelihood calculations took 57.57 seconds.
 - Computing posterior matrices.
 - Computing 202266 x 253 likelihood matrix.
 - Computing 202266 x 253 likelihood matrix.
 - Computation allocated took 2.46 seconds.
 - Computation allocated took 2.66 seconds.
 - Computing 202266 x 253 likelihood matrix.
 - Computing 202266 x 253 likelihood matrix.
 - Computation allocated took 2.45 seconds.
 - Computing 202266 x 253 likelihood matrix.
 - Computation allocated took 2.46 seconds.
 - Computing 202266 x 253 likelihood matrix.
 - Likelihood calculations took 58.57 seconds.
 - Computing posterior matrices.
 - Likelihood calculations took 58.07 seconds.
 - Computing posterior matrices.
 - Computation allocated took 2.51 seconds.
 - Computing 202266 x 253 likelihood matrix.
 - Computation allocated took 2.73 seconds.
 - Computing 202266 x 253 likelihood matrix.
 - Likelihood calculations took 58.11 seconds.
 - Computing posterior matrices.
 - Likelihood calculations took 57.86 seconds.
 - Computing posterior matrices.
 - Likelihood calculations took 58.00 seconds.
 - Likelihood calculations took 57.55 seconds.
 - Computing posterior matrices.
 - Computing posterior matrices.
 - Computation allocated took 2.66 seconds.
 - Likelihood calculations took 57.02 seconds.
 - Computing posterior matrices.
 - Computation allocated took 2.50 seconds.
 - Likelihood calculations took 57.92 seconds.
 - Computing posterior matrices.
 - Computing 202267 x 253 likelihood matrix.
 - Computing 202266 x 253 likelihood matrix.
 - Computation allocated took 2.46 seconds.
 - Computation allocated took 2.46 seconds.
 - Computing 202266 x 253 likelihood matrix.
 - Computing 202266 x 253 likelihood matrix.
 - Computation allocated took 2.46 seconds.
 - Computation allocated took 2.47 seconds.
 - Computing 202266 x 253 likelihood matrix.
 - Computing 202266 x 253 likelihood matrix.
 - Likelihood calculations took 58.05 seconds.
 - Computing posterior matrices.
 - Likelihood calculations took 57.93 seconds.
 - Computing posterior matrices.
 - Computation allocated took 2.47 seconds.
 - Computing 202266 x 253 likelihood matrix.
 - Likelihood calculations took 58.93 seconds.
 - Computing posterior matrices.
 - Likelihood calculations took 58.02 seconds.
 - Computing posterior matrices.
 - Likelihood calculations took 57.17 seconds.
 - Computation allocated took 2.43 seconds.
 - Computing posterior matrices.
 - Likelihood calculations took 58.06 seconds.
 - Computing posterior matrices.
 - Computing 202266 x 253 likelihood matrix.
 - Computation allocated took 2.59 seconds.
 - Computation allocated took 2.44 seconds.
 - Likelihood calculations took 58.19 seconds.
 - Computing posterior matrices.
 - Computing 202266 x 253 likelihood matrix.
 - Likelihood calculations took 57.66 seconds.
 - Computing posterior matrices.
 - Computing 202266 x 253 likelihood matrix.
 - Computation allocated took 2.43 seconds.
 - Computation allocated took 2.47 seconds.
 - Computing 202266 x 253 likelihood matrix.
 - Computing 202266 x 253 likelihood matrix.
 - Computation allocated took 2.64 seconds.
 - Computation allocated took 2.45 seconds.
 - Computing 202266 x 253 likelihood matrix.
 - Computing 202266 x 253 likelihood matrix.
 - Likelihood calculations took 58.70 seconds.
 - Computing posterior matrices.
 - Computation allocated took 2.43 seconds.
 - Computing 202266 x 253 likelihood matrix.
 - Likelihood calculations took 57.85 seconds.
 - Computing posterior matrices.
 - Likelihood calculations took 57.10 seconds.
 - Computing posterior matrices.
 - Likelihood calculations took 59.02 seconds.
 - Computing posterior matrices.
 - Likelihood calculations took 57.23 seconds.
 - Computing posterior matrices.
 - Likelihood calculations took 57.55 seconds.
 - Computing posterior matrices.
 - Computation allocated took 2.57 seconds.
 - Computation allocated took 2.52 seconds.
 - Computation allocated took 2.56 seconds.
 - Computation allocated took 2.47 seconds.
 - Computing 202266 x 253 likelihood matrix.
 - Computing 202267 x 253 likelihood matrix.
 - Likelihood calculations took 58.18 seconds.
 - Computing 202266 x 253 likelihood matrix.
 - Computing posterior matrices.
 - Computing 202266 x 253 likelihood matrix.
 - Computation allocated took 2.52 seconds.
 - Likelihood calculations took 57.29 seconds.
 - Computing posterior matrices.
 - Computing 202266 x 253 likelihood matrix.
 - Computation allocated took 2.45 seconds.
 - Computing 202266 x 253 likelihood matrix.
 - Computation allocated took 2.47 seconds.
 - Likelihood calculations took 58.09 seconds.
 - Computing posterior matrices.
 - Computing 202266 x 253 likelihood matrix.
 - Computation allocated took 2.53 seconds.
 - Computing 202266 x 253 likelihood matrix.
 - Likelihood calculations took 58.53 seconds.
 - Computing posterior matrices.
 - Likelihood calculations took 56.97 seconds.
 - Computing posterior matrices.
 - Likelihood calculations took 58.26 seconds.
 - Computing posterior matrices.
 - Likelihood calculations took 57.10 seconds.
 - Computing posterior matrices.
 - Likelihood calculations took 56.75 seconds.
 - Computing posterior matrices.
 - Computation allocated took 2.50 seconds.
 - Computation allocated took 2.44 seconds.
 - Computing 202266 x 253 likelihood matrix.
 - Computation allocated took 2.58 seconds.
 - Likelihood calculations took 57.20 seconds.
 - Computing posterior matrices.
 - Computing 202266 x 253 likelihood matrix.
 - Computation allocated took 2.46 seconds.
 - Computing 202266 x 253 likelihood matrix.
 - Computing 202267 x 253 likelihood matrix.
 - Computation allocated took 2.49 seconds.
 - Likelihood calculations took 57.40 seconds.
 - Computing posterior matrices.
 - Computing 202266 x 253 likelihood matrix.
 - Computation allocated took 2.56 seconds.
 - Likelihood calculations took 57.26 seconds.
 - Computing posterior matrices.
 - Computing 202266 x 253 likelihood matrix.
 - Computation allocated took 2.45 seconds.
 - Computing 202266 x 253 likelihood matrix.
 - Computation allocated took 2.47 seconds.
 - Computing 202266 x 253 likelihood matrix.
 - Likelihood calculations took 58.01 seconds.
 - Computing posterior matrices.
 - Likelihood calculations took 56.93 seconds.
 - Computing posterior matrices.
 - Likelihood calculations took 56.84 seconds.
 - Computing posterior matrices.
 - Likelihood calculations took 56.76 seconds.
 - Computing posterior matrices.
 - Computation allocated took 2.47 seconds.
 - Likelihood calculations took 57.29 seconds.
 - Computing posterior matrices.
 - Computing 202266 x 253 likelihood matrix.
 - Computation allocated took 2.45 seconds.
 - Computation allocated took 2.45 seconds.
 - Computing 202267 x 253 likelihood matrix.
 - Likelihood calculations took 57.19 seconds.
 - Computing posterior matrices.
 - Computation allocated took 2.51 seconds.
 - Computing 202266 x 253 likelihood matrix.
 - Computing 202266 x 253 likelihood matrix.
 - Likelihood calculations took 58.44 seconds.
 - Computing posterior matrices.
 - Likelihood calculations took 57.12 seconds.
 - Computing posterior matrices.
 - Computation allocated took 2.51 seconds.
 - Computation allocated took 2.53 seconds.
 - Computing 202266 x 253 likelihood matrix.
 - Computing 202266 x 253 likelihood matrix.
 - Computation allocated took 2.48 seconds.
 - Computing 202266 x 253 likelihood matrix.
 - Computation allocated took 2.46 seconds.
 - Computing 202266 x 253 likelihood matrix.
 - Likelihood calculations took 59.42 seconds.
 - Computing posterior matrices.
 - Likelihood calculations took 57.12 seconds.
 - Computing posterior matrices.
 - Likelihood calculations took 57.19 seconds.
 - Computing posterior matrices.
 - Likelihood calculations took 58.22 seconds.
 - Computing posterior matrices.
 - Computation allocated took 2.50 seconds.
 - Computing 202266 x 253 likelihood matrix.
 - Computation allocated took 2.46 seconds.
 - Computing 202266 x 253 likelihood matrix.
 - Likelihood calculations took 57.95 seconds.
 - Computing posterior matrices.
 - Computation allocated took 2.57 seconds.
 - Computation allocated took 2.51 seconds.
 - Likelihood calculations took 57.19 seconds.
 - Computing posterior matrices.
 - Computing 202266 x 253 likelihood matrix.
 - Computing 202266 x 253 likelihood matrix.
 - Likelihood calculations took 57.19 seconds.
 - Computing posterior matrices.
 - Likelihood calculations took 56.93 seconds.
 - Computing posterior matrices.
 - Computation allocated took 2.44 seconds.
 - Computing 202266 x 253 likelihood matrix.
 - Computation allocated took 2.55 seconds.
 - Computation allocated took 2.61 seconds.
 - Computing 202266 x 253 likelihood matrix.
 - Computing 202266 x 253 likelihood matrix.
 - Computation allocated took 2.74 seconds.
 - Computing 202266 x 253 likelihood matrix.
 - Likelihood calculations took 58.48 seconds.
 - Computing posterior matrices.
 - Likelihood calculations took 57.52 seconds.
 - Computing posterior matrices.
 - Computation allocated took 2.45 seconds.
 - Computing 202266 x 253 likelihood matrix.
 - Likelihood calculations took 58.27 seconds.
 - Computing posterior matrices.
 - Likelihood calculations took 57.96 seconds.
 - Computing posterior matrices.
 - Computation allocated took 2.51 seconds.
 - Computing 202266 x 253 likelihood matrix.
 - Likelihood calculations took 58.26 seconds.
 - Computing posterior matrices.
 - Computation allocated took 2.48 seconds.
 - Likelihood calculations took 57.15 seconds.
 - Computing posterior matrices.
 - Computation allocated took 2.72 seconds.
 - Computing 202266 x 253 likelihood matrix.
 - Computing 202266 x 253 likelihood matrix.
 - Likelihood calculations took 57.03 seconds.
 - Computing posterior matrices.
 - Computation allocated took 2.44 seconds.
 - Computation allocated took 2.45 seconds.
 - Computing 202266 x 253 likelihood matrix.
 - Likelihood calculations took 57.97 seconds.
 - Computing posterior matrices.
 - Computing 202267 x 253 likelihood matrix.
 - Computation allocated took 2.44 seconds.
 - Computing 202267 x 253 likelihood matrix.
 - Computation allocated took 2.51 seconds.
 - Computing 202266 x 253 likelihood matrix.
 - Likelihood calculations took 57.19 seconds.
 - Computing posterior matrices.
 - Computation allocated took 2.47 seconds.
 - Computing 202267 x 253 likelihood matrix.
 - Likelihood calculations took 58.36 seconds.
 - Computing posterior matrices.
 - Likelihood calculations took 57.91 seconds.
 - Computing posterior matrices.
 - Likelihood calculations took 58.83 seconds.
 - Computing posterior matrices.
 - Computation allocated took 2.43 seconds.
 - Computing 202266 x 253 likelihood matrix.
 - Likelihood calculations took 57.26 seconds.
 - Computing posterior matrices.
 - Likelihood calculations took 57.55 seconds.
 - Computing posterior matrices.
 - Computation allocated took 2.58 seconds.
 - Computing 202266 x 253 likelihood matrix.
 - Computation allocated took 2.63 seconds.
 - Computing 202266 x 253 likelihood matrix.
 - Computation allocated took 2.47 seconds.
 - Computing 202266 x 253 likelihood matrix.
 - Computation allocated took 2.49 seconds.
 - Computing 202266 x 253 likelihood matrix.
 - Likelihood calculations took 57.45 seconds.
 - Computing posterior matrices.
 - Likelihood calculations took 58.10 seconds.
 - Computing posterior matrices.
 - Likelihood calculations took 57.97 seconds.
 - Computing posterior matrices.
 - Computation allocated took 2.47 seconds.
 - Computation allocated took 2.45 seconds.
 - Computing 202266 x 253 likelihood matrix.
 - Computing 202266 x 253 likelihood matrix.
 - Computation allocated took 2.50 seconds.
 - Computing 202266 x 253 likelihood matrix.
 - Likelihood calculations took 57.86 seconds.
 - Computing posterior matrices.
 - Likelihood calculations took 57.20 seconds.
 - Computing posterior matrices.
 - Likelihood calculations took 56.78 seconds.
 - Computing posterior matrices.
 - Likelihood calculations took 57.10 seconds.
 - Computing posterior matrices.
 - Computation allocated took 2.50 seconds.
 - Computing 202266 x 253 likelihood matrix.
 - Likelihood calculations took 58.13 seconds.
 - Computing posterior matrices.
 - Computation allocated took 2.48 seconds.
 - Computing 202266 x 253 likelihood matrix.
 - Computation allocated took 2.64 seconds.
 - Computation allocated took 2.51 seconds.
 - Computing 202266 x 253 likelihood matrix.
 - Computing 202266 x 253 likelihood matrix.
 - Computation allocated took 2.48 seconds.
 - Computing 202266 x 253 likelihood matrix.
 - Likelihood calculations took 57.45 seconds.
 - Computing posterior matrices.
 - Likelihood calculations took 56.97 seconds.
 - Computing posterior matrices.
 - Likelihood calculations took 58.27 seconds.
 - Computing posterior matrices.
 - Computation allocated took 2.46 seconds.
 - Computation allocated took 2.54 seconds.
 - Computing 202266 x 253 likelihood matrix.
 - Computing 202266 x 253 likelihood matrix.
 - Computation allocated took 2.48 seconds.
 - Computing 202266 x 253 likelihood matrix.
 - Likelihood calculations took 57.57 seconds.
 - Computing posterior matrices.
 - Likelihood calculations took 57.05 seconds.
 - Computing posterior matrices.
 - Likelihood calculations took 58.11 seconds.
 - Computing posterior matrices.
 - Likelihood calculations took 56.85 seconds.
 - Computing posterior matrices.
 - Computation allocated took 2.46 seconds.
 - Computing 202266 x 253 likelihood matrix.
 - Computation allocated took 2.44 seconds.
 - Likelihood calculations took 57.24 seconds.
 - Computing posterior matrices.
 - Computing 202266 x 253 likelihood matrix.
 - Computation allocated took 2.52 seconds.
 - Computation allocated took 2.48 seconds.
 - Computing 202266 x 253 likelihood matrix.
 - Computing 202267 x 253 likelihood matrix.
 - Computation allocated took 2.55 seconds.
 - Computing 202266 x 253 likelihood matrix.
 - Likelihood calculations took 57.87 seconds.
 - Computing posterior matrices.
 - Likelihood calculations took 57.95 seconds.
 - Computing posterior matrices.
 - Likelihood calculations took 56.84 seconds.
 - Computing posterior matrices.
 - Computation allocated took 2.48 seconds.
 - Computing 202266 x 253 likelihood matrix.
 - Computation allocated took 2.47 seconds.
 - Computing 202266 x 253 likelihood matrix.
 - Likelihood calculations took 57.13 seconds.
 - Computing posterior matrices.
 - Computation allocated took 2.48 seconds.
 - Computing 202266 x 253 likelihood matrix.
 - Likelihood calculations took 56.38 seconds.
 - Computing posterior matrices.
 - Likelihood calculations took 58.98 seconds.
 - Computing posterior matrices.
 - Computation allocated took 2.51 seconds.
 - Likelihood calculations took 56.90 seconds.
 - Computing posterior matrices.
 - Computing 202266 x 253 likelihood matrix.
 - Computation allocated took 2.47 seconds.
 - Likelihood calculations took 56.74 seconds.
 - Computing posterior matrices.
 - Computing 202266 x 253 likelihood matrix.
 - Computation allocated took 2.47 seconds.
 - Computing 202266 x 253 likelihood matrix.
 - Computation allocated took 2.54 seconds.
 - Computing 202266 x 253 likelihood matrix.
 - Computation allocated took 2.45 seconds.
 - Computing 202266 x 253 likelihood matrix.
 - Likelihood calculations took 57.30 seconds.
 - Computing posterior matrices.
 - Computation allocated took 2.46 seconds.
 - Likelihood calculations took 58.16 seconds.
 - Computing posterior matrices.
 - Computing 202266 x 253 likelihood matrix.
 - Likelihood calculations took 57.01 seconds.
 - Computing posterior matrices.
 - Computation allocated took 2.45 seconds.
 - Likelihood calculations took 58.12 seconds.
 - Computing posterior matrices.
 - Computing 202267 x 253 likelihood matrix.
 - Likelihood calculations took 57.30 seconds.
 - Computing posterior matrices.
 - Likelihood calculations took 58.06 seconds.
 - Computing posterior matrices.
 - Computation allocated took 2.47 seconds.
 - Computing 202266 x 253 likelihood matrix.
 - Computation allocated took 2.56 seconds.
 - Computing 202266 x 253 likelihood matrix.
 - Likelihood calculations took 57.32 seconds.
 - Computing posterior matrices.
 - Computation allocated took 2.46 seconds.
 - Computation allocated took 2.50 seconds.
 - Likelihood calculations took 57.56 seconds.
 - Computing posterior matrices.
 - Computing 202267 x 253 likelihood matrix.
 - Computing 202266 x 253 likelihood matrix.
 - Computation allocated took 2.46 seconds.
 - Computing 202266 x 253 likelihood matrix.
 - Computation allocated took 2.45 seconds.
 - Likelihood calculations took 57.40 seconds.
 - Computing posterior matrices.
 - Computing 202266 x 253 likelihood matrix.
 - Computation allocated took 2.57 seconds.
 - Computing 202266 x 253 likelihood matrix.
 - Likelihood calculations took 57.88 seconds.
 - Computing posterior matrices.
 - Likelihood calculations took 57.29 seconds.
 - Computing posterior matrices.
 - Likelihood calculations took 57.19 seconds.
 - Computing posterior matrices.
 - Computation allocated took 2.44 seconds.
 - Computing 202266 x 253 likelihood matrix.
 - Likelihood calculations took 57.28 seconds.
 - Computing posterior matrices.
 - Likelihood calculations took 56.93 seconds.
 - Computing posterior matrices.
 - Computation allocated took 2.47 seconds.
 - Computing 202266 x 253 likelihood matrix.
 - Computation allocated took 2.51 seconds.
 - Likelihood calculations took 57.90 seconds.
 - Computing posterior matrices.
 - Computation allocated took 2.48 seconds.
 - Computation allocated took 2.43 seconds.
 - Computing 202266 x 253 likelihood matrix.
 - Likelihood calculations took 57.58 seconds.
 - Computing posterior matrices.
 - Computing 202266 x 253 likelihood matrix.
 - Computing 202266 x 253 likelihood matrix.
 - Computation allocated took 2.45 seconds.
 - Likelihood calculations took 58.48 seconds.
 - Computing posterior matrices.
 - Computing 202266 x 253 likelihood matrix.
 - Computation allocated took 2.46 seconds.
 - Computing 202266 x 253 likelihood matrix.
 - Computation allocated took 2.55 seconds.
 - Computing 202266 x 253 likelihood matrix.
 - Likelihood calculations took 57.31 seconds.
 - Computing posterior matrices.
 - Likelihood calculations took 58.11 seconds.
 - Computing posterior matrices.
 - Computation allocated took 2.43 seconds.
 - Likelihood calculations took 57.67 seconds.
 - Computing posterior matrices.
 - Likelihood calculations took 57.00 seconds.
 - Computing posterior matrices.
 - Computing 202266 x 253 likelihood matrix.
 - Likelihood calculations took 57.16 seconds.
 - Computing posterior matrices.
 - Computation allocated took 2.68 seconds.
 - Computing 202266 x 253 likelihood matrix.
 - Computation allocated took 2.46 seconds.
 - Computing 202267 x 253 likelihood matrix.
 - Likelihood calculations took 57.60 seconds.
 - Computing posterior matrices.
 - Computation allocated took 2.46 seconds.
 - Likelihood calculations took 58.37 seconds.
 - Computing posterior matrices.
 - Computing 202266 x 253 likelihood matrix.
 - Computation allocated took 2.49 seconds.
 - Computing 202266 x 253 likelihood matrix.
 - Likelihood calculations took 57.33 seconds.
 - Computing posterior matrices.
 - Computation allocated took 2.45 seconds.
 - Computing 202266 x 253 likelihood matrix.
 - Computation allocated took 2.50 seconds.
 - Computing 202267 x 253 likelihood matrix.
 - Computation allocated took 2.50 seconds.
 - Computing 202266 x 253 likelihood matrix.
 - Likelihood calculations took 56.69 seconds.
 - Computing posterior matrices.
 - Likelihood calculations took 57.24 seconds.
 - Computing posterior matrices.
 - Likelihood calculations took 57.31 seconds.
 - Computing posterior matrices.
 - Likelihood calculations took 58.12 seconds.
 - Computing posterior matrices.
 - Computation allocated took 2.70 seconds.
 - Computing 202266 x 253 likelihood matrix.
 - Computation allocated took 2.45 seconds.
 - Computation allocated took 2.45 seconds.
 - Computing 202266 x 253 likelihood matrix.
 - Computing 202266 x 253 likelihood matrix.
 - Likelihood calculations took 57.25 seconds.
 - Computing posterior matrices.
 - Likelihood calculations took 58.22 seconds.
 - Computing posterior matrices.
 - Computation allocated took 2.52 seconds.
 - Computing 202266 x 253 likelihood matrix.
 - Likelihood calculations took 57.68 seconds.
 - Computing posterior matrices.
 - Likelihood calculations took 58.12 seconds.
 - Computing posterior matrices.
 - Computation allocated took 2.60 seconds.
 - Computation allocated took 2.54 seconds.
 - Computing 202267 x 253 likelihood matrix.
 - Computing 202266 x 253 likelihood matrix.
 - Computation allocated took 2.45 seconds.
 - Computation allocated took 2.46 seconds.
 - Computing 202266 x 253 likelihood matrix.
 - Computing 202267 x 253 likelihood matrix.
 - Likelihood calculations took 57.74 seconds.
 - Computing posterior matrices.
 - Likelihood calculations took 56.84 seconds.
 - Computing posterior matrices.
 - Likelihood calculations took 57.96 seconds.
 - Computing posterior matrices.
 - Likelihood calculations took 57.10 seconds.
 - Computing posterior matrices.
 - Computation allocated took 2.45 seconds.
 - Computation allocated took 2.52 seconds.
 - Computing 202266 x 253 likelihood matrix.
 - Computation allocated took 2.47 seconds.
 - Computing 202266 x 253 likelihood matrix.
 - Computing 202266 x 253 likelihood matrix.
 - Computation allocated took 2.48 seconds.
 - Computing 202266 x 253 likelihood matrix.
 - Likelihood calculations took 57.44 seconds.
 - Likelihood calculations took 57.78 seconds.
 - Computing posterior matrices.
 - Computing posterior matrices.
 - Likelihood calculations took 57.00 seconds.
 - Computing posterior matrices.
 - Likelihood calculations took 58.52 seconds.
 - Computing posterior matrices.
 - Computation allocated took 2.48 seconds.
 - Computation allocated took 2.47 seconds.
 - Computation allocated took 2.55 seconds.
 - Computing 202266 x 253 likelihood matrix.
 - Computing 202266 x 253 likelihood matrix.
 - Computation allocated took 2.47 seconds.
 - Computing 202266 x 253 likelihood matrix.
 - Computing 202266 x 253 likelihood matrix.
 - Likelihood calculations took 56.74 seconds.
 - Computing posterior matrices.
 - Likelihood calculations took 58.06 seconds.
 - Computing posterior matrices.
 - Likelihood calculations took 56.54 seconds.
 - Computing posterior matrices.
 - Likelihood calculations took 56.72 seconds.
 - Computing posterior matrices.
 - Computation allocated took 2.44 seconds.
 - Computation allocated took 2.61 seconds.
 - Computing 202266 x 253 likelihood matrix.
 - Computing 202266 x 253 likelihood matrix.
 - Computation allocated took 2.46 seconds.
 - Computing 202266 x 253 likelihood matrix.
 - Computation allocated took 2.49 seconds.
 - Computing 202266 x 253 likelihood matrix.
 - Likelihood calculations took 56.97 seconds.
 - Computing posterior matrices.
 - Likelihood calculations took 58.74 seconds.
 - Computing posterior matrices.
 - Likelihood calculations took 57.75 seconds.
 - Computing posterior matrices.
 - Likelihood calculations took 57.24 seconds.
 - Computing posterior matrices.
 - Computation allocated took 2.44 seconds.
 - Computation allocated took 2.55 seconds.
 - Computing 202266 x 253 likelihood matrix.
 - Computation allocated took 2.48 seconds.
 - Computing 202266 x 253 likelihood matrix.
 - Computing 202266 x 253 likelihood matrix.
 - Computation allocated took 2.52 seconds.
 - Computing 202266 x 253 likelihood matrix.
 - Likelihood calculations took 57.03 seconds.
 - Computing posterior matrices.
 - Likelihood calculations took 57.85 seconds.
 - Computing posterior matrices.
 - Likelihood calculations took 57.49 seconds.
 - Computing posterior matrices.
 - Computation allocated took 2.55 seconds.
 - Computation allocated took 2.47 seconds.
 - Likelihood calculations took 57.26 seconds.
 - Computing posterior matrices.
 - Computing 202266 x 253 likelihood matrix.
 - Computing 202266 x 253 likelihood matrix.
 - Computation allocated took 2.45 seconds.
 - Computation allocated took 2.46 seconds.
 - Computing 202266 x 253 likelihood matrix.
 - Computing 202266 x 253 likelihood matrix.
 - Likelihood calculations took 57.75 seconds.
 - Computing posterior matrices.
 - Likelihood calculations took 58.79 seconds.
 - Computing posterior matrices.
 - Likelihood calculations took 58.10 seconds.
 - Computing posterior matrices.
 - Computation allocated took 2.59 seconds.
 - Computing 202266 x 253 likelihood matrix.
 - Likelihood calculations took 57.27 seconds.
 - Computing posterior matrices.
 - Computation allocated took 2.46 seconds.
 - Computation allocated took 2.69 seconds.
 - Computing 202266 x 253 likelihood matrix.
 - Computing 202266 x 253 likelihood matrix.
 - Computation allocated took 2.49 seconds.
 - Computing 202266 x 253 likelihood matrix.
 - Likelihood calculations took 57.37 seconds.
 - Computing posterior matrices.
 - Likelihood calculations took 57.09 seconds.
 - Computing posterior matrices.
 - Computation allocated took 2.44 seconds.
 - Computing 202266 x 253 likelihood matrix.
 - Computation allocated took 2.44 seconds.
 - Likelihood calculations took 56.78 seconds.
 - Computing posterior matrices.
 - Computing 202266 x 253 likelihood matrix.
 - Likelihood calculations took 58.31 seconds.
 - Computing posterior matrices.
 - Computation allocated took 2.54 seconds.
 - Computation allocated took 2.56 seconds.
 - Likelihood calculations took 58.62 seconds.
 - Computing posterior matrices.
 - Computing 202267 x 253 likelihood matrix.
 - Computing 202267 x 253 likelihood matrix.
 - Likelihood calculations took 56.88 seconds.
 - Computing posterior matrices.
 - Likelihood calculations took 57.16 seconds.
 - Computing posterior matrices.
 - Computation allocated took 2.45 seconds.
 - Computing 202266 x 253 likelihood matrix.
 - Computation allocated took 2.43 seconds.
 - Computation allocated took 2.44 seconds.
 - Computing 202266 x 253 likelihood matrix.
 - Computing 202266 x 253 likelihood matrix.
 - Likelihood calculations took 56.82 seconds.
 - Computing posterior matrices.
 - Likelihood calculations took 57.61 seconds.
 - Computing posterior matrices.
 - Likelihood calculations took 57.63 seconds.
 - Computing posterior matrices.
 - Computation allocated took 2.44 seconds.
 - Computing 202266 x 253 likelihood matrix.
 - Computation allocated took 2.43 seconds.
 - Computing 202266 x 253 likelihood matrix.
 - Computation allocated took 2.52 seconds.
 - Computing 202267 x 253 likelihood matrix.
 - Likelihood calculations took 57.63 seconds.
 - Computing posterior matrices.
 - Likelihood calculations took 56.84 seconds.
 - Computing posterior matrices.
 - Likelihood calculations took 58.07 seconds.
 - Computing posterior matrices.
 - Computation allocated took 2.42 seconds.
 - Computing 202266 x 253 likelihood matrix.
 - Computation allocated took 2.48 seconds.
 - Likelihood calculations took 58.42 seconds.
 - Computing posterior matrices.
 - Computing 202266 x 253 likelihood matrix.
 - Likelihood calculations took 58.08 seconds.
 - Computing posterior matrices.
 - Computation allocated took 2.48 seconds.
 - Computing 202266 x 253 likelihood matrix.
 - Computation allocated took 2.53 seconds.
 - Computation allocated took 2.47 seconds.
 - Computing 202266 x 253 likelihood matrix.
 - Computing 202266 x 253 likelihood matrix.
 - Likelihood calculations took 56.79 seconds.
 - Computing posterior matrices.
 - Likelihood calculations took 57.07 seconds.
 - Computing posterior matrices.
 - Likelihood calculations took 58.22 seconds.
 - Computing posterior matrices.
 - Computation allocated took 2.44 seconds.
 - Computing 202267 x 253 likelihood matrix.
 - Computation allocated took 2.48 seconds.
 - Computation allocated took 2.49 seconds.
 - Computing 202266 x 253 likelihood matrix.
 - Computing 202266 x 253 likelihood matrix.
 - Likelihood calculations took 57.62 seconds.
 - Computing posterior matrices.
 - Likelihood calculations took 56.90 seconds.
 - Computing posterior matrices.
 - Likelihood calculations took 57.90 seconds.
 - Computing posterior matrices.
 - Computation allocated took 2.43 seconds.
 - Computing 202266 x 253 likelihood matrix.
 - Computation allocated took 2.59 seconds.
 - Computing 202266 x 253 likelihood matrix.
 - Likelihood calculations took 57.26 seconds.
 - Computing posterior matrices.
 - Computation allocated took 2.49 seconds.
 - Likelihood calculations took 57.15 seconds.
 - Computing posterior matrices.
 - Computing 202266 x 253 likelihood matrix.
 - Computation allocated took 2.46 seconds.
 - Computation allocated took 2.50 seconds.
 - Computing 202266 x 253 likelihood matrix.
 - Likelihood calculations took 57.66 seconds.
 - Computing posterior matrices.
 - Computing 202266 x 253 likelihood matrix.
 - Computation allocated took 2.45 seconds.
 - Computing 202266 x 253 likelihood matrix.
 - Likelihood calculations took 57.30 seconds.
 - Computing posterior matrices.
 - Likelihood calculations took 56.88 seconds.
 - Computing posterior matrices.
 - Computation allocated took 2.46 seconds.
 - Computing 202266 x 253 likelihood matrix.
 - Likelihood calculations took 58.10 seconds.
 - Computing posterior matrices.
 - Likelihood calculations took 57.69 seconds.
 - Computing posterior matrices.
 - Computation allocated took 2.46 seconds.
 - Computing 202266 x 253 likelihood matrix.
 - Likelihood calculations took 57.03 seconds.
 - Computing posterior matrices.
 - Computation allocated took 2.70 seconds.
 - Computation allocated took 2.70 seconds.
 - Computing 202267 x 253 likelihood matrix.
 - Computing 202266 x 253 likelihood matrix.
 - Likelihood calculations took 58.04 seconds.
 - Computing posterior matrices.
 - Computation allocated took 2.43 seconds.
 - Likelihood calculations took 58.43 seconds.
 - Computing posterior matrices.
 - Computing 202266 x 253 likelihood matrix.
 - Likelihood calculations took 58.00 seconds.
 - Computing posterior matrices.
 - Computation allocated took 2.45 seconds.
 - Computation allocated took 2.45 seconds.
 - Computing 202266 x 253 likelihood matrix.
 - Computing 202266 x 253 likelihood matrix.
 - Computation allocated took 2.59 seconds.
 - Computing 202266 x 253 likelihood matrix.
 - Likelihood calculations took 57.72 seconds.
 - Computing posterior matrices.
 - Likelihood calculations took 56.95 seconds.
 - Computing posterior matrices.
 - Computation allocated took 2.44 seconds.
 - Likelihood calculations took 57.47 seconds.
 - Computing posterior matrices.
 - Computing 202266 x 253 likelihood matrix.
 - Likelihood calculations took 57.34 seconds.
 - Computing posterior matrices.
 - Computation allocated took 2.53 seconds.
 - Computation allocated took 2.48 seconds.
 - Computing 202266 x 253 likelihood matrix.
 - Likelihood calculations took 56.95 seconds.
 - Computing posterior matrices.
 - Computing 202266 x 253 likelihood matrix.
 - Computation allocated took 2.47 seconds.
 - Computing 202266 x 253 likelihood matrix.
 - Likelihood calculations took 57.11 seconds.
 - Computing posterior matrices.
 - Likelihood calculations took 57.19 seconds.
 - Computing posterior matrices.
 - Computation allocated took 2.48 seconds.
 - Computing 202266 x 253 likelihood matrix.
 - Likelihood calculations took 57.92 seconds.
 - Computing posterior matrices.
 - Computation allocated took 2.47 seconds.
 - Computing 202266 x 253 likelihood matrix.
 - Computation allocated took 2.53 seconds.
 - Computing 202266 x 253 likelihood matrix.
 - Computation allocated took 2.48 seconds.
 - Computing 202266 x 253 likelihood matrix.
 - Likelihood calculations took 57.39 seconds.
 - Computing posterior matrices.
 - Computation allocated took 2.45 seconds.
 - Likelihood calculations took 58.45 seconds.
 - Computing posterior matrices.
 - Computing 202266 x 253 likelihood matrix.
 - Likelihood calculations took 57.74 seconds.
 - Computing posterior matrices.
 - Likelihood calculations took 57.28 seconds.
 - Computing posterior matrices.
 - Computation allocated took 2.47 seconds.
 - Computing 202266 x 253 likelihood matrix.
 - Computation allocated took 2.46 seconds.
 - Likelihood calculations took 57.09 seconds.
 - Computing posterior matrices.
 - Computing 202266 x 253 likelihood matrix.
 - Computation allocated took 2.66 seconds.
 - Computing 202267 x 253 likelihood matrix.
 - Likelihood calculations took 57.73 seconds.
 - Computing posterior matrices.
 - Likelihood calculations took 58.17 seconds.
 - Computing posterior matrices.
 - Likelihood calculations took 58.31 seconds.
 - Computing posterior matrices.
 - Computation allocated took 2.45 seconds.
 - Computing 202266 x 253 likelihood matrix.
 - Computation allocated took 2.50 seconds.
 - Computing 202266 x 253 likelihood matrix.
 - Computation allocated took 2.45 seconds.
 - Computation allocated took 2.62 seconds.
 - Computing 202266 x 253 likelihood matrix.
 - Likelihood calculations took 57.48 seconds.
 - Computing posterior matrices.
 - Likelihood calculations took 57.36 seconds.
 - Computing posterior matrices.
 - Computation allocated took 2.70 seconds.
 - Computing 202266 x 253 likelihood matrix.
 - Likelihood calculations took 57.64 seconds.
 - Computing posterior matrices.
 - Computation allocated took 2.46 seconds.
 - Likelihood calculations took 57.84 seconds.
 - Computing posterior matrices.
 - Computation allocated took 2.43 seconds.
 - Computing 202266 x 253 likelihood matrix.
 - Likelihood calculations took 57.51 seconds.
 - Computing posterior matrices.
 - Likelihood calculations took 58.03 seconds.
 - Computing posterior matrices.
 - Computation allocated took 2.50 seconds.
 - Likelihood calculations took 58.32 seconds.
 - Computing posterior matrices.
 - Computing 202266 x 253 likelihood matrix.
 - Computation allocated took 2.52 seconds.
 - Computing 202266 x 253 likelihood matrix.
 - Computation allocated took 2.45 seconds.
 - Computing 202267 x 253 likelihood matrix.
 - Computation allocated took 2.48 seconds.
 - Computing 202266 x 253 likelihood matrix.
 - Likelihood calculations took 57.36 seconds.
 - Computing posterior matrices.
 - Computation allocated took 2.46 seconds.
 - Likelihood calculations took 57.35 seconds.
 - Computing posterior matrices.
 - Computation allocated took 2.45 seconds.
 - Likelihood calculations took 57.17 seconds.
 - Computing posterior matrices.
 - Likelihood calculations took 57.63 seconds.
 - Computing posterior matrices.
 - Likelihood calculations took 56.98 seconds.
 - Computing posterior matrices.
 - Likelihood calculations took 57.38 seconds.
 - Computing posterior matrices.
 - Computation allocated took 2.56 seconds.
 - Computing 202266 x 253 likelihood matrix.
 - Computation allocated took 2.50 seconds.
 - Computation allocated took 2.47 seconds.
 - Computing 202266 x 253 likelihood matrix.
 - Computing 202266 x 253 likelihood matrix.
 - Computation allocated took 2.47 seconds.
 - Likelihood calculations took 57.03 seconds.
 - Computing posterior matrices.
 - Likelihood calculations took 57.73 seconds.
 - Computing posterior matrices.
 - Likelihood calculations took 57.42 seconds.
 - Computing posterior matrices.
 - Computation allocated took 2.50 seconds.
 - Computation allocated took 2.50 seconds.
 - Computation allocated took 2.45 seconds.
 - Computing 202266 x 253 likelihood matrix.
 - Computing 202267 x 253 likelihood matrix.
 - Likelihood calculations took 57.00 seconds.
 - Computing posterior matrices.
 - Likelihood calculations took 57.09 seconds.
 - Computing posterior matrices.
 - Computation allocated took 2.47 seconds.
 - Computation allocated took 2.48 seconds.
 - Computing 202266 x 253 likelihood matrix.
 - Likelihood calculations took 57.04 seconds.
 - Computing posterior matrices.
 - Computation allocated took 2.55 seconds.
[1] "2021-09-10 17:05:54 EDT"
     user    system   elapsed 
24339.116   890.376  3829.837 
─ Session info ───────────────────────────────────────────────────────────────────────────────────────────────────────
 setting  value                       
 version  R version 4.0.3 (2020-10-10)
 os       Arch Linux                  
 system   x86_64, linux-gnu           
 ui       X11                         
 language (EN)                        
 collate  en_US.UTF-8                 
 ctype    en_US.UTF-8                 
 tz       America/New_York            
 date     2021-09-10                  

─ Packages ───────────────────────────────────────────────────────────────────────────────────────────────────────────
 package     * version date       lib source                            
 abind         1.4-5   2016-07-21 [1] CRAN (R 4.0.2)                    
 argparse    * 2.0.4   2021-08-06 [1] CRAN (R 4.0.3)                    
 ashr        * 2.2-51  2021-07-22 [1] Github (stephens999/ashr@23ba36a) 
 assertthat    0.2.1   2019-03-21 [1] CRAN (R 4.0.2)                    
 cli           3.0.1   2021-07-17 [1] CRAN (R 4.0.3)                    
 codetools     0.2-16  2018-12-24 [2] CRAN (R 4.0.3)                    
 crayon        1.4.1   2021-02-08 [1] CRAN (R 4.0.3)                    
 data.table    1.14.0  2021-02-21 [1] CRAN (R 4.0.3)                    
 DBI           1.1.1   2021-01-15 [1] CRAN (R 4.0.2)                    
 doParallel  * 1.0.16  2020-10-16 [1] CRAN (R 4.0.3)                    
 dplyr       * 1.0.7   2021-06-18 [1] CRAN (R 4.0.3)                    
 ellipsis      0.3.2   2021-04-29 [1] CRAN (R 4.0.3)                    
 fansi         0.5.0   2021-05-25 [1] CRAN (R 4.0.3)                    
 findpython    1.0.7   2021-01-27 [1] CRAN (R 4.0.3)                    
 foreach     * 1.5.1   2020-10-15 [1] CRAN (R 4.0.2)                    
 generics      0.1.0   2020-10-31 [1] CRAN (R 4.0.2)                    
 glue          1.4.2   2020-08-27 [1] CRAN (R 4.0.2)                    
 invgamma      1.1     2017-05-07 [1] CRAN (R 4.0.3)                    
 irlba         2.3.3   2019-02-05 [1] CRAN (R 4.0.2)                    
 iterators   * 1.0.13  2020-10-15 [1] CRAN (R 4.0.2)                    
 jsonlite      1.7.2   2020-12-09 [1] CRAN (R 4.0.2)                    
 lattice       0.20-41 2020-04-02 [2] CRAN (R 4.0.3)                    
 lifecycle     1.0.0   2021-02-15 [1] CRAN (R 4.0.3)                    
 magrittr      2.0.1   2020-11-17 [1] CRAN (R 4.0.2)                    
 mashr       * 0.2.50  2021-07-22 [1] Github (stephenslab/mashr@a54162b)
 Matrix        1.3-4   2021-06-01 [1] CRAN (R 4.0.3)                    
 mixsqp        0.3-43  2020-05-14 [1] CRAN (R 4.0.3)                    
 mvtnorm       1.1-2   2021-06-07 [1] CRAN (R 4.0.3)                    
 pillar        1.6.2   2021-07-29 [1] CRAN (R 4.0.3)                    
 pkgconfig     2.0.3   2019-09-22 [1] CRAN (R 4.0.2)                    
 plyr          1.8.6   2020-03-03 [1] CRAN (R 4.0.2)                    
 purrr         0.3.4   2020-04-17 [1] CRAN (R 4.0.2)                    
 R6            2.5.1   2021-08-19 [1] CRAN (R 4.0.3)                    
 Rcpp          1.0.7   2021-07-07 [1] CRAN (R 4.0.3)                    
 rlang         0.4.11  2021-04-30 [1] CRAN (R 4.0.3)                    
 rmeta         3.0     2018-03-20 [1] CRAN (R 4.0.3)                    
 sessioninfo   1.1.1   2018-11-05 [1] CRAN (R 4.0.2)                    
 softImpute    1.4-1   2021-05-09 [1] CRAN (R 4.0.3)                    
 SQUAREM       2021.1  2021-01-13 [1] CRAN (R 4.0.3)                    
 tibble        3.1.4   2021-08-25 [1] CRAN (R 4.0.3)                    
 tidyselect    1.1.1   2021-04-30 [1] CRAN (R 4.0.3)                    
 truncnorm     1.0-8   2018-02-27 [1] CRAN (R 4.0.3)                    
 utf8          1.2.2   2021-07-24 [1] CRAN (R 4.0.3)                    
 vctrs         0.3.8   2021-04-29 [1] CRAN (R 4.0.3)                    
 withr         2.4.2   2021-04-18 [1] CRAN (R 4.0.3)                    

[1] /home/jbenja13/R/x86_64-pc-linux-gnu-library/4.0
[2] /usr/lib/R/library
