
Attaching package: ‘dplyr’

The following objects are masked from ‘package:stats’:

    filter, lag

The following objects are masked from ‘package:base’:

    intersect, setdiff, setequal, union

[1] "2021-07-19 18:16:15 EDT"
   user  system elapsed 
518.588  44.327 569.940 
─ Session info ───────────────────────────────────────────────────────────────────────────────────────────────────────
 setting  value                       
 version  R version 3.6.1 (2019-07-05)
 os       CentOS Linux 7 (Core)       
 system   x86_64, linux-gnu           
 ui       X11                         
 language (EN)                        
 collate  en_US.UTF-8                 
 ctype    en_US.UTF-8                 
 tz       US/Eastern                  
 date     2021-07-19                  

─ Packages ───────────────────────────────────────────────────────────────────────────────────────────────────────────
 package     * version date       lib source        
 argparse    * 2.0.3   2020-10-19 [1] CRAN (R 3.6.1)
 cli           2.5.0   2021-04-26 [1] CRAN (R 3.6.1)
 crayon        1.4.1   2021-02-08 [1] CRAN (R 3.6.1)
 data.table    1.14.0  2021-02-21 [1] CRAN (R 3.6.1)
 digest        0.6.27  2020-10-24 [1] CRAN (R 3.6.1)
 dplyr       * 1.0.2   2020-08-18 [2] CRAN (R 3.6.1)
 ellipsis      0.3.2   2021-04-29 [1] CRAN (R 3.6.1)
 findpython    1.0.7   2021-01-27 [1] CRAN (R 3.6.1)
 generics      0.1.0   2020-10-31 [2] CRAN (R 3.6.1)
 glue          1.4.2   2020-08-27 [1] CRAN (R 3.6.1)
 jsonlite      1.7.2   2020-12-09 [2] CRAN (R 3.6.1)
 lifecycle     1.0.0   2021-02-15 [1] CRAN (R 3.6.1)
 magrittr      2.0.1   2020-11-17 [2] CRAN (R 3.6.1)
 memoise       1.1.0   2017-04-21 [2] CRAN (R 3.6.1)
 pillar        1.4.7   2020-11-20 [2] CRAN (R 3.6.1)
 pkgconfig     2.0.3   2019-09-22 [2] CRAN (R 3.6.1)
 purrr         0.3.4   2020-04-17 [1] CRAN (R 3.6.1)
 R6            2.5.0   2020-10-28 [2] CRAN (R 3.6.1)
 rlang         0.4.10  2020-12-30 [1] CRAN (R 3.6.1)
 sessioninfo   1.1.1   2018-11-05 [2] CRAN (R 3.6.1)
 tibble        3.0.4   2020-10-12 [2] CRAN (R 3.6.1)
 tidyselect    1.1.1   2021-04-30 [1] CRAN (R 3.6.1)
 vctrs         0.3.6   2020-12-17 [1] CRAN (R 3.6.1)
 withr         2.3.0   2020-09-22 [2] CRAN (R 3.6.1)

[1] /users/jbenjami/R/x86_64-pc-linux-gnu-library/3.6
[2] /jhpce/shared/jhpce/core/R/3.6.1/lib64/R/library
Processing genotype position file.
Processing phenotype position file.
Processing genotype matrix.
Processing Matrix-eQTL tests file.
Performing eigenMT correction.
100.0 out of 6012 completed (1.663%)
200.0 out of 6012 completed (3.327%)
300.0 out of 6012 completed (4.99%)
400.0 out of 6012 completed (6.653%)
500.0 out of 6012 completed (8.317%)
600.0 out of 6012 completed (9.98%)
700.0 out of 6012 completed (11.643%)
800.0 out of 6012 completed (13.307%)
900.0 out of 6012 completed (14.97%)
1000.0 out of 6012 completed (16.633%)
1100.0 out of 6012 completed (18.297%)
1200.0 out of 6012 completed (19.96%)
1300.0 out of 6012 completed (21.623%)
1400.0 out of 6012 completed (23.287%)
1500.0 out of 6012 completed (24.95%)
1600.0 out of 6012 completed (26.613%)
1700.0 out of 6012 completed (28.277%)
1800.0 out of 6012 completed (29.94%)
1900.0 out of 6012 completed (31.603%)
2000.0 out of 6012 completed (33.267%)
2100.0 out of 6012 completed (34.93%)
2200.0 out of 6012 completed (36.593%)
2300.0 out of 6012 completed (38.257%)
2400.0 out of 6012 completed (39.92%)
2500.0 out of 6012 completed (41.583%)
2600.0 out of 6012 completed (43.247%)
2700.0 out of 6012 completed (44.91%)
2800.0 out of 6012 completed (46.574%)
2900.0 out of 6012 completed (48.237%)
3000.0 out of 6012 completed (49.9%)
3100.0 out of 6012 completed (51.564%)
3200.0 out of 6012 completed (53.227%)
3300.0 out of 6012 completed (54.89%)
3400.0 out of 6012 completed (56.554%)
3500.0 out of 6012 completed (58.217%)
3600.0 out of 6012 completed (59.88%)
3700.0 out of 6012 completed (61.544%)
3800.0 out of 6012 completed (63.207%)
3900.0 out of 6012 completed (64.87%)
4000.0 out of 6012 completed (66.534%)
4100.0 out of 6012 completed (68.197%)
4200.0 out of 6012 completed (69.86%)
4300.0 out of 6012 completed (71.524%)
4400.0 out of 6012 completed (73.187%)
4500.0 out of 6012 completed (74.85%)
4600.0 out of 6012 completed (76.514%)
4700.0 out of 6012 completed (78.177%)
4800.0 out of 6012 completed (79.84%)
4900.0 out of 6012 completed (81.504%)
5000.0 out of 6012 completed (83.167%)
5100.0 out of 6012 completed (84.83%)
5200.0 out of 6012 completed (86.494%)
5300.0 out of 6012 completed (88.157%)
5400.0 out of 6012 completed (89.82%)
5500.0 out of 6012 completed (91.484%)
5600.0 out of 6012 completed (93.147%)
5700.0 out of 6012 completed (94.81%)
5800.0 out of 6012 completed (96.474%)
5900.0 out of 6012 completed (98.137%)
6000.0 out of 6012 completed (99.8%)
