
Attaching package: ‘dplyr’

The following objects are masked from ‘package:stats’:

    filter, lag

The following objects are masked from ‘package:base’:

    intersect, setdiff, setequal, union

[1] "2021-07-19 16:41:23 EDT"
    user   system  elapsed 
 872.567   42.101 1024.887 
─ Session info ───────────────────────────────────────────────────────────────────────────────────────────────────────
 setting  value                       
 version  R version 3.6.1 (2019-07-05)
 os       CentOS Linux 7 (Core)       
 system   x86_64, linux-gnu           
 ui       X11                         
 language (EN)                        
 collate  en_US.UTF-8                 
 ctype    en_US.UTF-8                 
 tz       US/Eastern                  
 date     2021-07-19                  

─ Packages ───────────────────────────────────────────────────────────────────────────────────────────────────────────
 package     * version date       lib source        
 argparse    * 2.0.3   2020-10-19 [1] CRAN (R 3.6.1)
 cli           2.5.0   2021-04-26 [1] CRAN (R 3.6.1)
 crayon        1.4.1   2021-02-08 [1] CRAN (R 3.6.1)
 data.table    1.14.0  2021-02-21 [1] CRAN (R 3.6.1)
 digest        0.6.27  2020-10-24 [1] CRAN (R 3.6.1)
 dplyr       * 1.0.2   2020-08-18 [2] CRAN (R 3.6.1)
 ellipsis      0.3.2   2021-04-29 [1] CRAN (R 3.6.1)
 findpython    1.0.7   2021-01-27 [1] CRAN (R 3.6.1)
 generics      0.1.0   2020-10-31 [2] CRAN (R 3.6.1)
 glue          1.4.2   2020-08-27 [1] CRAN (R 3.6.1)
 jsonlite      1.7.2   2020-12-09 [2] CRAN (R 3.6.1)
 lifecycle     1.0.0   2021-02-15 [1] CRAN (R 3.6.1)
 magrittr      2.0.1   2020-11-17 [2] CRAN (R 3.6.1)
 memoise       1.1.0   2017-04-21 [2] CRAN (R 3.6.1)
 pillar        1.4.7   2020-11-20 [2] CRAN (R 3.6.1)
 pkgconfig     2.0.3   2019-09-22 [2] CRAN (R 3.6.1)
 purrr         0.3.4   2020-04-17 [1] CRAN (R 3.6.1)
 R6            2.5.0   2020-10-28 [2] CRAN (R 3.6.1)
 rlang         0.4.10  2020-12-30 [1] CRAN (R 3.6.1)
 sessioninfo   1.1.1   2018-11-05 [2] CRAN (R 3.6.1)
 tibble        3.0.4   2020-10-12 [2] CRAN (R 3.6.1)
 tidyselect    1.1.1   2021-04-30 [1] CRAN (R 3.6.1)
 vctrs         0.3.6   2020-12-17 [1] CRAN (R 3.6.1)
 withr         2.3.0   2020-09-22 [2] CRAN (R 3.6.1)

[1] /users/jbenjami/R/x86_64-pc-linux-gnu-library/3.6
[2] /jhpce/shared/jhpce/core/R/3.6.1/lib64/R/library
Processing genotype position file.
Processing phenotype position file.
Processing genotype matrix.
Processing Matrix-eQTL tests file.
Performing eigenMT correction.
100.0 out of 10442 completed (0.958%)
200.0 out of 10442 completed (1.915%)
300.0 out of 10442 completed (2.873%)
400.0 out of 10442 completed (3.831%)
500.0 out of 10442 completed (4.788%)
600.0 out of 10442 completed (5.746%)
700.0 out of 10442 completed (6.704%)
800.0 out of 10442 completed (7.661%)
900.0 out of 10442 completed (8.619%)
1000.0 out of 10442 completed (9.577%)
1100.0 out of 10442 completed (10.534%)
1200.0 out of 10442 completed (11.492%)
1300.0 out of 10442 completed (12.45%)
1400.0 out of 10442 completed (13.407%)
1500.0 out of 10442 completed (14.365%)
1600.0 out of 10442 completed (15.323%)
1700.0 out of 10442 completed (16.28%)
1800.0 out of 10442 completed (17.238%)
1900.0 out of 10442 completed (18.196%)
2000.0 out of 10442 completed (19.153%)
2100.0 out of 10442 completed (20.111%)
2200.0 out of 10442 completed (21.069%)
2300.0 out of 10442 completed (22.026%)
2400.0 out of 10442 completed (22.984%)
2500.0 out of 10442 completed (23.942%)
2600.0 out of 10442 completed (24.899%)
2700.0 out of 10442 completed (25.857%)
2800.0 out of 10442 completed (26.815%)
2900.0 out of 10442 completed (27.772%)
3000.0 out of 10442 completed (28.73%)
3100.0 out of 10442 completed (29.688%)
3200.0 out of 10442 completed (30.645%)
3300.0 out of 10442 completed (31.603%)
3400.0 out of 10442 completed (32.561%)
3500.0 out of 10442 completed (33.518%)
3600.0 out of 10442 completed (34.476%)
3700.0 out of 10442 completed (35.434%)
3800.0 out of 10442 completed (36.391%)
3900.0 out of 10442 completed (37.349%)
4000.0 out of 10442 completed (38.307%)
4100.0 out of 10442 completed (39.265%)
4200.0 out of 10442 completed (40.222%)
4300.0 out of 10442 completed (41.18%)
4400.0 out of 10442 completed (42.138%)
4500.0 out of 10442 completed (43.095%)
4600.0 out of 10442 completed (44.053%)
4700.0 out of 10442 completed (45.011%)
4800.0 out of 10442 completed (45.968%)
4900.0 out of 10442 completed (46.926%)
5000.0 out of 10442 completed (47.884%)
5100.0 out of 10442 completed (48.841%)
5200.0 out of 10442 completed (49.799%)
5300.0 out of 10442 completed (50.757%)
5400.0 out of 10442 completed (51.714%)
5500.0 out of 10442 completed (52.672%)
5600.0 out of 10442 completed (53.63%)
5700.0 out of 10442 completed (54.587%)
5800.0 out of 10442 completed (55.545%)
5900.0 out of 10442 completed (56.503%)
6000.0 out of 10442 completed (57.46%)
6100.0 out of 10442 completed (58.418%)
6200.0 out of 10442 completed (59.376%)
6300.0 out of 10442 completed (60.333%)
6400.0 out of 10442 completed (61.291%)
6500.0 out of 10442 completed (62.249%)
6600.0 out of 10442 completed (63.206%)
6700.0 out of 10442 completed (64.164%)
6800.0 out of 10442 completed (65.122%)
6900.0 out of 10442 completed (66.079%)
7000.0 out of 10442 completed (67.037%)
7100.0 out of 10442 completed (67.995%)
7200.0 out of 10442 completed (68.952%)
7300.0 out of 10442 completed (69.91%)
7400.0 out of 10442 completed (70.868%)
7500.0 out of 10442 completed (71.825%)
7600.0 out of 10442 completed (72.783%)
7700.0 out of 10442 completed (73.741%)
7800.0 out of 10442 completed (74.698%)
7900.0 out of 10442 completed (75.656%)
8000.0 out of 10442 completed (76.614%)
8100.0 out of 10442 completed (77.571%)
8200.0 out of 10442 completed (78.529%)
8300.0 out of 10442 completed (79.487%)
8400.0 out of 10442 completed (80.444%)
8500.0 out of 10442 completed (81.402%)
8600.0 out of 10442 completed (82.36%)
8700.0 out of 10442 completed (83.317%)
8800.0 out of 10442 completed (84.275%)
8900.0 out of 10442 completed (85.233%)
9000.0 out of 10442 completed (86.19%)
9100.0 out of 10442 completed (87.148%)
9200.0 out of 10442 completed (88.106%)
9300.0 out of 10442 completed (89.063%)
9400.0 out of 10442 completed (90.021%)
9500.0 out of 10442 completed (90.979%)
9600.0 out of 10442 completed (91.936%)
9700.0 out of 10442 completed (92.894%)
9800.0 out of 10442 completed (93.852%)
9900.0 out of 10442 completed (94.809%)
10000.0 out of 10442 completed (95.767%)
10100.0 out of 10442 completed (96.725%)
10200.0 out of 10442 completed (97.682%)
10300.0 out of 10442 completed (98.64%)
10400.0 out of 10442 completed (99.598%)
