
Attaching package: ‘dplyr’

The following objects are masked from ‘package:stats’:

    filter, lag

The following objects are masked from ‘package:base’:

    intersect, setdiff, setequal, union

[1] "2021-07-19 16:34:33 EDT"
   user  system elapsed 
659.575  41.092 817.771 
─ Session info ───────────────────────────────────────────────────────────────────────────────────────────────────────
 setting  value                       
 version  R version 3.6.1 (2019-07-05)
 os       CentOS Linux 7 (Core)       
 system   x86_64, linux-gnu           
 ui       X11                         
 language (EN)                        
 collate  en_US.UTF-8                 
 ctype    en_US.UTF-8                 
 tz       US/Eastern                  
 date     2021-07-19                  

─ Packages ───────────────────────────────────────────────────────────────────────────────────────────────────────────
 package     * version date       lib source        
 argparse    * 2.0.3   2020-10-19 [1] CRAN (R 3.6.1)
 cli           2.5.0   2021-04-26 [1] CRAN (R 3.6.1)
 crayon        1.4.1   2021-02-08 [1] CRAN (R 3.6.1)
 data.table    1.14.0  2021-02-21 [1] CRAN (R 3.6.1)
 digest        0.6.27  2020-10-24 [1] CRAN (R 3.6.1)
 dplyr       * 1.0.2   2020-08-18 [2] CRAN (R 3.6.1)
 ellipsis      0.3.2   2021-04-29 [1] CRAN (R 3.6.1)
 findpython    1.0.7   2021-01-27 [1] CRAN (R 3.6.1)
 generics      0.1.0   2020-10-31 [2] CRAN (R 3.6.1)
 glue          1.4.2   2020-08-27 [1] CRAN (R 3.6.1)
 jsonlite      1.7.2   2020-12-09 [2] CRAN (R 3.6.1)
 lifecycle     1.0.0   2021-02-15 [1] CRAN (R 3.6.1)
 magrittr      2.0.1   2020-11-17 [2] CRAN (R 3.6.1)
 memoise       1.1.0   2017-04-21 [2] CRAN (R 3.6.1)
 pillar        1.4.7   2020-11-20 [2] CRAN (R 3.6.1)
 pkgconfig     2.0.3   2019-09-22 [2] CRAN (R 3.6.1)
 purrr         0.3.4   2020-04-17 [1] CRAN (R 3.6.1)
 R6            2.5.0   2020-10-28 [2] CRAN (R 3.6.1)
 rlang         0.4.10  2020-12-30 [1] CRAN (R 3.6.1)
 sessioninfo   1.1.1   2018-11-05 [2] CRAN (R 3.6.1)
 tibble        3.0.4   2020-10-12 [2] CRAN (R 3.6.1)
 tidyselect    1.1.1   2021-04-30 [1] CRAN (R 3.6.1)
 vctrs         0.3.6   2020-12-17 [1] CRAN (R 3.6.1)
 withr         2.3.0   2020-09-22 [2] CRAN (R 3.6.1)

[1] /users/jbenjami/R/x86_64-pc-linux-gnu-library/3.6
[2] /jhpce/shared/jhpce/core/R/3.6.1/lib64/R/library
Processing genotype position file.
Processing phenotype position file.
Processing genotype matrix.
Processing Matrix-eQTL tests file.
Performing eigenMT correction.
100.0 out of 8012 completed (1.248%)
200.0 out of 8012 completed (2.496%)
300.0 out of 8012 completed (3.744%)
400.0 out of 8012 completed (4.993%)
500.0 out of 8012 completed (6.241%)
600.0 out of 8012 completed (7.489%)
700.0 out of 8012 completed (8.737%)
800.0 out of 8012 completed (9.985%)
900.0 out of 8012 completed (11.233%)
1000.0 out of 8012 completed (12.481%)
1100.0 out of 8012 completed (13.729%)
1200.0 out of 8012 completed (14.978%)
1300.0 out of 8012 completed (16.226%)
1400.0 out of 8012 completed (17.474%)
1500.0 out of 8012 completed (18.722%)
1600.0 out of 8012 completed (19.97%)
1700.0 out of 8012 completed (21.218%)
1800.0 out of 8012 completed (22.466%)
1900.0 out of 8012 completed (23.714%)
2000.0 out of 8012 completed (24.963%)
2100.0 out of 8012 completed (26.211%)
2200.0 out of 8012 completed (27.459%)
2300.0 out of 8012 completed (28.707%)
2400.0 out of 8012 completed (29.955%)
2500.0 out of 8012 completed (31.203%)
2600.0 out of 8012 completed (32.451%)
2700.0 out of 8012 completed (33.699%)
2800.0 out of 8012 completed (34.948%)
2900.0 out of 8012 completed (36.196%)
3000.0 out of 8012 completed (37.444%)
3100.0 out of 8012 completed (38.692%)
3200.0 out of 8012 completed (39.94%)
3300.0 out of 8012 completed (41.188%)
3400.0 out of 8012 completed (42.436%)
3500.0 out of 8012 completed (43.684%)
3600.0 out of 8012 completed (44.933%)
3700.0 out of 8012 completed (46.181%)
3800.0 out of 8012 completed (47.429%)
3900.0 out of 8012 completed (48.677%)
4000.0 out of 8012 completed (49.925%)
4100.0 out of 8012 completed (51.173%)
4200.0 out of 8012 completed (52.421%)
4300.0 out of 8012 completed (53.669%)
4400.0 out of 8012 completed (54.918%)
4500.0 out of 8012 completed (56.166%)
4600.0 out of 8012 completed (57.414%)
4700.0 out of 8012 completed (58.662%)
4800.0 out of 8012 completed (59.91%)
4900.0 out of 8012 completed (61.158%)
5000.0 out of 8012 completed (62.406%)
5100.0 out of 8012 completed (63.655%)
5200.0 out of 8012 completed (64.903%)
5300.0 out of 8012 completed (66.151%)
5400.0 out of 8012 completed (67.399%)
5500.0 out of 8012 completed (68.647%)
5600.0 out of 8012 completed (69.895%)
5700.0 out of 8012 completed (71.143%)
5800.0 out of 8012 completed (72.391%)
5900.0 out of 8012 completed (73.64%)
6000.0 out of 8012 completed (74.888%)
6100.0 out of 8012 completed (76.136%)
6200.0 out of 8012 completed (77.384%)
6300.0 out of 8012 completed (78.632%)
6400.0 out of 8012 completed (79.88%)
6500.0 out of 8012 completed (81.128%)
6600.0 out of 8012 completed (82.376%)
6700.0 out of 8012 completed (83.625%)
6800.0 out of 8012 completed (84.873%)
6900.0 out of 8012 completed (86.121%)
7000.0 out of 8012 completed (87.369%)
7100.0 out of 8012 completed (88.617%)
7200.0 out of 8012 completed (89.865%)
7300.0 out of 8012 completed (91.113%)
7400.0 out of 8012 completed (92.361%)
7500.0 out of 8012 completed (93.61%)
7600.0 out of 8012 completed (94.858%)
7700.0 out of 8012 completed (96.106%)
7800.0 out of 8012 completed (97.354%)
7900.0 out of 8012 completed (98.602%)
8000.0 out of 8012 completed (99.85%)
