
Attaching package: ‘dplyr’

The following objects are masked from ‘package:stats’:

    filter, lag

The following objects are masked from ‘package:base’:

    intersect, setdiff, setequal, union

[1] "2021-07-19 16:23:31 EDT"
    user   system  elapsed 
1188.690   78.052  844.325 
─ Session info ───────────────────────────────────────────────────────────────────────────────────────────────────────
 setting  value                       
 version  R version 3.6.1 (2019-07-05)
 os       CentOS Linux 7 (Core)       
 system   x86_64, linux-gnu           
 ui       X11                         
 language (EN)                        
 collate  en_US.UTF-8                 
 ctype    en_US.UTF-8                 
 tz       US/Eastern                  
 date     2021-07-19                  

─ Packages ───────────────────────────────────────────────────────────────────────────────────────────────────────────
 package     * version date       lib source        
 argparse    * 2.0.3   2020-10-19 [1] CRAN (R 3.6.1)
 cli           2.5.0   2021-04-26 [1] CRAN (R 3.6.1)
 crayon        1.4.1   2021-02-08 [1] CRAN (R 3.6.1)
 data.table    1.14.0  2021-02-21 [1] CRAN (R 3.6.1)
 digest        0.6.27  2020-10-24 [1] CRAN (R 3.6.1)
 dplyr       * 1.0.2   2020-08-18 [2] CRAN (R 3.6.1)
 ellipsis      0.3.2   2021-04-29 [1] CRAN (R 3.6.1)
 findpython    1.0.7   2021-01-27 [1] CRAN (R 3.6.1)
 generics      0.1.0   2020-10-31 [2] CRAN (R 3.6.1)
 glue          1.4.2   2020-08-27 [1] CRAN (R 3.6.1)
 jsonlite      1.7.2   2020-12-09 [2] CRAN (R 3.6.1)
 lifecycle     1.0.0   2021-02-15 [1] CRAN (R 3.6.1)
 magrittr      2.0.1   2020-11-17 [2] CRAN (R 3.6.1)
 memoise       1.1.0   2017-04-21 [2] CRAN (R 3.6.1)
 pillar        1.4.7   2020-11-20 [2] CRAN (R 3.6.1)
 pkgconfig     2.0.3   2019-09-22 [2] CRAN (R 3.6.1)
 purrr         0.3.4   2020-04-17 [1] CRAN (R 3.6.1)
 R6            2.5.0   2020-10-28 [2] CRAN (R 3.6.1)
 rlang         0.4.10  2020-12-30 [1] CRAN (R 3.6.1)
 sessioninfo   1.1.1   2018-11-05 [2] CRAN (R 3.6.1)
 tibble        3.0.4   2020-10-12 [2] CRAN (R 3.6.1)
 tidyselect    1.1.1   2021-04-30 [1] CRAN (R 3.6.1)
 vctrs         0.3.6   2020-12-17 [1] CRAN (R 3.6.1)
 withr         2.3.0   2020-09-22 [2] CRAN (R 3.6.1)

[1] /users/jbenjami/R/x86_64-pc-linux-gnu-library/3.6
[2] /jhpce/shared/jhpce/core/R/3.6.1/lib64/R/library
Processing genotype position file.
Processing phenotype position file.
Processing genotype matrix.
Processing Matrix-eQTL tests file.
Performing eigenMT correction.
OpenBLAS blas_thread_init: pthread_create failed for thread 37 of 48: Resource temporarily unavailable
OpenBLAS blas_thread_init: RLIMIT_NPROC 3094632 current, 3094632 max
OpenBLAS blas_thread_init: pthread_create failed for thread 38 of 48: Resource temporarily unavailable
OpenBLAS blas_thread_init: RLIMIT_NPROC 3094632 current, 3094632 max
OpenBLAS blas_thread_init: pthread_create failed for thread 39 of 48: Resource temporarily unavailable
OpenBLAS blas_thread_init: RLIMIT_NPROC 3094632 current, 3094632 max
OpenBLAS blas_thread_init: pthread_create failed for thread 40 of 48: Resource temporarily unavailable
OpenBLAS blas_thread_init: RLIMIT_NPROC 3094632 current, 3094632 max
OpenBLAS blas_thread_init: pthread_create failed for thread 41 of 48: Resource temporarily unavailable
OpenBLAS blas_thread_init: RLIMIT_NPROC 3094632 current, 3094632 max
OpenBLAS blas_thread_init: pthread_create failed for thread 42 of 48: Resource temporarily unavailable
OpenBLAS blas_thread_init: RLIMIT_NPROC 3094632 current, 3094632 max
OpenBLAS blas_thread_init: pthread_create failed for thread 43 of 48: Resource temporarily unavailable
OpenBLAS blas_thread_init: RLIMIT_NPROC 3094632 current, 3094632 max
OpenBLAS blas_thread_init: pthread_create failed for thread 44 of 48: Resource temporarily unavailable
OpenBLAS blas_thread_init: RLIMIT_NPROC 3094632 current, 3094632 max
OpenBLAS blas_thread_init: pthread_create failed for thread 45 of 48: Resource temporarily unavailable
OpenBLAS blas_thread_init: RLIMIT_NPROC 3094632 current, 3094632 max
OpenBLAS blas_thread_init: pthread_create failed for thread 46 of 48: Resource temporarily unavailable
OpenBLAS blas_thread_init: RLIMIT_NPROC 3094632 current, 3094632 max
OpenBLAS blas_thread_init: pthread_create failed for thread 47 of 48: Resource temporarily unavailable
OpenBLAS blas_thread_init: RLIMIT_NPROC 3094632 current, 3094632 max
Processing genotype position file.
Processing phenotype position file.
Processing genotype matrix.
Processing Matrix-eQTL tests file.
Performing eigenMT correction.
100.0 out of 7583 completed (1.319%)
200.0 out of 7583 completed (2.637%)
300.0 out of 7583 completed (3.956%)
400.0 out of 7583 completed (5.275%)
500.0 out of 7583 completed (6.594%)
600.0 out of 7583 completed (7.912%)
700.0 out of 7583 completed (9.231%)
800.0 out of 7583 completed (10.55%)
900.0 out of 7583 completed (11.869%)
1000.0 out of 7583 completed (13.187%)
1100.0 out of 7583 completed (14.506%)
1200.0 out of 7583 completed (15.825%)
1300.0 out of 7583 completed (17.144%)
1400.0 out of 7583 completed (18.462%)
1500.0 out of 7583 completed (19.781%)
1600.0 out of 7583 completed (21.1%)
1700.0 out of 7583 completed (22.419%)
1800.0 out of 7583 completed (23.737%)
1900.0 out of 7583 completed (25.056%)
2000.0 out of 7583 completed (26.375%)
2100.0 out of 7583 completed (27.694%)
2200.0 out of 7583 completed (29.012%)
2300.0 out of 7583 completed (30.331%)
2400.0 out of 7583 completed (31.65%)
2500.0 out of 7583 completed (32.968%)
2600.0 out of 7583 completed (34.287%)
2700.0 out of 7583 completed (35.606%)
2800.0 out of 7583 completed (36.925%)
2900.0 out of 7583 completed (38.243%)
3000.0 out of 7583 completed (39.562%)
3100.0 out of 7583 completed (40.881%)
3200.0 out of 7583 completed (42.2%)
3300.0 out of 7583 completed (43.518%)
3400.0 out of 7583 completed (44.837%)
3500.0 out of 7583 completed (46.156%)
3600.0 out of 7583 completed (47.475%)
3700.0 out of 7583 completed (48.793%)
3800.0 out of 7583 completed (50.112%)
3900.0 out of 7583 completed (51.431%)
4000.0 out of 7583 completed (52.75%)
4100.0 out of 7583 completed (54.068%)
4200.0 out of 7583 completed (55.387%)
4300.0 out of 7583 completed (56.706%)
4400.0 out of 7583 completed (58.025%)
4500.0 out of 7583 completed (59.343%)
4600.0 out of 7583 completed (60.662%)
4700.0 out of 7583 completed (61.981%)
4800.0 out of 7583 completed (63.299%)
4900.0 out of 7583 completed (64.618%)
5000.0 out of 7583 completed (65.937%)
5100.0 out of 7583 completed (67.256%)
5200.0 out of 7583 completed (68.574%)
5300.0 out of 7583 completed (69.893%)
5400.0 out of 7583 completed (71.212%)
5500.0 out of 7583 completed (72.531%)
5600.0 out of 7583 completed (73.849%)
5700.0 out of 7583 completed (75.168%)
5800.0 out of 7583 completed (76.487%)
5900.0 out of 7583 completed (77.806%)
6000.0 out of 7583 completed (79.124%)
6100.0 out of 7583 completed (80.443%)
6200.0 out of 7583 completed (81.762%)
6300.0 out of 7583 completed (83.081%)
6400.0 out of 7583 completed (84.399%)
6500.0 out of 7583 completed (85.718%)
6600.0 out of 7583 completed (87.037%)
6700.0 out of 7583 completed (88.356%)
6800.0 out of 7583 completed (89.674%)
6900.0 out of 7583 completed (90.993%)
7000.0 out of 7583 completed (92.312%)
7100.0 out of 7583 completed (93.63%)
7200.0 out of 7583 completed (94.949%)
7300.0 out of 7583 completed (96.268%)
7400.0 out of 7583 completed (97.587%)
7500.0 out of 7583 completed (98.905%)
