
Attaching package: ‘dplyr’

The following objects are masked from ‘package:stats’:

    filter, lag

The following objects are masked from ‘package:base’:

    intersect, setdiff, setequal, union

[1] "2021-07-19 16:48:18 EDT"
    user   system  elapsed 
2128.324  123.148 2331.265 
─ Session info ───────────────────────────────────────────────────────────────────────────────────────────────────────
 setting  value                       
 version  R version 3.6.1 (2019-07-05)
 os       CentOS Linux 7 (Core)       
 system   x86_64, linux-gnu           
 ui       X11                         
 language (EN)                        
 collate  en_US.UTF-8                 
 ctype    en_US.UTF-8                 
 tz       US/Eastern                  
 date     2021-07-19                  

─ Packages ───────────────────────────────────────────────────────────────────────────────────────────────────────────
 package     * version date       lib source        
 argparse    * 2.0.3   2020-10-19 [1] CRAN (R 3.6.1)
 cli           2.5.0   2021-04-26 [1] CRAN (R 3.6.1)
 crayon        1.4.1   2021-02-08 [1] CRAN (R 3.6.1)
 data.table    1.14.0  2021-02-21 [1] CRAN (R 3.6.1)
 digest        0.6.27  2020-10-24 [1] CRAN (R 3.6.1)
 dplyr       * 1.0.2   2020-08-18 [2] CRAN (R 3.6.1)
 ellipsis      0.3.2   2021-04-29 [1] CRAN (R 3.6.1)
 findpython    1.0.7   2021-01-27 [1] CRAN (R 3.6.1)
 generics      0.1.0   2020-10-31 [2] CRAN (R 3.6.1)
 glue          1.4.2   2020-08-27 [1] CRAN (R 3.6.1)
 jsonlite      1.7.2   2020-12-09 [2] CRAN (R 3.6.1)
 lifecycle     1.0.0   2021-02-15 [1] CRAN (R 3.6.1)
 magrittr      2.0.1   2020-11-17 [2] CRAN (R 3.6.1)
 memoise       1.1.0   2017-04-21 [2] CRAN (R 3.6.1)
 pillar        1.4.7   2020-11-20 [2] CRAN (R 3.6.1)
 pkgconfig     2.0.3   2019-09-22 [2] CRAN (R 3.6.1)
 purrr         0.3.4   2020-04-17 [1] CRAN (R 3.6.1)
 R6            2.5.0   2020-10-28 [2] CRAN (R 3.6.1)
 rlang         0.4.10  2020-12-30 [1] CRAN (R 3.6.1)
 sessioninfo   1.1.1   2018-11-05 [2] CRAN (R 3.6.1)
 tibble        3.0.4   2020-10-12 [2] CRAN (R 3.6.1)
 tidyselect    1.1.1   2021-04-30 [1] CRAN (R 3.6.1)
 vctrs         0.3.6   2020-12-17 [1] CRAN (R 3.6.1)
 withr         2.3.0   2020-09-22 [2] CRAN (R 3.6.1)

[1] /users/jbenjami/R/x86_64-pc-linux-gnu-library/3.6
[2] /jhpce/shared/jhpce/core/R/3.6.1/lib64/R/library
Processing genotype position file.
Processing phenotype position file.
Processing genotype matrix.
Processing Matrix-eQTL tests file.
Performing eigenMT correction.
100.0 out of 14860 completed (0.673%)
200.0 out of 14860 completed (1.346%)
300.0 out of 14860 completed (2.019%)
400.0 out of 14860 completed (2.692%)
500.0 out of 14860 completed (3.365%)
600.0 out of 14860 completed (4.038%)
700.0 out of 14860 completed (4.711%)
800.0 out of 14860 completed (5.384%)
900.0 out of 14860 completed (6.057%)
1000.0 out of 14860 completed (6.729%)
1100.0 out of 14860 completed (7.402%)
1200.0 out of 14860 completed (8.075%)
1300.0 out of 14860 completed (8.748%)
1400.0 out of 14860 completed (9.421%)
1500.0 out of 14860 completed (10.094%)
1600.0 out of 14860 completed (10.767%)
1700.0 out of 14860 completed (11.44%)
1800.0 out of 14860 completed (12.113%)
1900.0 out of 14860 completed (12.786%)
2000.0 out of 14860 completed (13.459%)
2100.0 out of 14860 completed (14.132%)
2200.0 out of 14860 completed (14.805%)
2300.0 out of 14860 completed (15.478%)
2400.0 out of 14860 completed (16.151%)
2500.0 out of 14860 completed (16.824%)
2600.0 out of 14860 completed (17.497%)
2700.0 out of 14860 completed (18.17%)
2800.0 out of 14860 completed (18.843%)
2900.0 out of 14860 completed (19.515%)
3000.0 out of 14860 completed (20.188%)
3100.0 out of 14860 completed (20.861%)
3200.0 out of 14860 completed (21.534%)
3300.0 out of 14860 completed (22.207%)
3400.0 out of 14860 completed (22.88%)
3500.0 out of 14860 completed (23.553%)
3600.0 out of 14860 completed (24.226%)
3700.0 out of 14860 completed (24.899%)
3800.0 out of 14860 completed (25.572%)
3900.0 out of 14860 completed (26.245%)
4000.0 out of 14860 completed (26.918%)
4100.0 out of 14860 completed (27.591%)
4200.0 out of 14860 completed (28.264%)
4300.0 out of 14860 completed (28.937%)
4400.0 out of 14860 completed (29.61%)
4500.0 out of 14860 completed (30.283%)
4600.0 out of 14860 completed (30.956%)
4700.0 out of 14860 completed (31.629%)
4800.0 out of 14860 completed (32.301%)
4900.0 out of 14860 completed (32.974%)
5000.0 out of 14860 completed (33.647%)
5100.0 out of 14860 completed (34.32%)
5200.0 out of 14860 completed (34.993%)
5300.0 out of 14860 completed (35.666%)
5400.0 out of 14860 completed (36.339%)
5500.0 out of 14860 completed (37.012%)
5600.0 out of 14860 completed (37.685%)
5700.0 out of 14860 completed (38.358%)
5800.0 out of 14860 completed (39.031%)
5900.0 out of 14860 completed (39.704%)
6000.0 out of 14860 completed (40.377%)
6100.0 out of 14860 completed (41.05%)
6200.0 out of 14860 completed (41.723%)
6300.0 out of 14860 completed (42.396%)
6400.0 out of 14860 completed (43.069%)
6500.0 out of 14860 completed (43.742%)
6600.0 out of 14860 completed (44.415%)
6700.0 out of 14860 completed (45.087%)
6800.0 out of 14860 completed (45.76%)
6900.0 out of 14860 completed (46.433%)
7000.0 out of 14860 completed (47.106%)
7100.0 out of 14860 completed (47.779%)
7200.0 out of 14860 completed (48.452%)
7300.0 out of 14860 completed (49.125%)
7400.0 out of 14860 completed (49.798%)
7500.0 out of 14860 completed (50.471%)
7600.0 out of 14860 completed (51.144%)
7700.0 out of 14860 completed (51.817%)
7800.0 out of 14860 completed (52.49%)
7900.0 out of 14860 completed (53.163%)
8000.0 out of 14860 completed (53.836%)
8100.0 out of 14860 completed (54.509%)
8200.0 out of 14860 completed (55.182%)
8300.0 out of 14860 completed (55.855%)
8400.0 out of 14860 completed (56.528%)
8500.0 out of 14860 completed (57.201%)
8600.0 out of 14860 completed (57.873%)
8700.0 out of 14860 completed (58.546%)
8800.0 out of 14860 completed (59.219%)
8900.0 out of 14860 completed (59.892%)
9000.0 out of 14860 completed (60.565%)
9100.0 out of 14860 completed (61.238%)
9200.0 out of 14860 completed (61.911%)
9300.0 out of 14860 completed (62.584%)
9400.0 out of 14860 completed (63.257%)
9500.0 out of 14860 completed (63.93%)
9600.0 out of 14860 completed (64.603%)
9700.0 out of 14860 completed (65.276%)
9800.0 out of 14860 completed (65.949%)
9900.0 out of 14860 completed (66.622%)
10000.0 out of 14860 completed (67.295%)
10100.0 out of 14860 completed (67.968%)
10200.0 out of 14860 completed (68.641%)
10300.0 out of 14860 completed (69.314%)
10400.0 out of 14860 completed (69.987%)
10500.0 out of 14860 completed (70.659%)
10600.0 out of 14860 completed (71.332%)
10700.0 out of 14860 completed (72.005%)
10800.0 out of 14860 completed (72.678%)
10900.0 out of 14860 completed (73.351%)
11000.0 out of 14860 completed (74.024%)
11100.0 out of 14860 completed (74.697%)
11200.0 out of 14860 completed (75.37%)
11300.0 out of 14860 completed (76.043%)
11400.0 out of 14860 completed (76.716%)
11500.0 out of 14860 completed (77.389%)
11600.0 out of 14860 completed (78.062%)
11700.0 out of 14860 completed (78.735%)
11800.0 out of 14860 completed (79.408%)
11900.0 out of 14860 completed (80.081%)
12000.0 out of 14860 completed (80.754%)
12100.0 out of 14860 completed (81.427%)
12200.0 out of 14860 completed (82.1%)
12300.0 out of 14860 completed (82.773%)
12400.0 out of 14860 completed (83.445%)
12500.0 out of 14860 completed (84.118%)
12600.0 out of 14860 completed (84.791%)
12700.0 out of 14860 completed (85.464%)
12800.0 out of 14860 completed (86.137%)
12900.0 out of 14860 completed (86.81%)
13000.0 out of 14860 completed (87.483%)
13100.0 out of 14860 completed (88.156%)
13200.0 out of 14860 completed (88.829%)
13300.0 out of 14860 completed (89.502%)
13400.0 out of 14860 completed (90.175%)
13500.0 out of 14860 completed (90.848%)
13600.0 out of 14860 completed (91.521%)
13700.0 out of 14860 completed (92.194%)
13800.0 out of 14860 completed (92.867%)
13900.0 out of 14860 completed (93.54%)
14000.0 out of 14860 completed (94.213%)
14100.0 out of 14860 completed (94.886%)
14200.0 out of 14860 completed (95.559%)
14300.0 out of 14860 completed (96.231%)
14400.0 out of 14860 completed (96.904%)
14500.0 out of 14860 completed (97.577%)
14600.0 out of 14860 completed (98.25%)
14700.0 out of 14860 completed (98.923%)
14800.0 out of 14860 completed (99.596%)
