
Attaching package: ‘dplyr’

The following objects are masked from ‘package:stats’:

    filter, lag

The following objects are masked from ‘package:base’:

    intersect, setdiff, setequal, union

[1] "2021-07-19 20:09:22 EDT"
   user  system elapsed 
687.706  33.584 788.743 
─ Session info ───────────────────────────────────────────────────────────────────────────────────────────────────────
 setting  value                       
 version  R version 3.6.1 (2019-07-05)
 os       CentOS Linux 7 (Core)       
 system   x86_64, linux-gnu           
 ui       X11                         
 language (EN)                        
 collate  en_US.UTF-8                 
 ctype    en_US.UTF-8                 
 tz       US/Eastern                  
 date     2021-07-19                  

─ Packages ───────────────────────────────────────────────────────────────────────────────────────────────────────────
 package     * version date       lib source        
 argparse    * 2.0.3   2020-10-19 [1] CRAN (R 3.6.1)
 cli           2.5.0   2021-04-26 [1] CRAN (R 3.6.1)
 crayon        1.4.1   2021-02-08 [1] CRAN (R 3.6.1)
 data.table    1.14.0  2021-02-21 [1] CRAN (R 3.6.1)
 digest        0.6.27  2020-10-24 [1] CRAN (R 3.6.1)
 dplyr       * 1.0.2   2020-08-18 [2] CRAN (R 3.6.1)
 ellipsis      0.3.2   2021-04-29 [1] CRAN (R 3.6.1)
 findpython    1.0.7   2021-01-27 [1] CRAN (R 3.6.1)
 generics      0.1.0   2020-10-31 [2] CRAN (R 3.6.1)
 glue          1.4.2   2020-08-27 [1] CRAN (R 3.6.1)
 jsonlite      1.7.2   2020-12-09 [2] CRAN (R 3.6.1)
 lifecycle     1.0.0   2021-02-15 [1] CRAN (R 3.6.1)
 magrittr      2.0.1   2020-11-17 [2] CRAN (R 3.6.1)
 memoise       1.1.0   2017-04-21 [2] CRAN (R 3.6.1)
 pillar        1.4.7   2020-11-20 [2] CRAN (R 3.6.1)
 pkgconfig     2.0.3   2019-09-22 [2] CRAN (R 3.6.1)
 purrr         0.3.4   2020-04-17 [1] CRAN (R 3.6.1)
 R6            2.5.0   2020-10-28 [2] CRAN (R 3.6.1)
 rlang         0.4.10  2020-12-30 [1] CRAN (R 3.6.1)
 sessioninfo   1.1.1   2018-11-05 [2] CRAN (R 3.6.1)
 tibble        3.0.4   2020-10-12 [2] CRAN (R 3.6.1)
 tidyselect    1.1.1   2021-04-30 [1] CRAN (R 3.6.1)
 vctrs         0.3.6   2020-12-17 [1] CRAN (R 3.6.1)
 withr         2.3.0   2020-09-22 [2] CRAN (R 3.6.1)

[1] /users/jbenjami/R/x86_64-pc-linux-gnu-library/3.6
[2] /jhpce/shared/jhpce/core/R/3.6.1/lib64/R/library
Processing genotype position file.
Processing phenotype position file.
Processing genotype matrix.
Processing Matrix-eQTL tests file.
Performing eigenMT correction.
100.0 out of 7191 completed (1.391%)
200.0 out of 7191 completed (2.781%)
300.0 out of 7191 completed (4.172%)
400.0 out of 7191 completed (5.563%)
500.0 out of 7191 completed (6.953%)
600.0 out of 7191 completed (8.344%)
700.0 out of 7191 completed (9.734%)
800.0 out of 7191 completed (11.125%)
900.0 out of 7191 completed (12.516%)
1000.0 out of 7191 completed (13.906%)
1100.0 out of 7191 completed (15.297%)
1200.0 out of 7191 completed (16.688%)
1300.0 out of 7191 completed (18.078%)
1400.0 out of 7191 completed (19.469%)
1500.0 out of 7191 completed (20.859%)
1600.0 out of 7191 completed (22.25%)
1700.0 out of 7191 completed (23.641%)
1800.0 out of 7191 completed (25.031%)
1900.0 out of 7191 completed (26.422%)
2000.0 out of 7191 completed (27.813%)
2100.0 out of 7191 completed (29.203%)
2200.0 out of 7191 completed (30.594%)
2300.0 out of 7191 completed (31.984%)
2400.0 out of 7191 completed (33.375%)
2500.0 out of 7191 completed (34.766%)
2600.0 out of 7191 completed (36.156%)
2700.0 out of 7191 completed (37.547%)
2800.0 out of 7191 completed (38.938%)
2900.0 out of 7191 completed (40.328%)
3000.0 out of 7191 completed (41.719%)
3100.0 out of 7191 completed (43.109%)
3200.0 out of 7191 completed (44.5%)
3300.0 out of 7191 completed (45.891%)
3400.0 out of 7191 completed (47.281%)
3500.0 out of 7191 completed (48.672%)
3600.0 out of 7191 completed (50.063%)
3700.0 out of 7191 completed (51.453%)
3800.0 out of 7191 completed (52.844%)
3900.0 out of 7191 completed (54.234%)
4000.0 out of 7191 completed (55.625%)
4100.0 out of 7191 completed (57.016%)
4200.0 out of 7191 completed (58.406%)
4300.0 out of 7191 completed (59.797%)
4400.0 out of 7191 completed (61.188%)
4500.0 out of 7191 completed (62.578%)
4600.0 out of 7191 completed (63.969%)
4700.0 out of 7191 completed (65.359%)
4800.0 out of 7191 completed (66.75%)
4900.0 out of 7191 completed (68.141%)
5000.0 out of 7191 completed (69.531%)
5100.0 out of 7191 completed (70.922%)
5200.0 out of 7191 completed (72.313%)
5300.0 out of 7191 completed (73.703%)
5400.0 out of 7191 completed (75.094%)
5500.0 out of 7191 completed (76.484%)
5600.0 out of 7191 completed (77.875%)
5700.0 out of 7191 completed (79.266%)
5800.0 out of 7191 completed (80.656%)
5900.0 out of 7191 completed (82.047%)
6000.0 out of 7191 completed (83.438%)
6100.0 out of 7191 completed (84.828%)
6200.0 out of 7191 completed (86.219%)
6300.0 out of 7191 completed (87.61%)
6400.0 out of 7191 completed (89.0%)
6500.0 out of 7191 completed (90.391%)
6600.0 out of 7191 completed (91.781%)
6700.0 out of 7191 completed (93.172%)
6800.0 out of 7191 completed (94.563%)
6900.0 out of 7191 completed (95.953%)
7000.0 out of 7191 completed (97.344%)
7100.0 out of 7191 completed (98.735%)
