
Attaching package: ‘dplyr’

The following objects are masked from ‘package:stats’:

    filter, lag

The following objects are masked from ‘package:base’:

    intersect, setdiff, setequal, union

[1] "2021-07-19 20:43:14 EDT"
   user  system elapsed 
554.528  37.855 632.026 
─ Session info ───────────────────────────────────────────────────────────────────────────────────────────────────────
 setting  value                       
 version  R version 3.6.1 (2019-07-05)
 os       CentOS Linux 7 (Core)       
 system   x86_64, linux-gnu           
 ui       X11                         
 language (EN)                        
 collate  en_US.UTF-8                 
 ctype    en_US.UTF-8                 
 tz       US/Eastern                  
 date     2021-07-19                  

─ Packages ───────────────────────────────────────────────────────────────────────────────────────────────────────────
 package     * version date       lib source        
 argparse    * 2.0.3   2020-10-19 [1] CRAN (R 3.6.1)
 cli           2.5.0   2021-04-26 [1] CRAN (R 3.6.1)
 crayon        1.4.1   2021-02-08 [1] CRAN (R 3.6.1)
 data.table    1.14.0  2021-02-21 [1] CRAN (R 3.6.1)
 digest        0.6.27  2020-10-24 [1] CRAN (R 3.6.1)
 dplyr       * 1.0.2   2020-08-18 [2] CRAN (R 3.6.1)
 ellipsis      0.3.2   2021-04-29 [1] CRAN (R 3.6.1)
 findpython    1.0.7   2021-01-27 [1] CRAN (R 3.6.1)
 generics      0.1.0   2020-10-31 [2] CRAN (R 3.6.1)
 glue          1.4.2   2020-08-27 [1] CRAN (R 3.6.1)
 jsonlite      1.7.2   2020-12-09 [2] CRAN (R 3.6.1)
 lifecycle     1.0.0   2021-02-15 [1] CRAN (R 3.6.1)
 magrittr      2.0.1   2020-11-17 [2] CRAN (R 3.6.1)
 memoise       1.1.0   2017-04-21 [2] CRAN (R 3.6.1)
 pillar        1.4.7   2020-11-20 [2] CRAN (R 3.6.1)
 pkgconfig     2.0.3   2019-09-22 [2] CRAN (R 3.6.1)
 purrr         0.3.4   2020-04-17 [1] CRAN (R 3.6.1)
 R6            2.5.0   2020-10-28 [2] CRAN (R 3.6.1)
 rlang         0.4.10  2020-12-30 [1] CRAN (R 3.6.1)
 sessioninfo   1.1.1   2018-11-05 [2] CRAN (R 3.6.1)
 tibble        3.0.4   2020-10-12 [2] CRAN (R 3.6.1)
 tidyselect    1.1.1   2021-04-30 [1] CRAN (R 3.6.1)
 vctrs         0.3.6   2020-12-17 [1] CRAN (R 3.6.1)
 withr         2.3.0   2020-09-22 [2] CRAN (R 3.6.1)

[1] /users/jbenjami/R/x86_64-pc-linux-gnu-library/3.6
[2] /jhpce/shared/jhpce/core/R/3.6.1/lib64/R/library
Processing genotype position file.
Processing phenotype position file.
Processing genotype matrix.
Processing Matrix-eQTL tests file.
Performing eigenMT correction.
100.0 out of 6560 completed (1.524%)
200.0 out of 6560 completed (3.049%)
300.0 out of 6560 completed (4.573%)
400.0 out of 6560 completed (6.098%)
500.0 out of 6560 completed (7.622%)
600.0 out of 6560 completed (9.146%)
700.0 out of 6560 completed (10.671%)
800.0 out of 6560 completed (12.195%)
900.0 out of 6560 completed (13.72%)
1000.0 out of 6560 completed (15.244%)
1100.0 out of 6560 completed (16.768%)
1200.0 out of 6560 completed (18.293%)
1300.0 out of 6560 completed (19.817%)
1400.0 out of 6560 completed (21.341%)
1500.0 out of 6560 completed (22.866%)
1600.0 out of 6560 completed (24.39%)
1700.0 out of 6560 completed (25.915%)
1800.0 out of 6560 completed (27.439%)
1900.0 out of 6560 completed (28.963%)
2000.0 out of 6560 completed (30.488%)
2100.0 out of 6560 completed (32.012%)
2200.0 out of 6560 completed (33.537%)
2300.0 out of 6560 completed (35.061%)
2400.0 out of 6560 completed (36.585%)
2500.0 out of 6560 completed (38.11%)
2600.0 out of 6560 completed (39.634%)
2700.0 out of 6560 completed (41.159%)
2800.0 out of 6560 completed (42.683%)
2900.0 out of 6560 completed (44.207%)
3000.0 out of 6560 completed (45.732%)
3100.0 out of 6560 completed (47.256%)
3200.0 out of 6560 completed (48.78%)
3300.0 out of 6560 completed (50.305%)
3400.0 out of 6560 completed (51.829%)
3500.0 out of 6560 completed (53.354%)
3600.0 out of 6560 completed (54.878%)
3700.0 out of 6560 completed (56.402%)
3800.0 out of 6560 completed (57.927%)
3900.0 out of 6560 completed (59.451%)
4000.0 out of 6560 completed (60.976%)
4100.0 out of 6560 completed (62.5%)
4200.0 out of 6560 completed (64.024%)
4300.0 out of 6560 completed (65.549%)
4400.0 out of 6560 completed (67.073%)
4500.0 out of 6560 completed (68.598%)
4600.0 out of 6560 completed (70.122%)
4700.0 out of 6560 completed (71.646%)
4800.0 out of 6560 completed (73.171%)
4900.0 out of 6560 completed (74.695%)
5000.0 out of 6560 completed (76.22%)
5100.0 out of 6560 completed (77.744%)
5200.0 out of 6560 completed (79.268%)
5300.0 out of 6560 completed (80.793%)
5400.0 out of 6560 completed (82.317%)
5500.0 out of 6560 completed (83.841%)
5600.0 out of 6560 completed (85.366%)
5700.0 out of 6560 completed (86.89%)
5800.0 out of 6560 completed (88.415%)
5900.0 out of 6560 completed (89.939%)
6000.0 out of 6560 completed (91.463%)
6100.0 out of 6560 completed (92.988%)
6200.0 out of 6560 completed (94.512%)
6300.0 out of 6560 completed (96.037%)
6400.0 out of 6560 completed (97.561%)
6500.0 out of 6560 completed (99.085%)
