
Attaching package: ‘dplyr’

The following objects are masked from ‘package:stats’:

    filter, lag

The following objects are masked from ‘package:base’:

    intersect, setdiff, setequal, union

[1] "2021-07-19 20:11:48 EDT"
   user  system elapsed 
740.012  37.806 886.178 
─ Session info ───────────────────────────────────────────────────────────────────────────────────────────────────────
 setting  value                       
 version  R version 3.6.1 (2019-07-05)
 os       CentOS Linux 7 (Core)       
 system   x86_64, linux-gnu           
 ui       X11                         
 language (EN)                        
 collate  en_US.UTF-8                 
 ctype    en_US.UTF-8                 
 tz       US/Eastern                  
 date     2021-07-19                  

─ Packages ───────────────────────────────────────────────────────────────────────────────────────────────────────────
 package     * version date       lib source        
 argparse    * 2.0.3   2020-10-19 [1] CRAN (R 3.6.1)
 cli           2.5.0   2021-04-26 [1] CRAN (R 3.6.1)
 crayon        1.4.1   2021-02-08 [1] CRAN (R 3.6.1)
 data.table    1.14.0  2021-02-21 [1] CRAN (R 3.6.1)
 digest        0.6.27  2020-10-24 [1] CRAN (R 3.6.1)
 dplyr       * 1.0.2   2020-08-18 [2] CRAN (R 3.6.1)
 ellipsis      0.3.2   2021-04-29 [1] CRAN (R 3.6.1)
 findpython    1.0.7   2021-01-27 [1] CRAN (R 3.6.1)
 generics      0.1.0   2020-10-31 [2] CRAN (R 3.6.1)
 glue          1.4.2   2020-08-27 [1] CRAN (R 3.6.1)
 jsonlite      1.7.2   2020-12-09 [2] CRAN (R 3.6.1)
 lifecycle     1.0.0   2021-02-15 [1] CRAN (R 3.6.1)
 magrittr      2.0.1   2020-11-17 [2] CRAN (R 3.6.1)
 memoise       1.1.0   2017-04-21 [2] CRAN (R 3.6.1)
 pillar        1.4.7   2020-11-20 [2] CRAN (R 3.6.1)
 pkgconfig     2.0.3   2019-09-22 [2] CRAN (R 3.6.1)
 purrr         0.3.4   2020-04-17 [1] CRAN (R 3.6.1)
 R6            2.5.0   2020-10-28 [2] CRAN (R 3.6.1)
 rlang         0.4.10  2020-12-30 [1] CRAN (R 3.6.1)
 sessioninfo   1.1.1   2018-11-05 [2] CRAN (R 3.6.1)
 tibble        3.0.4   2020-10-12 [2] CRAN (R 3.6.1)
 tidyselect    1.1.1   2021-04-30 [1] CRAN (R 3.6.1)
 vctrs         0.3.6   2020-12-17 [1] CRAN (R 3.6.1)
 withr         2.3.0   2020-09-22 [2] CRAN (R 3.6.1)

[1] /users/jbenjami/R/x86_64-pc-linux-gnu-library/3.6
[2] /jhpce/shared/jhpce/core/R/3.6.1/lib64/R/library
Processing genotype position file.
Processing phenotype position file.
Processing genotype matrix.
Processing Matrix-eQTL tests file.
Performing eigenMT correction.
100.0 out of 3820 completed (2.618%)
200.0 out of 3820 completed (5.236%)
300.0 out of 3820 completed (7.853%)
400.0 out of 3820 completed (10.471%)
500.0 out of 3820 completed (13.089%)
600.0 out of 3820 completed (15.707%)
700.0 out of 3820 completed (18.325%)
800.0 out of 3820 completed (20.942%)
900.0 out of 3820 completed (23.56%)
1000.0 out of 3820 completed (26.178%)
1100.0 out of 3820 completed (28.796%)
1200.0 out of 3820 completed (31.414%)
1300.0 out of 3820 completed (34.031%)
1400.0 out of 3820 completed (36.649%)
1500.0 out of 3820 completed (39.267%)
1600.0 out of 3820 completed (41.885%)
1700.0 out of 3820 completed (44.503%)
1800.0 out of 3820 completed (47.12%)
1900.0 out of 3820 completed (49.738%)
2000.0 out of 3820 completed (52.356%)
2100.0 out of 3820 completed (54.974%)
2200.0 out of 3820 completed (57.592%)
2300.0 out of 3820 completed (60.209%)
2400.0 out of 3820 completed (62.827%)
2500.0 out of 3820 completed (65.445%)
2600.0 out of 3820 completed (68.063%)
2700.0 out of 3820 completed (70.681%)
2800.0 out of 3820 completed (73.298%)
2900.0 out of 3820 completed (75.916%)
3000.0 out of 3820 completed (78.534%)
3100.0 out of 3820 completed (81.152%)
3200.0 out of 3820 completed (83.77%)
3300.0 out of 3820 completed (86.387%)
3400.0 out of 3820 completed (89.005%)
3500.0 out of 3820 completed (91.623%)
3600.0 out of 3820 completed (94.241%)
3700.0 out of 3820 completed (96.859%)
3800.0 out of 3820 completed (99.476%)
