
Attaching package: ‘dplyr’

The following objects are masked from ‘package:stats’:

    filter, lag

The following objects are masked from ‘package:base’:

    intersect, setdiff, setequal, union

[1] "2021-07-19 20:35:16 EDT"
   user  system elapsed 
580.182  23.744 690.408 
─ Session info ───────────────────────────────────────────────────────────────────────────────────────────────────────
 setting  value                       
 version  R version 3.6.1 (2019-07-05)
 os       CentOS Linux 7 (Core)       
 system   x86_64, linux-gnu           
 ui       X11                         
 language (EN)                        
 collate  en_US.UTF-8                 
 ctype    en_US.UTF-8                 
 tz       US/Eastern                  
 date     2021-07-19                  

─ Packages ───────────────────────────────────────────────────────────────────────────────────────────────────────────
 package     * version date       lib source        
 argparse    * 2.0.3   2020-10-19 [1] CRAN (R 3.6.1)
 cli           2.5.0   2021-04-26 [1] CRAN (R 3.6.1)
 crayon        1.4.1   2021-02-08 [1] CRAN (R 3.6.1)
 data.table    1.14.0  2021-02-21 [1] CRAN (R 3.6.1)
 digest        0.6.27  2020-10-24 [1] CRAN (R 3.6.1)
 dplyr       * 1.0.2   2020-08-18 [2] CRAN (R 3.6.1)
 ellipsis      0.3.2   2021-04-29 [1] CRAN (R 3.6.1)
 findpython    1.0.7   2021-01-27 [1] CRAN (R 3.6.1)
 generics      0.1.0   2020-10-31 [2] CRAN (R 3.6.1)
 glue          1.4.2   2020-08-27 [1] CRAN (R 3.6.1)
 jsonlite      1.7.2   2020-12-09 [2] CRAN (R 3.6.1)
 lifecycle     1.0.0   2021-02-15 [1] CRAN (R 3.6.1)
 magrittr      2.0.1   2020-11-17 [2] CRAN (R 3.6.1)
 memoise       1.1.0   2017-04-21 [2] CRAN (R 3.6.1)
 pillar        1.4.7   2020-11-20 [2] CRAN (R 3.6.1)
 pkgconfig     2.0.3   2019-09-22 [2] CRAN (R 3.6.1)
 purrr         0.3.4   2020-04-17 [1] CRAN (R 3.6.1)
 R6            2.5.0   2020-10-28 [2] CRAN (R 3.6.1)
 rlang         0.4.10  2020-12-30 [1] CRAN (R 3.6.1)
 sessioninfo   1.1.1   2018-11-05 [2] CRAN (R 3.6.1)
 tibble        3.0.4   2020-10-12 [2] CRAN (R 3.6.1)
 tidyselect    1.1.1   2021-04-30 [1] CRAN (R 3.6.1)
 vctrs         0.3.6   2020-12-17 [1] CRAN (R 3.6.1)
 withr         2.3.0   2020-09-22 [2] CRAN (R 3.6.1)

[1] /users/jbenjami/R/x86_64-pc-linux-gnu-library/3.6
[2] /jhpce/shared/jhpce/core/R/3.6.1/lib64/R/library
Processing genotype position file.
Processing phenotype position file.
Processing genotype matrix.
Processing Matrix-eQTL tests file.
Performing eigenMT correction.
100.0 out of 6674 completed (1.498%)
200.0 out of 6674 completed (2.997%)
300.0 out of 6674 completed (4.495%)
400.0 out of 6674 completed (5.993%)
500.0 out of 6674 completed (7.492%)
600.0 out of 6674 completed (8.99%)
700.0 out of 6674 completed (10.488%)
800.0 out of 6674 completed (11.987%)
900.0 out of 6674 completed (13.485%)
1000.0 out of 6674 completed (14.984%)
1100.0 out of 6674 completed (16.482%)
1200.0 out of 6674 completed (17.98%)
1300.0 out of 6674 completed (19.479%)
1400.0 out of 6674 completed (20.977%)
1500.0 out of 6674 completed (22.475%)
1600.0 out of 6674 completed (23.974%)
1700.0 out of 6674 completed (25.472%)
1800.0 out of 6674 completed (26.97%)
1900.0 out of 6674 completed (28.469%)
2000.0 out of 6674 completed (29.967%)
2100.0 out of 6674 completed (31.465%)
2200.0 out of 6674 completed (32.964%)
2300.0 out of 6674 completed (34.462%)
2400.0 out of 6674 completed (35.96%)
2500.0 out of 6674 completed (37.459%)
2600.0 out of 6674 completed (38.957%)
2700.0 out of 6674 completed (40.455%)
2800.0 out of 6674 completed (41.954%)
2900.0 out of 6674 completed (43.452%)
3000.0 out of 6674 completed (44.951%)
3100.0 out of 6674 completed (46.449%)
3200.0 out of 6674 completed (47.947%)
3300.0 out of 6674 completed (49.446%)
3400.0 out of 6674 completed (50.944%)
3500.0 out of 6674 completed (52.442%)
3600.0 out of 6674 completed (53.941%)
3700.0 out of 6674 completed (55.439%)
3800.0 out of 6674 completed (56.937%)
3900.0 out of 6674 completed (58.436%)
4000.0 out of 6674 completed (59.934%)
4100.0 out of 6674 completed (61.432%)
4200.0 out of 6674 completed (62.931%)
4300.0 out of 6674 completed (64.429%)
4400.0 out of 6674 completed (65.927%)
4500.0 out of 6674 completed (67.426%)
4600.0 out of 6674 completed (68.924%)
4700.0 out of 6674 completed (70.423%)
4800.0 out of 6674 completed (71.921%)
4900.0 out of 6674 completed (73.419%)
5000.0 out of 6674 completed (74.918%)
5100.0 out of 6674 completed (76.416%)
5200.0 out of 6674 completed (77.914%)
5300.0 out of 6674 completed (79.413%)
5400.0 out of 6674 completed (80.911%)
5500.0 out of 6674 completed (82.409%)
5600.0 out of 6674 completed (83.908%)
5700.0 out of 6674 completed (85.406%)
5800.0 out of 6674 completed (86.904%)
5900.0 out of 6674 completed (88.403%)
6000.0 out of 6674 completed (89.901%)
6100.0 out of 6674 completed (91.399%)
6200.0 out of 6674 completed (92.898%)
6300.0 out of 6674 completed (94.396%)
6400.0 out of 6674 completed (95.895%)
6500.0 out of 6674 completed (97.393%)
6600.0 out of 6674 completed (98.891%)
