
Attaching package: ‘dplyr’

The following objects are masked from ‘package:stats’:

    filter, lag

The following objects are masked from ‘package:base’:

    intersect, setdiff, setequal, union

[1] "2021-07-19 20:27:14 EDT"
   user  system elapsed 
525.092  23.665 672.993 
─ Session info ───────────────────────────────────────────────────────────────────────────────────────────────────────
 setting  value                       
 version  R version 3.6.1 (2019-07-05)
 os       CentOS Linux 7 (Core)       
 system   x86_64, linux-gnu           
 ui       X11                         
 language (EN)                        
 collate  en_US.UTF-8                 
 ctype    en_US.UTF-8                 
 tz       US/Eastern                  
 date     2021-07-19                  

─ Packages ───────────────────────────────────────────────────────────────────────────────────────────────────────────
 package     * version date       lib source        
 argparse    * 2.0.3   2020-10-19 [1] CRAN (R 3.6.1)
 cli           2.5.0   2021-04-26 [1] CRAN (R 3.6.1)
 crayon        1.4.1   2021-02-08 [1] CRAN (R 3.6.1)
 data.table    1.14.0  2021-02-21 [1] CRAN (R 3.6.1)
 digest        0.6.27  2020-10-24 [1] CRAN (R 3.6.1)
 dplyr       * 1.0.2   2020-08-18 [2] CRAN (R 3.6.1)
 ellipsis      0.3.2   2021-04-29 [1] CRAN (R 3.6.1)
 findpython    1.0.7   2021-01-27 [1] CRAN (R 3.6.1)
 generics      0.1.0   2020-10-31 [2] CRAN (R 3.6.1)
 glue          1.4.2   2020-08-27 [1] CRAN (R 3.6.1)
 jsonlite      1.7.2   2020-12-09 [2] CRAN (R 3.6.1)
 lifecycle     1.0.0   2021-02-15 [1] CRAN (R 3.6.1)
 magrittr      2.0.1   2020-11-17 [2] CRAN (R 3.6.1)
 memoise       1.1.0   2017-04-21 [2] CRAN (R 3.6.1)
 pillar        1.4.7   2020-11-20 [2] CRAN (R 3.6.1)
 pkgconfig     2.0.3   2019-09-22 [2] CRAN (R 3.6.1)
 purrr         0.3.4   2020-04-17 [1] CRAN (R 3.6.1)
 R6            2.5.0   2020-10-28 [2] CRAN (R 3.6.1)
 rlang         0.4.10  2020-12-30 [1] CRAN (R 3.6.1)
 sessioninfo   1.1.1   2018-11-05 [2] CRAN (R 3.6.1)
 tibble        3.0.4   2020-10-12 [2] CRAN (R 3.6.1)
 tidyselect    1.1.1   2021-04-30 [1] CRAN (R 3.6.1)
 vctrs         0.3.6   2020-12-17 [1] CRAN (R 3.6.1)
 withr         2.3.0   2020-09-22 [2] CRAN (R 3.6.1)

[1] /users/jbenjami/R/x86_64-pc-linux-gnu-library/3.6
[2] /jhpce/shared/jhpce/core/R/3.6.1/lib64/R/library
Processing genotype position file.
Processing phenotype position file.
Processing genotype matrix.
Processing Matrix-eQTL tests file.
Performing eigenMT correction.
100.0 out of 3792 completed (2.637%)
200.0 out of 3792 completed (5.274%)
300.0 out of 3792 completed (7.911%)
400.0 out of 3792 completed (10.549%)
500.0 out of 3792 completed (13.186%)
600.0 out of 3792 completed (15.823%)
700.0 out of 3792 completed (18.46%)
800.0 out of 3792 completed (21.097%)
900.0 out of 3792 completed (23.734%)
1000.0 out of 3792 completed (26.371%)
1100.0 out of 3792 completed (29.008%)
1200.0 out of 3792 completed (31.646%)
1300.0 out of 3792 completed (34.283%)
1400.0 out of 3792 completed (36.92%)
1500.0 out of 3792 completed (39.557%)
1600.0 out of 3792 completed (42.194%)
1700.0 out of 3792 completed (44.831%)
1800.0 out of 3792 completed (47.468%)
1900.0 out of 3792 completed (50.105%)
2000.0 out of 3792 completed (52.743%)
2100.0 out of 3792 completed (55.38%)
2200.0 out of 3792 completed (58.017%)
2300.0 out of 3792 completed (60.654%)
2400.0 out of 3792 completed (63.291%)
2500.0 out of 3792 completed (65.928%)
2600.0 out of 3792 completed (68.565%)
2700.0 out of 3792 completed (71.203%)
2800.0 out of 3792 completed (73.84%)
2900.0 out of 3792 completed (76.477%)
3000.0 out of 3792 completed (79.114%)
3100.0 out of 3792 completed (81.751%)
3200.0 out of 3792 completed (84.388%)
3300.0 out of 3792 completed (87.025%)
3400.0 out of 3792 completed (89.662%)
3500.0 out of 3792 completed (92.3%)
3600.0 out of 3792 completed (94.937%)
3700.0 out of 3792 completed (97.574%)
/users/jbenjami/.local/lib/python3.7/site-packages/numpy/matrixlib/defmatrix.py:145: VisibleDeprecationWarning: Creating an ndarray from ragged nested sequences (which is a list-or-tuple of lists-or-tuples-or ndarrays with different lengths or shapes) is deprecated. If you meant to do this, you must specify 'dtype=object' when creating the ndarray
  arr = N.array(data, dtype=dtype, copy=copy)
/users/jbenjami/.local/lib/python3.7/site-packages/numpy/matrixlib/defmatrix.py:145: VisibleDeprecationWarning: Creating an ndarray from ragged nested sequences (which is a list-or-tuple of lists-or-tuples-or ndarrays with different lengths or shapes) is deprecated. If you meant to do this, you must specify 'dtype=object' when creating the ndarray
  arr = N.array(data, dtype=dtype, copy=copy)
/users/jbenjami/.local/lib/python3.7/site-packages/numpy/matrixlib/defmatrix.py:145: VisibleDeprecationWarning: Creating an ndarray from ragged nested sequences (which is a list-or-tuple of lists-or-tuples-or ndarrays with different lengths or shapes) is deprecated. If you meant to do this, you must specify 'dtype=object' when creating the ndarray
  arr = N.array(data, dtype=dtype, copy=copy)
/users/jbenjami/.local/lib/python3.7/site-packages/numpy/matrixlib/defmatrix.py:145: VisibleDeprecationWarning: Creating an ndarray from ragged nested sequences (which is a list-or-tuple of lists-or-tuples-or ndarrays with different lengths or shapes) is deprecated. If you meant to do this, you must specify 'dtype=object' when creating the ndarray
  arr = N.array(data, dtype=dtype, copy=copy)
/users/jbenjami/.local/lib/python3.7/site-packages/numpy/matrixlib/defmatrix.py:145: VisibleDeprecationWarning: Creating an ndarray from ragged nested sequences (which is a list-or-tuple of lists-or-tuples-or ndarrays with different lengths or shapes) is deprecated. If you meant to do this, you must specify 'dtype=object' when creating the ndarray
  arr = N.array(data, dtype=dtype, copy=copy)
