
Attaching package: ‘dplyr’

The following objects are masked from ‘package:stats’:

    filter, lag

The following objects are masked from ‘package:base’:

    intersect, setdiff, setequal, union

[1] "2021-07-19 22:18:01 EDT"
   user  system elapsed 
744.699  40.247 831.633 
─ Session info ───────────────────────────────────────────────────────────────────────────────────────────────────────
 setting  value                       
 version  R version 3.6.1 (2019-07-05)
 os       CentOS Linux 7 (Core)       
 system   x86_64, linux-gnu           
 ui       X11                         
 language (EN)                        
 collate  en_US.UTF-8                 
 ctype    en_US.UTF-8                 
 tz       US/Eastern                  
 date     2021-07-19                  

─ Packages ───────────────────────────────────────────────────────────────────────────────────────────────────────────
 package     * version date       lib source        
 argparse    * 2.0.3   2020-10-19 [1] CRAN (R 3.6.1)
 cli           2.5.0   2021-04-26 [1] CRAN (R 3.6.1)
 crayon        1.4.1   2021-02-08 [1] CRAN (R 3.6.1)
 data.table    1.14.0  2021-02-21 [1] CRAN (R 3.6.1)
 digest        0.6.27  2020-10-24 [1] CRAN (R 3.6.1)
 dplyr       * 1.0.2   2020-08-18 [2] CRAN (R 3.6.1)
 ellipsis      0.3.2   2021-04-29 [1] CRAN (R 3.6.1)
 findpython    1.0.7   2021-01-27 [1] CRAN (R 3.6.1)
 generics      0.1.0   2020-10-31 [2] CRAN (R 3.6.1)
 glue          1.4.2   2020-08-27 [1] CRAN (R 3.6.1)
 jsonlite      1.7.2   2020-12-09 [2] CRAN (R 3.6.1)
 lifecycle     1.0.0   2021-02-15 [1] CRAN (R 3.6.1)
 magrittr      2.0.1   2020-11-17 [2] CRAN (R 3.6.1)
 memoise       1.1.0   2017-04-21 [2] CRAN (R 3.6.1)
 pillar        1.4.7   2020-11-20 [2] CRAN (R 3.6.1)
 pkgconfig     2.0.3   2019-09-22 [2] CRAN (R 3.6.1)
 purrr         0.3.4   2020-04-17 [1] CRAN (R 3.6.1)
 R6            2.5.0   2020-10-28 [2] CRAN (R 3.6.1)
 rlang         0.4.10  2020-12-30 [1] CRAN (R 3.6.1)
 sessioninfo   1.1.1   2018-11-05 [2] CRAN (R 3.6.1)
 tibble        3.0.4   2020-10-12 [2] CRAN (R 3.6.1)
 tidyselect    1.1.1   2021-04-30 [1] CRAN (R 3.6.1)
 vctrs         0.3.6   2020-12-17 [1] CRAN (R 3.6.1)
 withr         2.3.0   2020-09-22 [2] CRAN (R 3.6.1)

[1] /users/jbenjami/R/x86_64-pc-linux-gnu-library/3.6
[2] /jhpce/shared/jhpce/core/R/3.6.1/lib64/R/library
Processing genotype position file.
Processing phenotype position file.
Processing genotype matrix.
Processing Matrix-eQTL tests file.
Performing eigenMT correction.
100.0 out of 5589 completed (1.789%)
200.0 out of 5589 completed (3.578%)
300.0 out of 5589 completed (5.368%)
400.0 out of 5589 completed (7.157%)
500.0 out of 5589 completed (8.946%)
600.0 out of 5589 completed (10.735%)
700.0 out of 5589 completed (12.525%)
800.0 out of 5589 completed (14.314%)
900.0 out of 5589 completed (16.103%)
1000.0 out of 5589 completed (17.892%)
1100.0 out of 5589 completed (19.682%)
1200.0 out of 5589 completed (21.471%)
1300.0 out of 5589 completed (23.26%)
1400.0 out of 5589 completed (25.049%)
1500.0 out of 5589 completed (26.838%)
1600.0 out of 5589 completed (28.628%)
1700.0 out of 5589 completed (30.417%)
1800.0 out of 5589 completed (32.206%)
1900.0 out of 5589 completed (33.995%)
2000.0 out of 5589 completed (35.785%)
2100.0 out of 5589 completed (37.574%)
2200.0 out of 5589 completed (39.363%)
2300.0 out of 5589 completed (41.152%)
2400.0 out of 5589 completed (42.941%)
2500.0 out of 5589 completed (44.731%)
2600.0 out of 5589 completed (46.52%)
2700.0 out of 5589 completed (48.309%)
2800.0 out of 5589 completed (50.098%)
2900.0 out of 5589 completed (51.888%)
3000.0 out of 5589 completed (53.677%)
3100.0 out of 5589 completed (55.466%)
3200.0 out of 5589 completed (57.255%)
3300.0 out of 5589 completed (59.045%)
3400.0 out of 5589 completed (60.834%)
3500.0 out of 5589 completed (62.623%)
3600.0 out of 5589 completed (64.412%)
3700.0 out of 5589 completed (66.201%)
3800.0 out of 5589 completed (67.991%)
3900.0 out of 5589 completed (69.78%)
4000.0 out of 5589 completed (71.569%)
4100.0 out of 5589 completed (73.358%)
4200.0 out of 5589 completed (75.148%)
4300.0 out of 5589 completed (76.937%)
4400.0 out of 5589 completed (78.726%)
4500.0 out of 5589 completed (80.515%)
4600.0 out of 5589 completed (82.305%)
4700.0 out of 5589 completed (84.094%)
4800.0 out of 5589 completed (85.883%)
4900.0 out of 5589 completed (87.672%)
5000.0 out of 5589 completed (89.461%)
5100.0 out of 5589 completed (91.251%)
5200.0 out of 5589 completed (93.04%)
5300.0 out of 5589 completed (94.829%)
5400.0 out of 5589 completed (96.618%)
5500.0 out of 5589 completed (98.408%)
