
Attaching package: ‘dplyr’

The following objects are masked from ‘package:stats’:

    filter, lag

The following objects are masked from ‘package:base’:

    intersect, setdiff, setequal, union

[1] "2021-07-19 22:29:02 EDT"
   user  system elapsed 
657.626  25.788 739.813 
─ Session info ───────────────────────────────────────────────────────────────────────────────────────────────────────
 setting  value                       
 version  R version 3.6.1 (2019-07-05)
 os       CentOS Linux 7 (Core)       
 system   x86_64, linux-gnu           
 ui       X11                         
 language (EN)                        
 collate  en_US.UTF-8                 
 ctype    en_US.UTF-8                 
 tz       US/Eastern                  
 date     2021-07-19                  

─ Packages ───────────────────────────────────────────────────────────────────────────────────────────────────────────
 package     * version date       lib source        
 argparse    * 2.0.3   2020-10-19 [1] CRAN (R 3.6.1)
 cli           2.5.0   2021-04-26 [1] CRAN (R 3.6.1)
 crayon        1.4.1   2021-02-08 [1] CRAN (R 3.6.1)
 data.table    1.14.0  2021-02-21 [1] CRAN (R 3.6.1)
 digest        0.6.27  2020-10-24 [1] CRAN (R 3.6.1)
 dplyr       * 1.0.2   2020-08-18 [2] CRAN (R 3.6.1)
 ellipsis      0.3.2   2021-04-29 [1] CRAN (R 3.6.1)
 findpython    1.0.7   2021-01-27 [1] CRAN (R 3.6.1)
 generics      0.1.0   2020-10-31 [2] CRAN (R 3.6.1)
 glue          1.4.2   2020-08-27 [1] CRAN (R 3.6.1)
 jsonlite      1.7.2   2020-12-09 [2] CRAN (R 3.6.1)
 lifecycle     1.0.0   2021-02-15 [1] CRAN (R 3.6.1)
 magrittr      2.0.1   2020-11-17 [2] CRAN (R 3.6.1)
 memoise       1.1.0   2017-04-21 [2] CRAN (R 3.6.1)
 pillar        1.4.7   2020-11-20 [2] CRAN (R 3.6.1)
 pkgconfig     2.0.3   2019-09-22 [2] CRAN (R 3.6.1)
 purrr         0.3.4   2020-04-17 [1] CRAN (R 3.6.1)
 R6            2.5.0   2020-10-28 [2] CRAN (R 3.6.1)
 rlang         0.4.10  2020-12-30 [1] CRAN (R 3.6.1)
 sessioninfo   1.1.1   2018-11-05 [2] CRAN (R 3.6.1)
 tibble        3.0.4   2020-10-12 [2] CRAN (R 3.6.1)
 tidyselect    1.1.1   2021-04-30 [1] CRAN (R 3.6.1)
 vctrs         0.3.6   2020-12-17 [1] CRAN (R 3.6.1)
 withr         2.3.0   2020-09-22 [2] CRAN (R 3.6.1)

[1] /users/jbenjami/R/x86_64-pc-linux-gnu-library/3.6
[2] /jhpce/shared/jhpce/core/R/3.6.1/lib64/R/library
Processing genotype position file.
Processing phenotype position file.
Processing genotype matrix.
Processing Matrix-eQTL tests file.
Performing eigenMT correction.
100.0 out of 7081 completed (1.412%)
200.0 out of 7081 completed (2.824%)
300.0 out of 7081 completed (4.237%)
400.0 out of 7081 completed (5.649%)
500.0 out of 7081 completed (7.061%)
600.0 out of 7081 completed (8.473%)
700.0 out of 7081 completed (9.886%)
800.0 out of 7081 completed (11.298%)
900.0 out of 7081 completed (12.71%)
1000.0 out of 7081 completed (14.122%)
1100.0 out of 7081 completed (15.535%)
1200.0 out of 7081 completed (16.947%)
1300.0 out of 7081 completed (18.359%)
1400.0 out of 7081 completed (19.771%)
1500.0 out of 7081 completed (21.183%)
1600.0 out of 7081 completed (22.596%)
1700.0 out of 7081 completed (24.008%)
1800.0 out of 7081 completed (25.42%)
1900.0 out of 7081 completed (26.832%)
2000.0 out of 7081 completed (28.245%)
2100.0 out of 7081 completed (29.657%)
2200.0 out of 7081 completed (31.069%)
2300.0 out of 7081 completed (32.481%)
2400.0 out of 7081 completed (33.894%)
2500.0 out of 7081 completed (35.306%)
2600.0 out of 7081 completed (36.718%)
2700.0 out of 7081 completed (38.13%)
2800.0 out of 7081 completed (39.542%)
2900.0 out of 7081 completed (40.955%)
3000.0 out of 7081 completed (42.367%)
3100.0 out of 7081 completed (43.779%)
3200.0 out of 7081 completed (45.191%)
3300.0 out of 7081 completed (46.604%)
3400.0 out of 7081 completed (48.016%)
3500.0 out of 7081 completed (49.428%)
3600.0 out of 7081 completed (50.84%)
3700.0 out of 7081 completed (52.253%)
3800.0 out of 7081 completed (53.665%)
3900.0 out of 7081 completed (55.077%)
4000.0 out of 7081 completed (56.489%)
4100.0 out of 7081 completed (57.901%)
4200.0 out of 7081 completed (59.314%)
4300.0 out of 7081 completed (60.726%)
4400.0 out of 7081 completed (62.138%)
4500.0 out of 7081 completed (63.55%)
4600.0 out of 7081 completed (64.963%)
4700.0 out of 7081 completed (66.375%)
4800.0 out of 7081 completed (67.787%)
4900.0 out of 7081 completed (69.199%)
5000.0 out of 7081 completed (70.611%)
5100.0 out of 7081 completed (72.024%)
5200.0 out of 7081 completed (73.436%)
5300.0 out of 7081 completed (74.848%)
5400.0 out of 7081 completed (76.26%)
5500.0 out of 7081 completed (77.673%)
5600.0 out of 7081 completed (79.085%)
5700.0 out of 7081 completed (80.497%)
5800.0 out of 7081 completed (81.909%)
5900.0 out of 7081 completed (83.322%)
6000.0 out of 7081 completed (84.734%)
6100.0 out of 7081 completed (86.146%)
6200.0 out of 7081 completed (87.558%)
6300.0 out of 7081 completed (88.97%)
6400.0 out of 7081 completed (90.383%)
6500.0 out of 7081 completed (91.795%)
6600.0 out of 7081 completed (93.207%)
6700.0 out of 7081 completed (94.619%)
6800.0 out of 7081 completed (96.032%)
6900.0 out of 7081 completed (97.444%)
7000.0 out of 7081 completed (98.856%)
