
Attaching package: ‘dplyr’

The following objects are masked from ‘package:stats’:

    filter, lag

The following objects are masked from ‘package:base’:

    intersect, setdiff, setequal, union

[1] "2021-07-19 22:37:53 EDT"
   user  system elapsed 
315.007  16.413 331.663 
─ Session info ───────────────────────────────────────────────────────────────────────────────────────────────────────
 setting  value                       
 version  R version 3.6.1 (2019-07-05)
 os       CentOS Linux 7 (Core)       
 system   x86_64, linux-gnu           
 ui       X11                         
 language (EN)                        
 collate  en_US.UTF-8                 
 ctype    en_US.UTF-8                 
 tz       US/Eastern                  
 date     2021-07-19                  

─ Packages ───────────────────────────────────────────────────────────────────────────────────────────────────────────
 package     * version date       lib source        
 argparse    * 2.0.3   2020-10-19 [1] CRAN (R 3.6.1)
 cli           2.5.0   2021-04-26 [1] CRAN (R 3.6.1)
 crayon        1.4.1   2021-02-08 [1] CRAN (R 3.6.1)
 data.table    1.14.0  2021-02-21 [1] CRAN (R 3.6.1)
 digest        0.6.27  2020-10-24 [1] CRAN (R 3.6.1)
 dplyr       * 1.0.2   2020-08-18 [2] CRAN (R 3.6.1)
 ellipsis      0.3.2   2021-04-29 [1] CRAN (R 3.6.1)
 findpython    1.0.7   2021-01-27 [1] CRAN (R 3.6.1)
 generics      0.1.0   2020-10-31 [2] CRAN (R 3.6.1)
 glue          1.4.2   2020-08-27 [1] CRAN (R 3.6.1)
 jsonlite      1.7.2   2020-12-09 [2] CRAN (R 3.6.1)
 lifecycle     1.0.0   2021-02-15 [1] CRAN (R 3.6.1)
 magrittr      2.0.1   2020-11-17 [2] CRAN (R 3.6.1)
 memoise       1.1.0   2017-04-21 [2] CRAN (R 3.6.1)
 pillar        1.4.7   2020-11-20 [2] CRAN (R 3.6.1)
 pkgconfig     2.0.3   2019-09-22 [2] CRAN (R 3.6.1)
 purrr         0.3.4   2020-04-17 [1] CRAN (R 3.6.1)
 R6            2.5.0   2020-10-28 [2] CRAN (R 3.6.1)
 rlang         0.4.10  2020-12-30 [1] CRAN (R 3.6.1)
 sessioninfo   1.1.1   2018-11-05 [2] CRAN (R 3.6.1)
 tibble        3.0.4   2020-10-12 [2] CRAN (R 3.6.1)
 tidyselect    1.1.1   2021-04-30 [1] CRAN (R 3.6.1)
 vctrs         0.3.6   2020-12-17 [1] CRAN (R 3.6.1)
 withr         2.3.0   2020-09-22 [2] CRAN (R 3.6.1)

[1] /users/jbenjami/R/x86_64-pc-linux-gnu-library/3.6
[2] /jhpce/shared/jhpce/core/R/3.6.1/lib64/R/library
Processing genotype position file.
Processing phenotype position file.
Processing genotype matrix.
Processing Matrix-eQTL tests file.
Performing eigenMT correction.
100.0 out of 6067 completed (1.648%)
200.0 out of 6067 completed (3.297%)
300.0 out of 6067 completed (4.945%)
400.0 out of 6067 completed (6.593%)
500.0 out of 6067 completed (8.241%)
600.0 out of 6067 completed (9.89%)
700.0 out of 6067 completed (11.538%)
800.0 out of 6067 completed (13.186%)
900.0 out of 6067 completed (14.834%)
1000.0 out of 6067 completed (16.483%)
1100.0 out of 6067 completed (18.131%)
1200.0 out of 6067 completed (19.779%)
1300.0 out of 6067 completed (21.427%)
1400.0 out of 6067 completed (23.076%)
1500.0 out of 6067 completed (24.724%)
1600.0 out of 6067 completed (26.372%)
1700.0 out of 6067 completed (28.02%)
1800.0 out of 6067 completed (29.669%)
1900.0 out of 6067 completed (31.317%)
2000.0 out of 6067 completed (32.965%)
2100.0 out of 6067 completed (34.613%)
2200.0 out of 6067 completed (36.262%)
2300.0 out of 6067 completed (37.91%)
2400.0 out of 6067 completed (39.558%)
2500.0 out of 6067 completed (41.207%)
2600.0 out of 6067 completed (42.855%)
2700.0 out of 6067 completed (44.503%)
2800.0 out of 6067 completed (46.151%)
2900.0 out of 6067 completed (47.8%)
3000.0 out of 6067 completed (49.448%)
3100.0 out of 6067 completed (51.096%)
3200.0 out of 6067 completed (52.744%)
3300.0 out of 6067 completed (54.393%)
3400.0 out of 6067 completed (56.041%)
3500.0 out of 6067 completed (57.689%)
3600.0 out of 6067 completed (59.337%)
3700.0 out of 6067 completed (60.986%)
3800.0 out of 6067 completed (62.634%)
3900.0 out of 6067 completed (64.282%)
4000.0 out of 6067 completed (65.93%)
4100.0 out of 6067 completed (67.579%)
4200.0 out of 6067 completed (69.227%)
4300.0 out of 6067 completed (70.875%)
4400.0 out of 6067 completed (72.523%)
4500.0 out of 6067 completed (74.172%)
4600.0 out of 6067 completed (75.82%)
4700.0 out of 6067 completed (77.468%)
4800.0 out of 6067 completed (79.117%)
4900.0 out of 6067 completed (80.765%)
5000.0 out of 6067 completed (82.413%)
5100.0 out of 6067 completed (84.061%)
5200.0 out of 6067 completed (85.71%)
5300.0 out of 6067 completed (87.358%)
5400.0 out of 6067 completed (89.006%)
5500.0 out of 6067 completed (90.654%)
5600.0 out of 6067 completed (92.303%)
5700.0 out of 6067 completed (93.951%)
5800.0 out of 6067 completed (95.599%)
5900.0 out of 6067 completed (97.247%)
6000.0 out of 6067 completed (98.896%)
