
Attaching package: ‘dplyr’

The following objects are masked from ‘package:stats’:

    filter, lag

The following objects are masked from ‘package:base’:

    intersect, setdiff, setequal, union

[1] "2021-07-19 22:23:18 EDT"
   user  system elapsed 
311.637  16.388 345.680 
─ Session info ───────────────────────────────────────────────────────────────────────────────────────────────────────
 setting  value                       
 version  R version 3.6.1 (2019-07-05)
 os       CentOS Linux 7 (Core)       
 system   x86_64, linux-gnu           
 ui       X11                         
 language (EN)                        
 collate  en_US.UTF-8                 
 ctype    en_US.UTF-8                 
 tz       US/Eastern                  
 date     2021-07-19                  

─ Packages ───────────────────────────────────────────────────────────────────────────────────────────────────────────
 package     * version date       lib source        
 argparse    * 2.0.3   2020-10-19 [1] CRAN (R 3.6.1)
 cli           2.5.0   2021-04-26 [1] CRAN (R 3.6.1)
 crayon        1.4.1   2021-02-08 [1] CRAN (R 3.6.1)
 data.table    1.14.0  2021-02-21 [1] CRAN (R 3.6.1)
 digest        0.6.27  2020-10-24 [1] CRAN (R 3.6.1)
 dplyr       * 1.0.2   2020-08-18 [2] CRAN (R 3.6.1)
 ellipsis      0.3.2   2021-04-29 [1] CRAN (R 3.6.1)
 findpython    1.0.7   2021-01-27 [1] CRAN (R 3.6.1)
 generics      0.1.0   2020-10-31 [2] CRAN (R 3.6.1)
 glue          1.4.2   2020-08-27 [1] CRAN (R 3.6.1)
 jsonlite      1.7.2   2020-12-09 [2] CRAN (R 3.6.1)
 lifecycle     1.0.0   2021-02-15 [1] CRAN (R 3.6.1)
 magrittr      2.0.1   2020-11-17 [2] CRAN (R 3.6.1)
 memoise       1.1.0   2017-04-21 [2] CRAN (R 3.6.1)
 pillar        1.4.7   2020-11-20 [2] CRAN (R 3.6.1)
 pkgconfig     2.0.3   2019-09-22 [2] CRAN (R 3.6.1)
 purrr         0.3.4   2020-04-17 [1] CRAN (R 3.6.1)
 R6            2.5.0   2020-10-28 [2] CRAN (R 3.6.1)
 rlang         0.4.10  2020-12-30 [1] CRAN (R 3.6.1)
 sessioninfo   1.1.1   2018-11-05 [2] CRAN (R 3.6.1)
 tibble        3.0.4   2020-10-12 [2] CRAN (R 3.6.1)
 tidyselect    1.1.1   2021-04-30 [1] CRAN (R 3.6.1)
 vctrs         0.3.6   2020-12-17 [1] CRAN (R 3.6.1)
 withr         2.3.0   2020-09-22 [2] CRAN (R 3.6.1)

[1] /users/jbenjami/R/x86_64-pc-linux-gnu-library/3.6
[2] /jhpce/shared/jhpce/core/R/3.6.1/lib64/R/library
Processing genotype position file.
Processing phenotype position file.
Processing genotype matrix.
Processing Matrix-eQTL tests file.
Performing eigenMT correction.
100.0 out of 4429 completed (2.258%)
200.0 out of 4429 completed (4.516%)
300.0 out of 4429 completed (6.774%)
400.0 out of 4429 completed (9.031%)
500.0 out of 4429 completed (11.289%)
600.0 out of 4429 completed (13.547%)
700.0 out of 4429 completed (15.805%)
800.0 out of 4429 completed (18.063%)
900.0 out of 4429 completed (20.321%)
1000.0 out of 4429 completed (22.578%)
1100.0 out of 4429 completed (24.836%)
1200.0 out of 4429 completed (27.094%)
1300.0 out of 4429 completed (29.352%)
1400.0 out of 4429 completed (31.61%)
1500.0 out of 4429 completed (33.868%)
1600.0 out of 4429 completed (36.126%)
1700.0 out of 4429 completed (38.383%)
1800.0 out of 4429 completed (40.641%)
1900.0 out of 4429 completed (42.899%)
2000.0 out of 4429 completed (45.157%)
2100.0 out of 4429 completed (47.415%)
2200.0 out of 4429 completed (49.673%)
2300.0 out of 4429 completed (51.93%)
2400.0 out of 4429 completed (54.188%)
2500.0 out of 4429 completed (56.446%)
2600.0 out of 4429 completed (58.704%)
2700.0 out of 4429 completed (60.962%)
2800.0 out of 4429 completed (63.22%)
2900.0 out of 4429 completed (65.478%)
3000.0 out of 4429 completed (67.735%)
3100.0 out of 4429 completed (69.993%)
3200.0 out of 4429 completed (72.251%)
3300.0 out of 4429 completed (74.509%)
3400.0 out of 4429 completed (76.767%)
3500.0 out of 4429 completed (79.025%)
3600.0 out of 4429 completed (81.282%)
3700.0 out of 4429 completed (83.54%)
3800.0 out of 4429 completed (85.798%)
3900.0 out of 4429 completed (88.056%)
4000.0 out of 4429 completed (90.314%)
4100.0 out of 4429 completed (92.572%)
4200.0 out of 4429 completed (94.83%)
4300.0 out of 4429 completed (97.087%)
4400.0 out of 4429 completed (99.345%)
