
Attaching package: ‘dplyr’

The following objects are masked from ‘package:stats’:

    filter, lag

The following objects are masked from ‘package:base’:

    intersect, setdiff, setequal, union

[1] "2021-07-19 22:17:31 EDT"
   user  system elapsed 
787.981  34.601 871.574 
─ Session info ───────────────────────────────────────────────────────────────────────────────────────────────────────
 setting  value                       
 version  R version 3.6.1 (2019-07-05)
 os       CentOS Linux 7 (Core)       
 system   x86_64, linux-gnu           
 ui       X11                         
 language (EN)                        
 collate  en_US.UTF-8                 
 ctype    en_US.UTF-8                 
 tz       US/Eastern                  
 date     2021-07-19                  

─ Packages ───────────────────────────────────────────────────────────────────────────────────────────────────────────
 package     * version date       lib source        
 argparse    * 2.0.3   2020-10-19 [1] CRAN (R 3.6.1)
 cli           2.5.0   2021-04-26 [1] CRAN (R 3.6.1)
 crayon        1.4.1   2021-02-08 [1] CRAN (R 3.6.1)
 data.table    1.14.0  2021-02-21 [1] CRAN (R 3.6.1)
 digest        0.6.27  2020-10-24 [1] CRAN (R 3.6.1)
 dplyr       * 1.0.2   2020-08-18 [2] CRAN (R 3.6.1)
 ellipsis      0.3.2   2021-04-29 [1] CRAN (R 3.6.1)
 findpython    1.0.7   2021-01-27 [1] CRAN (R 3.6.1)
 generics      0.1.0   2020-10-31 [2] CRAN (R 3.6.1)
 glue          1.4.2   2020-08-27 [1] CRAN (R 3.6.1)
 jsonlite      1.7.2   2020-12-09 [2] CRAN (R 3.6.1)
 lifecycle     1.0.0   2021-02-15 [1] CRAN (R 3.6.1)
 magrittr      2.0.1   2020-11-17 [2] CRAN (R 3.6.1)
 memoise       1.1.0   2017-04-21 [2] CRAN (R 3.6.1)
 pillar        1.4.7   2020-11-20 [2] CRAN (R 3.6.1)
 pkgconfig     2.0.3   2019-09-22 [2] CRAN (R 3.6.1)
 purrr         0.3.4   2020-04-17 [1] CRAN (R 3.6.1)
 R6            2.5.0   2020-10-28 [2] CRAN (R 3.6.1)
 rlang         0.4.10  2020-12-30 [1] CRAN (R 3.6.1)
 sessioninfo   1.1.1   2018-11-05 [2] CRAN (R 3.6.1)
 tibble        3.0.4   2020-10-12 [2] CRAN (R 3.6.1)
 tidyselect    1.1.1   2021-04-30 [1] CRAN (R 3.6.1)
 vctrs         0.3.6   2020-12-17 [1] CRAN (R 3.6.1)
 withr         2.3.0   2020-09-22 [2] CRAN (R 3.6.1)

[1] /users/jbenjami/R/x86_64-pc-linux-gnu-library/3.6
[2] /jhpce/shared/jhpce/core/R/3.6.1/lib64/R/library
Processing genotype position file.
Processing phenotype position file.
Processing genotype matrix.
Processing Matrix-eQTL tests file.
Performing eigenMT correction.
100.0 out of 7563 completed (1.322%)
200.0 out of 7563 completed (2.644%)
300.0 out of 7563 completed (3.967%)
400.0 out of 7563 completed (5.289%)
500.0 out of 7563 completed (6.611%)
600.0 out of 7563 completed (7.933%)
700.0 out of 7563 completed (9.256%)
800.0 out of 7563 completed (10.578%)
900.0 out of 7563 completed (11.9%)
1000.0 out of 7563 completed (13.222%)
1100.0 out of 7563 completed (14.544%)
1200.0 out of 7563 completed (15.867%)
1300.0 out of 7563 completed (17.189%)
1400.0 out of 7563 completed (18.511%)
1500.0 out of 7563 completed (19.833%)
1600.0 out of 7563 completed (21.156%)
1700.0 out of 7563 completed (22.478%)
1800.0 out of 7563 completed (23.8%)
1900.0 out of 7563 completed (25.122%)
2000.0 out of 7563 completed (26.445%)
2100.0 out of 7563 completed (27.767%)
2200.0 out of 7563 completed (29.089%)
2300.0 out of 7563 completed (30.411%)
2400.0 out of 7563 completed (31.733%)
2500.0 out of 7563 completed (33.056%)
2600.0 out of 7563 completed (34.378%)
2700.0 out of 7563 completed (35.7%)
2800.0 out of 7563 completed (37.022%)
2900.0 out of 7563 completed (38.345%)
3000.0 out of 7563 completed (39.667%)
3100.0 out of 7563 completed (40.989%)
3200.0 out of 7563 completed (42.311%)
3300.0 out of 7563 completed (43.633%)
3400.0 out of 7563 completed (44.956%)
3500.0 out of 7563 completed (46.278%)
3600.0 out of 7563 completed (47.6%)
3700.0 out of 7563 completed (48.922%)
3800.0 out of 7563 completed (50.245%)
3900.0 out of 7563 completed (51.567%)
4000.0 out of 7563 completed (52.889%)
4100.0 out of 7563 completed (54.211%)
4200.0 out of 7563 completed (55.534%)
4300.0 out of 7563 completed (56.856%)
4400.0 out of 7563 completed (58.178%)
4500.0 out of 7563 completed (59.5%)
4600.0 out of 7563 completed (60.822%)
4700.0 out of 7563 completed (62.145%)
4800.0 out of 7563 completed (63.467%)
4900.0 out of 7563 completed (64.789%)
5000.0 out of 7563 completed (66.111%)
5100.0 out of 7563 completed (67.434%)
5200.0 out of 7563 completed (68.756%)
5300.0 out of 7563 completed (70.078%)
5400.0 out of 7563 completed (71.4%)
5500.0 out of 7563 completed (72.722%)
5600.0 out of 7563 completed (74.045%)
5700.0 out of 7563 completed (75.367%)
5800.0 out of 7563 completed (76.689%)
5900.0 out of 7563 completed (78.011%)
6000.0 out of 7563 completed (79.334%)
6100.0 out of 7563 completed (80.656%)
6200.0 out of 7563 completed (81.978%)
6300.0 out of 7563 completed (83.3%)
6400.0 out of 7563 completed (84.623%)
6500.0 out of 7563 completed (85.945%)
6600.0 out of 7563 completed (87.267%)
6700.0 out of 7563 completed (88.589%)
6800.0 out of 7563 completed (89.911%)
6900.0 out of 7563 completed (91.234%)
7000.0 out of 7563 completed (92.556%)
7100.0 out of 7563 completed (93.878%)
7200.0 out of 7563 completed (95.2%)
7300.0 out of 7563 completed (96.523%)
7400.0 out of 7563 completed (97.845%)
7500.0 out of 7563 completed (99.167%)
