
Attaching package: ‘dplyr’

The following objects are masked from ‘package:stats’:

    filter, lag

The following objects are masked from ‘package:base’:

    intersect, setdiff, setequal, union

[1] "2021-07-19 19:26:08 EDT"
    user   system  elapsed 
1026.224   54.089 1187.946 
─ Session info ───────────────────────────────────────────────────────────────────────────────────────────────────────
 setting  value                       
 version  R version 3.6.1 (2019-07-05)
 os       CentOS Linux 7 (Core)       
 system   x86_64, linux-gnu           
 ui       X11                         
 language (EN)                        
 collate  en_US.UTF-8                 
 ctype    en_US.UTF-8                 
 tz       US/Eastern                  
 date     2021-07-19                  

─ Packages ───────────────────────────────────────────────────────────────────────────────────────────────────────────
 package     * version date       lib source        
 argparse    * 2.0.3   2020-10-19 [1] CRAN (R 3.6.1)
 cli           2.5.0   2021-04-26 [1] CRAN (R 3.6.1)
 crayon        1.4.1   2021-02-08 [1] CRAN (R 3.6.1)
 data.table    1.14.0  2021-02-21 [1] CRAN (R 3.6.1)
 digest        0.6.27  2020-10-24 [1] CRAN (R 3.6.1)
 dplyr       * 1.0.2   2020-08-18 [2] CRAN (R 3.6.1)
 ellipsis      0.3.2   2021-04-29 [1] CRAN (R 3.6.1)
 findpython    1.0.7   2021-01-27 [1] CRAN (R 3.6.1)
 generics      0.1.0   2020-10-31 [2] CRAN (R 3.6.1)
 glue          1.4.2   2020-08-27 [1] CRAN (R 3.6.1)
 jsonlite      1.7.2   2020-12-09 [2] CRAN (R 3.6.1)
 lifecycle     1.0.0   2021-02-15 [1] CRAN (R 3.6.1)
 magrittr      2.0.1   2020-11-17 [2] CRAN (R 3.6.1)
 memoise       1.1.0   2017-04-21 [2] CRAN (R 3.6.1)
 pillar        1.4.7   2020-11-20 [2] CRAN (R 3.6.1)
 pkgconfig     2.0.3   2019-09-22 [2] CRAN (R 3.6.1)
 purrr         0.3.4   2020-04-17 [1] CRAN (R 3.6.1)
 R6            2.5.0   2020-10-28 [2] CRAN (R 3.6.1)
 rlang         0.4.10  2020-12-30 [1] CRAN (R 3.6.1)
 sessioninfo   1.1.1   2018-11-05 [2] CRAN (R 3.6.1)
 tibble        3.0.4   2020-10-12 [2] CRAN (R 3.6.1)
 tidyselect    1.1.1   2021-04-30 [1] CRAN (R 3.6.1)
 vctrs         0.3.6   2020-12-17 [1] CRAN (R 3.6.1)
 withr         2.3.0   2020-09-22 [2] CRAN (R 3.6.1)

[1] /users/jbenjami/R/x86_64-pc-linux-gnu-library/3.6
[2] /jhpce/shared/jhpce/core/R/3.6.1/lib64/R/library
Processing genotype position file.
Processing phenotype position file.
Processing genotype matrix.
Processing Matrix-eQTL tests file.
Performing eigenMT correction.
100.0 out of 9382 completed (1.066%)
200.0 out of 9382 completed (2.132%)
300.0 out of 9382 completed (3.198%)
400.0 out of 9382 completed (4.263%)
500.0 out of 9382 completed (5.329%)
600.0 out of 9382 completed (6.395%)
700.0 out of 9382 completed (7.461%)
800.0 out of 9382 completed (8.527%)
900.0 out of 9382 completed (9.593%)
1000.0 out of 9382 completed (10.659%)
1100.0 out of 9382 completed (11.725%)
1200.0 out of 9382 completed (12.79%)
1300.0 out of 9382 completed (13.856%)
1400.0 out of 9382 completed (14.922%)
1500.0 out of 9382 completed (15.988%)
1600.0 out of 9382 completed (17.054%)
1700.0 out of 9382 completed (18.12%)
1800.0 out of 9382 completed (19.186%)
1900.0 out of 9382 completed (20.252%)
2000.0 out of 9382 completed (21.317%)
2100.0 out of 9382 completed (22.383%)
2200.0 out of 9382 completed (23.449%)
2300.0 out of 9382 completed (24.515%)
2400.0 out of 9382 completed (25.581%)
2500.0 out of 9382 completed (26.647%)
2600.0 out of 9382 completed (27.713%)
2700.0 out of 9382 completed (28.779%)
2800.0 out of 9382 completed (29.844%)
2900.0 out of 9382 completed (30.91%)
3000.0 out of 9382 completed (31.976%)
3100.0 out of 9382 completed (33.042%)
3200.0 out of 9382 completed (34.108%)
3300.0 out of 9382 completed (35.174%)
3400.0 out of 9382 completed (36.24%)
3500.0 out of 9382 completed (37.305%)
3600.0 out of 9382 completed (38.371%)
3700.0 out of 9382 completed (39.437%)
3800.0 out of 9382 completed (40.503%)
3900.0 out of 9382 completed (41.569%)
4000.0 out of 9382 completed (42.635%)
4100.0 out of 9382 completed (43.701%)
4200.0 out of 9382 completed (44.767%)
4300.0 out of 9382 completed (45.832%)
4400.0 out of 9382 completed (46.898%)
4500.0 out of 9382 completed (47.964%)
4600.0 out of 9382 completed (49.03%)
4700.0 out of 9382 completed (50.096%)
4800.0 out of 9382 completed (51.162%)
4900.0 out of 9382 completed (52.228%)
5000.0 out of 9382 completed (53.294%)
5100.0 out of 9382 completed (54.359%)
5200.0 out of 9382 completed (55.425%)
5300.0 out of 9382 completed (56.491%)
5400.0 out of 9382 completed (57.557%)
5500.0 out of 9382 completed (58.623%)
5600.0 out of 9382 completed (59.689%)
5700.0 out of 9382 completed (60.755%)
5800.0 out of 9382 completed (61.821%)
5900.0 out of 9382 completed (62.886%)
6000.0 out of 9382 completed (63.952%)
6100.0 out of 9382 completed (65.018%)
6200.0 out of 9382 completed (66.084%)
6300.0 out of 9382 completed (67.15%)
6400.0 out of 9382 completed (68.216%)
6500.0 out of 9382 completed (69.282%)
6600.0 out of 9382 completed (70.347%)
6700.0 out of 9382 completed (71.413%)
6800.0 out of 9382 completed (72.479%)
6900.0 out of 9382 completed (73.545%)
7000.0 out of 9382 completed (74.611%)
7100.0 out of 9382 completed (75.677%)
7200.0 out of 9382 completed (76.743%)
7300.0 out of 9382 completed (77.809%)
7400.0 out of 9382 completed (78.874%)
7500.0 out of 9382 completed (79.94%)
7600.0 out of 9382 completed (81.006%)
7700.0 out of 9382 completed (82.072%)
7800.0 out of 9382 completed (83.138%)
7900.0 out of 9382 completed (84.204%)
8000.0 out of 9382 completed (85.27%)
8100.0 out of 9382 completed (86.336%)
8200.0 out of 9382 completed (87.401%)
8300.0 out of 9382 completed (88.467%)
8400.0 out of 9382 completed (89.533%)
8500.0 out of 9382 completed (90.599%)
8600.0 out of 9382 completed (91.665%)
8700.0 out of 9382 completed (92.731%)
8800.0 out of 9382 completed (93.797%)
8900.0 out of 9382 completed (94.863%)
9000.0 out of 9382 completed (95.928%)
9100.0 out of 9382 completed (96.994%)
9200.0 out of 9382 completed (98.06%)
9300.0 out of 9382 completed (99.126%)
