
Attaching package: ‘dplyr’

The following objects are masked from ‘package:stats’:

    filter, lag

The following objects are masked from ‘package:base’:

    intersect, setdiff, setequal, union

[1] "2021-07-19 18:43:51 EDT"
   user  system elapsed 
718.993  34.802 876.312 
─ Session info ───────────────────────────────────────────────────────────────────────────────────────────────────────
 setting  value                       
 version  R version 3.6.1 (2019-07-05)
 os       CentOS Linux 7 (Core)       
 system   x86_64, linux-gnu           
 ui       X11                         
 language (EN)                        
 collate  en_US.UTF-8                 
 ctype    en_US.UTF-8                 
 tz       US/Eastern                  
 date     2021-07-19                  

─ Packages ───────────────────────────────────────────────────────────────────────────────────────────────────────────
 package     * version date       lib source        
 argparse    * 2.0.3   2020-10-19 [1] CRAN (R 3.6.1)
 cli           2.5.0   2021-04-26 [1] CRAN (R 3.6.1)
 crayon        1.4.1   2021-02-08 [1] CRAN (R 3.6.1)
 data.table    1.14.0  2021-02-21 [1] CRAN (R 3.6.1)
 digest        0.6.27  2020-10-24 [1] CRAN (R 3.6.1)
 dplyr       * 1.0.2   2020-08-18 [2] CRAN (R 3.6.1)
 ellipsis      0.3.2   2021-04-29 [1] CRAN (R 3.6.1)
 findpython    1.0.7   2021-01-27 [1] CRAN (R 3.6.1)
 generics      0.1.0   2020-10-31 [2] CRAN (R 3.6.1)
 glue          1.4.2   2020-08-27 [1] CRAN (R 3.6.1)
 jsonlite      1.7.2   2020-12-09 [2] CRAN (R 3.6.1)
 lifecycle     1.0.0   2021-02-15 [1] CRAN (R 3.6.1)
 magrittr      2.0.1   2020-11-17 [2] CRAN (R 3.6.1)
 memoise       1.1.0   2017-04-21 [2] CRAN (R 3.6.1)
 pillar        1.4.7   2020-11-20 [2] CRAN (R 3.6.1)
 pkgconfig     2.0.3   2019-09-22 [2] CRAN (R 3.6.1)
 purrr         0.3.4   2020-04-17 [1] CRAN (R 3.6.1)
 R6            2.5.0   2020-10-28 [2] CRAN (R 3.6.1)
 rlang         0.4.10  2020-12-30 [1] CRAN (R 3.6.1)
 sessioninfo   1.1.1   2018-11-05 [2] CRAN (R 3.6.1)
 tibble        3.0.4   2020-10-12 [2] CRAN (R 3.6.1)
 tidyselect    1.1.1   2021-04-30 [1] CRAN (R 3.6.1)
 vctrs         0.3.6   2020-12-17 [1] CRAN (R 3.6.1)
 withr         2.3.0   2020-09-22 [2] CRAN (R 3.6.1)

[1] /users/jbenjami/R/x86_64-pc-linux-gnu-library/3.6
[2] /jhpce/shared/jhpce/core/R/3.6.1/lib64/R/library
Processing genotype position file.
Processing phenotype position file.
Processing genotype matrix.
Processing Matrix-eQTL tests file.
Performing eigenMT correction.
100.0 out of 8508 completed (1.175%)
200.0 out of 8508 completed (2.351%)
300.0 out of 8508 completed (3.526%)
400.0 out of 8508 completed (4.701%)
500.0 out of 8508 completed (5.877%)
600.0 out of 8508 completed (7.052%)
700.0 out of 8508 completed (8.228%)
800.0 out of 8508 completed (9.403%)
900.0 out of 8508 completed (10.578%)
1000.0 out of 8508 completed (11.754%)
1100.0 out of 8508 completed (12.929%)
1200.0 out of 8508 completed (14.104%)
1300.0 out of 8508 completed (15.28%)
1400.0 out of 8508 completed (16.455%)
1500.0 out of 8508 completed (17.63%)
1600.0 out of 8508 completed (18.806%)
1700.0 out of 8508 completed (19.981%)
1800.0 out of 8508 completed (21.157%)
1900.0 out of 8508 completed (22.332%)
2000.0 out of 8508 completed (23.507%)
2100.0 out of 8508 completed (24.683%)
2200.0 out of 8508 completed (25.858%)
2300.0 out of 8508 completed (27.033%)
2400.0 out of 8508 completed (28.209%)
2500.0 out of 8508 completed (29.384%)
2600.0 out of 8508 completed (30.559%)
2700.0 out of 8508 completed (31.735%)
2800.0 out of 8508 completed (32.91%)
2900.0 out of 8508 completed (34.086%)
3000.0 out of 8508 completed (35.261%)
3100.0 out of 8508 completed (36.436%)
3200.0 out of 8508 completed (37.612%)
3300.0 out of 8508 completed (38.787%)
3400.0 out of 8508 completed (39.962%)
3500.0 out of 8508 completed (41.138%)
3600.0 out of 8508 completed (42.313%)
3700.0 out of 8508 completed (43.488%)
3800.0 out of 8508 completed (44.664%)
3900.0 out of 8508 completed (45.839%)
4000.0 out of 8508 completed (47.015%)
4100.0 out of 8508 completed (48.19%)
4200.0 out of 8508 completed (49.365%)
4300.0 out of 8508 completed (50.541%)
4400.0 out of 8508 completed (51.716%)
4500.0 out of 8508 completed (52.891%)
4600.0 out of 8508 completed (54.067%)
4700.0 out of 8508 completed (55.242%)
4800.0 out of 8508 completed (56.417%)
4900.0 out of 8508 completed (57.593%)
5000.0 out of 8508 completed (58.768%)
5100.0 out of 8508 completed (59.944%)
5200.0 out of 8508 completed (61.119%)
5300.0 out of 8508 completed (62.294%)
5400.0 out of 8508 completed (63.47%)
5500.0 out of 8508 completed (64.645%)
5600.0 out of 8508 completed (65.82%)
5700.0 out of 8508 completed (66.996%)
5800.0 out of 8508 completed (68.171%)
5900.0 out of 8508 completed (69.346%)
6000.0 out of 8508 completed (70.522%)
6100.0 out of 8508 completed (71.697%)
6200.0 out of 8508 completed (72.873%)
6300.0 out of 8508 completed (74.048%)
6400.0 out of 8508 completed (75.223%)
6500.0 out of 8508 completed (76.399%)
6600.0 out of 8508 completed (77.574%)
6700.0 out of 8508 completed (78.749%)
6800.0 out of 8508 completed (79.925%)
6900.0 out of 8508 completed (81.1%)
7000.0 out of 8508 completed (82.276%)
7100.0 out of 8508 completed (83.451%)
7200.0 out of 8508 completed (84.626%)
7300.0 out of 8508 completed (85.802%)
7400.0 out of 8508 completed (86.977%)
7500.0 out of 8508 completed (88.152%)
7600.0 out of 8508 completed (89.328%)
7700.0 out of 8508 completed (90.503%)
7800.0 out of 8508 completed (91.678%)
7900.0 out of 8508 completed (92.854%)
8000.0 out of 8508 completed (94.029%)
8100.0 out of 8508 completed (95.205%)
8200.0 out of 8508 completed (96.38%)
8300.0 out of 8508 completed (97.555%)
8400.0 out of 8508 completed (98.731%)
8500.0 out of 8508 completed (99.906%)
