
Attaching package: ‘dplyr’

The following objects are masked from ‘package:stats’:

    filter, lag

The following objects are masked from ‘package:base’:

    intersect, setdiff, setequal, union

[1] "2021-07-19 18:32:34 EDT"
    user   system  elapsed 
1061.519   46.382 1198.480 
─ Session info ───────────────────────────────────────────────────────────────────────────────────────────────────────
 setting  value                       
 version  R version 3.6.1 (2019-07-05)
 os       CentOS Linux 7 (Core)       
 system   x86_64, linux-gnu           
 ui       X11                         
 language (EN)                        
 collate  en_US.UTF-8                 
 ctype    en_US.UTF-8                 
 tz       US/Eastern                  
 date     2021-07-19                  

─ Packages ───────────────────────────────────────────────────────────────────────────────────────────────────────────
 package     * version date       lib source        
 argparse    * 2.0.3   2020-10-19 [1] CRAN (R 3.6.1)
 cli           2.5.0   2021-04-26 [1] CRAN (R 3.6.1)
 crayon        1.4.1   2021-02-08 [1] CRAN (R 3.6.1)
 data.table    1.14.0  2021-02-21 [1] CRAN (R 3.6.1)
 digest        0.6.27  2020-10-24 [1] CRAN (R 3.6.1)
 dplyr       * 1.0.2   2020-08-18 [2] CRAN (R 3.6.1)
 ellipsis      0.3.2   2021-04-29 [1] CRAN (R 3.6.1)
 findpython    1.0.7   2021-01-27 [1] CRAN (R 3.6.1)
 generics      0.1.0   2020-10-31 [2] CRAN (R 3.6.1)
 glue          1.4.2   2020-08-27 [1] CRAN (R 3.6.1)
 jsonlite      1.7.2   2020-12-09 [2] CRAN (R 3.6.1)
 lifecycle     1.0.0   2021-02-15 [1] CRAN (R 3.6.1)
 magrittr      2.0.1   2020-11-17 [2] CRAN (R 3.6.1)
 memoise       1.1.0   2017-04-21 [2] CRAN (R 3.6.1)
 pillar        1.4.7   2020-11-20 [2] CRAN (R 3.6.1)
 pkgconfig     2.0.3   2019-09-22 [2] CRAN (R 3.6.1)
 purrr         0.3.4   2020-04-17 [1] CRAN (R 3.6.1)
 R6            2.5.0   2020-10-28 [2] CRAN (R 3.6.1)
 rlang         0.4.10  2020-12-30 [1] CRAN (R 3.6.1)
 sessioninfo   1.1.1   2018-11-05 [2] CRAN (R 3.6.1)
 tibble        3.0.4   2020-10-12 [2] CRAN (R 3.6.1)
 tidyselect    1.1.1   2021-04-30 [1] CRAN (R 3.6.1)
 vctrs         0.3.6   2020-12-17 [1] CRAN (R 3.6.1)
 withr         2.3.0   2020-09-22 [2] CRAN (R 3.6.1)

[1] /users/jbenjami/R/x86_64-pc-linux-gnu-library/3.6
[2] /jhpce/shared/jhpce/core/R/3.6.1/lib64/R/library
Processing genotype position file.
Processing phenotype position file.
Processing genotype matrix.
Processing Matrix-eQTL tests file.
Performing eigenMT correction.
100.0 out of 14258 completed (0.701%)
200.0 out of 14258 completed (1.403%)
300.0 out of 14258 completed (2.104%)
400.0 out of 14258 completed (2.805%)
500.0 out of 14258 completed (3.507%)
600.0 out of 14258 completed (4.208%)
700.0 out of 14258 completed (4.91%)
800.0 out of 14258 completed (5.611%)
900.0 out of 14258 completed (6.312%)
1000.0 out of 14258 completed (7.014%)
1100.0 out of 14258 completed (7.715%)
1200.0 out of 14258 completed (8.416%)
1300.0 out of 14258 completed (9.118%)
1400.0 out of 14258 completed (9.819%)
1500.0 out of 14258 completed (10.52%)
1600.0 out of 14258 completed (11.222%)
1700.0 out of 14258 completed (11.923%)
1800.0 out of 14258 completed (12.624%)
1900.0 out of 14258 completed (13.326%)
2000.0 out of 14258 completed (14.027%)
2100.0 out of 14258 completed (14.729%)
2200.0 out of 14258 completed (15.43%)
2300.0 out of 14258 completed (16.131%)
2400.0 out of 14258 completed (16.833%)
2500.0 out of 14258 completed (17.534%)
2600.0 out of 14258 completed (18.235%)
2700.0 out of 14258 completed (18.937%)
2800.0 out of 14258 completed (19.638%)
2900.0 out of 14258 completed (20.339%)
3000.0 out of 14258 completed (21.041%)
3100.0 out of 14258 completed (21.742%)
3200.0 out of 14258 completed (22.444%)
3300.0 out of 14258 completed (23.145%)
3400.0 out of 14258 completed (23.846%)
3500.0 out of 14258 completed (24.548%)
3600.0 out of 14258 completed (25.249%)
3700.0 out of 14258 completed (25.95%)
3800.0 out of 14258 completed (26.652%)
3900.0 out of 14258 completed (27.353%)
4000.0 out of 14258 completed (28.054%)
4100.0 out of 14258 completed (28.756%)
4200.0 out of 14258 completed (29.457%)
4300.0 out of 14258 completed (30.159%)
4400.0 out of 14258 completed (30.86%)
4500.0 out of 14258 completed (31.561%)
4600.0 out of 14258 completed (32.263%)
4700.0 out of 14258 completed (32.964%)
4800.0 out of 14258 completed (33.665%)
4900.0 out of 14258 completed (34.367%)
5000.0 out of 14258 completed (35.068%)
5100.0 out of 14258 completed (35.769%)
5200.0 out of 14258 completed (36.471%)
5300.0 out of 14258 completed (37.172%)
5400.0 out of 14258 completed (37.873%)
5500.0 out of 14258 completed (38.575%)
5600.0 out of 14258 completed (39.276%)
5700.0 out of 14258 completed (39.978%)
5800.0 out of 14258 completed (40.679%)
5900.0 out of 14258 completed (41.38%)
6000.0 out of 14258 completed (42.082%)
6100.0 out of 14258 completed (42.783%)
6200.0 out of 14258 completed (43.484%)
6300.0 out of 14258 completed (44.186%)
6400.0 out of 14258 completed (44.887%)
6500.0 out of 14258 completed (45.588%)
6600.0 out of 14258 completed (46.29%)
6700.0 out of 14258 completed (46.991%)
6800.0 out of 14258 completed (47.693%)
6900.0 out of 14258 completed (48.394%)
7000.0 out of 14258 completed (49.095%)
7100.0 out of 14258 completed (49.797%)
7200.0 out of 14258 completed (50.498%)
7300.0 out of 14258 completed (51.199%)
7400.0 out of 14258 completed (51.901%)
7500.0 out of 14258 completed (52.602%)
7600.0 out of 14258 completed (53.303%)
7700.0 out of 14258 completed (54.005%)
7800.0 out of 14258 completed (54.706%)
7900.0 out of 14258 completed (55.407%)
8000.0 out of 14258 completed (56.109%)
8100.0 out of 14258 completed (56.81%)
8200.0 out of 14258 completed (57.512%)
8300.0 out of 14258 completed (58.213%)
8400.0 out of 14258 completed (58.914%)
8500.0 out of 14258 completed (59.616%)
8600.0 out of 14258 completed (60.317%)
8700.0 out of 14258 completed (61.018%)
8800.0 out of 14258 completed (61.72%)
8900.0 out of 14258 completed (62.421%)
9000.0 out of 14258 completed (63.122%)
9100.0 out of 14258 completed (63.824%)
9200.0 out of 14258 completed (64.525%)
9300.0 out of 14258 completed (65.227%)
9400.0 out of 14258 completed (65.928%)
9500.0 out of 14258 completed (66.629%)
9600.0 out of 14258 completed (67.331%)
9700.0 out of 14258 completed (68.032%)
9800.0 out of 14258 completed (68.733%)
9900.0 out of 14258 completed (69.435%)
10000.0 out of 14258 completed (70.136%)
10100.0 out of 14258 completed (70.837%)
10200.0 out of 14258 completed (71.539%)
10300.0 out of 14258 completed (72.24%)
10400.0 out of 14258 completed (72.942%)
10500.0 out of 14258 completed (73.643%)
10600.0 out of 14258 completed (74.344%)
10700.0 out of 14258 completed (75.046%)
10800.0 out of 14258 completed (75.747%)
10900.0 out of 14258 completed (76.448%)
11000.0 out of 14258 completed (77.15%)
11100.0 out of 14258 completed (77.851%)
11200.0 out of 14258 completed (78.552%)
11300.0 out of 14258 completed (79.254%)
11400.0 out of 14258 completed (79.955%)
11500.0 out of 14258 completed (80.656%)
11600.0 out of 14258 completed (81.358%)
11700.0 out of 14258 completed (82.059%)
11800.0 out of 14258 completed (82.761%)
11900.0 out of 14258 completed (83.462%)
12000.0 out of 14258 completed (84.163%)
12100.0 out of 14258 completed (84.865%)
12200.0 out of 14258 completed (85.566%)
12300.0 out of 14258 completed (86.267%)
12400.0 out of 14258 completed (86.969%)
12500.0 out of 14258 completed (87.67%)
12600.0 out of 14258 completed (88.371%)
12700.0 out of 14258 completed (89.073%)
12800.0 out of 14258 completed (89.774%)
12900.0 out of 14258 completed (90.476%)
13000.0 out of 14258 completed (91.177%)
13100.0 out of 14258 completed (91.878%)
13200.0 out of 14258 completed (92.58%)
13300.0 out of 14258 completed (93.281%)
13400.0 out of 14258 completed (93.982%)
13500.0 out of 14258 completed (94.684%)
13600.0 out of 14258 completed (95.385%)
13700.0 out of 14258 completed (96.086%)
13800.0 out of 14258 completed (96.788%)
13900.0 out of 14258 completed (97.489%)
14000.0 out of 14258 completed (98.19%)
14100.0 out of 14258 completed (98.892%)
14200.0 out of 14258 completed (99.593%)
