
Attaching package: ‘dplyr’

The following objects are masked from ‘package:stats’:

    filter, lag

The following objects are masked from ‘package:base’:

    intersect, setdiff, setequal, union

[1] "2021-07-19 18:53:50 EDT"
   user  system elapsed 
692.672  36.549 776.027 
─ Session info ───────────────────────────────────────────────────────────────────────────────────────────────────────
 setting  value                       
 version  R version 3.6.1 (2019-07-05)
 os       CentOS Linux 7 (Core)       
 system   x86_64, linux-gnu           
 ui       X11                         
 language (EN)                        
 collate  en_US.UTF-8                 
 ctype    en_US.UTF-8                 
 tz       US/Eastern                  
 date     2021-07-19                  

─ Packages ───────────────────────────────────────────────────────────────────────────────────────────────────────────
 package     * version date       lib source        
 argparse    * 2.0.3   2020-10-19 [1] CRAN (R 3.6.1)
 cli           2.5.0   2021-04-26 [1] CRAN (R 3.6.1)
 crayon        1.4.1   2021-02-08 [1] CRAN (R 3.6.1)
 data.table    1.14.0  2021-02-21 [1] CRAN (R 3.6.1)
 digest        0.6.27  2020-10-24 [1] CRAN (R 3.6.1)
 dplyr       * 1.0.2   2020-08-18 [2] CRAN (R 3.6.1)
 ellipsis      0.3.2   2021-04-29 [1] CRAN (R 3.6.1)
 findpython    1.0.7   2021-01-27 [1] CRAN (R 3.6.1)
 generics      0.1.0   2020-10-31 [2] CRAN (R 3.6.1)
 glue          1.4.2   2020-08-27 [1] CRAN (R 3.6.1)
 jsonlite      1.7.2   2020-12-09 [2] CRAN (R 3.6.1)
 lifecycle     1.0.0   2021-02-15 [1] CRAN (R 3.6.1)
 magrittr      2.0.1   2020-11-17 [2] CRAN (R 3.6.1)
 memoise       1.1.0   2017-04-21 [2] CRAN (R 3.6.1)
 pillar        1.4.7   2020-11-20 [2] CRAN (R 3.6.1)
 pkgconfig     2.0.3   2019-09-22 [2] CRAN (R 3.6.1)
 purrr         0.3.4   2020-04-17 [1] CRAN (R 3.6.1)
 R6            2.5.0   2020-10-28 [2] CRAN (R 3.6.1)
 rlang         0.4.10  2020-12-30 [1] CRAN (R 3.6.1)
 sessioninfo   1.1.1   2018-11-05 [2] CRAN (R 3.6.1)
 tibble        3.0.4   2020-10-12 [2] CRAN (R 3.6.1)
 tidyselect    1.1.1   2021-04-30 [1] CRAN (R 3.6.1)
 vctrs         0.3.6   2020-12-17 [1] CRAN (R 3.6.1)
 withr         2.3.0   2020-09-22 [2] CRAN (R 3.6.1)

[1] /users/jbenjami/R/x86_64-pc-linux-gnu-library/3.6
[2] /jhpce/shared/jhpce/core/R/3.6.1/lib64/R/library
Processing genotype position file.
Processing phenotype position file.
Processing genotype matrix.
Processing Matrix-eQTL tests file.
Performing eigenMT correction.
100.0 out of 7667 completed (1.304%)
200.0 out of 7667 completed (2.609%)
300.0 out of 7667 completed (3.913%)
400.0 out of 7667 completed (5.217%)
500.0 out of 7667 completed (6.521%)
600.0 out of 7667 completed (7.826%)
700.0 out of 7667 completed (9.13%)
800.0 out of 7667 completed (10.434%)
900.0 out of 7667 completed (11.739%)
1000.0 out of 7667 completed (13.043%)
1100.0 out of 7667 completed (14.347%)
1200.0 out of 7667 completed (15.651%)
1300.0 out of 7667 completed (16.956%)
1400.0 out of 7667 completed (18.26%)
1500.0 out of 7667 completed (19.564%)
1600.0 out of 7667 completed (20.869%)
1700.0 out of 7667 completed (22.173%)
1800.0 out of 7667 completed (23.477%)
1900.0 out of 7667 completed (24.782%)
2000.0 out of 7667 completed (26.086%)
2100.0 out of 7667 completed (27.39%)
2200.0 out of 7667 completed (28.694%)
2300.0 out of 7667 completed (29.999%)
2400.0 out of 7667 completed (31.303%)
2500.0 out of 7667 completed (32.607%)
2600.0 out of 7667 completed (33.912%)
2700.0 out of 7667 completed (35.216%)
2800.0 out of 7667 completed (36.52%)
2900.0 out of 7667 completed (37.824%)
3000.0 out of 7667 completed (39.129%)
3100.0 out of 7667 completed (40.433%)
3200.0 out of 7667 completed (41.737%)
3300.0 out of 7667 completed (43.042%)
3400.0 out of 7667 completed (44.346%)
3500.0 out of 7667 completed (45.65%)
3600.0 out of 7667 completed (46.954%)
3700.0 out of 7667 completed (48.259%)
3800.0 out of 7667 completed (49.563%)
3900.0 out of 7667 completed (50.867%)
4000.0 out of 7667 completed (52.172%)
4100.0 out of 7667 completed (53.476%)
4200.0 out of 7667 completed (54.78%)
4300.0 out of 7667 completed (56.085%)
4400.0 out of 7667 completed (57.389%)
4500.0 out of 7667 completed (58.693%)
4600.0 out of 7667 completed (59.997%)
4700.0 out of 7667 completed (61.302%)
4800.0 out of 7667 completed (62.606%)
4900.0 out of 7667 completed (63.91%)
5000.0 out of 7667 completed (65.215%)
5100.0 out of 7667 completed (66.519%)
5200.0 out of 7667 completed (67.823%)
5300.0 out of 7667 completed (69.127%)
5400.0 out of 7667 completed (70.432%)
5500.0 out of 7667 completed (71.736%)
5600.0 out of 7667 completed (73.04%)
5700.0 out of 7667 completed (74.345%)
5800.0 out of 7667 completed (75.649%)
5900.0 out of 7667 completed (76.953%)
6000.0 out of 7667 completed (78.257%)
6100.0 out of 7667 completed (79.562%)
6200.0 out of 7667 completed (80.866%)
6300.0 out of 7667 completed (82.17%)
6400.0 out of 7667 completed (83.475%)
6500.0 out of 7667 completed (84.779%)
6600.0 out of 7667 completed (86.083%)
6700.0 out of 7667 completed (87.388%)
6800.0 out of 7667 completed (88.692%)
6900.0 out of 7667 completed (89.996%)
7000.0 out of 7667 completed (91.3%)
7100.0 out of 7667 completed (92.605%)
7200.0 out of 7667 completed (93.909%)
7300.0 out of 7667 completed (95.213%)
7400.0 out of 7667 completed (96.518%)
7500.0 out of 7667 completed (97.822%)
7600.0 out of 7667 completed (99.126%)
