
Attaching package: ‘dplyr’

The following objects are masked from ‘package:stats’:

    filter, lag

The following objects are masked from ‘package:base’:

    intersect, setdiff, setequal, union

[1] "2021-07-19 18:55:04 EDT"
    user   system  elapsed 
 966.003   61.141 1167.778 
─ Session info ───────────────────────────────────────────────────────────────────────────────────────────────────────
 setting  value                       
 version  R version 3.6.1 (2019-07-05)
 os       CentOS Linux 7 (Core)       
 system   x86_64, linux-gnu           
 ui       X11                         
 language (EN)                        
 collate  en_US.UTF-8                 
 ctype    en_US.UTF-8                 
 tz       US/Eastern                  
 date     2021-07-19                  

─ Packages ───────────────────────────────────────────────────────────────────────────────────────────────────────────
 package     * version date       lib source        
 argparse    * 2.0.3   2020-10-19 [1] CRAN (R 3.6.1)
 cli           2.5.0   2021-04-26 [1] CRAN (R 3.6.1)
 crayon        1.4.1   2021-02-08 [1] CRAN (R 3.6.1)
 data.table    1.14.0  2021-02-21 [1] CRAN (R 3.6.1)
 digest        0.6.27  2020-10-24 [1] CRAN (R 3.6.1)
 dplyr       * 1.0.2   2020-08-18 [2] CRAN (R 3.6.1)
 ellipsis      0.3.2   2021-04-29 [1] CRAN (R 3.6.1)
 findpython    1.0.7   2021-01-27 [1] CRAN (R 3.6.1)
 generics      0.1.0   2020-10-31 [2] CRAN (R 3.6.1)
 glue          1.4.2   2020-08-27 [1] CRAN (R 3.6.1)
 jsonlite      1.7.2   2020-12-09 [2] CRAN (R 3.6.1)
 lifecycle     1.0.0   2021-02-15 [1] CRAN (R 3.6.1)
 magrittr      2.0.1   2020-11-17 [2] CRAN (R 3.6.1)
 memoise       1.1.0   2017-04-21 [2] CRAN (R 3.6.1)
 pillar        1.4.7   2020-11-20 [2] CRAN (R 3.6.1)
 pkgconfig     2.0.3   2019-09-22 [2] CRAN (R 3.6.1)
 purrr         0.3.4   2020-04-17 [1] CRAN (R 3.6.1)
 R6            2.5.0   2020-10-28 [2] CRAN (R 3.6.1)
 rlang         0.4.10  2020-12-30 [1] CRAN (R 3.6.1)
 sessioninfo   1.1.1   2018-11-05 [2] CRAN (R 3.6.1)
 tibble        3.0.4   2020-10-12 [2] CRAN (R 3.6.1)
 tidyselect    1.1.1   2021-04-30 [1] CRAN (R 3.6.1)
 vctrs         0.3.6   2020-12-17 [1] CRAN (R 3.6.1)
 withr         2.3.0   2020-09-22 [2] CRAN (R 3.6.1)

[1] /users/jbenjami/R/x86_64-pc-linux-gnu-library/3.6
[2] /jhpce/shared/jhpce/core/R/3.6.1/lib64/R/library
Processing genotype position file.
Processing phenotype position file.
Processing genotype matrix.
Processing Matrix-eQTL tests file.
Performing eigenMT correction.
100.0 out of 6248 completed (1.601%)
200.0 out of 6248 completed (3.201%)
300.0 out of 6248 completed (4.802%)
400.0 out of 6248 completed (6.402%)
500.0 out of 6248 completed (8.003%)
600.0 out of 6248 completed (9.603%)
700.0 out of 6248 completed (11.204%)
800.0 out of 6248 completed (12.804%)
900.0 out of 6248 completed (14.405%)
1000.0 out of 6248 completed (16.005%)
1100.0 out of 6248 completed (17.606%)
1200.0 out of 6248 completed (19.206%)
1300.0 out of 6248 completed (20.807%)
1400.0 out of 6248 completed (22.407%)
1500.0 out of 6248 completed (24.008%)
1600.0 out of 6248 completed (25.608%)
1700.0 out of 6248 completed (27.209%)
1800.0 out of 6248 completed (28.809%)
1900.0 out of 6248 completed (30.41%)
2000.0 out of 6248 completed (32.01%)
2100.0 out of 6248 completed (33.611%)
2200.0 out of 6248 completed (35.211%)
2300.0 out of 6248 completed (36.812%)
2400.0 out of 6248 completed (38.412%)
2500.0 out of 6248 completed (40.013%)
2600.0 out of 6248 completed (41.613%)
2700.0 out of 6248 completed (43.214%)
2800.0 out of 6248 completed (44.814%)
2900.0 out of 6248 completed (46.415%)
3000.0 out of 6248 completed (48.015%)
3100.0 out of 6248 completed (49.616%)
3200.0 out of 6248 completed (51.216%)
3300.0 out of 6248 completed (52.817%)
3400.0 out of 6248 completed (54.417%)
3500.0 out of 6248 completed (56.018%)
3600.0 out of 6248 completed (57.618%)
3700.0 out of 6248 completed (59.219%)
3800.0 out of 6248 completed (60.819%)
3900.0 out of 6248 completed (62.42%)
4000.0 out of 6248 completed (64.02%)
4100.0 out of 6248 completed (65.621%)
4200.0 out of 6248 completed (67.222%)
4300.0 out of 6248 completed (68.822%)
4400.0 out of 6248 completed (70.423%)
4500.0 out of 6248 completed (72.023%)
4600.0 out of 6248 completed (73.624%)
4700.0 out of 6248 completed (75.224%)
4800.0 out of 6248 completed (76.825%)
4900.0 out of 6248 completed (78.425%)
5000.0 out of 6248 completed (80.026%)
5100.0 out of 6248 completed (81.626%)
5200.0 out of 6248 completed (83.227%)
5300.0 out of 6248 completed (84.827%)
5400.0 out of 6248 completed (86.428%)
5500.0 out of 6248 completed (88.028%)
5600.0 out of 6248 completed (89.629%)
5700.0 out of 6248 completed (91.229%)
5800.0 out of 6248 completed (92.83%)
5900.0 out of 6248 completed (94.43%)
6000.0 out of 6248 completed (96.031%)
6100.0 out of 6248 completed (97.631%)
6200.0 out of 6248 completed (99.232%)
