
Attaching package: ‘dplyr’

The following objects are masked from ‘package:stats’:

    filter, lag

The following objects are masked from ‘package:base’:

    intersect, setdiff, setequal, union

[1] "2021-07-19 18:50:43 EDT"
    user   system  elapsed 
1050.312   63.087 1249.463 
─ Session info ───────────────────────────────────────────────────────────────────────────────────────────────────────
 setting  value                       
 version  R version 3.6.1 (2019-07-05)
 os       CentOS Linux 7 (Core)       
 system   x86_64, linux-gnu           
 ui       X11                         
 language (EN)                        
 collate  en_US.UTF-8                 
 ctype    en_US.UTF-8                 
 tz       US/Eastern                  
 date     2021-07-19                  

─ Packages ───────────────────────────────────────────────────────────────────────────────────────────────────────────
 package     * version date       lib source        
 argparse    * 2.0.3   2020-10-19 [1] CRAN (R 3.6.1)
 cli           2.5.0   2021-04-26 [1] CRAN (R 3.6.1)
 crayon        1.4.1   2021-02-08 [1] CRAN (R 3.6.1)
 data.table    1.14.0  2021-02-21 [1] CRAN (R 3.6.1)
 digest        0.6.27  2020-10-24 [1] CRAN (R 3.6.1)
 dplyr       * 1.0.2   2020-08-18 [2] CRAN (R 3.6.1)
 ellipsis      0.3.2   2021-04-29 [1] CRAN (R 3.6.1)
 findpython    1.0.7   2021-01-27 [1] CRAN (R 3.6.1)
 generics      0.1.0   2020-10-31 [2] CRAN (R 3.6.1)
 glue          1.4.2   2020-08-27 [1] CRAN (R 3.6.1)
 jsonlite      1.7.2   2020-12-09 [2] CRAN (R 3.6.1)
 lifecycle     1.0.0   2021-02-15 [1] CRAN (R 3.6.1)
 magrittr      2.0.1   2020-11-17 [2] CRAN (R 3.6.1)
 memoise       1.1.0   2017-04-21 [2] CRAN (R 3.6.1)
 pillar        1.4.7   2020-11-20 [2] CRAN (R 3.6.1)
 pkgconfig     2.0.3   2019-09-22 [2] CRAN (R 3.6.1)
 purrr         0.3.4   2020-04-17 [1] CRAN (R 3.6.1)
 R6            2.5.0   2020-10-28 [2] CRAN (R 3.6.1)
 rlang         0.4.10  2020-12-30 [1] CRAN (R 3.6.1)
 sessioninfo   1.1.1   2018-11-05 [2] CRAN (R 3.6.1)
 tibble        3.0.4   2020-10-12 [2] CRAN (R 3.6.1)
 tidyselect    1.1.1   2021-04-30 [1] CRAN (R 3.6.1)
 vctrs         0.3.6   2020-12-17 [1] CRAN (R 3.6.1)
 withr         2.3.0   2020-09-22 [2] CRAN (R 3.6.1)

[1] /users/jbenjami/R/x86_64-pc-linux-gnu-library/3.6
[2] /jhpce/shared/jhpce/core/R/3.6.1/lib64/R/library
Processing genotype position file.
Processing phenotype position file.
Processing genotype matrix.
Processing Matrix-eQTL tests file.
Performing eigenMT correction.
100.0 out of 8808 completed (1.135%)
200.0 out of 8808 completed (2.271%)
300.0 out of 8808 completed (3.406%)
400.0 out of 8808 completed (4.541%)
500.0 out of 8808 completed (5.677%)
600.0 out of 8808 completed (6.812%)
700.0 out of 8808 completed (7.947%)
800.0 out of 8808 completed (9.083%)
900.0 out of 8808 completed (10.218%)
1000.0 out of 8808 completed (11.353%)
1100.0 out of 8808 completed (12.489%)
1200.0 out of 8808 completed (13.624%)
1300.0 out of 8808 completed (14.759%)
1400.0 out of 8808 completed (15.895%)
1500.0 out of 8808 completed (17.03%)
1600.0 out of 8808 completed (18.165%)
1700.0 out of 8808 completed (19.301%)
1800.0 out of 8808 completed (20.436%)
1900.0 out of 8808 completed (21.571%)
2000.0 out of 8808 completed (22.707%)
2100.0 out of 8808 completed (23.842%)
2200.0 out of 8808 completed (24.977%)
2300.0 out of 8808 completed (26.113%)
2400.0 out of 8808 completed (27.248%)
2500.0 out of 8808 completed (28.383%)
2600.0 out of 8808 completed (29.519%)
2700.0 out of 8808 completed (30.654%)
2800.0 out of 8808 completed (31.789%)
2900.0 out of 8808 completed (32.925%)
3000.0 out of 8808 completed (34.06%)
3100.0 out of 8808 completed (35.195%)
3200.0 out of 8808 completed (36.331%)
3300.0 out of 8808 completed (37.466%)
3400.0 out of 8808 completed (38.601%)
3500.0 out of 8808 completed (39.737%)
3600.0 out of 8808 completed (40.872%)
3700.0 out of 8808 completed (42.007%)
3800.0 out of 8808 completed (43.143%)
3900.0 out of 8808 completed (44.278%)
4000.0 out of 8808 completed (45.413%)
4100.0 out of 8808 completed (46.549%)
4200.0 out of 8808 completed (47.684%)
4300.0 out of 8808 completed (48.819%)
4400.0 out of 8808 completed (49.955%)
4500.0 out of 8808 completed (51.09%)
4600.0 out of 8808 completed (52.225%)
4700.0 out of 8808 completed (53.361%)
4800.0 out of 8808 completed (54.496%)
4900.0 out of 8808 completed (55.631%)
5000.0 out of 8808 completed (56.767%)
5100.0 out of 8808 completed (57.902%)
5200.0 out of 8808 completed (59.037%)
5300.0 out of 8808 completed (60.173%)
5400.0 out of 8808 completed (61.308%)
5500.0 out of 8808 completed (62.443%)
5600.0 out of 8808 completed (63.579%)
5700.0 out of 8808 completed (64.714%)
5800.0 out of 8808 completed (65.849%)
5900.0 out of 8808 completed (66.985%)
6000.0 out of 8808 completed (68.12%)
6100.0 out of 8808 completed (69.255%)
6200.0 out of 8808 completed (70.391%)
6300.0 out of 8808 completed (71.526%)
6400.0 out of 8808 completed (72.661%)
6500.0 out of 8808 completed (73.797%)
6600.0 out of 8808 completed (74.932%)
6700.0 out of 8808 completed (76.067%)
6800.0 out of 8808 completed (77.203%)
6900.0 out of 8808 completed (78.338%)
7000.0 out of 8808 completed (79.473%)
7100.0 out of 8808 completed (80.609%)
7200.0 out of 8808 completed (81.744%)
7300.0 out of 8808 completed (82.879%)
7400.0 out of 8808 completed (84.015%)
7500.0 out of 8808 completed (85.15%)
7600.0 out of 8808 completed (86.285%)
7700.0 out of 8808 completed (87.421%)
7800.0 out of 8808 completed (88.556%)
7900.0 out of 8808 completed (89.691%)
8000.0 out of 8808 completed (90.827%)
8100.0 out of 8808 completed (91.962%)
8200.0 out of 8808 completed (93.097%)
8300.0 out of 8808 completed (94.233%)
8400.0 out of 8808 completed (95.368%)
8500.0 out of 8808 completed (96.503%)
8600.0 out of 8808 completed (97.639%)
8700.0 out of 8808 completed (98.774%)
8800.0 out of 8808 completed (99.909%)
