
Attaching package: ‘dplyr’

The following objects are masked from ‘package:stats’:

    filter, lag

The following objects are masked from ‘package:base’:

    intersect, setdiff, setequal, union

[1] "2021-07-19 19:00:57 EDT"
    user   system  elapsed 
1429.721  133.315 1674.318 
─ Session info ───────────────────────────────────────────────────────────────────────────────────────────────────────
 setting  value                       
 version  R version 3.6.1 (2019-07-05)
 os       CentOS Linux 7 (Core)       
 system   x86_64, linux-gnu           
 ui       X11                         
 language (EN)                        
 collate  en_US.UTF-8                 
 ctype    en_US.UTF-8                 
 tz       US/Eastern                  
 date     2021-07-19                  

─ Packages ───────────────────────────────────────────────────────────────────────────────────────────────────────────
 package     * version date       lib source        
 argparse    * 2.0.3   2020-10-19 [1] CRAN (R 3.6.1)
 cli           2.5.0   2021-04-26 [1] CRAN (R 3.6.1)
 crayon        1.4.1   2021-02-08 [1] CRAN (R 3.6.1)
 data.table    1.14.0  2021-02-21 [1] CRAN (R 3.6.1)
 digest        0.6.27  2020-10-24 [1] CRAN (R 3.6.1)
 dplyr       * 1.0.2   2020-08-18 [2] CRAN (R 3.6.1)
 ellipsis      0.3.2   2021-04-29 [1] CRAN (R 3.6.1)
 findpython    1.0.7   2021-01-27 [1] CRAN (R 3.6.1)
 generics      0.1.0   2020-10-31 [2] CRAN (R 3.6.1)
 glue          1.4.2   2020-08-27 [1] CRAN (R 3.6.1)
 jsonlite      1.7.2   2020-12-09 [2] CRAN (R 3.6.1)
 lifecycle     1.0.0   2021-02-15 [1] CRAN (R 3.6.1)
 magrittr      2.0.1   2020-11-17 [2] CRAN (R 3.6.1)
 memoise       1.1.0   2017-04-21 [2] CRAN (R 3.6.1)
 pillar        1.4.7   2020-11-20 [2] CRAN (R 3.6.1)
 pkgconfig     2.0.3   2019-09-22 [2] CRAN (R 3.6.1)
 purrr         0.3.4   2020-04-17 [1] CRAN (R 3.6.1)
 R6            2.5.0   2020-10-28 [2] CRAN (R 3.6.1)
 rlang         0.4.10  2020-12-30 [1] CRAN (R 3.6.1)
 sessioninfo   1.1.1   2018-11-05 [2] CRAN (R 3.6.1)
 tibble        3.0.4   2020-10-12 [2] CRAN (R 3.6.1)
 tidyselect    1.1.1   2021-04-30 [1] CRAN (R 3.6.1)
 vctrs         0.3.6   2020-12-17 [1] CRAN (R 3.6.1)
 withr         2.3.0   2020-09-22 [2] CRAN (R 3.6.1)

[1] /users/jbenjami/R/x86_64-pc-linux-gnu-library/3.6
[2] /jhpce/shared/jhpce/core/R/3.6.1/lib64/R/library
Processing genotype position file.
Processing phenotype position file.
Processing genotype matrix.
Processing Matrix-eQTL tests file.
Performing eigenMT correction.
100.0 out of 8711 completed (1.148%)
200.0 out of 8711 completed (2.296%)
300.0 out of 8711 completed (3.444%)
400.0 out of 8711 completed (4.592%)
500.0 out of 8711 completed (5.74%)
600.0 out of 8711 completed (6.888%)
700.0 out of 8711 completed (8.036%)
800.0 out of 8711 completed (9.184%)
900.0 out of 8711 completed (10.332%)
1000.0 out of 8711 completed (11.48%)
1100.0 out of 8711 completed (12.628%)
1200.0 out of 8711 completed (13.776%)
1300.0 out of 8711 completed (14.924%)
1400.0 out of 8711 completed (16.072%)
1500.0 out of 8711 completed (17.22%)
1600.0 out of 8711 completed (18.368%)
1700.0 out of 8711 completed (19.516%)
1800.0 out of 8711 completed (20.664%)
1900.0 out of 8711 completed (21.812%)
2000.0 out of 8711 completed (22.959%)
2100.0 out of 8711 completed (24.107%)
2200.0 out of 8711 completed (25.255%)
2300.0 out of 8711 completed (26.403%)
2400.0 out of 8711 completed (27.551%)
2500.0 out of 8711 completed (28.699%)
2600.0 out of 8711 completed (29.847%)
2700.0 out of 8711 completed (30.995%)
2800.0 out of 8711 completed (32.143%)
2900.0 out of 8711 completed (33.291%)
3000.0 out of 8711 completed (34.439%)
3100.0 out of 8711 completed (35.587%)
3200.0 out of 8711 completed (36.735%)
3300.0 out of 8711 completed (37.883%)
3400.0 out of 8711 completed (39.031%)
3500.0 out of 8711 completed (40.179%)
3600.0 out of 8711 completed (41.327%)
3700.0 out of 8711 completed (42.475%)
3800.0 out of 8711 completed (43.623%)
3900.0 out of 8711 completed (44.771%)
4000.0 out of 8711 completed (45.919%)
4100.0 out of 8711 completed (47.067%)
4200.0 out of 8711 completed (48.215%)
4300.0 out of 8711 completed (49.363%)
4400.0 out of 8711 completed (50.511%)
4500.0 out of 8711 completed (51.659%)
4600.0 out of 8711 completed (52.807%)
4700.0 out of 8711 completed (53.955%)
4800.0 out of 8711 completed (55.103%)
4900.0 out of 8711 completed (56.251%)
5000.0 out of 8711 completed (57.399%)
5100.0 out of 8711 completed (58.547%)
5200.0 out of 8711 completed (59.695%)
5300.0 out of 8711 completed (60.843%)
5400.0 out of 8711 completed (61.991%)
5500.0 out of 8711 completed (63.139%)
5600.0 out of 8711 completed (64.287%)
5700.0 out of 8711 completed (65.435%)
5800.0 out of 8711 completed (66.582%)
5900.0 out of 8711 completed (67.73%)
6000.0 out of 8711 completed (68.878%)
6100.0 out of 8711 completed (70.026%)
6200.0 out of 8711 completed (71.174%)
6300.0 out of 8711 completed (72.322%)
6400.0 out of 8711 completed (73.47%)
6500.0 out of 8711 completed (74.618%)
6600.0 out of 8711 completed (75.766%)
6700.0 out of 8711 completed (76.914%)
6800.0 out of 8711 completed (78.062%)
6900.0 out of 8711 completed (79.21%)
7000.0 out of 8711 completed (80.358%)
7100.0 out of 8711 completed (81.506%)
7200.0 out of 8711 completed (82.654%)
7300.0 out of 8711 completed (83.802%)
7400.0 out of 8711 completed (84.95%)
7500.0 out of 8711 completed (86.098%)
7600.0 out of 8711 completed (87.246%)
7700.0 out of 8711 completed (88.394%)
7800.0 out of 8711 completed (89.542%)
7900.0 out of 8711 completed (90.69%)
8000.0 out of 8711 completed (91.838%)
8100.0 out of 8711 completed (92.986%)
8200.0 out of 8711 completed (94.134%)
8300.0 out of 8711 completed (95.282%)
8400.0 out of 8711 completed (96.43%)
8500.0 out of 8711 completed (97.578%)
8600.0 out of 8711 completed (98.726%)
8700.0 out of 8711 completed (99.874%)
