
Attaching package: ‘dplyr’

The following objects are masked from ‘package:stats’:

    filter, lag

The following objects are masked from ‘package:base’:

    intersect, setdiff, setequal, union

[1] "2021-07-19 20:18:21 EDT"
   user  system elapsed 
508.995  19.247 612.747 
─ Session info ───────────────────────────────────────────────────────────────────────────────────────────────────────
 setting  value                       
 version  R version 3.6.1 (2019-07-05)
 os       CentOS Linux 7 (Core)       
 system   x86_64, linux-gnu           
 ui       X11                         
 language (EN)                        
 collate  en_US.UTF-8                 
 ctype    en_US.UTF-8                 
 tz       US/Eastern                  
 date     2021-07-19                  

─ Packages ───────────────────────────────────────────────────────────────────────────────────────────────────────────
 package     * version date       lib source        
 argparse    * 2.0.3   2020-10-19 [1] CRAN (R 3.6.1)
 cli           2.5.0   2021-04-26 [1] CRAN (R 3.6.1)
 crayon        1.4.1   2021-02-08 [1] CRAN (R 3.6.1)
 data.table    1.14.0  2021-02-21 [1] CRAN (R 3.6.1)
 digest        0.6.27  2020-10-24 [1] CRAN (R 3.6.1)
 dplyr       * 1.0.2   2020-08-18 [2] CRAN (R 3.6.1)
 ellipsis      0.3.2   2021-04-29 [1] CRAN (R 3.6.1)
 findpython    1.0.7   2021-01-27 [1] CRAN (R 3.6.1)
 generics      0.1.0   2020-10-31 [2] CRAN (R 3.6.1)
 glue          1.4.2   2020-08-27 [1] CRAN (R 3.6.1)
 jsonlite      1.7.2   2020-12-09 [2] CRAN (R 3.6.1)
 lifecycle     1.0.0   2021-02-15 [1] CRAN (R 3.6.1)
 magrittr      2.0.1   2020-11-17 [2] CRAN (R 3.6.1)
 memoise       1.1.0   2017-04-21 [2] CRAN (R 3.6.1)
 pillar        1.4.7   2020-11-20 [2] CRAN (R 3.6.1)
 pkgconfig     2.0.3   2019-09-22 [2] CRAN (R 3.6.1)
 purrr         0.3.4   2020-04-17 [1] CRAN (R 3.6.1)
 R6            2.5.0   2020-10-28 [2] CRAN (R 3.6.1)
 rlang         0.4.10  2020-12-30 [1] CRAN (R 3.6.1)
 sessioninfo   1.1.1   2018-11-05 [2] CRAN (R 3.6.1)
 tibble        3.0.4   2020-10-12 [2] CRAN (R 3.6.1)
 tidyselect    1.1.1   2021-04-30 [1] CRAN (R 3.6.1)
 vctrs         0.3.6   2020-12-17 [1] CRAN (R 3.6.1)
 withr         2.3.0   2020-09-22 [2] CRAN (R 3.6.1)

[1] /users/jbenjami/R/x86_64-pc-linux-gnu-library/3.6
[2] /jhpce/shared/jhpce/core/R/3.6.1/lib64/R/library
Processing genotype position file.
Processing phenotype position file.
Processing genotype matrix.
Processing Matrix-eQTL tests file.
Performing eigenMT correction.
100.0 out of 6246 completed (1.601%)
200.0 out of 6246 completed (3.202%)
300.0 out of 6246 completed (4.803%)
400.0 out of 6246 completed (6.404%)
500.0 out of 6246 completed (8.005%)
600.0 out of 6246 completed (9.606%)
700.0 out of 6246 completed (11.207%)
800.0 out of 6246 completed (12.808%)
900.0 out of 6246 completed (14.409%)
1000.0 out of 6246 completed (16.01%)
1100.0 out of 6246 completed (17.611%)
1200.0 out of 6246 completed (19.212%)
1300.0 out of 6246 completed (20.813%)
1400.0 out of 6246 completed (22.414%)
1500.0 out of 6246 completed (24.015%)
1600.0 out of 6246 completed (25.616%)
1700.0 out of 6246 completed (27.217%)
1800.0 out of 6246 completed (28.818%)
1900.0 out of 6246 completed (30.419%)
2000.0 out of 6246 completed (32.02%)
2100.0 out of 6246 completed (33.622%)
2200.0 out of 6246 completed (35.223%)
2300.0 out of 6246 completed (36.824%)
2400.0 out of 6246 completed (38.425%)
2500.0 out of 6246 completed (40.026%)
2600.0 out of 6246 completed (41.627%)
2700.0 out of 6246 completed (43.228%)
2800.0 out of 6246 completed (44.829%)
2900.0 out of 6246 completed (46.43%)
3000.0 out of 6246 completed (48.031%)
3100.0 out of 6246 completed (49.632%)
3200.0 out of 6246 completed (51.233%)
3300.0 out of 6246 completed (52.834%)
3400.0 out of 6246 completed (54.435%)
3500.0 out of 6246 completed (56.036%)
3600.0 out of 6246 completed (57.637%)
3700.0 out of 6246 completed (59.238%)
3800.0 out of 6246 completed (60.839%)
3900.0 out of 6246 completed (62.44%)
4000.0 out of 6246 completed (64.041%)
4100.0 out of 6246 completed (65.642%)
4200.0 out of 6246 completed (67.243%)
4300.0 out of 6246 completed (68.844%)
4400.0 out of 6246 completed (70.445%)
4500.0 out of 6246 completed (72.046%)
4600.0 out of 6246 completed (73.647%)
4700.0 out of 6246 completed (75.248%)
4800.0 out of 6246 completed (76.849%)
4900.0 out of 6246 completed (78.45%)
5000.0 out of 6246 completed (80.051%)
5100.0 out of 6246 completed (81.652%)
5200.0 out of 6246 completed (83.253%)
5300.0 out of 6246 completed (84.854%)
5400.0 out of 6246 completed (86.455%)
5500.0 out of 6246 completed (88.056%)
5600.0 out of 6246 completed (89.657%)
5700.0 out of 6246 completed (91.258%)
5800.0 out of 6246 completed (92.859%)
5900.0 out of 6246 completed (94.46%)
6000.0 out of 6246 completed (96.061%)
6100.0 out of 6246 completed (97.663%)
6200.0 out of 6246 completed (99.264%)
