
Attaching package: ‘dplyr’

The following objects are masked from ‘package:stats’:

    filter, lag

The following objects are masked from ‘package:base’:

    intersect, setdiff, setequal, union

[1] "2021-07-19 20:17:11 EDT"
   user  system elapsed 
474.330  18.345 542.839 
─ Session info ───────────────────────────────────────────────────────────────────────────────────────────────────────
 setting  value                       
 version  R version 3.6.1 (2019-07-05)
 os       CentOS Linux 7 (Core)       
 system   x86_64, linux-gnu           
 ui       X11                         
 language (EN)                        
 collate  en_US.UTF-8                 
 ctype    en_US.UTF-8                 
 tz       US/Eastern                  
 date     2021-07-19                  

─ Packages ───────────────────────────────────────────────────────────────────────────────────────────────────────────
 package     * version date       lib source        
 argparse    * 2.0.3   2020-10-19 [1] CRAN (R 3.6.1)
 cli           2.5.0   2021-04-26 [1] CRAN (R 3.6.1)
 crayon        1.4.1   2021-02-08 [1] CRAN (R 3.6.1)
 data.table    1.14.0  2021-02-21 [1] CRAN (R 3.6.1)
 digest        0.6.27  2020-10-24 [1] CRAN (R 3.6.1)
 dplyr       * 1.0.2   2020-08-18 [2] CRAN (R 3.6.1)
 ellipsis      0.3.2   2021-04-29 [1] CRAN (R 3.6.1)
 findpython    1.0.7   2021-01-27 [1] CRAN (R 3.6.1)
 generics      0.1.0   2020-10-31 [2] CRAN (R 3.6.1)
 glue          1.4.2   2020-08-27 [1] CRAN (R 3.6.1)
 jsonlite      1.7.2   2020-12-09 [2] CRAN (R 3.6.1)
 lifecycle     1.0.0   2021-02-15 [1] CRAN (R 3.6.1)
 magrittr      2.0.1   2020-11-17 [2] CRAN (R 3.6.1)
 memoise       1.1.0   2017-04-21 [2] CRAN (R 3.6.1)
 pillar        1.4.7   2020-11-20 [2] CRAN (R 3.6.1)
 pkgconfig     2.0.3   2019-09-22 [2] CRAN (R 3.6.1)
 purrr         0.3.4   2020-04-17 [1] CRAN (R 3.6.1)
 R6            2.5.0   2020-10-28 [2] CRAN (R 3.6.1)
 rlang         0.4.10  2020-12-30 [1] CRAN (R 3.6.1)
 sessioninfo   1.1.1   2018-11-05 [2] CRAN (R 3.6.1)
 tibble        3.0.4   2020-10-12 [2] CRAN (R 3.6.1)
 tidyselect    1.1.1   2021-04-30 [1] CRAN (R 3.6.1)
 vctrs         0.3.6   2020-12-17 [1] CRAN (R 3.6.1)
 withr         2.3.0   2020-09-22 [2] CRAN (R 3.6.1)

[1] /users/jbenjami/R/x86_64-pc-linux-gnu-library/3.6
[2] /jhpce/shared/jhpce/core/R/3.6.1/lib64/R/library
Processing genotype position file.
Processing phenotype position file.
Processing genotype matrix.
Processing Matrix-eQTL tests file.
Performing eigenMT correction.
100.0 out of 6029 completed (1.659%)
200.0 out of 6029 completed (3.317%)
300.0 out of 6029 completed (4.976%)
400.0 out of 6029 completed (6.635%)
500.0 out of 6029 completed (8.293%)
600.0 out of 6029 completed (9.952%)
700.0 out of 6029 completed (11.611%)
800.0 out of 6029 completed (13.269%)
900.0 out of 6029 completed (14.928%)
1000.0 out of 6029 completed (16.586%)
1100.0 out of 6029 completed (18.245%)
1200.0 out of 6029 completed (19.904%)
1300.0 out of 6029 completed (21.562%)
1400.0 out of 6029 completed (23.221%)
1500.0 out of 6029 completed (24.88%)
1600.0 out of 6029 completed (26.538%)
1700.0 out of 6029 completed (28.197%)
1800.0 out of 6029 completed (29.856%)
1900.0 out of 6029 completed (31.514%)
2000.0 out of 6029 completed (33.173%)
2100.0 out of 6029 completed (34.832%)
2200.0 out of 6029 completed (36.49%)
2300.0 out of 6029 completed (38.149%)
2400.0 out of 6029 completed (39.808%)
2500.0 out of 6029 completed (41.466%)
2600.0 out of 6029 completed (43.125%)
2700.0 out of 6029 completed (44.784%)
2800.0 out of 6029 completed (46.442%)
2900.0 out of 6029 completed (48.101%)
3000.0 out of 6029 completed (49.759%)
3100.0 out of 6029 completed (51.418%)
3200.0 out of 6029 completed (53.077%)
3300.0 out of 6029 completed (54.735%)
3400.0 out of 6029 completed (56.394%)
3500.0 out of 6029 completed (58.053%)
3600.0 out of 6029 completed (59.711%)
3700.0 out of 6029 completed (61.37%)
3800.0 out of 6029 completed (63.029%)
3900.0 out of 6029 completed (64.687%)
4000.0 out of 6029 completed (66.346%)
4100.0 out of 6029 completed (68.005%)
4200.0 out of 6029 completed (69.663%)
4300.0 out of 6029 completed (71.322%)
4400.0 out of 6029 completed (72.981%)
4500.0 out of 6029 completed (74.639%)
4600.0 out of 6029 completed (76.298%)
4700.0 out of 6029 completed (77.957%)
4800.0 out of 6029 completed (79.615%)
4900.0 out of 6029 completed (81.274%)
5000.0 out of 6029 completed (82.932%)
5100.0 out of 6029 completed (84.591%)
5200.0 out of 6029 completed (86.25%)
5300.0 out of 6029 completed (87.908%)
5400.0 out of 6029 completed (89.567%)
5500.0 out of 6029 completed (91.226%)
5600.0 out of 6029 completed (92.884%)
5700.0 out of 6029 completed (94.543%)
5800.0 out of 6029 completed (96.202%)
5900.0 out of 6029 completed (97.86%)
6000.0 out of 6029 completed (99.519%)
