
Attaching package: ‘dplyr’

The following objects are masked from ‘package:stats’:

    filter, lag

The following objects are masked from ‘package:base’:

    intersect, setdiff, setequal, union

[1] "2021-07-19 20:19:56 EDT"
    user   system  elapsed 
 888.359   53.472 1031.302 
─ Session info ───────────────────────────────────────────────────────────────────────────────────────────────────────
 setting  value                       
 version  R version 3.6.1 (2019-07-05)
 os       CentOS Linux 7 (Core)       
 system   x86_64, linux-gnu           
 ui       X11                         
 language (EN)                        
 collate  en_US.UTF-8                 
 ctype    en_US.UTF-8                 
 tz       US/Eastern                  
 date     2021-07-19                  

─ Packages ───────────────────────────────────────────────────────────────────────────────────────────────────────────
 package     * version date       lib source        
 argparse    * 2.0.3   2020-10-19 [1] CRAN (R 3.6.1)
 cli           2.5.0   2021-04-26 [1] CRAN (R 3.6.1)
 crayon        1.4.1   2021-02-08 [1] CRAN (R 3.6.1)
 data.table    1.14.0  2021-02-21 [1] CRAN (R 3.6.1)
 digest        0.6.27  2020-10-24 [1] CRAN (R 3.6.1)
 dplyr       * 1.0.2   2020-08-18 [2] CRAN (R 3.6.1)
 ellipsis      0.3.2   2021-04-29 [1] CRAN (R 3.6.1)
 findpython    1.0.7   2021-01-27 [1] CRAN (R 3.6.1)
 generics      0.1.0   2020-10-31 [2] CRAN (R 3.6.1)
 glue          1.4.2   2020-08-27 [1] CRAN (R 3.6.1)
 jsonlite      1.7.2   2020-12-09 [2] CRAN (R 3.6.1)
 lifecycle     1.0.0   2021-02-15 [1] CRAN (R 3.6.1)
 magrittr      2.0.1   2020-11-17 [2] CRAN (R 3.6.1)
 memoise       1.1.0   2017-04-21 [2] CRAN (R 3.6.1)
 pillar        1.4.7   2020-11-20 [2] CRAN (R 3.6.1)
 pkgconfig     2.0.3   2019-09-22 [2] CRAN (R 3.6.1)
 purrr         0.3.4   2020-04-17 [1] CRAN (R 3.6.1)
 R6            2.5.0   2020-10-28 [2] CRAN (R 3.6.1)
 rlang         0.4.10  2020-12-30 [1] CRAN (R 3.6.1)
 sessioninfo   1.1.1   2018-11-05 [2] CRAN (R 3.6.1)
 tibble        3.0.4   2020-10-12 [2] CRAN (R 3.6.1)
 tidyselect    1.1.1   2021-04-30 [1] CRAN (R 3.6.1)
 vctrs         0.3.6   2020-12-17 [1] CRAN (R 3.6.1)
 withr         2.3.0   2020-09-22 [2] CRAN (R 3.6.1)

[1] /users/jbenjami/R/x86_64-pc-linux-gnu-library/3.6
[2] /jhpce/shared/jhpce/core/R/3.6.1/lib64/R/library
Processing genotype position file.
Processing phenotype position file.
Processing genotype matrix.
Processing Matrix-eQTL tests file.
Performing eigenMT correction.
100.0 out of 4867 completed (2.055%)
200.0 out of 4867 completed (4.109%)
300.0 out of 4867 completed (6.164%)
400.0 out of 4867 completed (8.219%)
500.0 out of 4867 completed (10.273%)
600.0 out of 4867 completed (12.328%)
700.0 out of 4867 completed (14.383%)
800.0 out of 4867 completed (16.437%)
900.0 out of 4867 completed (18.492%)
1000.0 out of 4867 completed (20.547%)
1100.0 out of 4867 completed (22.601%)
1200.0 out of 4867 completed (24.656%)
1300.0 out of 4867 completed (26.71%)
1400.0 out of 4867 completed (28.765%)
1500.0 out of 4867 completed (30.82%)
1600.0 out of 4867 completed (32.874%)
1700.0 out of 4867 completed (34.929%)
1800.0 out of 4867 completed (36.984%)
1900.0 out of 4867 completed (39.038%)
2000.0 out of 4867 completed (41.093%)
2100.0 out of 4867 completed (43.148%)
2200.0 out of 4867 completed (45.202%)
2300.0 out of 4867 completed (47.257%)
2400.0 out of 4867 completed (49.312%)
2500.0 out of 4867 completed (51.366%)
2600.0 out of 4867 completed (53.421%)
2700.0 out of 4867 completed (55.476%)
2800.0 out of 4867 completed (57.53%)
2900.0 out of 4867 completed (59.585%)
3000.0 out of 4867 completed (61.64%)
3100.0 out of 4867 completed (63.694%)
3200.0 out of 4867 completed (65.749%)
3300.0 out of 4867 completed (67.804%)
3400.0 out of 4867 completed (69.858%)
3500.0 out of 4867 completed (71.913%)
3600.0 out of 4867 completed (73.968%)
3700.0 out of 4867 completed (76.022%)
3800.0 out of 4867 completed (78.077%)
3900.0 out of 4867 completed (80.131%)
4000.0 out of 4867 completed (82.186%)
4100.0 out of 4867 completed (84.241%)
4200.0 out of 4867 completed (86.295%)
4300.0 out of 4867 completed (88.35%)
4400.0 out of 4867 completed (90.405%)
4500.0 out of 4867 completed (92.459%)
4600.0 out of 4867 completed (94.514%)
4700.0 out of 4867 completed (96.569%)
4800.0 out of 4867 completed (98.623%)
